<?xml version="1.0" encoding="UTF-8"?>
<!-- Generated by org.testng.reporters.JUnitReportReporter -->
<testsuite skipped="0" hostname="DESKTOP-CSMSJ8J" name="com.InfoCabs.testcases.Add_PostPay_Account_TestCases_640_650" tests="11" failures="0" timestamp="2021-01-07T20:29:09 PKT" time="33.431" errors="0">
  <testcase name="Test_Add_PostPay_Account_ClickTO_Open_Carddetails_640" time="3.904" classname="com.InfoCabs.testcases.Add_PostPay_Account_TestCases_640_650"/>
  <testcase name="Test_Add_PostPay_Account_check_CrossButton_is_present_641" time="2.373" classname="com.InfoCabs.testcases.Add_PostPay_Account_TestCases_640_650"/>
  <testcase name="Test_Add_PostPay_Account_AddPostPay_text_642" time="2.386" classname="com.InfoCabs.testcases.Add_PostPay_Account_TestCases_640_650"/>
  <testcase name="Test_Add_PostPay_Account_EnterPostPay_text_643" time="2.385" classname="com.InfoCabs.testcases.Add_PostPay_Account_TestCases_640_650"/>
  <testcase name="Test_Add_PostPay_Account_Email_Address_text_644" time="2.975" classname="com.InfoCabs.testcases.Add_PostPay_Account_TestCases_640_650"/>
  <testcase name="Test_Add_PostPay_Account_Password_Address_text_645" time="2.988" classname="com.InfoCabs.testcases.Add_PostPay_Account_TestCases_640_650"/>
  <testcase name="Test_Add_PostPay_Account_Add_Account_Button_646" time="2.543" classname="com.InfoCabs.testcases.Add_PostPay_Account_TestCases_640_650"/>
  <testcase name="Test_Add_PostPay_Account_ClickTo_DeletePostPay_account_647" time="4.923" classname="com.InfoCabs.testcases.Add_PostPay_Account_TestCases_640_650"/>
  <testcase name="Test_Add_PostPay_Account_AreYouSurewant_to_delete_text_648" time="2.339" classname="com.InfoCabs.testcases.Add_PostPay_Account_TestCases_640_650"/>
  <testcase name="Test_Add_PostPay_Account_YesDeleteCard_Text_and_Button_649" time="2.494" classname="com.InfoCabs.testcases.Add_PostPay_Account_TestCases_640_650"/>
  <testcase name="Test_Add_PostPay_Account_NoCancel_Text_and_Button_650" time="4.121" classname="com.InfoCabs.testcases.Add_PostPay_Account_TestCases_640_650"/>
</testsuite> <!-- com.InfoCabs.testcases.Add_PostPay_Account_TestCases_640_650 -->
