<?xml version="1.0" encoding="UTF-8"?>
<!-- Generated by org.testng.reporters.JUnitReportReporter -->
<testsuite skipped="0" hostname="DESKTOP-CSMSJ8J" name="com.InfoCabs.testcases.ForgotPhoneNumberPage_TestCases_23_32" tests="10" failures="0" timestamp="2021-01-08T19:02:07 PKT" time="35.240" errors="0">
  <testcase name="Test_ForgotPhoneNumber_Button_is_clickable_On_LoginPage_23" time="2.349" classname="com.InfoCabs.testcases.ForgotPhoneNumberPage_TestCases_23_32"/>
  <testcase name="Test_ForgotPhoneNumberPage_Logo_24" time="5.696" classname="com.InfoCabs.testcases.ForgotPhoneNumberPage_TestCases_23_32"/>
  <testcase name="Test_ForgotPhoneNumberPage_Forgot_Phone_Number_Text_25" time="2.164" classname="com.InfoCabs.testcases.ForgotPhoneNumberPage_TestCases_23_32"/>
  <testcase name="Test_ForgotPhoneNumberPage_Enter_Register_Email_Text_26" time="2.160" classname="com.InfoCabs.testcases.ForgotPhoneNumberPage_TestCases_23_32"/>
  <testcase name="Test_ForgotPhoneNumberPage_To_ClickOn_SendButton_without_Entering_Email_27" time="1.275" classname="com.InfoCabs.testcases.ForgotPhoneNumberPage_TestCases_23_32"/>
  <testcase name="Test_ForgotPhoneNumberPage_Email_Validation_28" time="4.009" classname="com.InfoCabs.testcases.ForgotPhoneNumberPage_TestCases_23_32"/>
  <testcase name="Test_ForgotPhoneNumberPage_Email_Not_Link_Validation_ErrorMessage_29" time="6.354" classname="com.InfoCabs.testcases.ForgotPhoneNumberPage_TestCases_23_32"/>
  <testcase name="Test_ForgotPhoneNumberPage_ValidEmail_are_accepted_and_SendMessage_30" time="5.380" classname="com.InfoCabs.testcases.ForgotPhoneNumberPage_TestCases_23_32"/>
  <testcase name="Test_ForgotPhoneNumberPage_verify_ResendMessageButton_is_working_31" time="2.302" classname="com.InfoCabs.testcases.ForgotPhoneNumberPage_TestCases_23_32"/>
  <testcase name="Test_ForgotPhoneNumberPage_Message_SendCross_Button_BringBack_User_toLoginPage_32" time="3.551" classname="com.InfoCabs.testcases.ForgotPhoneNumberPage_TestCases_23_32"/>
</testsuite> <!-- com.InfoCabs.testcases.ForgotPhoneNumberPage_TestCases_23_32 -->
