<?xml version="1.0" encoding="UTF-8"?>
<!-- Generated by org.testng.reporters.JUnitReportReporter -->
<testsuite skipped="0" hostname="DESKTOP-CSMSJ8J" name="com.InfoCabs.testcases.Book_SaloonWith_PrmoCode_233_262" tests="32" failures="0" timestamp="2021-01-30T01:39:47 PKT" time="227.895" errors="0">
  <testcase name="Test_Book_SaloonWith_PrmoCode_EnterDropofAddress_Cab_234" time="15.508" classname="com.InfoCabs.testcases.Book_SaloonWith_PrmoCode_233_262"/>
  <testcase name="Test_Book_SaloonWith_PrmoCode_ClickOnBookNow_Button_Cab_234" time="12.507" classname="com.InfoCabs.testcases.Book_SaloonWith_PrmoCode_233_262"/>
  <testcase name="Test_Book_SaloonWith_PrmoCode_ClickOn_AddPrmoCode_Button_Cab_235" time="4.489" classname="com.InfoCabs.testcases.Book_SaloonWith_PrmoCode_233_262"/>
  <testcase name="Test_Book_SaloonWith_PrmoCode_CrossButton_is_present_236" time="2.278" classname="com.InfoCabs.testcases.Book_SaloonWith_PrmoCode_233_262"/>
  <testcase name="Test_Book_SaloonWith_PrmoCode_EnterPromoCode_Text_arePresent_237" time="2.149" classname="com.InfoCabs.testcases.Book_SaloonWith_PrmoCode_233_262"/>
  <testcase name="Test_Book_SaloonWith_PrmoCode_EnterPromoCode_Text_arePresent_238" time="2.300" classname="com.InfoCabs.testcases.Book_SaloonWith_PrmoCode_233_262"/>
  <testcase name="Test_Book_SaloonWith_PrmoCode_EnterPrmocodeFirst_Validation_Text_arePresent_239" time="2.136" classname="com.InfoCabs.testcases.Book_SaloonWith_PrmoCode_233_262"/>
  <testcase name="Test_Book_SaloonWith_PrmoCode_Enter_InvalidPromocode_chk_Validation_240" time="8.395" classname="com.InfoCabs.testcases.Book_SaloonWith_PrmoCode_233_262"/>
  <testcase name="Test_Book_SaloonWith_PrmoCode_InvalidPromoCode_Validation_Text_arePresent_241" time="2.177" classname="com.InfoCabs.testcases.Book_SaloonWith_PrmoCode_233_262"/>
  <testcase name="Test_Book_SaloonWith_PrmoCode_Enter_validPromocode_chk_Validation_242" time="6.901" classname="com.InfoCabs.testcases.Book_SaloonWith_PrmoCode_233_262"/>
  <testcase name="Test_Book_SaloonWith_PrmoCode_validPromoCode_Validation_Text_arePresent_243" time="2.135" classname="com.InfoCabs.testcases.Book_SaloonWith_PrmoCode_233_262"/>
  <testcase name="Test_Book_SaloonWith_PrmoCode_SuccessMessage_Code_244" time="2.315" classname="com.InfoCabs.testcases.Book_SaloonWith_PrmoCode_233_262"/>
  <testcase name="Test_Book_SaloonWith_PrmoCode_PromoCode_Text_Validation_245" time="2.167" classname="com.InfoCabs.testcases.Book_SaloonWith_PrmoCode_233_262"/>
  <testcase name="Test_Book_SaloonWith_PrmoCode_Without_Discount_Price_246" time="2.150" classname="com.InfoCabs.testcases.Book_SaloonWith_PrmoCode_233_262"/>
  <testcase name="Test_Book_SaloonWith_PrmoCode_With_DiscountPrice_247" time="2.168" classname="com.InfoCabs.testcases.Book_SaloonWith_PrmoCode_233_262"/>
  <testcase name="Test_Book_SaloonWith_PrmoCode_ClickOnBookConfirmButton_248" time="9.536" classname="com.InfoCabs.testcases.Book_SaloonWith_PrmoCode_233_262"/>
  <testcase name="Test_Book_SaloonWith_PrmoCode_Push_CustomerApp_toBackground_and_start_RiderApp_249" time="10.442" classname="com.InfoCabs.testcases.Book_SaloonWith_PrmoCode_233_262"/>
  <testcase name="Test_Book_SaloonWith_PrmoCode_AcceptCustomer_ride_251" time="8.300" classname="com.InfoCabs.testcases.Book_SaloonWith_PrmoCode_233_262"/>
  <testcase name="Test_Book_SaloonWith_PrmoCode_ClickOnWait_ride_252" time="4.289" classname="com.InfoCabs.testcases.Book_SaloonWith_PrmoCode_233_262"/>
  <testcase name="Test_Book_SaloonWith_PrmoCode_Push_Rider_toBackground_and_start_CustomerApp_253" time="19.507" classname="com.InfoCabs.testcases.Book_SaloonWith_PrmoCode_233_262"/>
  <testcase name="Test_Book_SaloonWith_PrmoCode_weHave_Sent_Text_arePresent_254" time="14.381" classname="com.InfoCabs.testcases.Book_SaloonWith_PrmoCode_233_262"/>
  <testcase name="Test_Book_SaloonWith_PrmoCode_Push_CustomerApp_toBackground_and_start_RiderApp_255" time="13.530" classname="com.InfoCabs.testcases.Book_SaloonWith_PrmoCode_233_262"/>
  <testcase name="Test_Book_SaloonWith_PrmoCode_ClickOnPOB_Button_ride_256" time="4.298" classname="com.InfoCabs.testcases.Book_SaloonWith_PrmoCode_233_262"/>
  <testcase name="Test_Book_SaloonWith_PrmoCode_Push_Rider_toBackground_and_start_CustomerApp_257" time="19.347" classname="com.InfoCabs.testcases.Book_SaloonWith_PrmoCode_233_262"/>
  <testcase name="Test_Book_SaloonWith_PrmoCode_You_arein_yourway_Text_arePresent_258" time="15.570" classname="com.InfoCabs.testcases.Book_SaloonWith_PrmoCode_233_262"/>
  <testcase name="Test_Book_SaloonWith_PrmoCode_CS_App_Push_CustomerApp_toBackground_and_start_RiderApp_259" time="9.546" classname="com.InfoCabs.testcases.Book_SaloonWith_PrmoCode_233_262"/>
  <testcase name="Test_Book_SaloonWith_PrmoCode_ClickOnSTC_ride_260" time="4.431" classname="com.InfoCabs.testcases.Book_SaloonWith_PrmoCode_233_262"/>
  <testcase name="Test_STC_And_FeedBack_Page_ClickOn_Clear_ride_261" time="4.310" classname="com.InfoCabs.testcases.Book_SaloonWith_PrmoCode_233_262"/>
  <testcase name="Test_Book_SaloonWith_PrmoCode_Push_Rider_toBackground_and_start_CustomerApp_262" time="6.917" classname="com.InfoCabs.testcases.Book_SaloonWith_PrmoCode_233_262"/>
  <testcase name="Test_Book_SaloonWith_PrmoCode_Rate_your_ride_Text_arePresent_263" time="6.465" classname="com.InfoCabs.testcases.Book_SaloonWith_PrmoCode_233_262"/>
  <testcase name="Test_Book_SaloonWith_PrmoCode_Feedback_Field_arePresent_264" time="2.834" classname="com.InfoCabs.testcases.Book_SaloonWith_PrmoCode_233_262"/>
  <testcase name="Test_Book_SaloonWith_PrmoCode_SubmitFeedback_ButtonAndText_265" time="4.417" classname="com.InfoCabs.testcases.Book_SaloonWith_PrmoCode_233_262"/>
</testsuite> <!-- com.InfoCabs.testcases.Book_SaloonWith_PrmoCode_233_262 -->
