<?xml version="1.0" encoding="UTF-8"?>
<!-- Generated by org.testng.reporters.JUnitReportReporter -->
<testsuite skipped="0" hostname="DESKTOP-CSMSJ8J" name="com.InfoCabs.testcases.Book_6_Seater_With_CreditCards_TestCases_379_401" tests="23" failures="0" timestamp="2021-01-30T02:01:02 PKT" time="206.784" errors="0">
  <testcase name="Test_Book_6_Seater_With_CreditCards_EnterDropofAddress_Cab_379" time="15.597" classname="com.InfoCabs.testcases.Book_6_Seater_With_CreditCards_TestCases_379_401"/>
  <testcase name="Test_Book_6_Seater_With_CreditCards_ClickOnBookNow_Button_Cab_380" time="10.066" classname="com.InfoCabs.testcases.Book_6_Seater_With_CreditCards_TestCases_379_401"/>
  <testcase name="Test_BBook_6_Seater_With_CreditCards_6_Seater_Text_arePresent_381" time="2.158" classname="com.InfoCabs.testcases.Book_6_Seater_With_CreditCards_TestCases_379_401"/>
  <testcase name="Test_Book_6_Seater_With_CreditCards_ClickOnBookNow_Button_Cab_382" time="9.562" classname="com.InfoCabs.testcases.Book_6_Seater_With_CreditCards_TestCases_379_401"/>
  <testcase name="Test_Book_6_Seater_With_CreditCards_Select_Cash_FromDrop_383" time="10.460" classname="com.InfoCabs.testcases.Book_6_Seater_With_CreditCards_TestCases_379_401"/>
  <testcase name="Test_Book_6_Seater_With_CreditCards_ClickOnBookConfirmButton_384" time="9.492" classname="com.InfoCabs.testcases.Book_6_Seater_With_CreditCards_TestCases_379_401"/>
  <testcase name="Test_Book_6_Seater_With_CreditCards_Push_CustomerApp_toBackground_and_start_RiderApp_385" time="7.535" classname="com.InfoCabs.testcases.Book_6_Seater_With_CreditCards_TestCases_379_401"/>
  <testcase name="Test_Book_6_Seater_With_CreditCards_AcceptCustomer_ride_387" time="8.456" classname="com.InfoCabs.testcases.Book_6_Seater_With_CreditCards_TestCases_379_401"/>
  <testcase name="Test_Book_6_Seater_With_CreditCards_Push_Rider_toBackground_and_start_CustomerApp_387" time="17.609" classname="com.InfoCabs.testcases.Book_6_Seater_With_CreditCards_TestCases_379_401"/>
  <testcase name="Test_BBook_6_Seater_With_CreditCards_weHave_Sent_Text_arePresent_388" time="14.487" classname="com.InfoCabs.testcases.Book_6_Seater_With_CreditCards_TestCases_379_401"/>
  <testcase name="Test_Book_6_Seater_With_CreditCards_Push_CustomerApp_toBackground_and_start_RiderApp_389" time="13.489" classname="com.InfoCabs.testcases.Book_6_Seater_With_CreditCards_TestCases_379_401"/>
  <testcase name="Test_Book_6_Seater_With_CreditCards_ClickOnWait_ride_390" time="4.215" classname="com.InfoCabs.testcases.Book_6_Seater_With_CreditCards_TestCases_379_401"/>
  <testcase name="Test_Book_6_Seater_With_CreditCards_ClickOnPOB_Button_ride_391" time="4.782" classname="com.InfoCabs.testcases.Book_6_Seater_With_CreditCards_TestCases_379_401"/>
  <testcase name="Test_Book_6_Seater_With_CreditCards_Push_Rider_toBackground_and_start_CustomerApp_392" time="17.456" classname="com.InfoCabs.testcases.Book_6_Seater_With_CreditCards_TestCases_379_401"/>
  <testcase name="Test_Book_6_Seater_With_CreditCards_You_arein_yourway_Text_arePresent_393" time="15.355" classname="com.InfoCabs.testcases.Book_6_Seater_With_CreditCards_TestCases_379_401"/>
  <testcase name="Test_Book_6_Seater_With_CreditCards_CS_App_Push_CustomerApp_toBackground_and_start_RiderApp_394" time="9.533" classname="com.InfoCabs.testcases.Book_6_Seater_With_CreditCards_TestCases_379_401"/>
  <testcase name="Test_Book_6_Seater_With_CreditCards_ClickOnSTC_ride_395" time="4.636" classname="com.InfoCabs.testcases.Book_6_Seater_With_CreditCards_TestCases_379_401"/>
  <testcase name="Test_Book_6_Seater_With_CreditCards_ClickOn_Clear_ride_396" time="4.316" classname="com.InfoCabs.testcases.Book_6_Seater_With_CreditCards_TestCases_379_401"/>
  <testcase name="Test_Book_6_Seater_With_CreditCards_Rider_toBackground_and_start_CustomerApp_397" time="6.855" classname="com.InfoCabs.testcases.Book_6_Seater_With_CreditCards_TestCases_379_401"/>
  <testcase name="Test_Book_6_Seater_With_CreditCards_Rate_your_ride_Text_arePresent_398" time="6.221" classname="com.InfoCabs.testcases.Book_6_Seater_With_CreditCards_TestCases_379_401"/>
  <testcase name="Test_Book_6_Seater_With_CreditCards_Feedback_Field_arePresent_399" time="2.737" classname="com.InfoCabs.testcases.Book_6_Seater_With_CreditCards_TestCases_379_401"/>
  <testcase name="Test_Book_6_Seater_With_CreditCards_SubmitFeedback_ButtonAndText_400" time="4.233" classname="com.InfoCabs.testcases.Book_6_Seater_With_CreditCards_TestCases_379_401"/>
  <testcase name="Test_Book_6_Seater_With_CreditCards_Closed_DriverApp_401" time="7.534" classname="com.InfoCabs.testcases.Book_6_Seater_With_CreditCards_TestCases_379_401"/>
</testsuite> <!-- com.InfoCabs.testcases.Book_6_Seater_With_CreditCards_TestCases_379_401 -->
