<?xml version="1.0" encoding="UTF-8"?>
<!-- Generated by org.testng.reporters.JUnitReportReporter -->
<testsuite skipped="0" hostname="DESKTOP-CSMSJ8J" name="com.InfoCabs.testcases.LunchDriver_App_148_158" tests="12" failures="0" timestamp="2021-01-11T21:38:31 PKT" time="104.426" errors="0">
  <testcase name="Test_LoginPage_Allow_user_to_LoginWith_valid_credential_21" time="15.057" classname="com.InfoCabs.testcases.LunchDriver_App_148_158"/>
  <testcase name="Test_LunchDriver_App_PushCustomer_App_to_BackGround_150" time="3.572" classname="com.InfoCabs.testcases.LunchDriver_App_148_158"/>
  <testcase name="Test_LunchDriver_App_LunchNewDriver_App_151" time="4.466" classname="com.InfoCabs.testcases.LunchDriver_App_148_158"/>
  <testcase name="Test_LunchDriver_App_LogintoRiderApp_153" time="22.670" classname="com.InfoCabs.testcases.LunchDriver_App_148_158"/>
  <testcase name="Test_LunchDriver_App_PushDriver_intoBackground_154" time="2.044" classname="com.InfoCabs.testcases.LunchDriver_App_148_158"/>
  <testcase name="Test_LunchDriver_App_Backto_CustomerApp_155" time="7.186" classname="com.InfoCabs.testcases.LunchDriver_App_148_158"/>
  <testcase name="Test_LunchDriver_App_EnterDropofAddress_Cab_156" time="10.240" classname="com.InfoCabs.testcases.LunchDriver_App_148_158"/>
  <testcase name="Test_LunchDriver_App_ClickOnBookNow_Button_Cab_157" time="8.199" classname="com.InfoCabs.testcases.LunchDriver_App_148_158"/>
  <testcase name="Test_LunchDriver_App_ClickOnBookConfirmButton_158" time="9.555" classname="com.InfoCabs.testcases.LunchDriver_App_148_158"/>
  <testcase name="Test_LunchDriver_App_Push_CustomerApp_toBackground_and_start_RiderApp_159" time="7.653" classname="com.InfoCabs.testcases.LunchDriver_App_148_158"/>
  <testcase name="Test_LunchDriver_App_AcceptCustomer_ride_160" time="4.618" classname="com.InfoCabs.testcases.LunchDriver_App_148_158"/>
  <testcase name="Test_LunchDriver_App_Push_Rider_toBackground_and_start_CustomerApp_161" time="9.166" classname="com.InfoCabs.testcases.LunchDriver_App_148_158"/>
</testsuite> <!-- com.InfoCabs.testcases.LunchDriver_App_148_158 -->
