<?xml version="1.0" encoding="UTF-8"?>
<!-- Generated by org.testng.reporters.JUnitReportReporter -->
<testsuite skipped="0" hostname="DESKTOP-CSMSJ8J" name="com.InfoCabs.testcases.ConfirmYourRidePage_TestCases_120_138" tests="20" failures="0" timestamp="2020-12-22T20:49:18 PKT" time="59.339" errors="0">
  <testcase name="Test_ConfirmYourRidePage_Confirmride_Text_120" time="2.155" classname="com.InfoCabs.testcases.ConfirmYourRidePage_TestCases_120_138"/>
  <testcase name="Test_ConfirmYourRidePage_Notification_Icon_121" time="2.156" classname="com.InfoCabs.testcases.ConfirmYourRidePage_TestCases_120_138"/>
  <testcase name="Test_ConfirmYourRidePage_Pickup_Icon_122" time="2.189" classname="com.InfoCabs.testcases.ConfirmYourRidePage_TestCases_120_138"/>
  <testcase name="Test_ConfirmYourRidePage_Dropoff_Icon_123" time="2.171" classname="com.InfoCabs.testcases.ConfirmYourRidePage_TestCases_120_138"/>
  <testcase name="Test_ConfirmYourRidePage_PickUpAddress_Verification_Text_124" time="2.188" classname="com.InfoCabs.testcases.ConfirmYourRidePage_TestCases_120_138"/>
  <testcase name="Test_ConfirmYourRidePage_DropoffAddress_Verification_Text_125" time="2.165" classname="com.InfoCabs.testcases.ConfirmYourRidePage_TestCases_120_138"/>
  <testcase name="Test_ConfirmYourRidePage_AddNotes_Text_Verification_126" time="2.173" classname="com.InfoCabs.testcases.ConfirmYourRidePage_TestCases_120_138"/>
  <testcase name="Test_ConfirmYourRidePage_SaloonCar_Text_arePresent_127" time="2.154" classname="com.InfoCabs.testcases.ConfirmYourRidePage_TestCases_120_138"/>
  <testcase name="Test_ConfirmYourRidePage_CarImage_arePresent_127" time="2.135" classname="com.InfoCabs.testcases.ConfirmYourRidePage_TestCases_120_138"/>
  <testcase name="Test_ConfirmYourRidePage_EstimatedFares_Text_arePresent_128" time="2.171" classname="com.InfoCabs.testcases.ConfirmYourRidePage_TestCases_120_138"/>
  <testcase name="Test_ConfirmYourRidePage_FaresValue_inNumbers_129" time="2.143" classname="com.InfoCabs.testcases.ConfirmYourRidePage_TestCases_120_138"/>
  <testcase name="Test_ConfirmYourRidePage_AddPromocode_Text_arePresent_130" time="2.151" classname="com.InfoCabs.testcases.ConfirmYourRidePage_TestCases_120_138"/>
  <testcase name="Test_ConfirmYourRidePage_Paymentmethod_icon_arePresent_131" time="2.138" classname="com.InfoCabs.testcases.ConfirmYourRidePage_TestCases_120_138"/>
  <testcase name="Test_ConfirmYourRidePage_Cash_Text_arePresent_132" time="2.160" classname="com.InfoCabs.testcases.ConfirmYourRidePage_TestCases_120_138"/>
  <testcase name="Test_ConfirmYourRidePage_LetsGo_Button_Text_arePresent_133" time="2.201" classname="com.InfoCabs.testcases.ConfirmYourRidePage_TestCases_120_138"/>
  <testcase name="Test_ConfirmYourRidePage_AddNote_toTheDriver_134" time="7.028" classname="com.InfoCabs.testcases.ConfirmYourRidePage_TestCases_120_138"/>
  <testcase name="Test_MConfirmYourRidePage_ClickOn_LetsGo_Button_135" time="12.282" classname="com.InfoCabs.testcases.ConfirmYourRidePage_TestCases_120_138"/>
  <testcase name="Test_ConfirmYourRidePage_HangOns_Text_arePresent_136" time="2.128" classname="com.InfoCabs.testcases.ConfirmYourRidePage_TestCases_120_138"/>
  <testcase name="Test_ConfirmYourRidePage_We_areSendingCab_Text_arePresent_137" time="2.237" classname="com.InfoCabs.testcases.ConfirmYourRidePage_TestCases_120_138"/>
  <testcase name="Test_ConfirmYourRidePage_CancleRide_Button_Text_arePresent_138" time="3.214" classname="com.InfoCabs.testcases.ConfirmYourRidePage_TestCases_120_138"/>
</testsuite> <!-- com.InfoCabs.testcases.ConfirmYourRidePage_TestCases_120_138 -->
