<?xml version="1.0" encoding="UTF-8"?>
<!-- Generated by org.testng.reporters.JUnitReportReporter -->
<testsuite skipped="0" hostname="DESKTOP-CSMSJ8J" name="com.InfoCabs.testcases.Side_Menu_elements_verification_TestCases_568_576" tests="9" failures="0" timestamp="2021-01-11T21:38:31 PKT" time="21.736" errors="0">
  <testcase name="Test_Side_Menu_elements_verification_OpenSide_menu_568" time="2.366" classname="com.InfoCabs.testcases.Side_Menu_elements_verification_TestCases_568_576"/>
  <testcase name="Test_Side_Menu_elements_verification_check_Logo_is_present_569" time="2.259" classname="com.InfoCabs.testcases.Side_Menu_elements_verification_TestCases_568_576"/>
  <testcase name="Test_Side_Menu_elements_verification_check_Dashboard_is_present_570" time="3.594" classname="com.InfoCabs.testcases.Side_Menu_elements_verification_TestCases_568_576"/>
  <testcase name="Test_Side_Menu_elements_verification_check_MyProfile_is_present_571" time="2.245" classname="com.InfoCabs.testcases.Side_Menu_elements_verification_TestCases_568_576"/>
  <testcase name="Test_Side_Menu_elements_verification_check_PaymentMethods_is_present_572" time="2.262" classname="com.InfoCabs.testcases.Side_Menu_elements_verification_TestCases_568_576"/>
  <testcase name="Test_Side_Menu_elements_verification_check_MyTrips_is_present_573" time="2.248" classname="com.InfoCabs.testcases.Side_Menu_elements_verification_TestCases_568_576"/>
  <testcase name="Test_Side_Menu_elements_verification_check_AboutUs_is_present_574" time="2.280" classname="com.InfoCabs.testcases.Side_Menu_elements_verification_TestCases_568_576"/>
  <testcase name="Test_Side_Menu_elements_verification_check_Share_is_present_575" time="2.249" classname="com.InfoCabs.testcases.Side_Menu_elements_verification_TestCases_568_576"/>
  <testcase name="Test_Side_Menu_elements_verification_check_Logout_is_present_576" time="2.233" classname="com.InfoCabs.testcases.Side_Menu_elements_verification_TestCases_568_576"/>
</testsuite> <!-- com.InfoCabs.testcases.Side_Menu_elements_verification_TestCases_568_576 -->
