<?xml version="1.0" encoding="UTF-8"?>
<!-- Generated by org.testng.reporters.JUnitReportReporter -->
<testsuite skipped="0" hostname="DESKTOP-CSMSJ8J" name="com.InfoCabs.testcases.LogOut_Page_TestCases_662_665" tests="4" failures="0" timestamp="2021-01-07T22:01:28 PKT" time="15.509" errors="0">
  <testcase name="Test_LogOut_Page_ClickTO_Open_Share_Page_662" time="4.029" classname="com.InfoCabs.testcases.LogOut_Page_TestCases_662_665"/>
  <testcase name="Test_LogOut_Page_check_Do_youwant_Logout_Text_663" time="2.116" classname="com.InfoCabs.testcases.LogOut_Page_TestCases_662_665"/>
  <testcase name="Test_LogOut_Page_check_Yes_ill_ComeBack_Text_664" time="2.131" classname="com.InfoCabs.testcases.LogOut_Page_TestCases_662_665"/>
  <testcase name="Test_LogOut_Page_check_No_Keep_me_Login_Text_665" time="7.233" classname="com.InfoCabs.testcases.LogOut_Page_TestCases_662_665"/>
</testsuite> <!-- com.InfoCabs.testcases.LogOut_Page_TestCases_662_665 -->
