<?xml version="1.0" encoding="UTF-8"?>
<!-- Generated by org.testng.reporters.JUnitReportReporter -->
<testsuite skipped="0" hostname="DESKTOP-CSMSJ8J" name="com.InfoCabs.testcases.Schedule_6_Seater_Cab_TestCases_401_439" tests="39" failures="0" timestamp="2021-01-11T21:38:31 PKT" time="184.523" errors="0">
  <testcase name="Test_Schedule_6_Seater_Cab_ClickOn_ScheduleRide_Button_401" time="15.476" classname="com.InfoCabs.testcases.Schedule_6_Seater_Cab_TestCases_401_439"/>
  <testcase name="Test_Schedule_6_Seater_Cab_Pick_Cale_Image_is_present_403" time="2.281" classname="com.InfoCabs.testcases.Schedule_6_Seater_Cab_TestCases_401_439"/>
  <testcase name="Test_Schedule_6_Seater_Cab_Pick_Time_Image_is_present_403" time="2.241" classname="com.InfoCabs.testcases.Schedule_6_Seater_Cab_TestCases_401_439"/>
  <testcase name="Test_Schedule_6_Seater_Cab_EnterDropofAddress_Cab_404" time="10.893" classname="com.InfoCabs.testcases.Schedule_6_Seater_Cab_TestCases_401_439"/>
  <testcase name="Test_Schedule_6_Seater_Cab_ClickOn_PickUp_Date_Button_405" time="2.340" classname="com.InfoCabs.testcases.Schedule_6_Seater_Cab_TestCases_401_439"/>
  <testcase name="Test_Schedule_6_Seater_Cab_Pick_Cale_CurrentYear_is_present_406" time="3.031" classname="com.InfoCabs.testcases.Schedule_6_Seater_Cab_TestCases_401_439"/>
  <testcase name="Test_Schedule_6_Seater_Cab_Pick_Cale_CurrentDate_is_present_407" time="2.321" classname="com.InfoCabs.testcases.Schedule_6_Seater_Cab_TestCases_401_439"/>
  <testcase name="Test_Schedule_6_Seater_Cab_ClickOn_Cale_Cancel_Button_408" time="2.776" classname="com.InfoCabs.testcases.Schedule_6_Seater_Cab_TestCases_401_439"/>
  <testcase name="Test_Schedule_6_Seater_Cab_ClickOn_PickUp_Date_On2ndTime_Button_409" time="5.326" classname="com.InfoCabs.testcases.Schedule_6_Seater_Cab_TestCases_401_439"/>
  <testcase name="Test_Schedule_6_Seater_Cab_ClickOn_Cale_OK_Button_410" time="5.864" classname="com.InfoCabs.testcases.Schedule_6_Seater_Cab_TestCases_401_439"/>
  <testcase name="Test_Schedule_6_Seater_Cab_ClickOn_Time_Cancel_Button_411" time="2.281" classname="com.InfoCabs.testcases.Schedule_6_Seater_Cab_TestCases_401_439"/>
  <testcase name="Test_Schedule_6_Seater_Cab_Check_PickUpDate_are_Selected_412" time="2.314" classname="com.InfoCabs.testcases.Schedule_6_Seater_Cab_TestCases_401_439"/>
  <testcase name="Test_Schedule_6_Seater_Cab_ClickOn_PickUp_Time_Button_413" time="5.326" classname="com.InfoCabs.testcases.Schedule_6_Seater_Cab_TestCases_401_439"/>
  <testcase name="Test_Schedule_6_Seater_Cab_Check_TimeDisplay_arePresent_414" time="2.476" classname="com.InfoCabs.testcases.Schedule_6_Seater_Cab_TestCases_401_439"/>
  <testcase name="Test_Schedule_6_Seater_Cab_check_30minuts_AdvanceTime_415" time="2.272" classname="com.InfoCabs.testcases.Schedule_6_Seater_Cab_TestCases_401_439"/>
  <testcase name="Test_Schedule_6_Seater_Cab_ClickOn_Time_Cancel_Button_416" time="2.258" classname="com.InfoCabs.testcases.Schedule_6_Seater_Cab_TestCases_401_439"/>
  <testcase name="Test_Schedule_6_Seater_Cab_ClickOn_PickUp_Time_On2nd_Time_Button_417" time="5.334" classname="com.InfoCabs.testcases.Schedule_6_Seater_Cab_TestCases_401_439"/>
  <testcase name="Test_Schedule_6_Seater_Cab_ClickOn_Time_OK_Button_418" time="5.604" classname="com.InfoCabs.testcases.Schedule_6_Seater_Cab_TestCases_401_439"/>
  <testcase name="Test_Schedule_6_Seater_Cab_Check_Time_areSelected_419" time="2.272" classname="com.InfoCabs.testcases.Schedule_6_Seater_Cab_TestCases_401_439"/>
  <testcase name="Test_Schedule_6_Seater_Cab_SwipeTo_6Seater_420" time="10.020" classname="com.InfoCabs.testcases.Schedule_6_Seater_Cab_TestCases_401_439"/>
  <testcase name="Test_Schedule_6_Seater_Cab_6_Seater_Text_arePresent_421" time="3.709" classname="com.InfoCabs.testcases.Schedule_6_Seater_Cab_TestCases_401_439"/>
  <testcase name="Test_Schedule_6_Seater_Cab_ClickOnBookNow_Button_Cab_422" time="9.535" classname="com.InfoCabs.testcases.Schedule_6_Seater_Cab_TestCases_401_439"/>
  <testcase name="Test_Schedule_6_Seater_Cab_Check_Time_and_Date_areSelected_423" time="2.251" classname="com.InfoCabs.testcases.Schedule_6_Seater_Cab_TestCases_401_439"/>
  <testcase name="Test_Schedule_6_Seater_Cab_ClickOnBookConfirmButton_424" time="9.647" classname="com.InfoCabs.testcases.Schedule_6_Seater_Cab_TestCases_401_439"/>
  <testcase name="Test_Schedule_6_Seater_Cab_Check_Schedule_Screen_image_Tick_Icon_425" time="2.363" classname="com.InfoCabs.testcases.Schedule_6_Seater_Cab_TestCases_401_439"/>
  <testcase name="Test_Schedule_6_Seater_Cab_check_Your_Ride_ScheduleText_426" time="2.120" classname="com.InfoCabs.testcases.Schedule_6_Seater_Cab_TestCases_401_439"/>
  <testcase name="Test_Schedule_6_Seater_Cab_Check_Schedule_Screen_Time_are_Selected_427" time="2.230" classname="com.InfoCabs.testcases.Schedule_6_Seater_Cab_TestCases_401_439"/>
  <testcase name="Test_Schedule_Saloon_Ride_check_View_Your_Text_428" time="2.295" classname="com.InfoCabs.testcases.Schedule_6_Seater_Cab_TestCases_401_439"/>
  <testcase name="Test_Schedule_6_Seater_Cab_ClickOn_Done_Button_429" time="5.747" classname="com.InfoCabs.testcases.Schedule_6_Seater_Cab_TestCases_401_439"/>
  <testcase name="Test_Schedule_6_Seater_Cab_ClickOn_SideMenu_Button_430" time="11.368" classname="com.InfoCabs.testcases.Schedule_6_Seater_Cab_TestCases_401_439"/>
  <testcase name="Test_Schedule_6_Seater_Cab_ClickOn_SideMenu__MyTrips_Button_431" time="9.649" classname="com.InfoCabs.testcases.Schedule_6_Seater_Cab_TestCases_401_439"/>
  <testcase name="Test_Schedule_6_Seater_Cab_check_MyTrips_Text_432" time="2.359" classname="com.InfoCabs.testcases.Schedule_6_Seater_Cab_TestCases_401_439"/>
  <testcase name="Test_Schedule_Saloon_Ride_ClickOn_Done_Button_433" time="5.689" classname="com.InfoCabs.testcases.Schedule_6_Seater_Cab_TestCases_401_439"/>
  <testcase name="Test_Schedule_6_Seater_Cab_Check_UpComingRide_PickUp_Icon_434" time="2.240" classname="com.InfoCabs.testcases.Schedule_6_Seater_Cab_TestCases_401_439"/>
  <testcase name="Test_Schedule_6_Seater_Cab_Check_UpComingRide_DropOff_Icon_435" time="2.264" classname="com.InfoCabs.testcases.Schedule_6_Seater_Cab_TestCases_401_439"/>
  <testcase name="Test_Schedule_6_Seater_Cab_Check_UpComingRide_PickUp_Address_436" time="2.279" classname="com.InfoCabs.testcases.Schedule_6_Seater_Cab_TestCases_401_439"/>
  <testcase name="Test_Schedule_6_Seater_Cab_Check_UpComingRide_Dropoff_Address_437" time="2.253" classname="com.InfoCabs.testcases.Schedule_6_Seater_Cab_TestCases_401_439"/>
  <testcase name="Test_Schedule_6_Seater_Cab_Check_UpComingRide_PickUp_Time_438" time="2.236" classname="com.InfoCabs.testcases.Schedule_6_Seater_Cab_TestCases_401_439"/>
  <testcase name="Test_Schedule_6_Seater_Cab_ClickOn_Cancel_Button_439" time="11.583" classname="com.InfoCabs.testcases.Schedule_6_Seater_Cab_TestCases_401_439"/>
</testsuite> <!-- com.InfoCabs.testcases.Schedule_6_Seater_Cab_TestCases_401_439 -->
