<?xml version="1.0" encoding="UTF-8"?>
<!-- Generated by org.testng.reporters.JUnitReportReporter -->
<testsuite skipped="0" hostname="DESKTOP-CSMSJ8J" name="com.InfoCabs.testcases.Completed_trip_Details_TestCases_711_724" tests="14" failures="0" timestamp="2021-01-27T19:58:46 PKT" time="57.758" errors="0">
  <testcase name="Test_Completed_trip_Details_BackArrow_711" time="2.245" classname="com.InfoCabs.testcases.Completed_trip_Details_TestCases_711_724"/>
  <testcase name="Test_Completed_trip_Details_Trip_Details_Text_712" time="2.089" classname="com.InfoCabs.testcases.Completed_trip_Details_TestCases_711_724"/>
  <testcase name="Test_Completed_trip_Details_Your_Ride_with_Driver_713" time="2.272" classname="com.InfoCabs.testcases.Completed_trip_Details_TestCases_711_724"/>
  <testcase name="Test_Completed_trip_Details_Start_Address_714" time="2.235" classname="com.InfoCabs.testcases.Completed_trip_Details_TestCases_711_724"/>
  <testcase name="Test_Completed_trip_Details_End_Address_715" time="2.288" classname="com.InfoCabs.testcases.Completed_trip_Details_TestCases_711_724"/>
  <testcase name="Test_Completed_trip_Details_DriverName_716" time="2.272" classname="com.InfoCabs.testcases.Completed_trip_Details_TestCases_711_724"/>
  <testcase name="Test_Completed_trip_Details_CarNumber_717" time="2.273" classname="com.InfoCabs.testcases.Completed_trip_Details_TestCases_711_724"/>
  <testcase name="Test_Completed_trip_Details_CarRating_718" time="2.327" classname="com.InfoCabs.testcases.Completed_trip_Details_TestCases_711_724"/>
  <testcase name="Test_Completed_trip_Details_TV_Help_Text_719" time="2.166" classname="com.InfoCabs.testcases.Completed_trip_Details_TestCases_711_724"/>
  <testcase name="Test_Completed_trip_Details_ReBookButton_ButtonAndText_720" time="4.362" classname="com.InfoCabs.testcases.Completed_trip_Details_TestCases_711_724"/>
  <testcase name="Test_Completed_trip_Details_ClickOnBookNow_Button_Cab_721" time="9.625" classname="com.InfoCabs.testcases.Completed_trip_Details_TestCases_711_724"/>
  <testcase name="TestCompleted_trip_Details_Select_CeditCard_FromDrop_722" time="10.608" classname="com.InfoCabs.testcases.Completed_trip_Details_TestCases_711_724"/>
  <testcase name="Test_Completed_trip_Details_ClickOnBookConfirmButton_723" time="9.546" classname="com.InfoCabs.testcases.Completed_trip_Details_TestCases_711_724"/>
  <testcase name="Test_Completed_trip_Details_CancleRide_Button_Text_arePresent_724" time="3.450" classname="com.InfoCabs.testcases.Completed_trip_Details_TestCases_711_724"/>
</testsuite> <!-- com.InfoCabs.testcases.Completed_trip_Details_TestCases_711_724 -->
