<?xml version="1.0" encoding="UTF-8"?>
<!-- Generated by org.testng.reporters.JUnitReportReporter -->
<testsuite skipped="0" hostname="DESKTOP-CSMSJ8J" name="com.InfoCabs.testcases.Book_Saloon_With_CreditCard_TestCases_300_320" tests="22" failures="0" timestamp="2021-03-03T18:41:03 PKT" time="220.594" errors="0">
  <testcase name="Test_Book_Saloon_With_CreditCard_EnterDropofAddress_Cab_300" time="13.597" classname="com.InfoCabs.testcases.Book_Saloon_With_CreditCard_TestCases_300_320"/>
  <testcase name="Test_Book_Saloon_With_CreditCard_ClickOnBookNow_Button_Cab_301" time="9.498" classname="com.InfoCabs.testcases.Book_Saloon_With_CreditCard_TestCases_300_320"/>
  <testcase name="Test_Book_Saloon_With_CreditCard_Select_CeditCard_FromDrop_302" time="8.861" classname="com.InfoCabs.testcases.Book_Saloon_With_CreditCard_TestCases_300_320"/>
  <testcase name="Test_Book_Saloon_With_CreditCard_ClickOnBookConfirmButton_303" time="9.473" classname="com.InfoCabs.testcases.Book_Saloon_With_CreditCard_TestCases_300_320"/>
  <testcase name="Test_Book_Saloon_With_CreditCard_Push_CustomerApp_toBackground_and_start_RiderApp_304" time="7.580" classname="com.InfoCabs.testcases.Book_Saloon_With_CreditCard_TestCases_300_320"/>
  <testcase name="Test_Book_Saloon_With_CreditCard_AcceptCustomer_ride_306" time="22.944" classname="com.InfoCabs.testcases.Book_Saloon_With_CreditCard_TestCases_300_320"/>
  <testcase name="Test_Book_Saloon_With_CreditCard_ClickOnWait_ride_307" time="4.217" classname="com.InfoCabs.testcases.Book_Saloon_With_CreditCard_TestCases_300_320"/>
  <testcase name="Test_Book_Saloon_With_CreditCard_Push_Rider_toBackground_and_start_CustomerApp_308" time="19.377" classname="com.InfoCabs.testcases.Book_Saloon_With_CreditCard_TestCases_300_320"/>
  <testcase name="Test_Book_Saloon_With_CreditCard_weHave_Sent_Text_arePresent_309" time="14.577" classname="com.InfoCabs.testcases.Book_Saloon_With_CreditCard_TestCases_300_320"/>
  <testcase name="Test_Book_Saloon_With_CreditCard_Push_CustomerApp_toBackground_and_start_RiderApp_310" time="13.480" classname="com.InfoCabs.testcases.Book_Saloon_With_CreditCard_TestCases_300_320"/>
  <testcase name="Test_Book_Saloon_With_CreditCard_ClickOnPOB_Button_ride_311" time="4.234" classname="com.InfoCabs.testcases.Book_Saloon_With_CreditCard_TestCases_300_320"/>
  <testcase name="Test_Book_Saloon_With_CreditCard_Push_Rider_toBackground_and_start_CustomerApp_312" time="19.445" classname="com.InfoCabs.testcases.Book_Saloon_With_CreditCard_TestCases_300_320"/>
  <testcase name="Test_Book_Saloon_With_CreditCard_You_arein_yourway_Text_arePresent_313" time="15.297" classname="com.InfoCabs.testcases.Book_Saloon_With_CreditCard_TestCases_300_320"/>
  <testcase name="Test_Book_Saloon_With_CreditCard_CS_App_Push_CustomerApp_toBackground_and_start_RiderApp_315" time="9.518" classname="com.InfoCabs.testcases.Book_Saloon_With_CreditCard_TestCases_300_320"/>
  <testcase name="Test_Book_Saloon_With_CreditCard_ClickOnSTC_ride_315" time="4.742" classname="com.InfoCabs.testcases.Book_Saloon_With_CreditCard_TestCases_300_320"/>
  <testcase name="Test_Book_Saloon_With_CreditCard_ClickOn_Clear_ride_316" time="4.266" classname="com.InfoCabs.testcases.Book_Saloon_With_CreditCard_TestCases_300_320"/>
  <testcase name="Test_Book_Saloon_With_CreditCard_Closed_DriverApp_316" time="12.511" classname="com.InfoCabs.testcases.Book_Saloon_With_CreditCard_TestCases_300_320"/>
  <testcase name="Test_Book_Saloon_With_CreditCard_start_CustomerApp_317" time="5.615" classname="com.InfoCabs.testcases.Book_Saloon_With_CreditCard_TestCases_300_320"/>
  <testcase name="Test_Book_Saloon_With_CreditCard_Rate_your_ride_Text_arePresent_318" time="8.040" classname="com.InfoCabs.testcases.Book_Saloon_With_CreditCard_TestCases_300_320"/>
  <testcase name="Test_Book_Saloon_With_CreditCard_Feedback_Field_arePresent319" time="2.893" classname="com.InfoCabs.testcases.Book_Saloon_With_CreditCard_TestCases_300_320"/>
  <testcase name="Test_Book_Saloon_With_CreditCard_SubmitFeedback_ButtonAndText_320" time="4.389" classname="com.InfoCabs.testcases.Book_Saloon_With_CreditCard_TestCases_300_320"/>
  <testcase name="Test_Book_Saloon_With_CreditCard_With_CreditCards_Closed_DriverApp_321" time="6.040" classname="com.InfoCabs.testcases.Book_Saloon_With_CreditCard_TestCases_300_320"/>
</testsuite> <!-- com.InfoCabs.testcases.Book_Saloon_With_CreditCard_TestCases_300_320 -->
