<?xml version="1.0" encoding="UTF-8"?>
<!-- Generated by org.testng.reporters.JUnitReportReporter -->
<testsuite skipped="0" hostname="DESKTOP-CSMSJ8J" name="com.InfoCabs.testcases.Book_8_Seater_TestCases_440_466" tests="28" failures="0" timestamp="2021-01-06T00:06:06 PKT" time="246.690" errors="0">
  <testcase name="Test_LoginPage_Allow_user_to_LoginWith_valid_credential_21" time="14.401" classname="com.InfoCabs.testcases.Book_8_Seater_TestCases_440_466"/>
  <testcase name="Test_Book_8_Seater_LunchDriver_App_LunchNewDriver_App_440" time="3.864" classname="com.InfoCabs.testcases.Book_8_Seater_TestCases_440_466"/>
  <testcase name="Test_Book_8_Seater_LunchDriver_IMEI_Alert_Notification_441" time="2.445" classname="com.InfoCabs.testcases.Book_8_Seater_TestCases_440_466"/>
  <testcase name="Test_Book_8_Seater_LunchDriver_App_LogintoRiderApp_442" time="18.745" classname="com.InfoCabs.testcases.Book_8_Seater_TestCases_440_466"/>
  <testcase name="Test_Book_8_Seater_LunchDriver_App_Backto_CustomerApp_443" time="5.031" classname="com.InfoCabs.testcases.Book_8_Seater_TestCases_440_466"/>
  <testcase name="Test_Book_8_Seater_EnterDropofAddress_Cab_444" time="12.311" classname="com.InfoCabs.testcases.Book_8_Seater_TestCases_440_466"/>
  <testcase name="Test_Book_8_Seater_Moveto_6Seater_445" time="11.185" classname="com.InfoCabs.testcases.Book_8_Seater_TestCases_440_466"/>
  <testcase name="Test_Book_8_Seater_Moveto_8_Seater_446" time="11.130" classname="com.InfoCabs.testcases.Book_8_Seater_TestCases_440_466"/>
  <testcase name="Test_Book_8_Seater_6_Seater_Text_arePresent_447" time="2.219" classname="com.InfoCabs.testcases.Book_8_Seater_TestCases_440_466"/>
  <testcase name="Test_Book_8_Seater_ClickOnBookNow_Button_Cab_448" time="8.671" classname="com.InfoCabs.testcases.Book_8_Seater_TestCases_440_466"/>
  <testcase name="Test_Book_8_Seater_Select_Cash_FromDrop_449" time="5.992" classname="com.InfoCabs.testcases.Book_8_Seater_TestCases_440_466"/>
  <testcase name="Test_Book_8_Seater_ClickOnBookConfirmButton_450" time="9.768" classname="com.InfoCabs.testcases.Book_8_Seater_TestCases_440_466"/>
  <testcase name="Test_Book_8_Seater_Push_CustomerApp_toBackground_and_start_RiderApp_451" time="4.889" classname="com.InfoCabs.testcases.Book_8_Seater_TestCases_440_466"/>
  <testcase name="Test_Book_8_Seater_AcceptCustomer_ride_452" time="27.676" classname="com.InfoCabs.testcases.Book_8_Seater_TestCases_440_466"/>
  <testcase name="Test_Book_8_Seater_Push_Rider_toBackground_and_start_CustomerApp_453" time="15.020" classname="com.InfoCabs.testcases.Book_8_Seater_TestCases_440_466"/>
  <testcase name="Test_Book_8_Seater_weHave_Sent_Text_arePresent_454" time="11.415" classname="com.InfoCabs.testcases.Book_8_Seater_TestCases_440_466"/>
  <testcase name="Test_Book_8_Seater_Push_CustomerApp_toBackground_and_start_RiderApp_455" time="12.836" classname="com.InfoCabs.testcases.Book_8_Seater_TestCases_440_466"/>
  <testcase name="Test_Book_8_Seater_ClickOnWait_ride_456" time="4.368" classname="com.InfoCabs.testcases.Book_8_Seater_TestCases_440_466"/>
  <testcase name="Test_Book_8_Seater_ClickOnPOB_Button_ride_457" time="4.409" classname="com.InfoCabs.testcases.Book_8_Seater_TestCases_440_466"/>
  <testcase name="Test_Book_8_Seater_Push_Rider_toBackground_and_start_CustomerApp_458" time="15.348" classname="com.InfoCabs.testcases.Book_8_Seater_TestCases_440_466"/>
  <testcase name="Test_Book_8_Seater_You_arein_yourway_Text_arePresent_459" time="11.821" classname="com.InfoCabs.testcases.Book_8_Seater_TestCases_440_466"/>
  <testcase name="Test_Book_8_Seater_CS_App_Push_CustomerApp_toBackground_and_start_RiderApp_460" time="9.049" classname="com.InfoCabs.testcases.Book_8_Seater_TestCases_440_466"/>
  <testcase name="Test_Book_8_Seater_ClickOnSTC_ride_461" time="4.503" classname="com.InfoCabs.testcases.Book_8_Seater_TestCases_440_466"/>
  <testcase name="Test_Book_8_Seater_ClickOn_Clear_ride_462" time="4.354" classname="com.InfoCabs.testcases.Book_8_Seater_TestCases_440_466"/>
  <testcase name="Test_Book_8_Seater_Push_Rider_toBackground_and_start_CustomerApp_463" time="4.962" classname="com.InfoCabs.testcases.Book_8_Seater_TestCases_440_466"/>
  <testcase name="Test_Book_8_Seater_Rate_your_ride_Text_arePresent_464" time="2.561" classname="com.InfoCabs.testcases.Book_8_Seater_TestCases_440_466"/>
  <testcase name="Test_BBook_8_Seater_Feedback_Field_arePresent_465" time="3.058" classname="com.InfoCabs.testcases.Book_8_Seater_TestCases_440_466"/>
  <testcase name="Test_Book_8_Seater_SubmitFeedback_ButtonAndText_466" time="4.659" classname="com.InfoCabs.testcases.Book_8_Seater_TestCases_440_466"/>
</testsuite> <!-- com.InfoCabs.testcases.Book_8_Seater_TestCases_440_466 -->
