<?xml version="1.0" encoding="UTF-8"?>
<!-- Generated by org.testng.reporters.JUnitReportReporter -->
<testsuite skipped="0" hostname="DESKTOP-CSMSJ8J" name="com.InfoCabs.testcases.MyTrips_Cancelled_Ride_And_Rebook_TestCases_666_685" tests="28" failures="0" timestamp="2021-03-04T16:05:54 PKT" time="134.793" errors="0">
  <testcase name="Test_MyTrips_Cancelled_Ride_And_Rebook_EnterDropofAddress_Cab_666" time="13.879" classname="com.InfoCabs.testcases.MyTrips_Cancelled_Ride_And_Rebook_TestCases_666_685"/>
  <testcase name="Test_MyTrips_Cancelled_Ride_And_Rebook_ClickOnBookNow_Button_Cab_667" time="10.068" classname="com.InfoCabs.testcases.MyTrips_Cancelled_Ride_And_Rebook_TestCases_666_685"/>
  <testcase name="Test_MyTrips_Cancelled_Ride_And_Rebook_Select_CeditCard_FromDrop_668" time="8.884" classname="com.InfoCabs.testcases.MyTrips_Cancelled_Ride_And_Rebook_TestCases_666_685"/>
  <testcase name="Test_MyTrips_Cancelled_Ride_And_Rebook_ClickOnBookConfirmButton_669" time="9.512" classname="com.InfoCabs.testcases.MyTrips_Cancelled_Ride_And_Rebook_TestCases_666_685"/>
  <testcase name="Test_MyTrips_Cancelled_Ride_And_Rebook_CancleRide_Button_Text_arePresent_670" time="12.267" classname="com.InfoCabs.testcases.MyTrips_Cancelled_Ride_And_Rebook_TestCases_666_685"/>
  <testcase name="Test_MyTrips_Cancelled_Rides_ClickOn_SideMenu_Button_671" time="9.401" classname="com.InfoCabs.testcases.MyTrips_Cancelled_Ride_And_Rebook_TestCases_666_685"/>
  <testcase name="Test_MyTrips_Cancelled_Ride_And_Rebook_ClickOn_SideMenu__MyTrips_Button_672" time="9.904" classname="com.InfoCabs.testcases.MyTrips_Cancelled_Ride_And_Rebook_TestCases_666_685"/>
  <testcase name="Test_MyTrips_Cancelled_Ride_And_Rebook_check_MyTrips_Text_673" time="2.344" classname="com.InfoCabs.testcases.MyTrips_Cancelled_Ride_And_Rebook_TestCases_666_685"/>
  <testcase name="Test_MyTrips_Cancelled_Ride_And_Rebook_Check_for_PastRide_text_674" time="5.665" classname="com.InfoCabs.testcases.MyTrips_Cancelled_Ride_And_Rebook_TestCases_666_685"/>
  <testcase name="Test_MyTrips_Cancelled_Ride_And_Rebook_Check_for_index1_CancelRide_Option_675" time="2.387" classname="com.InfoCabs.testcases.MyTrips_Cancelled_Ride_And_Rebook_TestCases_666_685"/>
  <testcase name="Test_MyTrips_Cancelled_Ride_And_Rebook_CheckPickoff_Address_676" time="2.257" classname="com.InfoCabs.testcases.MyTrips_Cancelled_Ride_And_Rebook_TestCases_666_685"/>
  <testcase name="Test_MyTrips_Cancelled_Ride_And_Rebook_CheckDropOff_Address_677" time="2.263" classname="com.InfoCabs.testcases.MyTrips_Cancelled_Ride_And_Rebook_TestCases_666_685"/>
  <testcase name="Test_MyTrips_Cancelled_Ride_And_Rebook_Date_and_Time_678" time="2.244" classname="com.InfoCabs.testcases.MyTrips_Cancelled_Ride_And_Rebook_TestCases_666_685"/>
  <testcase name="Test_MyTrips_Cancelled_Ride_And_Rebook_Check_for_Cancelled_Text_and_Button_679" time="3.323" classname="com.InfoCabs.testcases.MyTrips_Cancelled_Ride_And_Rebook_TestCases_666_685"/>
  <testcase name="Test_MyTrips_Cancelled_Ride_And_Rebook_check_for_BackButton_680" time="2.231" classname="com.InfoCabs.testcases.MyTrips_Cancelled_Ride_And_Rebook_TestCases_666_685"/>
  <testcase name="Test_MyTrips_Cancelled_Ride_And_Rebook_Check_for_TripDetails_Text_681" time="2.118" classname="com.InfoCabs.testcases.MyTrips_Cancelled_Ride_And_Rebook_TestCases_666_685"/>
  <testcase name="Test_MyTrips_Cancelled_Ride_And_Rebook_Check_for_Your_Ride_was_cancelled_Text_682" time="2.157" classname="com.InfoCabs.testcases.MyTrips_Cancelled_Ride_And_Rebook_TestCases_666_685"/>
  <testcase name="Test_MyTrips_Cancelled_Ride_And_Rebook_Check_for_StartingAddress_Text_683" time="2.298" classname="com.InfoCabs.testcases.MyTrips_Cancelled_Ride_And_Rebook_TestCases_666_685"/>
  <testcase name="Test_MyTrips_Cancelled_Ride_And_Rebook_Check_for_EndAddress_Text_684" time="2.283" classname="com.InfoCabs.testcases.MyTrips_Cancelled_Ride_And_Rebook_TestCases_666_685"/>
  <testcase name="Test_MyTrips_Cancelled_Ride_And_Rebook_Check_for_GPS_image_685" time="2.283" classname="com.InfoCabs.testcases.MyTrips_Cancelled_Ride_And_Rebook_TestCases_666_685"/>
  <testcase name="Test_MyTrips_Cancelled_Ride_And_Rebook_Check_for_Gps_image_Click_686" time="2.332" classname="com.InfoCabs.testcases.MyTrips_Cancelled_Ride_And_Rebook_TestCases_666_685"/>
  <testcase name="Test_MyTrips_Cancelled_Ride_And_Rebook_Check_for_Gps_Point1_687" time="2.191" classname="com.InfoCabs.testcases.MyTrips_Cancelled_Ride_And_Rebook_TestCases_666_685"/>
  <testcase name="Test_MyTrips_Cancelled_Ride_And_Rebook_Check_for_Gps_Point2_688" time="2.197" classname="com.InfoCabs.testcases.MyTrips_Cancelled_Ride_And_Rebook_TestCases_666_685"/>
  <testcase name="Test_MyTrips_Cancelled_Ride_And_Rebook_Check_for_Gps_image_Click_On_GetDirection_image_689" time="2.353" classname="com.InfoCabs.testcases.MyTrips_Cancelled_Ride_And_Rebook_TestCases_666_685"/>
  <testcase name="Test_MyTrips_Cancelled_Ride_And_Rebook_Check_Back_to_App_from_GPS_690" time="6.260" classname="com.InfoCabs.testcases.MyTrips_Cancelled_Ride_And_Rebook_TestCases_666_685"/>
  <testcase name="Test_MyTrips_Cancelled_Ride_And_Rebook_Check_for_Gps_image_Click_On_Open_inGooglemaps_image_691" time="2.433" classname="com.InfoCabs.testcases.MyTrips_Cancelled_Ride_And_Rebook_TestCases_666_685"/>
  <testcase name="Test_MyTrips_Cancelled_Ride_And_Rebook_Check_Back_to_App_from_GPS_on_2ndtime_692" time="5.859" classname="com.InfoCabs.testcases.MyTrips_Cancelled_Ride_And_Rebook_TestCases_666_685"/>
  <testcase name="Test_MyTrips_Cancelled_Ride_And_Rebook_Check_for_Rebook_Text_and_Button_693" time="3.400" classname="com.InfoCabs.testcases.MyTrips_Cancelled_Ride_And_Rebook_TestCases_666_685"/>
</testsuite> <!-- com.InfoCabs.testcases.MyTrips_Cancelled_Ride_And_Rebook_TestCases_666_685 -->
