<?xml version="1.0" encoding="UTF-8"?>
<!-- Generated by org.testng.reporters.JUnitReportReporter -->
<testsuite skipped="0" hostname="DESKTOP-CSMSJ8J" name="com.InfoCabs.testcases.Check_Remeber_Feature_TestCases_754_768" tests="16" failures="0" timestamp="2021-01-30T02:25:33 PKT" time="230.791" errors="2">
  <testcase name="Test_Check_Remeber_Featur_Allow_user_to_LoginWith_valid_credential_754" time="15.149" classname="com.InfoCabs.testcases.Check_Remeber_Feature_TestCases_754_768"/>
  <testcase name="Test_Check_Remeber_Featur_User_Logout_from_Application_755" time="14.005" classname="com.InfoCabs.testcases.Check_Remeber_Feature_TestCases_754_768">
    <error type="org.openqa.selenium.StaleElementReferenceException" message="The element &#039;By.id: com.Infosun.AbbeySwiftCars:id/btn_menu&#039; does not exist in DOM anymore
For documentation on this error, please visit: https://www.seleniumhq.org/exceptions/stale_element_reference.html
Build info: version: &#039;3.141.59&#039;, revision: &#039;e82be7d358&#039;, time: &#039;2018-11-14T08:17:03&#039;
System info: host: &#039;DESKTOP-CSMSJ8J&#039;, ip: &#039;192.168.0.199&#039;, os.name: &#039;Windows 10&#039;, os.arch: &#039;amd64&#039;, os.version: &#039;10.0&#039;, java.version: &#039;1.8.0_261&#039;
Driver info: io.appium.java_client.android.AndroidDriver
Capabilities {app: C:\Users\92336\git\InfoCabs..., appActivity: com.infosun.csandroidx.acti..., appPackage: com.Infosun.AbbeySwiftCars, autoAcceptAlerts: true, autoGrantPermissions: true, databaseEnabled: false, desired: {app: C:\Users\92336\git\InfoCabs..., appActivity: com.infosun.csandroidx.acti..., appPackage: com.Infosun.AbbeySwiftCars, autoAcceptAlerts: true, autoGrantPermissions: true, deviceName: Galaxy J7 Pro, newCommandTimeout: 60, platformName: android, platformVersion: 7, resetKeyboard: false, udid: 52006c45b4f164dd, unicodeKeyboard: false}, deviceApiLevel: 24, deviceManufacturer: samsung, deviceModel: SM-J730F, deviceName: 52006c45b4f164dd, deviceScreenDensity: 420, deviceScreenSize: 1080x1920, deviceUDID: 52006c45b4f164dd, javascriptEnabled: true, locationContextEnabled: false, networkConnectionEnabled: true, newCommandTimeout: 60, pixelRatio: 2.625, platform: LINUX, platformName: Android, platformVersion: 7.0, resetKeyboard: false, statBarHeight: 63, takesScreenshot: true, udid: 52006c45b4f164dd, unicodeKeyboard: false, viewportRect: {height: 1857, left: 0, top: 63, width: 1080}, warnings: {}, webStorageEnabled: false}
Session ID: 92fb44d0-ba04-46aa-9652-3437e62c7e1b">
      <![CDATA[org.openqa.selenium.StaleElementReferenceException: The element 'By.id: com.Infosun.AbbeySwiftCars:id/btn_menu' does not exist in DOM anymore
For documentation on this error, please visit: https://www.seleniumhq.org/exceptions/stale_element_reference.html
Build info: version: '3.141.59', revision: 'e82be7d358', time: '2018-11-14T08:17:03'
System info: host: 'DESKTOP-CSMSJ8J', ip: '192.168.0.199', os.name: 'Windows 10', os.arch: 'amd64', os.version: '10.0', java.version: '1.8.0_261'
Driver info: io.appium.java_client.android.AndroidDriver
Capabilities {app: C:\Users\92336\git\InfoCabs..., appActivity: com.infosun.csandroidx.acti..., appPackage: com.Infosun.AbbeySwiftCars, autoAcceptAlerts: true, autoGrantPermissions: true, databaseEnabled: false, desired: {app: C:\Users\92336\git\InfoCabs..., appActivity: com.infosun.csandroidx.acti..., appPackage: com.Infosun.AbbeySwiftCars, autoAcceptAlerts: true, autoGrantPermissions: true, deviceName: Galaxy J7 Pro, newCommandTimeout: 60, platformName: android, platformVersion: 7, resetKeyboard: false, udid: 52006c45b4f164dd, unicodeKeyboard: false}, deviceApiLevel: 24, deviceManufacturer: samsung, deviceModel: SM-J730F, deviceName: 52006c45b4f164dd, deviceScreenDensity: 420, deviceScreenSize: 1080x1920, deviceUDID: 52006c45b4f164dd, javascriptEnabled: true, locationContextEnabled: false, networkConnectionEnabled: true, newCommandTimeout: 60, pixelRatio: 2.625, platform: LINUX, platformName: Android, platformVersion: 7.0, resetKeyboard: false, statBarHeight: 63, takesScreenshot: true, udid: 52006c45b4f164dd, unicodeKeyboard: false, viewportRect: {height: 1857, left: 0, top: 63, width: 1080}, warnings: {}, webStorageEnabled: false}
Session ID: 92fb44d0-ba04-46aa-9652-3437e62c7e1b
at sun.reflect.NativeConstructorAccessorImpl.newInstance0(Native Method)
at sun.reflect.NativeConstructorAccessorImpl.newInstance(NativeConstructorAccessorImpl.java:62)
at sun.reflect.DelegatingConstructorAccessorImpl.newInstance(DelegatingConstructorAccessorImpl.java:45)
at java.lang.reflect.Constructor.newInstance(Constructor.java:423)
at org.openqa.selenium.remote.http.W3CHttpResponseCodec.createException(W3CHttpResponseCodec.java:187)
at org.openqa.selenium.remote.http.W3CHttpResponseCodec.decode(W3CHttpResponseCodec.java:122)
at org.openqa.selenium.remote.http.W3CHttpResponseCodec.decode(W3CHttpResponseCodec.java:49)
at org.openqa.selenium.remote.HttpCommandExecutor.execute(HttpCommandExecutor.java:158)
at io.appium.java_client.remote.AppiumCommandExecutor.execute(AppiumCommandExecutor.java:239)
at org.openqa.selenium.remote.RemoteWebDriver.execute(RemoteWebDriver.java:552)
at io.appium.java_client.DefaultGenericMobileDriver.execute(DefaultGenericMobileDriver.java:41)
at io.appium.java_client.AppiumDriver.execute(AppiumDriver.java:1)
at io.appium.java_client.android.AndroidDriver.execute(AndroidDriver.java:1)
at org.openqa.selenium.remote.RemoteWebElement.execute(RemoteWebElement.java:285)
at io.appium.java_client.DefaultGenericMobileElement.execute(DefaultGenericMobileElement.java:45)
at io.appium.java_client.MobileElement.execute(MobileElement.java:1)
at io.appium.java_client.android.AndroidElement.execute(AndroidElement.java:1)
at org.openqa.selenium.remote.RemoteWebElement.isDisplayed(RemoteWebElement.java:326)
at org.openqa.selenium.support.ui.ExpectedConditions.elementIfVisible(ExpectedConditions.java:314)
at org.openqa.selenium.support.ui.ExpectedConditions.access$000(ExpectedConditions.java:43)
at org.openqa.selenium.support.ui.ExpectedConditions$10.apply(ExpectedConditions.java:300)
at org.openqa.selenium.support.ui.ExpectedConditions$10.apply(ExpectedConditions.java:297)
at org.openqa.selenium.support.ui.ExpectedConditions$23.apply(ExpectedConditions.java:670)
at org.openqa.selenium.support.ui.ExpectedConditions$23.apply(ExpectedConditions.java:666)
at org.openqa.selenium.support.ui.FluentWait.until(FluentWait.java:249)
at com.InfoCabs.common.HelperMethods.waitForElementToBeClickable(HelperMethods.java:68)
at com.InfoCabs.testcases.Check_Remeber_Feature_TestCases_754_768.Test_Check_Remeber_Featur_User_Logout_from_Application_755(Check_Remeber_Feature_TestCases_754_768.java:63)
at sun.reflect.NativeMethodAccessorImpl.invoke0(Native Method)
at sun.reflect.NativeMethodAccessorImpl.invoke(NativeMethodAccessorImpl.java:62)
at sun.reflect.DelegatingMethodAccessorImpl.invoke(DelegatingMethodAccessorImpl.java:43)
at java.lang.reflect.Method.invoke(Method.java:498)
at org.testng.internal.MethodInvocationHelper.invokeMethod(MethodInvocationHelper.java:133)
at org.testng.internal.TestInvoker.invokeMethod(TestInvoker.java:584)
at org.testng.internal.TestInvoker.invokeTestMethod(TestInvoker.java:172)
at org.testng.internal.MethodRunner.runInSequence(MethodRunner.java:46)
at org.testng.internal.TestInvoker$MethodInvocationAgent.invoke(TestInvoker.java:804)
at org.testng.internal.TestInvoker.invokeTestMethods(TestInvoker.java:145)
at org.testng.internal.TestMethodWorker.invokeTestMethods(TestMethodWorker.java:146)
at org.testng.internal.TestMethodWorker.run(TestMethodWorker.java:128)
at java.util.ArrayList.forEach(ArrayList.java:1259)
at org.testng.TestRunner.privateRun(TestRunner.java:770)
at org.testng.TestRunner.run(TestRunner.java:591)
at org.testng.SuiteRunner.runTest(SuiteRunner.java:402)
at org.testng.SuiteRunner.runSequentially(SuiteRunner.java:396)
at org.testng.SuiteRunner.privateRun(SuiteRunner.java:355)
at org.testng.SuiteRunner.run(SuiteRunner.java:304)
at org.testng.SuiteRunnerWorker.runSuite(SuiteRunnerWorker.java:53)
at org.testng.SuiteRunnerWorker.run(SuiteRunnerWorker.java:96)
at org.testng.TestNG.runSuitesSequentially(TestNG.java:1180)
at org.testng.TestNG.runSuitesLocally(TestNG.java:1102)
at org.testng.TestNG.runSuites(TestNG.java:1032)
at org.testng.TestNG.run(TestNG.java:1000)
at org.testng.remote.AbstractRemoteTestNG.run(AbstractRemoteTestNG.java:115)
at org.testng.remote.RemoteTestNG.initAndRun(RemoteTestNG.java:251)
at org.testng.remote.RemoteTestNG.main(RemoteTestNG.java:77)
]]>
    </error>
  </testcase> <!-- Test_Check_Remeber_Featur_User_Logout_from_Application_755 -->
  <testcase name="Test_Check_Remeber_Featur_ForgotPhone_Number_Text_756" time="65.532" classname="com.InfoCabs.testcases.Check_Remeber_Feature_TestCases_754_768">
    <error type="org.openqa.selenium.NoSuchElementException" message="An element could not be located on the page using the given search parameters.
For documentation on this error, please visit: https://www.seleniumhq.org/exceptions/no_such_element.html
Build info: version: &#039;3.141.59&#039;, revision: &#039;e82be7d358&#039;, time: &#039;2018-11-14T08:17:03&#039;
System info: host: &#039;DESKTOP-CSMSJ8J&#039;, ip: &#039;192.168.0.199&#039;, os.name: &#039;Windows 10&#039;, os.arch: &#039;amd64&#039;, os.version: &#039;10.0&#039;, java.version: &#039;1.8.0_261&#039;
Driver info: io.appium.java_client.android.AndroidDriver
Capabilities {app: C:\Users\92336\git\InfoCabs..., appActivity: com.infosun.csandroidx.acti..., appPackage: com.Infosun.AbbeySwiftCars, autoAcceptAlerts: true, autoGrantPermissions: true, databaseEnabled: false, desired: {app: C:\Users\92336\git\InfoCabs..., appActivity: com.infosun.csandroidx.acti..., appPackage: com.Infosun.AbbeySwiftCars, autoAcceptAlerts: true, autoGrantPermissions: true, deviceName: Galaxy J7 Pro, newCommandTimeout: 60, platformName: android, platformVersion: 7, resetKeyboard: false, udid: 52006c45b4f164dd, unicodeKeyboard: false}, deviceApiLevel: 24, deviceManufacturer: samsung, deviceModel: SM-J730F, deviceName: 52006c45b4f164dd, deviceScreenDensity: 420, deviceScreenSize: 1080x1920, deviceUDID: 52006c45b4f164dd, javascriptEnabled: true, locationContextEnabled: false, networkConnectionEnabled: true, newCommandTimeout: 60, pixelRatio: 2.625, platform: LINUX, platformName: Android, platformVersion: 7.0, resetKeyboard: false, statBarHeight: 63, takesScreenshot: true, udid: 52006c45b4f164dd, unicodeKeyboard: false, viewportRect: {height: 1857, left: 0, top: 63, width: 1080}, warnings: {}, webStorageEnabled: false}
Session ID: 92fb44d0-ba04-46aa-9652-3437e62c7e1b
*** Element info: {Using=id, value=com.Infosun.AbbeySwiftCars:id/et_phone}">
      <![CDATA[org.openqa.selenium.NoSuchElementException: An element could not be located on the page using the given search parameters.
For documentation on this error, please visit: https://www.seleniumhq.org/exceptions/no_such_element.html
Build info: version: '3.141.59', revision: 'e82be7d358', time: '2018-11-14T08:17:03'
System info: host: 'DESKTOP-CSMSJ8J', ip: '192.168.0.199', os.name: 'Windows 10', os.arch: 'amd64', os.version: '10.0', java.version: '1.8.0_261'
Driver info: io.appium.java_client.android.AndroidDriver
Capabilities {app: C:\Users\92336\git\InfoCabs..., appActivity: com.infosun.csandroidx.acti..., appPackage: com.Infosun.AbbeySwiftCars, autoAcceptAlerts: true, autoGrantPermissions: true, databaseEnabled: false, desired: {app: C:\Users\92336\git\InfoCabs..., appActivity: com.infosun.csandroidx.acti..., appPackage: com.Infosun.AbbeySwiftCars, autoAcceptAlerts: true, autoGrantPermissions: true, deviceName: Galaxy J7 Pro, newCommandTimeout: 60, platformName: android, platformVersion: 7, resetKeyboard: false, udid: 52006c45b4f164dd, unicodeKeyboard: false}, deviceApiLevel: 24, deviceManufacturer: samsung, deviceModel: SM-J730F, deviceName: 52006c45b4f164dd, deviceScreenDensity: 420, deviceScreenSize: 1080x1920, deviceUDID: 52006c45b4f164dd, javascriptEnabled: true, locationContextEnabled: false, networkConnectionEnabled: true, newCommandTimeout: 60, pixelRatio: 2.625, platform: LINUX, platformName: Android, platformVersion: 7.0, resetKeyboard: false, statBarHeight: 63, takesScreenshot: true, udid: 52006c45b4f164dd, unicodeKeyboard: false, viewportRect: {height: 1857, left: 0, top: 63, width: 1080}, warnings: {}, webStorageEnabled: false}
Session ID: 92fb44d0-ba04-46aa-9652-3437e62c7e1b
*** Element info: {Using=id, value=com.Infosun.AbbeySwiftCars:id/et_phone}
at sun.reflect.NativeConstructorAccessorImpl.newInstance0(Native Method)
at sun.reflect.NativeConstructorAccessorImpl.newInstance(NativeConstructorAccessorImpl.java:62)
at sun.reflect.DelegatingConstructorAccessorImpl.newInstance(DelegatingConstructorAccessorImpl.java:45)
at java.lang.reflect.Constructor.newInstance(Constructor.java:423)
at org.openqa.selenium.remote.http.W3CHttpResponseCodec.createException(W3CHttpResponseCodec.java:187)
at org.openqa.selenium.remote.http.W3CHttpResponseCodec.decode(W3CHttpResponseCodec.java:122)
at org.openqa.selenium.remote.http.W3CHttpResponseCodec.decode(W3CHttpResponseCodec.java:49)
at org.openqa.selenium.remote.HttpCommandExecutor.execute(HttpCommandExecutor.java:158)
at io.appium.java_client.remote.AppiumCommandExecutor.execute(AppiumCommandExecutor.java:239)
at org.openqa.selenium.remote.RemoteWebDriver.execute(RemoteWebDriver.java:552)
at io.appium.java_client.DefaultGenericMobileDriver.execute(DefaultGenericMobileDriver.java:41)
at io.appium.java_client.AppiumDriver.execute(AppiumDriver.java:1)
at io.appium.java_client.android.AndroidDriver.execute(AndroidDriver.java:1)
at org.openqa.selenium.remote.RemoteWebDriver.findElement(RemoteWebDriver.java:323)
at io.appium.java_client.DefaultGenericMobileDriver.findElement(DefaultGenericMobileDriver.java:61)
at io.appium.java_client.AppiumDriver.findElement(AppiumDriver.java:1)
at io.appium.java_client.android.AndroidDriver.findElement(AndroidDriver.java:1)
at org.openqa.selenium.remote.RemoteWebDriver.findElementById(RemoteWebDriver.java:372)
at io.appium.java_client.DefaultGenericMobileDriver.findElementById(DefaultGenericMobileDriver.java:69)
at io.appium.java_client.AppiumDriver.findElementById(AppiumDriver.java:1)
at io.appium.java_client.android.AndroidDriver.findElementById(AndroidDriver.java:1)
at org.openqa.selenium.By$ById.findElement(By.java:188)
at org.openqa.selenium.remote.RemoteWebDriver.findElement(RemoteWebDriver.java:315)
at io.appium.java_client.DefaultGenericMobileDriver.findElement(DefaultGenericMobileDriver.java:57)
at io.appium.java_client.AppiumDriver.findElement(AppiumDriver.java:1)
at io.appium.java_client.android.AndroidDriver.findElement(AndroidDriver.java:1)
at com.InfoCabs.testcases.Check_Remeber_Feature_TestCases_754_768.Test_Check_Remeber_Featur_ForgotPhone_Number_Text_756(Check_Remeber_Feature_TestCases_754_768.java:96)
at sun.reflect.NativeMethodAccessorImpl.invoke0(Native Method)
at sun.reflect.NativeMethodAccessorImpl.invoke(NativeMethodAccessorImpl.java:62)
at sun.reflect.DelegatingMethodAccessorImpl.invoke(DelegatingMethodAccessorImpl.java:43)
at java.lang.reflect.Method.invoke(Method.java:498)
at org.testng.internal.MethodInvocationHelper.invokeMethod(MethodInvocationHelper.java:133)
at org.testng.internal.TestInvoker.invokeMethod(TestInvoker.java:584)
at org.testng.internal.TestInvoker.invokeTestMethod(TestInvoker.java:172)
at org.testng.internal.MethodRunner.runInSequence(MethodRunner.java:46)
at org.testng.internal.TestInvoker$MethodInvocationAgent.invoke(TestInvoker.java:804)
at org.testng.internal.TestInvoker.invokeTestMethods(TestInvoker.java:145)
at org.testng.internal.TestMethodWorker.invokeTestMethods(TestMethodWorker.java:146)
at org.testng.internal.TestMethodWorker.run(TestMethodWorker.java:128)
at java.util.ArrayList.forEach(ArrayList.java:1259)
at org.testng.TestRunner.privateRun(TestRunner.java:770)
at org.testng.TestRunner.run(TestRunner.java:591)
at org.testng.SuiteRunner.runTest(SuiteRunner.java:402)
at org.testng.SuiteRunner.runSequentially(SuiteRunner.java:396)
at org.testng.SuiteRunner.privateRun(SuiteRunner.java:355)
at org.testng.SuiteRunner.run(SuiteRunner.java:304)
at org.testng.SuiteRunnerWorker.runSuite(SuiteRunnerWorker.java:53)
at org.testng.SuiteRunnerWorker.run(SuiteRunnerWorker.java:96)
at org.testng.TestNG.runSuitesSequentially(TestNG.java:1180)
at org.testng.TestNG.runSuitesLocally(TestNG.java:1102)
at org.testng.TestNG.runSuites(TestNG.java:1032)
at org.testng.TestNG.run(TestNG.java:1000)
at org.testng.remote.AbstractRemoteTestNG.run(AbstractRemoteTestNG.java:115)
at org.testng.remote.RemoteTestNG.initAndRun(RemoteTestNG.java:251)
at org.testng.remote.RemoteTestNG.main(RemoteTestNG.java:77)
]]>
    </error>
  </testcase> <!-- Test_Check_Remeber_Featur_ForgotPhone_Number_Text_756 -->
  <testcase name="Test_Check_Remeber_Featur_ForgotPhone_Number_Text_757" time="43.402" classname="com.InfoCabs.testcases.Check_Remeber_Feature_TestCases_754_768"/>
  <testcase name="Test_Check_Remeber_Featur_Allow_user_to_LoginWith_valid_credential_Loginagain_758" time="4.494" classname="com.InfoCabs.testcases.Check_Remeber_Feature_TestCases_754_768"/>
  <testcase name="Test_check_Remeber_Feature_Go_Back_ChangePWD_page_759" time="6.521" classname="com.InfoCabs.testcases.Check_Remeber_Feature_TestCases_754_768"/>
  <testcase name="Test_Check_Remeber_Feature_Change_PWD_again_to_Orignal_760" time="11.034" classname="com.InfoCabs.testcases.Check_Remeber_Feature_TestCases_754_768"/>
  <testcase name="Test_Check_Remeber_Feature_and_Logout_761" time="14.499" classname="com.InfoCabs.testcases.Check_Remeber_Feature_TestCases_754_768"/>
  <testcase name="Test_Check_Remeber_Feature_Check_BackButton_761" time="8.879" classname="com.InfoCabs.testcases.Check_Remeber_Feature_TestCases_754_768"/>
  <testcase name="Test_Check_Remeber_Featur_ForgotPhone_Number_Text_and_check_ChangePwd_762" time="0.725" classname="com.InfoCabs.testcases.Check_Remeber_Feature_TestCases_754_768"/>
  <testcase name="Test_Check_Remeber_Featur_Again_login__with_save_Pwd_763" time="4.962" classname="com.InfoCabs.testcases.Check_Remeber_Feature_TestCases_754_768"/>
  <testcase name="Test_check_Remeber_Feature_Go_Back_Again_to_ChangePWD_page_764" time="6.653" classname="com.InfoCabs.testcases.Check_Remeber_Feature_TestCases_754_768"/>
  <testcase name="Test_Check_Remeber_Feature__Check_Change_PWD_again_to_Orignal_765" time="10.944" classname="com.InfoCabs.testcases.Check_Remeber_Feature_TestCases_754_768"/>
  <testcase name="Test_Check_Remeber_Feature_Check_BackButton_on_2ndtime_766" time="8.826" classname="com.InfoCabs.testcases.Check_Remeber_Feature_TestCases_754_768"/>
  <testcase name="Test_Check_Remeber_Feature_and_Logout_for_3rd_time_767" time="14.458" classname="com.InfoCabs.testcases.Check_Remeber_Feature_TestCases_754_768"/>
  <testcase name="Test_Check_Remeber_Featur_check_ChangePwd_validation_768" time="0.708" classname="com.InfoCabs.testcases.Check_Remeber_Feature_TestCases_754_768"/>
</testsuite> <!-- com.InfoCabs.testcases.Check_Remeber_Feature_TestCases_754_768 -->
