<?xml version="1.0" encoding="UTF-8"?>
<!-- Generated by org.testng.reporters.JUnitReportReporter -->
<testsuite skipped="0" hostname="DESKTOP-CSMSJ8J" name="com.InfoCabs.testcases.Delete_RegesteredUser_API_Requests_72" tests="1" failures="0" timestamp="2021-01-27T01:42:56 PKT" time="6.128" errors="0">
  <testcase name="Delete_RegisteredUser_UsingDelete_API_72" time="6.128" classname="com.InfoCabs.testcases.Delete_RegesteredUser_API_Requests_72"/>
</testsuite> <!-- com.InfoCabs.testcases.Delete_RegesteredUser_API_Requests_72 -->
