<?xml version="1.0" encoding="UTF-8"?>
<!-- Generated by org.testng.reporters.JUnitReportReporter -->
<testsuite skipped="0" hostname="DESKTOP-CSMSJ8J" name="com.InfoCabs.testcases.Book_Saloon_With_CreditCard_TestCases_300_320" tests="22" failures="0" timestamp="2021-01-27T02:10:51 PKT" time="213.177" errors="0">
  <testcase name="Test_Book_Saloon_With_CreditCard_EnterDropofAddress_Cab_300" time="13.805" classname="com.InfoCabs.testcases.Book_Saloon_With_CreditCard_TestCases_300_320"/>
  <testcase name="Test_Book_Saloon_With_CreditCard_ClickOnBookNow_Button_Cab_301" time="9.570" classname="com.InfoCabs.testcases.Book_Saloon_With_CreditCard_TestCases_300_320"/>
  <testcase name="Test_Book_Saloon_With_CreditCard_Select_CeditCard_FromDrop_302" time="8.865" classname="com.InfoCabs.testcases.Book_Saloon_With_CreditCard_TestCases_300_320"/>
  <testcase name="Test_Book_Saloon_With_CreditCard_ClickOnBookConfirmButton_303" time="9.599" classname="com.InfoCabs.testcases.Book_Saloon_With_CreditCard_TestCases_300_320"/>
  <testcase name="Test_Book_Saloon_With_CreditCard_Push_CustomerApp_toBackground_and_start_RiderApp_304" time="7.616" classname="com.InfoCabs.testcases.Book_Saloon_With_CreditCard_TestCases_300_320"/>
  <testcase name="Test_Book_Saloon_With_CreditCard_AcceptCustomer_ride_306" time="10.926" classname="com.InfoCabs.testcases.Book_Saloon_With_CreditCard_TestCases_300_320"/>
  <testcase name="Test_Book_Saloon_With_CreditCard_ClickOnWait_ride_307" time="4.836" classname="com.InfoCabs.testcases.Book_Saloon_With_CreditCard_TestCases_300_320"/>
  <testcase name="Test_Book_Saloon_With_CreditCard_Push_Rider_toBackground_and_start_CustomerApp_308" time="19.802" classname="com.InfoCabs.testcases.Book_Saloon_With_CreditCard_TestCases_300_320"/>
  <testcase name="Test_Book_Saloon_With_CreditCard_weHave_Sent_Text_arePresent_309" time="14.363" classname="com.InfoCabs.testcases.Book_Saloon_With_CreditCard_TestCases_300_320"/>
  <testcase name="Test_Book_Saloon_With_CreditCard_Push_CustomerApp_toBackground_and_start_RiderApp_310" time="13.638" classname="com.InfoCabs.testcases.Book_Saloon_With_CreditCard_TestCases_300_320"/>
  <testcase name="Test_Book_Saloon_With_CreditCard_ClickOnPOB_Button_ride_311" time="4.412" classname="com.InfoCabs.testcases.Book_Saloon_With_CreditCard_TestCases_300_320"/>
  <testcase name="Test_Book_Saloon_With_CreditCard_Push_Rider_toBackground_and_start_CustomerApp_312" time="20.191" classname="com.InfoCabs.testcases.Book_Saloon_With_CreditCard_TestCases_300_320"/>
  <testcase name="Test_Book_Saloon_With_CreditCard_You_arein_yourway_Text_arePresent_313" time="15.421" classname="com.InfoCabs.testcases.Book_Saloon_With_CreditCard_TestCases_300_320"/>
  <testcase name="Test_Book_Saloon_With_CreditCard_CS_App_Push_CustomerApp_toBackground_and_start_RiderApp_315" time="9.669" classname="com.InfoCabs.testcases.Book_Saloon_With_CreditCard_TestCases_300_320"/>
  <testcase name="Test_Book_Saloon_With_CreditCard_ClickOnSTC_ride_315" time="5.873" classname="com.InfoCabs.testcases.Book_Saloon_With_CreditCard_TestCases_300_320"/>
  <testcase name="Test_Book_Saloon_With_CreditCard_Closed_DriverApp_316" time="12.617" classname="com.InfoCabs.testcases.Book_Saloon_With_CreditCard_TestCases_300_320"/>
  <testcase name="Test_Book_Saloon_With_CreditCard_ClickOn_Clear_ride_316" time="4.371" classname="com.InfoCabs.testcases.Book_Saloon_With_CreditCard_TestCases_300_320"/>
  <testcase name="Test_Book_Saloon_With_CreditCard_start_CustomerApp_317" time="5.688" classname="com.InfoCabs.testcases.Book_Saloon_With_CreditCard_TestCases_300_320"/>
  <testcase name="Test_Book_Saloon_With_CreditCard_Rate_your_ride_Text_arePresent_318" time="8.325" classname="com.InfoCabs.testcases.Book_Saloon_With_CreditCard_TestCases_300_320"/>
  <testcase name="Test_Book_Saloon_With_CreditCard_Feedback_Field_arePresent319" time="3.004" classname="com.InfoCabs.testcases.Book_Saloon_With_CreditCard_TestCases_300_320"/>
  <testcase name="Test_Book_Saloon_With_CreditCard_SubmitFeedback_ButtonAndText_320" time="4.509" classname="com.InfoCabs.testcases.Book_Saloon_With_CreditCard_TestCases_300_320"/>
  <testcase name="Test_Book_Saloon_With_CreditCard_With_CreditCards_Closed_DriverApp_321" time="6.077" classname="com.InfoCabs.testcases.Book_Saloon_With_CreditCard_TestCases_300_320"/>
</testsuite> <!-- com.InfoCabs.testcases.Book_Saloon_With_CreditCard_TestCases_300_320 -->
