<?xml version="1.0" encoding="UTF-8"?>
<!-- Generated by org.testng.reporters.JUnitReportReporter -->
<testsuite skipped="0" hostname="DESKTOP-CSMSJ8J" name="com.InfoCabs.testcases.CreateNewUser_TestCases" tests="30" failures="0" timestamp="2020-12-04T17:31:05 PKT" time="43.602" errors="0">
  <testcase name="Test_CickOn_NewUserAccount_ButtonisWorking" time="6.741" classname="com.InfoCabs.testcases.CreateNewUser_TestCases"/>
  <testcase name="Device_Permission_Alerts_S1" time="4.544" classname="com.InfoCabs.testcases.CreateNewUser_TestCases"/>
  <testcase name="Test_CreateNewUser_Screen_Logo" time="2.113" classname="com.InfoCabs.testcases.CreateNewUser_TestCases"/>
  <testcase name="Test_CreateNewUser_Scree_PhoneNumber_Icon" time="0.090" classname="com.InfoCabs.testcases.CreateNewUser_TestCases"/>
  <testcase name="Test_CreateNewUser_Scree_CountryFlag_Icon" time="0.062" classname="com.InfoCabs.testcases.CreateNewUser_TestCases"/>
  <testcase name="Test_CreateNewUser_Scree_PasswordVisiblity_icon" time="0.064" classname="com.InfoCabs.testcases.CreateNewUser_TestCases"/>
  <testcase name="Test_CreateNewUser_Screen_Welcome_Text" time="0.087" classname="com.InfoCabs.testcases.CreateNewUser_TestCases"/>
  <testcase name="Test_CreateNewUser_Screen_Continue_Text" time="0.105" classname="com.InfoCabs.testcases.CreateNewUser_TestCases"/>
  <testcase name="Test_CreateNewUser_Screen_PhoneNumber_Text" time="0.091" classname="com.InfoCabs.testcases.CreateNewUser_TestCases"/>
  <testcase name="Test_CreateNewUser_Screen_Country_Code_is_Present" time="0.083" classname="com.InfoCabs.testcases.CreateNewUser_TestCases"/>
  <testcase name="Test_CreateNewUser_Screen_AlreadyUser_Text" time="0.149" classname="com.InfoCabs.testcases.CreateNewUser_TestCases"/>
  <testcase name="Test_CreateNewUser_Screen_LoginNow_Text" time="2.295" classname="com.InfoCabs.testcases.CreateNewUser_TestCases"/>
  <testcase name="Test_CreateNewUser_Screen_SiginUpButton_Text" time="2.138" classname="com.InfoCabs.testcases.CreateNewUser_TestCases"/>
  <testcase name="Test_NameRequired_errorMessage_On_CReateNew_UserScreen" time="1.048" classname="com.InfoCabs.testcases.CreateNewUser_TestCases"/>
  <testcase name="Test_EnterValid_UserName_DuringAccount_creation" time="0.772" classname="com.InfoCabs.testcases.CreateNewUser_TestCases"/>
  <testcase name="Test_PhoneNumber_Required_errorMessage_On_CReateNew_UserScreen" time="1.376" classname="com.InfoCabs.testcases.CreateNewUser_TestCases"/>
  <testcase name="Test_PhoneNumber_Invalid_errorMessage_On_CReateNew_UserScreen" time="1.361" classname="com.InfoCabs.testcases.CreateNewUser_TestCases"/>
  <testcase name="Test_EnterValid_PhoneNumber_DuringAccount_creation" time="1.189" classname="com.InfoCabs.testcases.CreateNewUser_TestCases"/>
  <testcase name="Test_Emailfiled_Required_errorMessage_On_CReateNew_UserScreen" time="1.721" classname="com.InfoCabs.testcases.CreateNewUser_TestCases"/>
  <testcase name="Test_Emailaddress_Invalid_errorMessage_On_CReateNew_UserScreen" time="0.640" classname="com.InfoCabs.testcases.CreateNewUser_TestCases"/>
  <testcase name="Test_Passwordfiled_Required_errorMessage_On_CReateNew_UserScreen" time="1.817" classname="com.InfoCabs.testcases.CreateNewUser_TestCases"/>
  <testcase name="Test_Password_Invalid_errorMessage_On_CReateNew_UserScreen" time="1.377" classname="com.InfoCabs.testcases.CreateNewUser_TestCases"/>
  <testcase name="Test_Email_vlidation_errorMessage_On_CReateNew_UserScreen" time="0.623" classname="com.InfoCabs.testcases.CreateNewUser_TestCases"/>
  <testcase name="Test_Emailaddress_inupt_On_CReateNew_UserScreen" time="1.343" classname="com.InfoCabs.testcases.CreateNewUser_TestCases"/>
  <testcase name="Test_Password_vlidation_errorMessage_On_CReateNew_UserScreen" time="1.785" classname="com.InfoCabs.testcases.CreateNewUser_TestCases"/>
  <testcase name="Test_Password_inupt_On_CReateNew_UserScreen" time="1.338" classname="com.InfoCabs.testcases.CreateNewUser_TestCases"/>
  <testcase name="Test_PasswordView_eyeIcon_MakePassword_Visisble_onCreateNewUser_Screen" time="1.370" classname="com.InfoCabs.testcases.CreateNewUser_TestCases"/>
  <testcase name="Test_PhoneNumberAlready_registeredOrNot_errorMessage_On_CReateNew_UserScreen" time="3.693" classname="com.InfoCabs.testcases.CreateNewUser_TestCases"/>
  <testcase name="Test_EmailAlready_registeredOrNot_errorMessage_On_CReateNew_UserScreen" time="3.272" classname="com.InfoCabs.testcases.CreateNewUser_TestCases"/>
  <testcase name="Test__LoginNow_On_CReateNew_UserScreen" time="0.315" classname="com.InfoCabs.testcases.CreateNewUser_TestCases"/>
</testsuite> <!-- com.InfoCabs.testcases.CreateNewUser_TestCases -->
