<?xml version="1.0" encoding="UTF-8"?>
<!-- Generated by org.testng.reporters.JUnitReportReporter -->
<testsuite skipped="0" hostname="DESKTOP-CSMSJ8J" name="com.InfoCabs.testcases.About_Us_Page_TestCases_652_659" tests="8" failures="0" timestamp="2021-01-07T22:01:28 PKT" time="65.667" errors="0">
  <testcase name="Test_About_Us_Page_ClickTO_Open_About_Us_Page_652" time="4.039" classname="com.InfoCabs.testcases.About_Us_Page_TestCases_652_659"/>
  <testcase name="Test_About_Us_Page_check_BackButton_is_present_653" time="2.756" classname="com.InfoCabs.testcases.About_Us_Page_TestCases_652_659"/>
  <testcase name="Test_About_Us_Page_check_CompanyDescritption_text_is_present_654" time="2.123" classname="com.InfoCabs.testcases.About_Us_Page_TestCases_652_659"/>
  <testcase name="Test_About_Us_Page_check_CompanyMobile_Number_is_present_655" time="12.337" classname="com.InfoCabs.testcases.About_Us_Page_TestCases_652_659"/>
  <testcase name="Test_About_Us_Page_check_CompanyEmail_address_is_present_656" time="10.464" classname="com.InfoCabs.testcases.About_Us_Page_TestCases_652_659"/>
  <testcase name="Test_About_Us_Page_check_Company_Website_is_present_657" time="12.269" classname="com.InfoCabs.testcases.About_Us_Page_TestCases_652_659"/>
  <testcase name="Test_About_Us_Page_check_Company_Address_is_present_658" time="12.863" classname="com.InfoCabs.testcases.About_Us_Page_TestCases_652_659"/>
  <testcase name="Test_About_Us_Page_GoBack_To_HomeScreen_659" time="8.816" classname="com.InfoCabs.testcases.About_Us_Page_TestCases_652_659"/>
</testsuite> <!-- com.InfoCabs.testcases.About_Us_Page_TestCases_652_659 -->
