<?xml version="1.0" encoding="UTF-8"?>
<!-- Generated by org.testng.reporters.JUnitReportReporter -->
<testsuite skipped="0" hostname="DESKTOP-CSMSJ8J" name="com.InfoCabs.testcases.ForgotPasswordPage_TestCases_33_41" tests="9" failures="0" timestamp="2021-01-30T00:12:21 PKT" time="41.503" errors="0">
  <testcase name="Test_ForgotPhoneNumber_Button_is_clickable_On_LoginPage_33" time="11.129" classname="com.InfoCabs.testcases.ForgotPasswordPage_TestCases_33_41"/>
  <testcase name="Test_ForgotPasswordPage_Logo_34" time="2.113" classname="com.InfoCabs.testcases.ForgotPasswordPage_TestCases_33_41"/>
  <testcase name="Test_ForgotPasswordPage_Enter_Register_PhoneNumber_Text_35" time="2.148" classname="com.InfoCabs.testcases.ForgotPasswordPage_TestCases_33_41"/>
  <testcase name="Test_ForgotPasswordPage_To_Click_On_SubmitButton_without_Entering_PhoenNumber_36" time="1.295" classname="com.InfoCabs.testcases.ForgotPasswordPage_TestCases_33_41"/>
  <testcase name="Test_ForgotPasswordPage_PhoneNumber_Validation_ErrorMessage_37" time="4.057" classname="com.InfoCabs.testcases.ForgotPasswordPage_TestCases_33_41"/>
  <testcase name="Test_ForgotPasswordPage_PhoneNumber_NotRegisterValidation_ErrorMessage_38" time="6.103" classname="com.InfoCabs.testcases.ForgotPasswordPage_TestCases_33_41"/>
  <testcase name="Test_ForgotPasswordPage_Valid_PhoneNumber_are_accepted_and_SendMessage_39" time="6.532" classname="com.InfoCabs.testcases.ForgotPasswordPage_TestCases_33_41"/>
  <testcase name="Test_ForgotPasswordPage_ResendMessageButton_is_working_40" time="3.484" classname="com.InfoCabs.testcases.ForgotPasswordPage_TestCases_33_41"/>
  <testcase name="Test_ForgotPasswordPage_verify_Message_Cross_Button_UserBack_to_LoginPage_41" time="4.642" classname="com.InfoCabs.testcases.ForgotPasswordPage_TestCases_33_41"/>
</testsuite> <!-- com.InfoCabs.testcases.ForgotPasswordPage_TestCases_33_41 -->
