<?xml version="1.0" encoding="UTF-8"?>
<!-- Generated by org.testng.reporters.JUnitReportReporter -->
<testsuite skipped="0" hostname="DESKTOP-CSMSJ8J" name="com.InfoCabs.testcases.MyProfile_SideMenue_verification_TestCases_577_587" tests="15" failures="0" timestamp="2021-01-07T22:01:28 PKT" time="45.077" errors="0">
  <testcase name="Test_MyProfile_SideMenue_verification_Section_are_Opened_577" time="2.494" classname="com.InfoCabs.testcases.MyProfile_SideMenue_verification_TestCases_577_587"/>
  <testcase name="Test_MyProfile_SideMenue_verification_check_BackButton_is_present_578" time="2.367" classname="com.InfoCabs.testcases.MyProfile_SideMenue_verification_TestCases_577_587"/>
  <testcase name="Test_MyProfile_SideMenue_verification_arrwo_button_closed_sidemenu_579" time="2.486" classname="com.InfoCabs.testcases.MyProfile_SideMenue_verification_TestCases_577_587"/>
  <testcase name="Test_MyProfile_SideMenue_verification_are_opened_again_580" time="4.776" classname="com.InfoCabs.testcases.MyProfile_SideMenue_verification_TestCases_577_587"/>
  <testcase name="Test_MyProfile_SideMenue_verification_check_MyProfile_is_present_581" time="2.306" classname="com.InfoCabs.testcases.MyProfile_SideMenue_verification_TestCases_577_587"/>
  <testcase name="Test_MyProfile_SideMenue_verification_check_Profileimage_is_present_582" time="2.359" classname="com.InfoCabs.testcases.MyProfile_SideMenue_verification_TestCases_577_587"/>
  <testcase name="Test_MyProfile_SideMenue_verification_check_Username_text_is_present_583" time="2.166" classname="com.InfoCabs.testcases.MyProfile_SideMenue_verification_TestCases_577_587"/>
  <testcase name="Test_MyProfile_SideMenue_verification_check_ChangePwd_text_is_present_584" time="2.257" classname="com.InfoCabs.testcases.MyProfile_SideMenue_verification_TestCases_577_587"/>
  <testcase name="Test_MyProfile_SideMenue_verification_check_LogOut_text_is_present_585" time="2.262" classname="com.InfoCabs.testcases.MyProfile_SideMenue_verification_TestCases_577_587"/>
  <testcase name="Test_MyProfile_SideMenue_verification_check_ChangePwdwithIcon_is_present_586" time="2.381" classname="com.InfoCabs.testcases.MyProfile_SideMenue_verification_TestCases_577_587"/>
  <testcase name="Test_MyProfile_SideMenue_verification_check_logout_is_present_587" time="2.359" classname="com.InfoCabs.testcases.MyProfile_SideMenue_verification_TestCases_577_587"/>
  <testcase name="Test_MyProfile_SideMenue_verification_check_ClickOn_LogOutButton_588" time="5.328" classname="com.InfoCabs.testcases.MyProfile_SideMenue_verification_TestCases_577_587"/>
  <testcase name="Test_MyProfile_SideMenue_verification_check_Do_youwant_Logout_Text_589" time="2.137" classname="com.InfoCabs.testcases.MyProfile_SideMenue_verification_TestCases_577_587"/>
  <testcase name="Test_MyProfile_SideMenue_verification_check_Yes_ill_ComeBack_Text_590" time="2.144" classname="com.InfoCabs.testcases.MyProfile_SideMenue_verification_TestCases_577_587"/>
  <testcase name="Test_MyProfile_SideMenue_verification_check_No_Keep_me_Login_Text_591" time="7.255" classname="com.InfoCabs.testcases.MyProfile_SideMenue_verification_TestCases_577_587"/>
</testsuite> <!-- com.InfoCabs.testcases.MyProfile_SideMenue_verification_TestCases_577_587 -->
