<?xml version="1.0" encoding="UTF-8"?>
<!-- Generated by org.testng.reporters.JUnitReportReporter -->
<testsuite skipped="0" hostname="DESKTOP-CSMSJ8J" name="com.InfoCabs.testcases.Book_SaloonWith_PrmoCode_233_262" tests="32" failures="0" timestamp="2021-01-27T02:10:51 PKT" time="234.301" errors="0">
  <testcase name="Test_Book_SaloonWith_PrmoCode_EnterDropofAddress_Cab_234" time="15.840" classname="com.InfoCabs.testcases.Book_SaloonWith_PrmoCode_233_262"/>
  <testcase name="Test_Book_SaloonWith_PrmoCode_ClickOnBookNow_Button_Cab_234" time="12.535" classname="com.InfoCabs.testcases.Book_SaloonWith_PrmoCode_233_262"/>
  <testcase name="Test_Book_SaloonWith_PrmoCode_ClickOn_AddPrmoCode_Button_Cab_235" time="4.614" classname="com.InfoCabs.testcases.Book_SaloonWith_PrmoCode_233_262"/>
  <testcase name="Test_Book_SaloonWith_PrmoCode_CrossButton_is_present_236" time="2.389" classname="com.InfoCabs.testcases.Book_SaloonWith_PrmoCode_233_262"/>
  <testcase name="Test_Book_SaloonWith_PrmoCode_EnterPromoCode_Text_arePresent_237" time="2.177" classname="com.InfoCabs.testcases.Book_SaloonWith_PrmoCode_233_262"/>
  <testcase name="Test_Book_SaloonWith_PrmoCode_EnterPromoCode_Text_arePresent_238" time="2.398" classname="com.InfoCabs.testcases.Book_SaloonWith_PrmoCode_233_262"/>
  <testcase name="Test_Book_SaloonWith_PrmoCode_EnterPrmocodeFirst_Validation_Text_arePresent_239" time="2.235" classname="com.InfoCabs.testcases.Book_SaloonWith_PrmoCode_233_262"/>
  <testcase name="Test_Book_SaloonWith_PrmoCode_Enter_InvalidPromocode_chk_Validation_240" time="8.372" classname="com.InfoCabs.testcases.Book_SaloonWith_PrmoCode_233_262"/>
  <testcase name="Test_Book_SaloonWith_PrmoCode_InvalidPromoCode_Validation_Text_arePresent_241" time="2.188" classname="com.InfoCabs.testcases.Book_SaloonWith_PrmoCode_233_262"/>
  <testcase name="Test_Book_SaloonWith_PrmoCode_Enter_validPromocode_chk_Validation_242" time="6.938" classname="com.InfoCabs.testcases.Book_SaloonWith_PrmoCode_233_262"/>
  <testcase name="Test_Book_SaloonWith_PrmoCode_validPromoCode_Validation_Text_arePresent_243" time="2.292" classname="com.InfoCabs.testcases.Book_SaloonWith_PrmoCode_233_262"/>
  <testcase name="Test_Book_SaloonWith_PrmoCode_SuccessMessage_Code_244" time="2.348" classname="com.InfoCabs.testcases.Book_SaloonWith_PrmoCode_233_262"/>
  <testcase name="Test_Book_SaloonWith_PrmoCode_PromoCode_Text_Validation_245" time="2.253" classname="com.InfoCabs.testcases.Book_SaloonWith_PrmoCode_233_262"/>
  <testcase name="Test_Book_SaloonWith_PrmoCode_Without_Discount_Price_246" time="2.183" classname="com.InfoCabs.testcases.Book_SaloonWith_PrmoCode_233_262"/>
  <testcase name="Test_Book_SaloonWith_PrmoCode_With_DiscountPrice_247" time="2.169" classname="com.InfoCabs.testcases.Book_SaloonWith_PrmoCode_233_262"/>
  <testcase name="Test_Book_SaloonWith_PrmoCode_ClickOnBookConfirmButton_248" time="9.562" classname="com.InfoCabs.testcases.Book_SaloonWith_PrmoCode_233_262"/>
  <testcase name="Test_Book_SaloonWith_PrmoCode_Push_CustomerApp_toBackground_and_start_RiderApp_249" time="10.745" classname="com.InfoCabs.testcases.Book_SaloonWith_PrmoCode_233_262"/>
  <testcase name="Test_Book_SaloonWith_PrmoCode_AcceptCustomer_ride_251" time="10.410" classname="com.InfoCabs.testcases.Book_SaloonWith_PrmoCode_233_262"/>
  <testcase name="Test_Book_SaloonWith_PrmoCode_ClickOnWait_ride_252" time="4.833" classname="com.InfoCabs.testcases.Book_SaloonWith_PrmoCode_233_262"/>
  <testcase name="Test_Book_SaloonWith_PrmoCode_Push_Rider_toBackground_and_start_CustomerApp_253" time="19.835" classname="com.InfoCabs.testcases.Book_SaloonWith_PrmoCode_233_262"/>
  <testcase name="Test_Book_SaloonWith_PrmoCode_weHave_Sent_Text_arePresent_254" time="14.409" classname="com.InfoCabs.testcases.Book_SaloonWith_PrmoCode_233_262"/>
  <testcase name="Test_Book_SaloonWith_PrmoCode_Push_CustomerApp_toBackground_and_start_RiderApp_255" time="13.632" classname="com.InfoCabs.testcases.Book_SaloonWith_PrmoCode_233_262"/>
  <testcase name="Test_Book_SaloonWith_PrmoCode_ClickOnPOB_Button_ride_256" time="4.462" classname="com.InfoCabs.testcases.Book_SaloonWith_PrmoCode_233_262"/>
  <testcase name="Test_Book_SaloonWith_PrmoCode_Push_Rider_toBackground_and_start_CustomerApp_257" time="19.965" classname="com.InfoCabs.testcases.Book_SaloonWith_PrmoCode_233_262"/>
  <testcase name="Test_Book_SaloonWith_PrmoCode_You_arein_yourway_Text_arePresent_258" time="15.514" classname="com.InfoCabs.testcases.Book_SaloonWith_PrmoCode_233_262"/>
  <testcase name="Test_Book_SaloonWith_PrmoCode_CS_App_Push_CustomerApp_toBackground_and_start_RiderApp_259" time="9.663" classname="com.InfoCabs.testcases.Book_SaloonWith_PrmoCode_233_262"/>
  <testcase name="Test_Book_SaloonWith_PrmoCode_ClickOnSTC_ride_260" time="4.406" classname="com.InfoCabs.testcases.Book_SaloonWith_PrmoCode_233_262"/>
  <testcase name="Test_STC_And_FeedBack_Page_ClickOn_Clear_ride_261" time="4.865" classname="com.InfoCabs.testcases.Book_SaloonWith_PrmoCode_233_262"/>
  <testcase name="Test_Book_SaloonWith_PrmoCode_Push_Rider_toBackground_and_start_CustomerApp_262" time="7.029" classname="com.InfoCabs.testcases.Book_SaloonWith_PrmoCode_233_262"/>
  <testcase name="Test_Book_SaloonWith_PrmoCode_Rate_your_ride_Text_arePresent_263" time="6.453" classname="com.InfoCabs.testcases.Book_SaloonWith_PrmoCode_233_262"/>
  <testcase name="Test_Book_SaloonWith_PrmoCode_Feedback_Field_arePresent_264" time="2.981" classname="com.InfoCabs.testcases.Book_SaloonWith_PrmoCode_233_262"/>
  <testcase name="Test_Book_SaloonWith_PrmoCode_SubmitFeedback_ButtonAndText_265" time="4.606" classname="com.InfoCabs.testcases.Book_SaloonWith_PrmoCode_233_262"/>
</testsuite> <!-- com.InfoCabs.testcases.Book_SaloonWith_PrmoCode_233_262 -->
