<?xml version="1.0" encoding="UTF-8"?>
<!-- Generated by org.testng.reporters.JUnitReportReporter -->
<testsuite skipped="0" hostname="DESKTOP-CSMSJ8J" name="com.InfoCabs.testcases.Book_6_Seater_TestCases_321_343" tests="25" failures="0" timestamp="2021-01-11T21:38:31 PKT" time="258.576" errors="0">
  <testcase name="Test_LunchDriver_App_LunchNewDriver_App_151" time="4.696" classname="com.InfoCabs.testcases.Book_6_Seater_TestCases_321_343"/>
  <testcase name="Test_LunchDriver_App_LogintoRiderApp_153" time="43.148" classname="com.InfoCabs.testcases.Book_6_Seater_TestCases_321_343"/>
  <testcase name="Test_LunchDriver_App_Backto_CustomerApp_155" time="7.086" classname="com.InfoCabs.testcases.Book_6_Seater_TestCases_321_343"/>
  <testcase name="Test_Book_6_Seater_EnterDropofAddress_Cab_321" time="9.977" classname="com.InfoCabs.testcases.Book_6_Seater_TestCases_321_343"/>
  <testcase name="Test_Book_6_Seater_ClickOnBookNow_Button_Cab_322" time="11.042" classname="com.InfoCabs.testcases.Book_6_Seater_TestCases_321_343"/>
  <testcase name="Test_Book_6_Seater_6_Seater_Text_arePresent_323" time="2.202" classname="com.InfoCabs.testcases.Book_6_Seater_TestCases_321_343"/>
  <testcase name="Test_Book_6_Seater_ClickOnBookNow_Button_Cab_324" time="9.502" classname="com.InfoCabs.testcases.Book_6_Seater_TestCases_321_343"/>
  <testcase name="Test_Book_6_Seater_Select_Cash_FromDrop_325" time="6.021" classname="com.InfoCabs.testcases.Book_6_Seater_TestCases_321_343"/>
  <testcase name="Test_Book_6_Seater_ClickOnBookConfirmButton_326" time="9.562" classname="com.InfoCabs.testcases.Book_6_Seater_TestCases_321_343"/>
  <testcase name="Test_Book_6_Seater_Push_CustomerApp_toBackground_and_start_RiderApp_327" time="5.539" classname="com.InfoCabs.testcases.Book_6_Seater_TestCases_321_343"/>
  <testcase name="Test_Book_6_Seater_AcceptCustomer_ride_328" time="9.954" classname="com.InfoCabs.testcases.Book_6_Seater_TestCases_321_343"/>
  <testcase name="Test_Book_6_Seater_Push_Rider_toBackground_and_start_CustomerApp_329" time="17.565" classname="com.InfoCabs.testcases.Book_6_Seater_TestCases_321_343"/>
  <testcase name="Test_Book_6_Seater_weHave_Sent_Text_arePresent_330" time="14.646" classname="com.InfoCabs.testcases.Book_6_Seater_TestCases_321_343"/>
  <testcase name="Test_Book_6_Seater_Push_CustomerApp_toBackground_and_start_RiderApp_331" time="13.542" classname="com.InfoCabs.testcases.Book_6_Seater_TestCases_321_343"/>
  <testcase name="Test_Book_6_Seater_ClickOnWait_ride_332" time="4.304" classname="com.InfoCabs.testcases.Book_6_Seater_TestCases_321_343"/>
  <testcase name="Test_Book_6_Seater_ClickOnPOB_Button_ride_333" time="4.767" classname="com.InfoCabs.testcases.Book_6_Seater_TestCases_321_343"/>
  <testcase name="Test_Book_6_Seater_Push_Rider_toBackground_and_start_CustomerApp_334" time="17.927" classname="com.InfoCabs.testcases.Book_6_Seater_TestCases_321_343"/>
  <testcase name="Test_Book_6_Seater_You_arein_yourway_Text_arePresent_335" time="31.606" classname="com.InfoCabs.testcases.Book_6_Seater_TestCases_321_343"/>
  <testcase name="Test_Book_6_Seater_CS_App_Push_CustomerApp_toBackground_and_start_RiderApp_336" time="9.493" classname="com.InfoCabs.testcases.Book_6_Seater_TestCases_321_343"/>
  <testcase name="Test_Book_6_Seater_ClickOnSTC_ride_337" time="4.791" classname="com.InfoCabs.testcases.Book_6_Seater_TestCases_321_343"/>
  <testcase name="Test_Book_6_Seater_ClickOn_Clear_ride_338" time="4.781" classname="com.InfoCabs.testcases.Book_6_Seater_TestCases_321_343"/>
  <testcase name="Test_Book_6_Seater_Push_Rider_toBackground_and_start_CustomerApp_339" time="6.835" classname="com.InfoCabs.testcases.Book_6_Seater_TestCases_321_343"/>
  <testcase name="Test_Book_6_Seater_Rate_your_ride_Text_arePresent_340" time="2.330" classname="com.InfoCabs.testcases.Book_6_Seater_TestCases_321_343"/>
  <testcase name="Test_BBook_6_Seater_Feedback_Field_arePresent_341" time="2.875" classname="com.InfoCabs.testcases.Book_6_Seater_TestCases_321_343"/>
  <testcase name="Test_Book_6_Seater_SubmitFeedback_ButtonAndText_342" time="4.385" classname="com.InfoCabs.testcases.Book_6_Seater_TestCases_321_343"/>
</testsuite> <!-- com.InfoCabs.testcases.Book_6_Seater_TestCases_321_343 -->
