<?xml version="1.0" encoding="UTF-8"?>
<!-- Generated by org.testng.reporters.JUnitReportReporter -->
<testsuite skipped="0" hostname="DESKTOP-CSMSJ8J" name="com.InfoCabs.testcases.Book_6_Seater_TestCases_321_343" tests="26" failures="0" timestamp="2021-01-30T02:01:02 PKT" time="264.975" errors="0">
  <testcase name="Test_LoginPage_Allow_user_to_LoginWith_valid_credential_21" time="12.460" classname="com.InfoCabs.testcases.Book_6_Seater_TestCases_321_343"/>
  <testcase name="Test_LunchDriver_App_LunchNewDriver_App_151" time="5.668" classname="com.InfoCabs.testcases.Book_6_Seater_TestCases_321_343"/>
  <testcase name="Test_LunchDriver_App_LogintoRiderApp_153" time="42.711" classname="com.InfoCabs.testcases.Book_6_Seater_TestCases_321_343"/>
  <testcase name="Test_LunchDriver_App_Backto_CustomerApp_155" time="7.020" classname="com.InfoCabs.testcases.Book_6_Seater_TestCases_321_343"/>
  <testcase name="Test_Book_6_Seater_EnterDropofAddress_Cab_321" time="13.752" classname="com.InfoCabs.testcases.Book_6_Seater_TestCases_321_343"/>
  <testcase name="Test_Book_6_Seater_ClickOnBookNow_Button_Cab_322" time="11.072" classname="com.InfoCabs.testcases.Book_6_Seater_TestCases_321_343"/>
  <testcase name="Test_Book_6_Seater_6_Seater_Text_arePresent_323" time="2.298" classname="com.InfoCabs.testcases.Book_6_Seater_TestCases_321_343"/>
  <testcase name="Test_Book_6_Seater_ClickOnBookNow_Button_Cab_324" time="9.661" classname="com.InfoCabs.testcases.Book_6_Seater_TestCases_321_343"/>
  <testcase name="Test_Book_6_Seater_Select_Cash_FromDrop_325" time="5.498" classname="com.InfoCabs.testcases.Book_6_Seater_TestCases_321_343"/>
  <testcase name="Test_Book_6_Seater_ClickOnBookConfirmButton_326" time="9.582" classname="com.InfoCabs.testcases.Book_6_Seater_TestCases_321_343"/>
  <testcase name="Test_Book_6_Seater_Push_CustomerApp_toBackground_and_start_RiderApp_327" time="5.762" classname="com.InfoCabs.testcases.Book_6_Seater_TestCases_321_343"/>
  <testcase name="Test_Book_6_Seater_AcceptCustomer_ride_328" time="8.963" classname="com.InfoCabs.testcases.Book_6_Seater_TestCases_321_343"/>
  <testcase name="Test_Book_6_Seater_Push_Rider_toBackground_and_start_CustomerApp_329" time="17.555" classname="com.InfoCabs.testcases.Book_6_Seater_TestCases_321_343"/>
  <testcase name="Test_Book_6_Seater_weHave_Sent_Text_arePresent_330" time="16.341" classname="com.InfoCabs.testcases.Book_6_Seater_TestCases_321_343"/>
  <testcase name="Test_Book_6_Seater_Push_CustomerApp_toBackground_and_start_RiderApp_331" time="13.506" classname="com.InfoCabs.testcases.Book_6_Seater_TestCases_321_343"/>
  <testcase name="Test_Book_6_Seater_ClickOnWait_ride_332" time="4.280" classname="com.InfoCabs.testcases.Book_6_Seater_TestCases_321_343"/>
  <testcase name="Test_Book_6_Seater_ClickOnPOB_Button_ride_333" time="4.727" classname="com.InfoCabs.testcases.Book_6_Seater_TestCases_321_343"/>
  <testcase name="Test_Book_6_Seater_Push_Rider_toBackground_and_start_CustomerApp_334" time="17.749" classname="com.InfoCabs.testcases.Book_6_Seater_TestCases_321_343"/>
  <testcase name="Test_Book_6_Seater_You_arein_yourway_Text_arePresent_335" time="15.539" classname="com.InfoCabs.testcases.Book_6_Seater_TestCases_321_343"/>
  <testcase name="Test_Book_6_Seater_CS_App_Push_CustomerApp_toBackground_and_start_RiderApp_336" time="9.556" classname="com.InfoCabs.testcases.Book_6_Seater_TestCases_321_343"/>
  <testcase name="Test_Book_6_Seater_ClickOnSTC_ride_337" time="4.371" classname="com.InfoCabs.testcases.Book_6_Seater_TestCases_321_343"/>
  <testcase name="Test_Book_6_Seater_ClickOn_Clear_ride_338" time="4.277" classname="com.InfoCabs.testcases.Book_6_Seater_TestCases_321_343"/>
  <testcase name="Test_Book_6_Seater_Push_Rider_toBackground_and_start_CustomerApp_339" time="6.841" classname="com.InfoCabs.testcases.Book_6_Seater_TestCases_321_343"/>
  <testcase name="Test_Book_6_Seater_Rate_your_ride_Text_arePresent_340" time="8.502" classname="com.InfoCabs.testcases.Book_6_Seater_TestCases_321_343"/>
  <testcase name="Test_BBook_6_Seater_Feedback_Field_arePresent_341" time="2.866" classname="com.InfoCabs.testcases.Book_6_Seater_TestCases_321_343"/>
  <testcase name="Test_Book_6_Seater_SubmitFeedback_ButtonAndText_342" time="4.418" classname="com.InfoCabs.testcases.Book_6_Seater_TestCases_321_343"/>
</testsuite> <!-- com.InfoCabs.testcases.Book_6_Seater_TestCases_321_343 -->
