<?xml version="1.0" encoding="UTF-8"?>
<!-- Generated by org.testng.reporters.JUnitReportReporter -->
<testsuite skipped="0" hostname="DESKTOP-CSMSJ8J" name="com.InfoCabs.testcases.Schedule_6_Seater_Cab_TestCases_401_439" tests="39" failures="0" timestamp="2021-01-04T23:04:49 PKT" time="206.577" errors="0">
  <testcase name="Test_Schedule_6_Seater_Cab_ClickOn_ScheduleRide_Button_401" time="11.262" classname="com.InfoCabs.testcases.Schedule_6_Seater_Cab_TestCases_401_439"/>
  <testcase name="Test_Schedule_6_Seater_Cab_Pick_Cale_Image_is_present_403" time="2.325" classname="com.InfoCabs.testcases.Schedule_6_Seater_Cab_TestCases_401_439"/>
  <testcase name="Test_Schedule_6_Seater_Cab_Pick_Time_Image_is_present_403" time="2.287" classname="com.InfoCabs.testcases.Schedule_6_Seater_Cab_TestCases_401_439"/>
  <testcase name="Test_Schedule_6_Seater_Cab_EnterDropofAddress_Cab_404" time="10.955" classname="com.InfoCabs.testcases.Schedule_6_Seater_Cab_TestCases_401_439"/>
  <testcase name="Test_Schedule_6_Seater_Cab_ClickOn_PickUp_Date_Button_405" time="2.329" classname="com.InfoCabs.testcases.Schedule_6_Seater_Cab_TestCases_401_439"/>
  <testcase name="Test_Schedule_6_Seater_Cab_Pick_Cale_CurrentYear_is_present_406" time="2.446" classname="com.InfoCabs.testcases.Schedule_6_Seater_Cab_TestCases_401_439"/>
  <testcase name="Test_Schedule_6_Seater_Cab_Pick_Cale_CurrentDate_is_present_407" time="2.328" classname="com.InfoCabs.testcases.Schedule_6_Seater_Cab_TestCases_401_439"/>
  <testcase name="Test_Schedule_6_Seater_Cab_ClickOn_Cale_Cancel_Button_408" time="2.915" classname="com.InfoCabs.testcases.Schedule_6_Seater_Cab_TestCases_401_439"/>
  <testcase name="Test_Schedule_6_Seater_Cab_ClickOn_PickUp_Date_On2ndTime_Button_409" time="5.344" classname="com.InfoCabs.testcases.Schedule_6_Seater_Cab_TestCases_401_439"/>
  <testcase name="Test_Schedule_6_Seater_Cab_ClickOn_Cale_OK_Button_410" time="5.898" classname="com.InfoCabs.testcases.Schedule_6_Seater_Cab_TestCases_401_439"/>
  <testcase name="Test_Schedule_6_Seater_Cab_ClickOn_Time_Cancel_Button_411" time="2.280" classname="com.InfoCabs.testcases.Schedule_6_Seater_Cab_TestCases_401_439"/>
  <testcase name="Test_Schedule_6_Seater_Cab_Check_PickUpDate_are_Selected_412" time="2.290" classname="com.InfoCabs.testcases.Schedule_6_Seater_Cab_TestCases_401_439"/>
  <testcase name="Test_Schedule_6_Seater_Cab_ClickOn_PickUp_Time_Button_413" time="5.343" classname="com.InfoCabs.testcases.Schedule_6_Seater_Cab_TestCases_401_439"/>
  <testcase name="Test_Schedule_6_Seater_Cab_Check_TimeDisplay_arePresent_414" time="2.294" classname="com.InfoCabs.testcases.Schedule_6_Seater_Cab_TestCases_401_439"/>
  <testcase name="Test_Schedule_6_Seater_Cab_check_30minuts_AdvanceTime_415" time="2.140" classname="com.InfoCabs.testcases.Schedule_6_Seater_Cab_TestCases_401_439"/>
  <testcase name="Test_Schedule_6_Seater_Cab_ClickOn_Time_Cancel_Button_416" time="2.309" classname="com.InfoCabs.testcases.Schedule_6_Seater_Cab_TestCases_401_439"/>
  <testcase name="Test_Schedule_6_Seater_Cab_ClickOn_PickUp_Time_On2nd_Time_Button_417" time="5.343" classname="com.InfoCabs.testcases.Schedule_6_Seater_Cab_TestCases_401_439"/>
  <testcase name="Test_Schedule_6_Seater_Cab_ClickOn_Time_OK_Button_418" time="5.669" classname="com.InfoCabs.testcases.Schedule_6_Seater_Cab_TestCases_401_439"/>
  <testcase name="Test_Schedule_6_Seater_Cab_Check_Time_areSelected_419" time="2.344" classname="com.InfoCabs.testcases.Schedule_6_Seater_Cab_TestCases_401_439"/>
  <testcase name="Test_Schedule_6_Seater_Cab_SwipeTo_6Seater_420" time="10.096" classname="com.InfoCabs.testcases.Schedule_6_Seater_Cab_TestCases_401_439"/>
  <testcase name="Test_Schedule_6_Seater_Cab_6_Seater_Text_arePresent_421" time="2.201" classname="com.InfoCabs.testcases.Schedule_6_Seater_Cab_TestCases_401_439"/>
  <testcase name="Test_Schedule_6_Seater_Cab_ClickOnBookNow_Button_Cab_422" time="9.595" classname="com.InfoCabs.testcases.Schedule_6_Seater_Cab_TestCases_401_439"/>
  <testcase name="Test_Schedule_6_Seater_Cab_Check_Time_and_Date_areSelected_423" time="29.923" classname="com.InfoCabs.testcases.Schedule_6_Seater_Cab_TestCases_401_439"/>
  <testcase name="Test_Schedule_6_Seater_Cab_ClickOnBookConfirmButton_424" time="9.598" classname="com.InfoCabs.testcases.Schedule_6_Seater_Cab_TestCases_401_439"/>
  <testcase name="Test_Schedule_6_Seater_Cab_Check_Schedule_Screen_image_Tick_Icon_425" time="2.603" classname="com.InfoCabs.testcases.Schedule_6_Seater_Cab_TestCases_401_439"/>
  <testcase name="Test_Schedule_6_Seater_Cab_check_Your_Ride_ScheduleText_426" time="2.155" classname="com.InfoCabs.testcases.Schedule_6_Seater_Cab_TestCases_401_439"/>
  <testcase name="Test_Schedule_6_Seater_Cab_Check_Schedule_Screen_Time_are_Selected_427" time="2.246" classname="com.InfoCabs.testcases.Schedule_6_Seater_Cab_TestCases_401_439"/>
  <testcase name="Test_Schedule_Saloon_Ride_check_View_Your_Text_428" time="2.769" classname="com.InfoCabs.testcases.Schedule_6_Seater_Cab_TestCases_401_439"/>
  <testcase name="Test_Schedule_6_Seater_Cab_ClickOn_Done_Button_429" time="5.287" classname="com.InfoCabs.testcases.Schedule_6_Seater_Cab_TestCases_401_439"/>
  <testcase name="Test_Schedule_6_Seater_Cab_ClickOn_SideMenu_Button_430" time="11.321" classname="com.InfoCabs.testcases.Schedule_6_Seater_Cab_TestCases_401_439"/>
  <testcase name="Test_Schedule_6_Seater_Cab_ClickOn_SideMenu__MyTrips_Button_431" time="9.755" classname="com.InfoCabs.testcases.Schedule_6_Seater_Cab_TestCases_401_439"/>
  <testcase name="Test_Schedule_6_Seater_Cab_check_MyTrips_Text_432" time="2.164" classname="com.InfoCabs.testcases.Schedule_6_Seater_Cab_TestCases_401_439"/>
  <testcase name="Test_Schedule_Saloon_Ride_ClickOn_Done_Button_433" time="5.703" classname="com.InfoCabs.testcases.Schedule_6_Seater_Cab_TestCases_401_439"/>
  <testcase name="Test_Schedule_6_Seater_Cab_Check_UpComingRide_PickUp_Icon_434" time="2.321" classname="com.InfoCabs.testcases.Schedule_6_Seater_Cab_TestCases_401_439"/>
  <testcase name="Test_Schedule_6_Seater_Cab_Check_UpComingRide_DropOff_Icon_435" time="2.301" classname="com.InfoCabs.testcases.Schedule_6_Seater_Cab_TestCases_401_439"/>
  <testcase name="Test_Schedule_6_Seater_Cab_Check_UpComingRide_PickUp_Address_436" time="2.228" classname="com.InfoCabs.testcases.Schedule_6_Seater_Cab_TestCases_401_439"/>
  <testcase name="Test_Schedule_6_Seater_Cab_Check_UpComingRide_Dropoff_Address_437" time="2.282" classname="com.InfoCabs.testcases.Schedule_6_Seater_Cab_TestCases_401_439"/>
  <testcase name="Test_Schedule_6_Seater_Cab_Check_UpComingRide_PickUp_Time_438" time="2.298" classname="com.InfoCabs.testcases.Schedule_6_Seater_Cab_TestCases_401_439"/>
  <testcase name="Test_Schedule_6_Seater_Cab_ClickOn_Cancel_Button_439" time="11.630" classname="com.InfoCabs.testcases.Schedule_6_Seater_Cab_TestCases_401_439"/>
</testsuite> <!-- com.InfoCabs.testcases.Schedule_6_Seater_Cab_TestCases_401_439 -->
