<?xml version="1.0" encoding="UTF-8"?>
<!-- Generated by org.testng.reporters.JUnitReportReporter -->
<testsuite skipped="0" hostname="DESKTOP-CSMSJ8J" name="com.InfoCabs.testcases.Delete_RegesteredUser_API_Requests" tests="1" failures="0" timestamp="2020-12-04T17:31:05 PKT" time="11.157" errors="0">
  <testcase name="Delete_RegisteredUser_UsingDelete_API" time="11.157" classname="com.InfoCabs.testcases.Delete_RegesteredUser_API_Requests"/>
</testsuite> <!-- com.InfoCabs.testcases.Delete_RegesteredUser_API_Requests -->
