<?xml version="1.0" encoding="UTF-8"?>
<!-- Generated by org.testng.reporters.JUnitReportReporter -->
<testsuite skipped="0" hostname="DESKTOP-CSMSJ8J" name="com.InfoCabs.testcases.MainHomePage_TestCases_83_109" tests="27" failures="0" timestamp="2020-12-28T17:16:37 PKT" time="85.292" errors="0">
  <testcase name="Test_MainHomePage_AddPickUpPoint_Text_83" time="5.769" classname="com.InfoCabs.testcases.MainHomePage_TestCases_83_109"/>
  <testcase name="Test_MainHomePage_Notification_Icon_84" time="4.346" classname="com.InfoCabs.testcases.MainHomePage_TestCases_83_109"/>
  <testcase name="Test_MainHomePage_PickUp_Icon_85" time="2.109" classname="com.InfoCabs.testcases.MainHomePage_TestCases_83_109"/>
  <testcase name="Test_MainHomePage_BackToLocation_Icon_86" time="2.097" classname="com.InfoCabs.testcases.MainHomePage_TestCases_83_109"/>
  <testcase name="Test_MainHomePage_GoogleImage_Icon_87" time="2.140" classname="com.InfoCabs.testcases.MainHomePage_TestCases_83_109"/>
  <testcase name="Test_MainHomePage_ConfirmPickUpButton_Text_88" time="2.134" classname="com.InfoCabs.testcases.MainHomePage_TestCases_83_109"/>
  <testcase name="Test_MainHomePage_ScheduleRideButton_Text_89" time="2.150" classname="com.InfoCabs.testcases.MainHomePage_TestCases_83_109"/>
  <testcase name="Test_MainHomePage_ChangePickup_Text_90" time="2.203" classname="com.InfoCabs.testcases.MainHomePage_TestCases_83_109"/>
  <testcase name="Test_MainHomePage_PickLocation_CrossButton_91" time="4.398" classname="com.InfoCabs.testcases.MainHomePage_TestCases_83_109"/>
  <testcase name="Test_MainHomePage_PickupLocation_Text_92" time="2.175" classname="com.InfoCabs.testcases.MainHomePage_TestCases_83_109"/>
  <testcase name="Test_MainHomePage_FavoritePlaces_Text_93" time="2.159" classname="com.InfoCabs.testcases.MainHomePage_TestCases_83_109"/>
  <testcase name="Test_MainHomePage_AddPickupPoint_Button_Text_94" time="2.180" classname="com.InfoCabs.testcases.MainHomePage_TestCases_83_109"/>
  <testcase name="Test_MainHomePage_CheckSearchbar_isPresent_95" time="2.158" classname="com.InfoCabs.testcases.MainHomePage_TestCases_83_109"/>
  <testcase name="Test_MainHomePage_AddPickUpAddress_96" time="5.441" classname="com.InfoCabs.testcases.MainHomePage_TestCases_83_109"/>
  <testcase name="Test_MainHomePage_Add_AddressToFavoriteList_97" time="7.307" classname="com.InfoCabs.testcases.MainHomePage_TestCases_83_109"/>
  <testcase name="Test_MainHomePage_SelectPickUpAddress_98" time="2.151" classname="com.InfoCabs.testcases.MainHomePage_TestCases_83_109"/>
  <testcase name="Test_MainHomePage_Dropoff_address_icon_99" time="2.122" classname="com.InfoCabs.testcases.MainHomePage_TestCases_83_109"/>
  <testcase name="Test_MainHomePage_ClickOn_where_are_you_heading_Text_100" time="2.173" classname="com.InfoCabs.testcases.MainHomePage_TestCases_83_109"/>
  <testcase name="Test_MainHomePage_Dropoffaddress_CrossButton_101" time="4.255" classname="com.InfoCabs.testcases.MainHomePage_TestCases_83_109"/>
  <testcase name="Test_MainHomePage_PickupLocation_Text_102" time="2.181" classname="com.InfoCabs.testcases.MainHomePage_TestCases_83_109"/>
  <testcase name="Test_MainHomePage_FavoritePlaces_Text_103" time="2.113" classname="com.InfoCabs.testcases.MainHomePage_TestCases_83_109"/>
  <testcase name="Test_MainHomePage_AddPickupPoint_Button_Text_104" time="2.033" classname="com.InfoCabs.testcases.MainHomePage_TestCases_83_109"/>
  <testcase name="Test_MainHomePage_CheckSearchbar_isPresent_105" time="2.135" classname="com.InfoCabs.testcases.MainHomePage_TestCases_83_109"/>
  <testcase name="Test_MainHomePage_AddDropoffAddress_106" time="5.358" classname="com.InfoCabs.testcases.MainHomePage_TestCases_83_109"/>
  <testcase name="Test_MainHomePage_Add_AddressToFavoriteList_107" time="7.269" classname="com.InfoCabs.testcases.MainHomePage_TestCases_83_109"/>
  <testcase name="Test_MainHomePage_SelectDropoffAddress_108" time="2.183" classname="com.InfoCabs.testcases.MainHomePage_TestCases_83_109"/>
  <testcase name="Test_MainHomePage_DropoffAddress_ChangeButton_109" time="2.553" classname="com.InfoCabs.testcases.MainHomePage_TestCases_83_109"/>
</testsuite> <!-- com.InfoCabs.testcases.MainHomePage_TestCases_83_109 -->
