<?xml version="1.0" encoding="UTF-8"?>
<!-- Generated by org.testng.reporters.JUnitReportReporter -->
<testsuite skipped="0" hostname="DESKTOP-CSMSJ8J" name="com.InfoCabs.testcases.Add_PaymentsMethods_TestCases_611_622" tests="13" failures="0" timestamp="2021-01-11T21:38:31 PKT" time="53.429" errors="0">
  <testcase name="Test_Add_PaymentsMethods_check_PaymentMethods_is_present_611" time="2.817" classname="com.InfoCabs.testcases.Add_PaymentsMethods_TestCases_611_622"/>
  <testcase name="Test_Add_PaymentsMethods_are_sections_611" time="3.794" classname="com.InfoCabs.testcases.Add_PaymentsMethods_TestCases_611_622"/>
  <testcase name="Test_Add_PaymentsMethods_check_BackButton_is_present_612" time="2.300" classname="com.InfoCabs.testcases.Add_PaymentsMethods_TestCases_611_622"/>
  <testcase name="Test_Add_PaymentsMethods_check_CardContainer_is_present_613" time="2.364" classname="com.InfoCabs.testcases.Add_PaymentsMethods_TestCases_611_622"/>
  <testcase name="Test_Add_PaymentsMethods_check_CardIcon_is_present_614" time="2.232" classname="com.InfoCabs.testcases.Add_PaymentsMethods_TestCases_611_622"/>
  <testcase name="Test_Add_PaymentsMethods_check_Cash_text_is_present_615" time="2.144" classname="com.InfoCabs.testcases.Add_PaymentsMethods_TestCases_611_622"/>
  <testcase name="Test_Add_PaymentsMethods_check_Add_PaymentMethods_Button_is_present_616" time="2.217" classname="com.InfoCabs.testcases.Add_PaymentsMethods_TestCases_611_622"/>
  <testcase name="Test_Add_PaymentsMethods_CrossButton_is_Working_617" time="24.203" classname="com.InfoCabs.testcases.Add_PaymentsMethods_TestCases_611_622"/>
  <testcase name="Test_Add_PaymentsMethods_check_Add_PaymentMethods_text_is_present_618" time="2.151" classname="com.InfoCabs.testcases.Add_PaymentsMethods_TestCases_611_622"/>
  <testcase name="Test_Add_PaymentsMethods_check_CardDetails_field_is_present_619" time="2.688" classname="com.InfoCabs.testcases.Add_PaymentsMethods_TestCases_611_622"/>
  <testcase name="Test_Add_PaymentsMethods_check_Add_CreditCard_text_is_present_620" time="2.129" classname="com.InfoCabs.testcases.Add_PaymentsMethods_TestCases_611_622"/>
  <testcase name="Test_Add_PaymentsMethods_check_PostPayDetails_field_is_present_621" time="2.254" classname="com.InfoCabs.testcases.Add_PaymentsMethods_TestCases_611_622"/>
  <testcase name="Test_Add_PaymentsMethods_check_Add_PostPay_text_is_present_622" time="2.136" classname="com.InfoCabs.testcases.Add_PaymentsMethods_TestCases_611_622"/>
</testsuite> <!-- com.InfoCabs.testcases.Add_PaymentsMethods_TestCases_611_622 -->
