<?xml version="1.0" encoding="UTF-8"?>
<!-- Generated by org.testng.reporters.JUnitReportReporter -->
<testsuite skipped="0" hostname="DESKTOP-CSMSJ8J" name="com.InfoCabs.testcases.MyTrips_Cancelled_Ride_And_Rebook_TestCases_666_685" tests="21" failures="0" timestamp="2021-01-13T01:08:20 PKT" time="112.266" errors="0">
  <testcase name="Test_LoginPage_Allow_user_to_LoginWith_valid_credential_21" time="10.584" classname="com.InfoCabs.testcases.MyTrips_Cancelled_Ride_And_Rebook_TestCases_666_685"/>
  <testcase name="Test_MyTrips_Cancelled_Ride_And_Rebook_EnterDropofAddress_Cab_666" time="12.210" classname="com.InfoCabs.testcases.MyTrips_Cancelled_Ride_And_Rebook_TestCases_666_685"/>
  <testcase name="Test_MyTrips_Cancelled_Ride_And_Rebook_ClickOnBookNow_Button_Cab_667" time="9.690" classname="com.InfoCabs.testcases.MyTrips_Cancelled_Ride_And_Rebook_TestCases_666_685"/>
  <testcase name="Test_MyTrips_Cancelled_Ride_And_Rebook_Select_CeditCard_FromDrop_668" time="8.743" classname="com.InfoCabs.testcases.MyTrips_Cancelled_Ride_And_Rebook_TestCases_666_685"/>
  <testcase name="Test_MyTrips_Cancelled_Ride_And_Rebook_ClickOnBookConfirmButton_669" time="9.860" classname="com.InfoCabs.testcases.MyTrips_Cancelled_Ride_And_Rebook_TestCases_666_685"/>
  <testcase name="Test_MyTrips_Cancelled_Ride_And_Rebook_CancleRide_Button_Text_arePresent_670" time="3.280" classname="com.InfoCabs.testcases.MyTrips_Cancelled_Ride_And_Rebook_TestCases_666_685"/>
  <testcase name="Test_MyTrips_Cancelled_Rides_ClickOn_SideMenu_Button_671" time="11.520" classname="com.InfoCabs.testcases.MyTrips_Cancelled_Ride_And_Rebook_TestCases_666_685"/>
  <testcase name="Test_MyTrips_Cancelled_Ride_And_Rebook_ClickOn_SideMenu__MyTrips_Button_672" time="10.248" classname="com.InfoCabs.testcases.MyTrips_Cancelled_Ride_And_Rebook_TestCases_666_685"/>
  <testcase name="Test_MyTrips_Cancelled_Ride_And_Rebook_check_MyTrips_Text_673" time="2.458" classname="com.InfoCabs.testcases.MyTrips_Cancelled_Ride_And_Rebook_TestCases_666_685"/>
  <testcase name="Test_MyTrips_Cancelled_Ride_And_Rebook_Check_for_PastRide_text_674" time="5.850" classname="com.InfoCabs.testcases.MyTrips_Cancelled_Ride_And_Rebook_TestCases_666_685"/>
  <testcase name="Test_MyTrips_Cancelled_Ride_And_Rebook_Check_for_index1_CancelRide_Option_675" time="2.610" classname="com.InfoCabs.testcases.MyTrips_Cancelled_Ride_And_Rebook_TestCases_666_685"/>
  <testcase name="Test_MyTrips_Cancelled_Ride_And_Rebook_CheckPickoff_Address_676" time="2.385" classname="com.InfoCabs.testcases.MyTrips_Cancelled_Ride_And_Rebook_TestCases_666_685"/>
  <testcase name="Test_MyTrips_Cancelled_Ride_And_Rebook_CheckDropOff_Address_677" time="2.336" classname="com.InfoCabs.testcases.MyTrips_Cancelled_Ride_And_Rebook_TestCases_666_685"/>
  <testcase name="Test_MyTrips_Cancelled_Ride_And_Rebook_Date_and_Time_678" time="2.298" classname="com.InfoCabs.testcases.MyTrips_Cancelled_Ride_And_Rebook_TestCases_666_685"/>
  <testcase name="Test_MyTrips_Cancelled_Ride_And_Rebook_Check_for_Cancelled_Text_and_Button_679" time="3.417" classname="com.InfoCabs.testcases.MyTrips_Cancelled_Ride_And_Rebook_TestCases_666_685"/>
  <testcase name="Test_MyTrips_Cancelled_Ride_And_Rebook_check_for_BackButton_680" time="2.330" classname="com.InfoCabs.testcases.MyTrips_Cancelled_Ride_And_Rebook_TestCases_666_685"/>
  <testcase name="Test_MyTrips_Cancelled_Ride_And_Rebook_Check_for_TripDetails_Text_681" time="2.207" classname="com.InfoCabs.testcases.MyTrips_Cancelled_Ride_And_Rebook_TestCases_666_685"/>
  <testcase name="Test_MyTrips_Cancelled_Ride_And_Rebook_Check_for_Your_Ride_was_cancelled_Text_682" time="2.182" classname="com.InfoCabs.testcases.MyTrips_Cancelled_Ride_And_Rebook_TestCases_666_685"/>
  <testcase name="Test_MyTrips_Cancelled_Ride_And_Rebook_Check_for_StartingAddress_Text_683" time="2.322" classname="com.InfoCabs.testcases.MyTrips_Cancelled_Ride_And_Rebook_TestCases_666_685"/>
  <testcase name="Test_MyTrips_Cancelled_Ride_And_Rebook_Check_for_EndAddress_Text_684" time="2.329" classname="com.InfoCabs.testcases.MyTrips_Cancelled_Ride_And_Rebook_TestCases_666_685"/>
  <testcase name="Test_MyTrips_Cancelled_Ride_And_Rebook_Check_for_Rebook_Text_and_Button_685" time="3.407" classname="com.InfoCabs.testcases.MyTrips_Cancelled_Ride_And_Rebook_TestCases_666_685"/>
</testsuite> <!-- com.InfoCabs.testcases.MyTrips_Cancelled_Ride_And_Rebook_TestCases_666_685 -->
