<?xml version="1.0" encoding="UTF-8"?>
<!-- Generated by org.testng.reporters.JUnitReportReporter -->
<testsuite skipped="0" hostname="DESKTOP-CSMSJ8J" name="com.InfoCabs.testcases.CreateNewUserPage_TestCases_42_71" tests="29" failures="0" timestamp="2021-01-30T00:12:21 PKT" time="40.964" errors="0">
  <testcase name="Test_LoginPage_NewUserAccount_Button_isWorking_42" time="2.373" classname="com.InfoCabs.testcases.CreateNewUserPage_TestCases_42_71"/>
  <testcase name="Test_CreateNewUserPage_Logo_44" time="8.795" classname="com.InfoCabs.testcases.CreateNewUserPage_TestCases_42_71"/>
  <testcase name="Test_CreateNewUserPage_PhoneNumber_Icon_45" time="0.107" classname="com.InfoCabs.testcases.CreateNewUserPage_TestCases_42_71"/>
  <testcase name="Test_CreateNewUserPage_CountryFlag_Icon_46" time="0.098" classname="com.InfoCabs.testcases.CreateNewUserPage_TestCases_42_71"/>
  <testcase name="Test_CreateNewUserPage_PasswordVisiblity_icon_47" time="0.079" classname="com.InfoCabs.testcases.CreateNewUserPage_TestCases_42_71"/>
  <testcase name="Test_CreateNewUserPage_Welcome_Text_48" time="0.119" classname="com.InfoCabs.testcases.CreateNewUserPage_TestCases_42_71"/>
  <testcase name="Test_CreateNewUserPage_Please_Signup_Continue_Text_49" time="0.120" classname="com.InfoCabs.testcases.CreateNewUserPage_TestCases_42_71"/>
  <testcase name="Test_CreateNewUserPage_PhoneNumber_Text_50" time="0.179" classname="com.InfoCabs.testcases.CreateNewUserPage_TestCases_42_71"/>
  <testcase name="Test_CreateNewUserPage_Country_Code_is_Present_51" time="0.159" classname="com.InfoCabs.testcases.CreateNewUserPage_TestCases_42_71"/>
  <testcase name="Test_CreateNewUserPage_AlreadyUser_Text_52" time="0.173" classname="com.InfoCabs.testcases.CreateNewUserPage_TestCases_42_71"/>
  <testcase name="Test_CreateNewUserPage_LoginNow_Text_53" time="2.335" classname="com.InfoCabs.testcases.CreateNewUserPage_TestCases_42_71"/>
  <testcase name="Test_CreateNewUserPage_SiginUpButton_Text_54" time="2.175" classname="com.InfoCabs.testcases.CreateNewUserPage_TestCases_42_71"/>
  <testcase name="Test_CreateNewUserPage_NameRequired_errorMessage_55" time="1.101" classname="com.InfoCabs.testcases.CreateNewUserPage_TestCases_42_71"/>
  <testcase name="Test_CreateNewUserPage_EnterValid_UserName_56" time="0.762" classname="com.InfoCabs.testcases.CreateNewUserPage_TestCases_42_71"/>
  <testcase name="Test_CreateNewUserPage_PhoneNumber_Required_errorMessage_57" time="1.335" classname="com.InfoCabs.testcases.CreateNewUserPage_TestCases_42_71"/>
  <testcase name="Test_CreateNewUserPage_PhoneNumber_Invalid_errorMessage_58" time="1.355" classname="com.InfoCabs.testcases.CreateNewUserPage_TestCases_42_71"/>
  <testcase name="Test_CreateNewUserPage_EnterValid_PhoneNumber_59" time="1.164" classname="com.InfoCabs.testcases.CreateNewUserPage_TestCases_42_71"/>
  <testcase name="Test_CreateNewUserPage_Email_Required_errorMessage_60" time="1.656" classname="com.InfoCabs.testcases.CreateNewUserPage_TestCases_42_71"/>
  <testcase name="Test_CreateNewUserPage_Emailaddress_Invalid_errorMessage_61" time="0.708" classname="com.InfoCabs.testcases.CreateNewUserPage_TestCases_42_71"/>
  <testcase name="Test_CreateNewUserPage_Password_Required_errorMessage_62" time="1.744" classname="com.InfoCabs.testcases.CreateNewUserPage_TestCases_42_71"/>
  <testcase name="Test_CreateNewUserPage_Enter_Invalid_Password_63" time="1.408" classname="com.InfoCabs.testcases.CreateNewUserPage_TestCases_42_71"/>
  <testcase name="Test_CreateNewUserPage_Email_vlidation_errorMessage_Text_64" time="0.659" classname="com.InfoCabs.testcases.CreateNewUserPage_TestCases_42_71"/>
  <testcase name="Test_CreateNewUserPage_Enter_Valid_Emailaddress_65" time="1.373" classname="com.InfoCabs.testcases.CreateNewUserPage_TestCases_42_71"/>
  <testcase name="Test_CreateNewUserPage_Password_vlidation_errorMessage_66" time="1.709" classname="com.InfoCabs.testcases.CreateNewUserPage_TestCases_42_71"/>
  <testcase name="Test_CreateNewUserPage_Valid_Password_inupt_67" time="0.914" classname="com.InfoCabs.testcases.CreateNewUserPage_TestCases_42_71"/>
  <testcase name="Test_CreateNewUserPage_PasswordView_eyeIcon_MakePassword_Visisble_68" time="1.237" classname="com.InfoCabs.testcases.CreateNewUserPage_TestCases_42_71"/>
  <testcase name="Test_CreateNewUserPage_PhoneNumberAlready_registered_errorMessage_69" time="1.987" classname="com.InfoCabs.testcases.CreateNewUserPage_TestCases_42_71"/>
  <testcase name="Test_CreateNewUserPage_EmailAlready_registered_errorMessage_70" time="4.940" classname="com.InfoCabs.testcases.CreateNewUserPage_TestCases_42_71"/>
  <testcase name="Test_CreateNewUserPage_To_ClickOn_LoginNow_Button_which_BringUser_User_to_Loginpage_71" time="0.200" classname="com.InfoCabs.testcases.CreateNewUserPage_TestCases_42_71"/>
</testsuite> <!-- com.InfoCabs.testcases.CreateNewUserPage_TestCases_42_71 -->
