<?xml version="1.0" encoding="UTF-8"?>
<!-- Generated by org.testng.reporters.JUnitReportReporter -->
<testsuite skipped="0" hostname="DESKTOP-CSMSJ8J" name="com.InfoCabs.testcases.LunchDriver_App_148_158" tests="12" failures="0" timestamp="2021-01-30T01:39:47 PKT" time="110.763" errors="0">
  <testcase name="Test_LoginPage_Allow_user_to_LoginWith_valid_credential_21" time="15.119" classname="com.InfoCabs.testcases.LunchDriver_App_148_158"/>
  <testcase name="Test_LunchDriver_App_PushCustomer_App_to_BackGround_150" time="3.689" classname="com.InfoCabs.testcases.LunchDriver_App_148_158"/>
  <testcase name="Test_LunchDriver_App_LunchNewDriver_App_151" time="4.482" classname="com.InfoCabs.testcases.LunchDriver_App_148_158"/>
  <testcase name="Test_LunchDriver_App_LogintoRiderApp_153" time="17.118" classname="com.InfoCabs.testcases.LunchDriver_App_148_158"/>
  <testcase name="Test_LunchDriver_App_PushDriver_intoBackground_154" time="2.056" classname="com.InfoCabs.testcases.LunchDriver_App_148_158"/>
  <testcase name="Test_LunchDriver_App_Backto_CustomerApp_155" time="7.355" classname="com.InfoCabs.testcases.LunchDriver_App_148_158"/>
  <testcase name="Test_LunchDriver_App_EnterDropofAddress_Cab_156" time="16.053" classname="com.InfoCabs.testcases.LunchDriver_App_148_158"/>
  <testcase name="Test_LunchDriver_App_ClickOnBookNow_Button_Cab_157" time="7.557" classname="com.InfoCabs.testcases.LunchDriver_App_148_158"/>
  <testcase name="Test_LunchDriver_App_ClickOnBookConfirmButton_158" time="9.543" classname="com.InfoCabs.testcases.LunchDriver_App_148_158"/>
  <testcase name="Test_LunchDriver_App_Push_CustomerApp_toBackground_and_start_RiderApp_159" time="7.563" classname="com.InfoCabs.testcases.LunchDriver_App_148_158"/>
  <testcase name="Test_LunchDriver_App_AcceptCustomer_ride_160" time="11.211" classname="com.InfoCabs.testcases.LunchDriver_App_148_158"/>
  <testcase name="Test_LunchDriver_App_Push_Rider_toBackground_and_start_CustomerApp_161" time="9.017" classname="com.InfoCabs.testcases.LunchDriver_App_148_158"/>
</testsuite> <!-- com.InfoCabs.testcases.LunchDriver_App_148_158 -->
