<?xml version="1.0" encoding="UTF-8"?>
<!-- Generated by org.testng.reporters.JUnitReportReporter -->
<testsuite skipped="0" hostname="DESKTOP-CSMSJ8J" name="com.InfoCabs.testcases.ChoosevehiclePage_TestCases_110_119" tests="9" failures="0" timestamp="2021-01-08T19:02:07 PKT" time="21.982" errors="0">
  <testcase name="Test_ChoosevehiclePage_Choosevehicle_Text_110" time="4.724" classname="com.InfoCabs.testcases.ChoosevehiclePage_TestCases_110_119"/>
  <testcase name="Test_ChoosevehiclePage_CheckBothAddressAre_Added_111" time="2.136" classname="com.InfoCabs.testcases.ChoosevehiclePage_TestCases_110_119"/>
  <testcase name="Test_ChoosevehiclePage_CarImage_arePresent_112" time="2.142" classname="com.InfoCabs.testcases.ChoosevehiclePage_TestCases_110_119"/>
  <testcase name="Test_ChoosevehiclePage_SaloonCar_Text_arePresent_113" time="2.160" classname="com.InfoCabs.testcases.ChoosevehiclePage_TestCases_110_119"/>
  <testcase name="Test_ChoosevehiclePage_EstimatedFares_Text_arePresent_114" time="2.158" classname="com.InfoCabs.testcases.ChoosevehiclePage_TestCases_110_119"/>
  <testcase name="Test_ChoosevehiclePage_FaresValue_inNumbers_115" time="2.121" classname="com.InfoCabs.testcases.ChoosevehiclePage_TestCases_110_119"/>
  <testcase name="Test_ChoosevehiclePage_BookNow_Button_Text_arePresent_116" time="2.149" classname="com.InfoCabs.testcases.ChoosevehiclePage_TestCases_110_119"/>
  <testcase name="Test_ChoosevehiclePage_RideLater_Button_Text_arePresent_117" time="2.166" classname="com.InfoCabs.testcases.ChoosevehiclePage_TestCases_110_119"/>
  <testcase name="Test_MainHomePage_ClickOn_BookNow_Button_119" time="2.226" classname="com.InfoCabs.testcases.ChoosevehiclePage_TestCases_110_119"/>
</testsuite> <!-- com.InfoCabs.testcases.ChoosevehiclePage_TestCases_110_119 -->
