<?xml version="1.0" encoding="UTF-8"?>
<!-- Generated by org.testng.reporters.JUnitReportReporter -->
<testsuite skipped="0" hostname="DESKTOP-CSMSJ8J" name="com.InfoCabs.testcases.Add_PostPay_Account_TestCases_640_657" tests="18" failures="0" timestamp="2021-03-04T16:05:54 PKT" time="80.301" errors="0">
  <testcase name="Test_Add_PostPay_Account_ClickTO_Open_Carddetails_640" time="3.719" classname="com.InfoCabs.testcases.Add_PostPay_Account_TestCases_640_657"/>
  <testcase name="Test_Add_PostPay_Account_check_CrossButton_is_present_641" time="4.631" classname="com.InfoCabs.testcases.Add_PostPay_Account_TestCases_640_657"/>
  <testcase name="Test_Add_PostPay_Account_AddPostPay_text_642" time="2.354" classname="com.InfoCabs.testcases.Add_PostPay_Account_TestCases_640_657"/>
  <testcase name="Test_Add_PostPay_Account_EnterPostPay_text_643" time="2.278" classname="com.InfoCabs.testcases.Add_PostPay_Account_TestCases_640_657"/>
  <testcase name="Test_Add_PostPay_Account_EnterPostPay_Email_errorMessage_644" time="5.289" classname="com.InfoCabs.testcases.Add_PostPay_Account_TestCases_640_657"/>
  <testcase name="Test_Add_PostPay_Account_EnterPostPay_Email_Validation_errorMessage_645" time="8.677" classname="com.InfoCabs.testcases.Add_PostPay_Account_TestCases_640_657"/>
  <testcase name="Test_Add_PostPay_Account_Email_Address_text_646" time="4.332" classname="com.InfoCabs.testcases.Add_PostPay_Account_TestCases_640_657"/>
  <testcase name="Test_Add_PostPay_Account_Password_Address_text_647" time="8.381" classname="com.InfoCabs.testcases.Add_PostPay_Account_TestCases_640_657"/>
  <testcase name="Test_Add_PostPay_Account_Password_Address_text_648" time="6.933" classname="com.InfoCabs.testcases.Add_PostPay_Account_TestCases_640_657"/>
  <testcase name="Test_Add_PostPay_Account_Clear_Email_and_Pwd_649" time="5.585" classname="com.InfoCabs.testcases.Add_PostPay_Account_TestCases_640_657"/>
  <testcase name="Test_Add_PostPay_Account_Enter_Email_and_Pwd_651" time="4.783" classname="com.InfoCabs.testcases.Add_PostPay_Account_TestCases_640_657"/>
  <testcase name="Test_Add_PostPay_Account_Add_Account_Button_651" time="2.322" classname="com.InfoCabs.testcases.Add_PostPay_Account_TestCases_640_657"/>
  <testcase name="Test_Add_PostPay_Account_ClickTo_DeletePostPay_account_652" time="3.025" classname="com.InfoCabs.testcases.Add_PostPay_Account_TestCases_640_657"/>
  <testcase name="Test_Add_PostPay_Account_AreYouSurewant_to_delete_text_653" time="2.250" classname="com.InfoCabs.testcases.Add_PostPay_Account_TestCases_640_657"/>
  <testcase name="Test_Add_PostPay_Account_NoCancel_Text_and_Button_654" time="2.456" classname="com.InfoCabs.testcases.Add_PostPay_Account_TestCases_640_657"/>
  <testcase name="Test_Add_PostPay_Account_Click_againOn_DeletePostPay_account_655" time="2.688" classname="com.InfoCabs.testcases.Add_PostPay_Account_TestCases_640_657"/>
  <testcase name="Test_Add_PostPay_Account_YesDeleteCard_Text_and_Button_656" time="2.422" classname="com.InfoCabs.testcases.Add_PostPay_Account_TestCases_640_657"/>
  <testcase name="Test_Add_PostPay_GoBack_To_HomeScreen_657" time="8.176" classname="com.InfoCabs.testcases.Add_PostPay_Account_TestCases_640_657"/>
</testsuite> <!-- com.InfoCabs.testcases.Add_PostPay_Account_TestCases_640_657 -->
