<?xml version="1.0" encoding="UTF-8"?>
<!-- Generated by org.testng.reporters.JUnitReportReporter -->
<testsuite skipped="0" hostname="DESKTOP-CSMSJ8J" name="com.InfoCabs.testcases.LoginPage_TestCases_1_22" tests="21" failures="0" timestamp="2021-01-27T01:42:56 PKT" time="54.205" errors="0">
  <testcase name="Test_LoginPage_Logo_3" time="2.495" classname="com.InfoCabs.testcases.LoginPage_TestCases_1_22"/>
  <testcase name="Test_LoginPage_PhoneNumber_Icon_4" time="0.105" classname="com.InfoCabs.testcases.LoginPage_TestCases_1_22"/>
  <testcase name="Test_LoginPage_CountryFlag_Icon_5" time="0.108" classname="com.InfoCabs.testcases.LoginPage_TestCases_1_22"/>
  <testcase name="Test_LoginPage_PasswordVisiblity_icon_6" time="0.156" classname="com.InfoCabs.testcases.LoginPage_TestCases_1_22"/>
  <testcase name="Test_LoginPage_Welcome_Text_7" time="0.182" classname="com.InfoCabs.testcases.LoginPage_TestCases_1_22"/>
  <testcase name="Test_LoginPage_Continue_Text_8" time="0.160" classname="com.InfoCabs.testcases.LoginPage_TestCases_1_22"/>
  <testcase name="Test_LoginPage_PhoneNumber_Text_9" time="0.072" classname="com.InfoCabs.testcases.LoginPage_TestCases_1_22"/>
  <testcase name="Test_LoginPage_Country_Code_is_Present_10" time="0.208" classname="com.InfoCabs.testcases.LoginPage_TestCases_1_22"/>
  <testcase name="Test_LoginPage_ForgotPhone_Number_Text_11" time="0.171" classname="com.InfoCabs.testcases.LoginPage_TestCases_1_22"/>
  <testcase name="Test_LoginPage_Check_Rememberme_text_12" time="0.192" classname="com.InfoCabs.testcases.LoginPage_TestCases_1_22"/>
  <testcase name="Test_LoginPage_ForgotPassword_Text_13" time="0.133" classname="com.InfoCabs.testcases.LoginPage_TestCases_1_22"/>
  <testcase name="Test_LoginPage_NewUser_Text_14" time="0.202" classname="com.InfoCabs.testcases.LoginPage_TestCases_1_22"/>
  <testcase name="Test_LoginPage_SignUP_Text_15" time="0.270" classname="com.InfoCabs.testcases.LoginPage_TestCases_1_22"/>
  <testcase name="Test_LoginPage_PhoneNumber_RequiredErrorMessage_16" time="1.032" classname="com.InfoCabs.testcases.LoginPage_TestCases_1_22"/>
  <testcase name="Test_LoginPage_PhoneNumber_ValidationErrorMessage_17" time="2.350" classname="com.InfoCabs.testcases.LoginPage_TestCases_1_22"/>
  <testcase name="Test_LoginPage_PasswordRequired_error_Message_18" time="2.731" classname="com.InfoCabs.testcases.LoginPage_TestCases_1_22"/>
  <testcase name="Test_LoginPage__Password_ValidationErrorMessage_19" time="6.140" classname="com.InfoCabs.testcases.LoginPage_TestCases_1_22"/>
  <testcase name="Test_LoginPage_IcorrectPassword_Validation_20" time="9.431" classname="com.InfoCabs.testcases.LoginPage_TestCases_1_22"/>
  <testcase name="Test_LoginPage_PasswordView_eyeIcon_MakePassword_Visisble_21" time="2.759" classname="com.InfoCabs.testcases.LoginPage_TestCases_1_22"/>
  <testcase name="Test_LoginPage_Allow_user_to_LoginWith_valid_credential_21" time="8.330" classname="com.InfoCabs.testcases.LoginPage_TestCases_1_22"/>
  <testcase name="Test_User_Logout_from_Application_23" time="16.978" classname="com.InfoCabs.testcases.LoginPage_TestCases_1_22"/>
</testsuite> <!-- com.InfoCabs.testcases.LoginPage_TestCases_1_22 -->
