<?xml version="1.0" encoding="UTF-8"?>
<!-- Generated by org.testng.reporters.JUnitReportReporter -->
<testsuite skipped="0" hostname="DESKTOP-CSMSJ8J" name="com.InfoCabs.testcases.MyTrips_Cancelled_Ride_And_Rebook_TestCases_666_685" tests="21" failures="0" timestamp="2021-01-27T19:58:46 PKT" time="118.417" errors="0">
  <testcase name="Test_LoginPage_Allow_user_to_LoginWith_valid_credential_21" time="9.448" classname="com.InfoCabs.testcases.MyTrips_Cancelled_Ride_And_Rebook_TestCases_666_685"/>
  <testcase name="Test_MyTrips_Cancelled_Ride_And_Rebook_EnterDropofAddress_Cab_666" time="15.561" classname="com.InfoCabs.testcases.MyTrips_Cancelled_Ride_And_Rebook_TestCases_666_685"/>
  <testcase name="Test_MyTrips_Cancelled_Ride_And_Rebook_ClickOnBookNow_Button_Cab_667" time="9.577" classname="com.InfoCabs.testcases.MyTrips_Cancelled_Ride_And_Rebook_TestCases_666_685"/>
  <testcase name="Test_MyTrips_Cancelled_Ride_And_Rebook_Select_CeditCard_FromDrop_668" time="8.479" classname="com.InfoCabs.testcases.MyTrips_Cancelled_Ride_And_Rebook_TestCases_666_685"/>
  <testcase name="Test_MyTrips_Cancelled_Ride_And_Rebook_ClickOnBookConfirmButton_669" time="9.540" classname="com.InfoCabs.testcases.MyTrips_Cancelled_Ride_And_Rebook_TestCases_666_685"/>
  <testcase name="Test_MyTrips_Cancelled_Ride_And_Rebook_CancleRide_Button_Text_arePresent_670" time="11.130" classname="com.InfoCabs.testcases.MyTrips_Cancelled_Ride_And_Rebook_TestCases_666_685"/>
  <testcase name="Test_MyTrips_Cancelled_Rides_ClickOn_SideMenu_Button_671" time="9.520" classname="com.InfoCabs.testcases.MyTrips_Cancelled_Ride_And_Rebook_TestCases_666_685"/>
  <testcase name="Test_MyTrips_Cancelled_Ride_And_Rebook_ClickOn_SideMenu__MyTrips_Button_672" time="9.792" classname="com.InfoCabs.testcases.MyTrips_Cancelled_Ride_And_Rebook_TestCases_666_685"/>
  <testcase name="Test_MyTrips_Cancelled_Ride_And_Rebook_check_MyTrips_Text_673" time="2.434" classname="com.InfoCabs.testcases.MyTrips_Cancelled_Ride_And_Rebook_TestCases_666_685"/>
  <testcase name="Test_MyTrips_Cancelled_Ride_And_Rebook_Check_for_PastRide_text_674" time="5.810" classname="com.InfoCabs.testcases.MyTrips_Cancelled_Ride_And_Rebook_TestCases_666_685"/>
  <testcase name="Test_MyTrips_Cancelled_Ride_And_Rebook_Check_for_index1_CancelRide_Option_675" time="2.464" classname="com.InfoCabs.testcases.MyTrips_Cancelled_Ride_And_Rebook_TestCases_666_685"/>
  <testcase name="Test_MyTrips_Cancelled_Ride_And_Rebook_CheckPickoff_Address_676" time="2.306" classname="com.InfoCabs.testcases.MyTrips_Cancelled_Ride_And_Rebook_TestCases_666_685"/>
  <testcase name="Test_MyTrips_Cancelled_Ride_And_Rebook_CheckDropOff_Address_677" time="2.253" classname="com.InfoCabs.testcases.MyTrips_Cancelled_Ride_And_Rebook_TestCases_666_685"/>
  <testcase name="Test_MyTrips_Cancelled_Ride_And_Rebook_Date_and_Time_678" time="2.288" classname="com.InfoCabs.testcases.MyTrips_Cancelled_Ride_And_Rebook_TestCases_666_685"/>
  <testcase name="Test_MyTrips_Cancelled_Ride_And_Rebook_Check_for_Cancelled_Text_and_Button_679" time="3.410" classname="com.InfoCabs.testcases.MyTrips_Cancelled_Ride_And_Rebook_TestCases_666_685"/>
  <testcase name="Test_MyTrips_Cancelled_Ride_And_Rebook_check_for_BackButton_680" time="2.303" classname="com.InfoCabs.testcases.MyTrips_Cancelled_Ride_And_Rebook_TestCases_666_685"/>
  <testcase name="Test_MyTrips_Cancelled_Ride_And_Rebook_Check_for_TripDetails_Text_681" time="2.151" classname="com.InfoCabs.testcases.MyTrips_Cancelled_Ride_And_Rebook_TestCases_666_685"/>
  <testcase name="Test_MyTrips_Cancelled_Ride_And_Rebook_Check_for_Your_Ride_was_cancelled_Text_682" time="2.137" classname="com.InfoCabs.testcases.MyTrips_Cancelled_Ride_And_Rebook_TestCases_666_685"/>
  <testcase name="Test_MyTrips_Cancelled_Ride_And_Rebook_Check_for_StartingAddress_Text_683" time="2.245" classname="com.InfoCabs.testcases.MyTrips_Cancelled_Ride_And_Rebook_TestCases_666_685"/>
  <testcase name="Test_MyTrips_Cancelled_Ride_And_Rebook_Check_for_EndAddress_Text_684" time="2.251" classname="com.InfoCabs.testcases.MyTrips_Cancelled_Ride_And_Rebook_TestCases_666_685"/>
  <testcase name="Test_MyTrips_Cancelled_Ride_And_Rebook_Check_for_Rebook_Text_and_Button_685" time="3.318" classname="com.InfoCabs.testcases.MyTrips_Cancelled_Ride_And_Rebook_TestCases_666_685"/>
</testsuite> <!-- com.InfoCabs.testcases.MyTrips_Cancelled_Ride_And_Rebook_TestCases_666_685 -->
