<?xml version="1.0" encoding="UTF-8"?>
<!-- Generated by org.testng.reporters.JUnitReportReporter -->
<testsuite skipped="0" hostname="DESKTOP-CSMSJ8J" name="com.InfoCabs.testcases.Add_PostPay_Account_TestCases_640_651" tests="12" failures="0" timestamp="2021-01-07T22:01:28 PKT" time="38.663" errors="0">
  <testcase name="Test_Add_PostPay_Account_ClickTO_Open_Carddetails_640" time="3.546" classname="com.InfoCabs.testcases.Add_PostPay_Account_TestCases_640_651"/>
  <testcase name="Test_Add_PostPay_Account_check_CrossButton_is_present_641" time="2.345" classname="com.InfoCabs.testcases.Add_PostPay_Account_TestCases_640_651"/>
  <testcase name="Test_Add_PostPay_Account_AddPostPay_text_642" time="2.377" classname="com.InfoCabs.testcases.Add_PostPay_Account_TestCases_640_651"/>
  <testcase name="Test_Add_PostPay_Account_EnterPostPay_text_643" time="2.357" classname="com.InfoCabs.testcases.Add_PostPay_Account_TestCases_640_651"/>
  <testcase name="Test_Add_PostPay_Account_Email_Address_text_644" time="2.971" classname="com.InfoCabs.testcases.Add_PostPay_Account_TestCases_640_651"/>
  <testcase name="Test_Add_PostPay_Account_Password_Address_text_645" time="2.969" classname="com.InfoCabs.testcases.Add_PostPay_Account_TestCases_640_651"/>
  <testcase name="Test_Add_PostPay_Account_Add_Account_Button_646" time="2.544" classname="com.InfoCabs.testcases.Add_PostPay_Account_TestCases_640_651"/>
  <testcase name="Test_Add_PostPay_Account_ClickTo_DeletePostPay_account_647" time="4.063" classname="com.InfoCabs.testcases.Add_PostPay_Account_TestCases_640_651"/>
  <testcase name="Test_Add_PostPay_Account_AreYouSurewant_to_delete_text_648" time="2.354" classname="com.InfoCabs.testcases.Add_PostPay_Account_TestCases_640_651"/>
  <testcase name="Test_Add_PostPay_Account_YesDeleteCard_Text_and_Button_649" time="2.478" classname="com.InfoCabs.testcases.Add_PostPay_Account_TestCases_640_651"/>
  <testcase name="Test_Add_PostPay_Account_NoCancel_Text_and_Button_650" time="2.479" classname="com.InfoCabs.testcases.Add_PostPay_Account_TestCases_640_651"/>
  <testcase name="Test_Add_PostPay_GoBack_To_HomeScreen_651" time="8.180" classname="com.InfoCabs.testcases.Add_PostPay_Account_TestCases_640_651"/>
</testsuite> <!-- com.InfoCabs.testcases.Add_PostPay_Account_TestCases_640_651 -->
