<?xml version="1.0" encoding="UTF-8"?>
<!-- Generated by org.testng.reporters.JUnitReportReporter -->
<testsuite skipped="0" hostname="DESKTOP-CSMSJ8J" name="com.InfoCabs.testcases.ForgotPassword_TestCases" tests="9" failures="0" timestamp="2020-12-04T17:31:05 PKT" time="37.616" errors="0">
  <testcase name="Test_ForgotPhone_Number_Button_is_clickable" time="2.310" classname="com.InfoCabs.testcases.ForgotPassword_TestCases"/>
  <testcase name="Test_LoginScreen_Logo" time="2.142" classname="com.InfoCabs.testcases.ForgotPassword_TestCases"/>
  <testcase name="Test_Enter_Register_Email_Text" time="2.160" classname="com.InfoCabs.testcases.ForgotPassword_TestCases"/>
  <testcase name="ClickOn_SubmitButton_without_Entering_PhoenNumber" time="1.139" classname="com.InfoCabs.testcases.ForgotPassword_TestCases"/>
  <testcase name="Test_PhoneNumber_Validation_on_ForgotPasswordScreen" time="3.973" classname="com.InfoCabs.testcases.ForgotPassword_TestCases"/>
  <testcase name="Test_PhoneNumber_NotRegisterValidation_on_ForgotPasswordScreen" time="6.680" classname="com.InfoCabs.testcases.ForgotPassword_TestCases"/>
  <testcase name="Test_ValidEmail_are_accepted_and_SendMessage" time="10.228" classname="com.InfoCabs.testcases.ForgotPassword_TestCases"/>
  <testcase name="Test_and_verify_ResendMessageButton_is_working" time="2.235" classname="com.InfoCabs.testcases.ForgotPassword_TestCases"/>
  <testcase name="Test_and_verify_Message_SendCross_Button_isWorking" time="6.749" classname="com.InfoCabs.testcases.ForgotPassword_TestCases"/>
</testsuite> <!-- com.InfoCabs.testcases.ForgotPassword_TestCases -->
