<?xml version="1.0" encoding="UTF-8"?>
<!-- Generated by org.testng.reporters.JUnitReportReporter -->
<testsuite skipped="0" hostname="DESKTOP-CSMSJ8J" name="com.InfoCabs.testcases.Book_6_Seater_with_PromoCode_TestCases_244_378" tests="34" failures="0" timestamp="2021-01-11T21:38:31 PKT" time="304.903" errors="0">
  <testcase name="Test_Book_6_Seater_with_PromoCode_EnterDropofAddress_Cab_344" time="11.465" classname="com.InfoCabs.testcases.Book_6_Seater_with_PromoCode_TestCases_244_378"/>
  <testcase name="Test_Book_6_Seater_with_PromoCode_ClickOnBookNow_Button_Cab_345" time="10.081" classname="com.InfoCabs.testcases.Book_6_Seater_with_PromoCode_TestCases_244_378"/>
  <testcase name="Test_Book_6_Seater_with_PromoCode_6_Seater_Text_arePresent_346" time="2.320" classname="com.InfoCabs.testcases.Book_6_Seater_with_PromoCode_TestCases_244_378"/>
  <testcase name="Test_Book_6_Seater_with_PromoCode_ClickOnBookNow_Button_Cab_347" time="9.577" classname="com.InfoCabs.testcases.Book_6_Seater_with_PromoCode_TestCases_244_378"/>
  <testcase name="Test_Book_6_Seater_With_PrmoCode_ClickOn_AddPrmoCode_Button_Cab_348" time="4.473" classname="com.InfoCabs.testcases.Book_6_Seater_with_PromoCode_TestCases_244_378"/>
  <testcase name="Test_Book_6_Seater_with_PromoCode_CrossButton_is_present_349" time="2.204" classname="com.InfoCabs.testcases.Book_6_Seater_with_PromoCode_TestCases_244_378"/>
  <testcase name="Test_Book_6_Seater_with_PromoCode_EnterPromoCode_Text_arePresent_350" time="2.115" classname="com.InfoCabs.testcases.Book_6_Seater_with_PromoCode_TestCases_244_378"/>
  <testcase name="Test_Book_6_Seater_with_PromoCode_EnterPromoCode_Text_arePresent_351" time="2.284" classname="com.InfoCabs.testcases.Book_6_Seater_with_PromoCode_TestCases_244_378"/>
  <testcase name="Test_Book_6_Seater_with_PromoCode_EnterPrmocodeFirst_Validation_Text_arePresent_352" time="2.136" classname="com.InfoCabs.testcases.Book_6_Seater_with_PromoCode_TestCases_244_378"/>
  <testcase name="Test_Book_6_Seater_with_PromoCode_Enter_InvalidPromocode_chk_Validation_353" time="8.363" classname="com.InfoCabs.testcases.Book_6_Seater_with_PromoCode_TestCases_244_378"/>
  <testcase name="Test_Book_6_Seater_with_PromoCode_InvalidPromoCode_Validation_Text_arePresent_354" time="2.158" classname="com.InfoCabs.testcases.Book_6_Seater_with_PromoCode_TestCases_244_378"/>
  <testcase name="Test_Book_6_Seater_with_PromoCode_Enter_validPromocode_chk_Validation_355" time="5.872" classname="com.InfoCabs.testcases.Book_6_Seater_with_PromoCode_TestCases_244_378"/>
  <testcase name="Test_BBook_6_Seater_with_PromoCode_validPromoCode_Validation_Text_arePresent_356" time="2.211" classname="com.InfoCabs.testcases.Book_6_Seater_with_PromoCode_TestCases_244_378"/>
  <testcase name="Test_Book_6_Seater_with_PromoCode_SuccessMessage_Code_357" time="40.027" classname="com.InfoCabs.testcases.Book_6_Seater_with_PromoCode_TestCases_244_378"/>
  <testcase name="Test_Book_6_Seater_with_PromoCode_PromoCode_Text_Validation_358" time="2.177" classname="com.InfoCabs.testcases.Book_6_Seater_with_PromoCode_TestCases_244_378"/>
  <testcase name="Test_Book_6_Seater_with_PromoCode_Without_Discount_Price_359" time="2.109" classname="com.InfoCabs.testcases.Book_6_Seater_with_PromoCode_TestCases_244_378"/>
  <testcase name="Test_Book_6_Seater_with_PromoCode_With_DiscountPrice_360" time="2.218" classname="com.InfoCabs.testcases.Book_6_Seater_with_PromoCode_TestCases_244_378"/>
  <testcase name="Test_Book_6_Seater_with_PromoCode_ClickOnBookConfirmButton_361" time="9.507" classname="com.InfoCabs.testcases.Book_6_Seater_with_PromoCode_TestCases_244_378"/>
  <testcase name="Test_Book_6_Seater_with_PromoCode_Push_CustomerApp_toBackground_and_start_RiderApp_362" time="10.395" classname="com.InfoCabs.testcases.Book_6_Seater_with_PromoCode_TestCases_244_378"/>
  <testcase name="Test_Book_6_Seater_with_PromoCode_AcceptCustomer_ride_364" time="9.936" classname="com.InfoCabs.testcases.Book_6_Seater_with_PromoCode_TestCases_244_378"/>
  <testcase name="Test_Book_6_Seater_with_PromoCode_Push_Rider_toBackground_and_start_CustomerApp_365" time="19.791" classname="com.InfoCabs.testcases.Book_6_Seater_with_PromoCode_TestCases_244_378"/>
  <testcase name="Test_Book_6_Seater_with_PromoCode_weHave_Sent_Text_arePresent_366" time="36.786" classname="com.InfoCabs.testcases.Book_6_Seater_with_PromoCode_TestCases_244_378"/>
  <testcase name="Test_Book_6_Seater_with_PromoCode_Push_CustomerApp_toBackground_and_start_RiderApp_367" time="13.500" classname="com.InfoCabs.testcases.Book_6_Seater_with_PromoCode_TestCases_244_378"/>
  <testcase name="Test_BBook_6_Seater_with_PromoCode_ClickOnWait_ride_368" time="4.364" classname="com.InfoCabs.testcases.Book_6_Seater_with_PromoCode_TestCases_244_378"/>
  <testcase name="Test_Book_6_Seater_with_PromoCode_ClickOnPOB_Button_ride_369" time="4.342" classname="com.InfoCabs.testcases.Book_6_Seater_with_PromoCode_TestCases_244_378"/>
  <testcase name="Test_Book_6_Seater_with_PromoCode_Push_Rider_toBackground_and_start_CustomerApp_371" time="19.683" classname="com.InfoCabs.testcases.Book_6_Seater_with_PromoCode_TestCases_244_378"/>
  <testcase name="Test_Book_SaloonWith_PrmoCode_You_arein_yourway_Text_arePresent_371" time="29.929" classname="com.InfoCabs.testcases.Book_6_Seater_with_PromoCode_TestCases_244_378"/>
  <testcase name="Test_Book_6_Seater_with_PromoCode_CS_App_Push_CustomerApp_toBackground_and_start_RiderApp_372" time="9.602" classname="com.InfoCabs.testcases.Book_6_Seater_with_PromoCode_TestCases_244_378"/>
  <testcase name="Test_Book_6_Seater_with_PromoCode_ClickOnSTC_ride_373" time="4.869" classname="com.InfoCabs.testcases.Book_6_Seater_with_PromoCode_TestCases_244_378"/>
  <testcase name="Test_SBook_6_Seater_with_PromoCode_ClickOn_Clear_ride_374" time="4.281" classname="com.InfoCabs.testcases.Book_6_Seater_with_PromoCode_TestCases_244_378"/>
  <testcase name="Test_Book_6_Seater_with_PromoCode_Push_Rider_toBackground_and_start_CustomerApp_375" time="6.943" classname="com.InfoCabs.testcases.Book_6_Seater_with_PromoCode_TestCases_244_378"/>
  <testcase name="Test_Book_6_Seater_with_PromoCode_Rate_your_ride_Text_arePresent_376" time="2.197" classname="com.InfoCabs.testcases.Book_6_Seater_with_PromoCode_TestCases_244_378"/>
  <testcase name="Test_Book_6_Seater_with_PromoCode_Feedback_Field_arePresent_377" time="2.764" classname="com.InfoCabs.testcases.Book_6_Seater_with_PromoCode_TestCases_244_378"/>
  <testcase name="Test_Book_6_Seater_with_PromoCode_SubmitFeedback_ButtonAndText_378" time="4.224" classname="com.InfoCabs.testcases.Book_6_Seater_with_PromoCode_TestCases_244_378"/>
</testsuite> <!-- com.InfoCabs.testcases.Book_6_Seater_with_PromoCode_TestCases_244_378 -->
