<?xml version="1.0" encoding="UTF-8"?>
<!-- Generated by org.testng.reporters.JUnitReportReporter -->
<testsuite skipped="0" hostname="DESKTOP-CSMSJ8J" name="com.InfoCabs.testcases.Side_Menu_elements_verification_TestCases_568_576" tests="10" failures="0" timestamp="2021-03-04T16:05:54 PKT" time="40.404" errors="0">
  <testcase name="Test_LoginPage_Allow_user_to_LoginWith_valid_credential_21" time="12.311" classname="com.InfoCabs.testcases.Side_Menu_elements_verification_TestCases_568_576"/>
  <testcase name="Test_Side_Menu_elements_verification_OpenSide_menu_568" time="4.077" classname="com.InfoCabs.testcases.Side_Menu_elements_verification_TestCases_568_576"/>
  <testcase name="Test_Side_Menu_elements_verification_check_Logo_is_present_569" time="2.315" classname="com.InfoCabs.testcases.Side_Menu_elements_verification_TestCases_568_576"/>
  <testcase name="Test_Side_Menu_elements_verification_check_Dashboard_is_present_570" time="5.192" classname="com.InfoCabs.testcases.Side_Menu_elements_verification_TestCases_568_576"/>
  <testcase name="Test_Side_Menu_elements_verification_check_MyProfile_is_present_571" time="4.291" classname="com.InfoCabs.testcases.Side_Menu_elements_verification_TestCases_568_576"/>
  <testcase name="Test_Side_Menu_elements_verification_check_PaymentMethods_is_present_572" time="2.475" classname="com.InfoCabs.testcases.Side_Menu_elements_verification_TestCases_568_576"/>
  <testcase name="Test_Side_Menu_elements_verification_check_MyTrips_is_present_573" time="2.391" classname="com.InfoCabs.testcases.Side_Menu_elements_verification_TestCases_568_576"/>
  <testcase name="Test_Side_Menu_elements_verification_check_AboutUs_is_present_574" time="2.391" classname="com.InfoCabs.testcases.Side_Menu_elements_verification_TestCases_568_576"/>
  <testcase name="Test_Side_Menu_elements_verification_check_Share_is_present_575" time="2.511" classname="com.InfoCabs.testcases.Side_Menu_elements_verification_TestCases_568_576"/>
  <testcase name="Test_Side_Menu_elements_verification_check_Logout_is_present_576" time="2.450" classname="com.InfoCabs.testcases.Side_Menu_elements_verification_TestCases_568_576"/>
</testsuite> <!-- com.InfoCabs.testcases.Side_Menu_elements_verification_TestCases_568_576 -->
