<?xml version="1.0" encoding="UTF-8"?>
<!-- Generated by org.testng.reporters.JUnitReportReporter -->
<testsuite skipped="0" hostname="DESKTOP-CSMSJ8J" name="com.InfoCabs.testcases.BookingVehiclePage_TestCases_136_147" tests="14" failures="0" timestamp="2021-01-08T19:02:07 PKT" time="182.935" errors="0">
  <testcase name="Test_BookingVehiclePage_HangOns_Text_arePresent_136" time="2.180" classname="com.InfoCabs.testcases.BookingVehiclePage_TestCases_136_147"/>
  <testcase name="Test_BookingVehiclePage_We_areSendingCab_Text_arePresent_137" time="2.262" classname="com.InfoCabs.testcases.BookingVehiclePage_TestCases_136_147"/>
  <testcase name="Test_BookingVehiclePage_CancleRide_Button_Text_arePresent_138" time="3.230" classname="com.InfoCabs.testcases.BookingVehiclePage_TestCases_136_147"/>
  <testcase name="Test_BookingVehiclePage_CancleRide_afterwaiting_60Sec_139" time="15.099" classname="com.InfoCabs.testcases.BookingVehiclePage_TestCases_136_147"/>
  <testcase name="Test_BookingVehiclePage_ClickOnBookNow_Button_Cab_140" time="7.448" classname="com.InfoCabs.testcases.BookingVehiclePage_TestCases_136_147"/>
  <testcase name="Test_BookingVehiclePage_ClickOnBookConfirmButton_141" time="9.526" classname="com.InfoCabs.testcases.BookingVehiclePage_TestCases_136_147"/>
  <testcase name="Test_BookingVehiclePage_waitfor_OneMinute__1stime_Text_arePresent_142" time="62.526" classname="com.InfoCabs.testcases.BookingVehiclePage_TestCases_136_147"/>
  <testcase name="Test_BookingVehiclePage_Youare_at_Number_Text_arePresent_143" time="2.294" classname="com.InfoCabs.testcases.BookingVehiclePage_TestCases_136_147"/>
  <testcase name="Test_BookingVehiclePage_One_Number_Text_arePresent_144" time="2.127" classname="com.InfoCabs.testcases.BookingVehiclePage_TestCases_136_147"/>
  <testcase name="Test_BookingVehiclePage_in_Queue_Text_arePresent_145" time="2.688" classname="com.InfoCabs.testcases.BookingVehiclePage_TestCases_136_147"/>
  <testcase name="Test_BookingVehiclePage_Pleasewait_Text_arePresent_146" time="2.234" classname="com.InfoCabs.testcases.BookingVehiclePage_TestCases_136_147"/>
  <testcase name="Test_BookingVehiclePage_iLL_Wait_Text_arePresent_147" time="2.252" classname="com.InfoCabs.testcases.BookingVehiclePage_TestCases_136_147"/>
  <testcase name="Test_BookingVehiclePage_waitfor_OneMinute_Text_arePresent_148" time="60.792" classname="com.InfoCabs.testcases.BookingVehiclePage_TestCases_136_147"/>
  <testcase name="Test_BookingVehiclePage_CancleRide_Button_And_Text_arePresent_149" time="8.277" classname="com.InfoCabs.testcases.BookingVehiclePage_TestCases_136_147"/>
</testsuite> <!-- com.InfoCabs.testcases.BookingVehiclePage_TestCases_136_147 -->
