<?xml version="1.0" encoding="UTF-8"?>
<!-- Generated by org.testng.reporters.JUnitReportReporter -->
<testsuite skipped="0" hostname="DESKTOP-CSMSJ8J" name="com.InfoCabs.testcases.Book_8_Seater_with_CreaditCards_TestCases_503_525" tests="23" failures="0" timestamp="2021-01-27T19:42:47 PKT" time="204.617" errors="0">
  <testcase name="Test_Book_8_Seater_with_CreaditCards_EnterDropofAddress_Cab_503" time="15.575" classname="com.InfoCabs.testcases.Book_8_Seater_with_CreaditCards_TestCases_503_525"/>
  <testcase name="Test_Book_8_Seater_with_CreaditCards_Moveto_6Seater_504" time="11.145" classname="com.InfoCabs.testcases.Book_8_Seater_with_CreaditCards_TestCases_503_525"/>
  <testcase name="Test_Book_8_Seater_with_CreaditCards_Moveto_8_Seater_505" time="10.988" classname="com.InfoCabs.testcases.Book_8_Seater_with_CreaditCards_TestCases_503_525"/>
  <testcase name="Test_Book_8_Seater_with_CreaditCards_6_Seater_Text_arePresent_506" time="2.146" classname="com.InfoCabs.testcases.Book_8_Seater_with_CreaditCards_TestCases_503_525"/>
  <testcase name="Test_Book_8_Seater_with_CreaditCards_ClickOnBookNow_Button_Cab_507" time="8.531" classname="com.InfoCabs.testcases.Book_8_Seater_with_CreaditCards_TestCases_503_525"/>
  <testcase name="Test_Book_8_Seater_with_CreaditCards_Select_Cash_FromDrop_508" time="5.515" classname="com.InfoCabs.testcases.Book_8_Seater_with_CreaditCards_TestCases_503_525"/>
  <testcase name="Test_Book_8_Seater_with_CreaditCards_ClickOnBookConfirmButton_509" time="9.593" classname="com.InfoCabs.testcases.Book_8_Seater_with_CreaditCards_TestCases_503_525"/>
  <testcase name="Test_Book_8_Seater_with_CreaditCards_Push_CustomerApp_toBackground_and_start_RiderApp_510" time="5.479" classname="com.InfoCabs.testcases.Book_8_Seater_with_CreaditCards_TestCases_503_525"/>
  <testcase name="Test_Book_8_Seater_with_CreaditCards_AcceptCustomer_ride_511" time="8.637" classname="com.InfoCabs.testcases.Book_8_Seater_with_CreaditCards_TestCases_503_525"/>
  <testcase name="Test_Book_8_Seater_with_CreaditCards_Push_Rider_toBackground_and_start_CustomerApp_512" time="18.044" classname="com.InfoCabs.testcases.Book_8_Seater_with_CreaditCards_TestCases_503_525"/>
  <testcase name="Test_Book_8_Seater_with_CreaditCards_weHave_Sent_Text_arePresent_513" time="14.432" classname="com.InfoCabs.testcases.Book_8_Seater_with_CreaditCards_TestCases_503_525"/>
  <testcase name="Test_Book_8_Seater_with_CreaditCards_Push_CustomerApp_toBackground_and_start_RiderApp_514" time="13.535" classname="com.InfoCabs.testcases.Book_8_Seater_with_CreaditCards_TestCases_503_525"/>
  <testcase name="Test_Book_8_Seater_with_CreaditCards_ClickOnWait_ride_515" time="4.815" classname="com.InfoCabs.testcases.Book_8_Seater_with_CreaditCards_TestCases_503_525"/>
  <testcase name="Test_Book_8_Seater_with_CreaditCards_ClickOnPOB_Button_ride_516" time="4.315" classname="com.InfoCabs.testcases.Book_8_Seater_with_CreaditCards_TestCases_503_525"/>
  <testcase name="Test_BBook_8_Seater_with_CreaditCards_Push_Rider_toBackground_and_start_CustomerApp_517" time="17.595" classname="com.InfoCabs.testcases.Book_8_Seater_with_CreaditCards_TestCases_503_525"/>
  <testcase name="Test_Book_8_Seater_with_CreaditCards_You_arein_yourway_Text_arePresent_518" time="15.255" classname="com.InfoCabs.testcases.Book_8_Seater_with_CreaditCards_TestCases_503_525"/>
  <testcase name="Test_Book_8_Seater_with_CreaditCards_CS_App_Push_CustomerApp_toBackground_and_start_RiderApp_519" time="9.457" classname="com.InfoCabs.testcases.Book_8_Seater_with_CreaditCards_TestCases_503_525"/>
  <testcase name="Test_Book_8_Seater_with_CreaditCards_ClickOnSTC_ride_520" time="4.647" classname="com.InfoCabs.testcases.Book_8_Seater_with_CreaditCards_TestCases_503_525"/>
  <testcase name="Test_Book_8_Seater_with_CreaditCards_ClickOn_Clear_ride_521" time="4.361" classname="com.InfoCabs.testcases.Book_8_Seater_with_CreaditCards_TestCases_503_525"/>
  <testcase name="Test_Book_8_Seater_with_CreaditCards_Push_Rider_toBackground_and_start_CustomerApp_522" time="6.782" classname="com.InfoCabs.testcases.Book_8_Seater_with_CreaditCards_TestCases_503_525"/>
  <testcase name="Test_Book_8_Seater_with_CreaditCards_Rate_your_ride_Text_arePresent_523" time="6.449" classname="com.InfoCabs.testcases.Book_8_Seater_with_CreaditCards_TestCases_503_525"/>
  <testcase name="Test_Book_8_Seater_with_CreaditCards_Feedback_Field_arePresent_524" time="2.938" classname="com.InfoCabs.testcases.Book_8_Seater_with_CreaditCards_TestCases_503_525"/>
  <testcase name="Test_Book_8_Seater_with_CreaditCards_SubmitFeedback_ButtonAndText_525" time="4.383" classname="com.InfoCabs.testcases.Book_8_Seater_with_CreaditCards_TestCases_503_525"/>
</testsuite> <!-- com.InfoCabs.testcases.Book_8_Seater_with_CreaditCards_TestCases_503_525 -->
