<?xml version="1.0" encoding="UTF-8"?>
<!-- Generated by org.testng.reporters.JUnitReportReporter -->
<testsuite skipped="0" hostname="DESKTOP-CSMSJ8J" name="com.InfoCabs.testcases.ForgotPhoneNumberPage_TestCases_23_32" tests="10" failures="0" timestamp="2021-01-27T01:42:56 PKT" time="44.303" errors="0">
  <testcase name="Test_ForgotPhoneNumber_Button_is_clickable_On_LoginPage_23" time="7.702" classname="com.InfoCabs.testcases.ForgotPhoneNumberPage_TestCases_23_32"/>
  <testcase name="Test_ForgotPhoneNumberPage_Logo_24" time="8.798" classname="com.InfoCabs.testcases.ForgotPhoneNumberPage_TestCases_23_32"/>
  <testcase name="Test_ForgotPhoneNumberPage_Forgot_Phone_Number_Text_25" time="2.216" classname="com.InfoCabs.testcases.ForgotPhoneNumberPage_TestCases_23_32"/>
  <testcase name="Test_ForgotPhoneNumberPage_Enter_Register_Email_Text_26" time="2.141" classname="com.InfoCabs.testcases.ForgotPhoneNumberPage_TestCases_23_32"/>
  <testcase name="Test_ForgotPhoneNumberPage_To_ClickOn_SendButton_without_Entering_Email_27" time="1.217" classname="com.InfoCabs.testcases.ForgotPhoneNumberPage_TestCases_23_32"/>
  <testcase name="Test_ForgotPhoneNumberPage_Email_Validation_28" time="4.112" classname="com.InfoCabs.testcases.ForgotPhoneNumberPage_TestCases_23_32"/>
  <testcase name="Test_ForgotPhoneNumberPage_Email_Not_Link_Validation_ErrorMessage_29" time="6.370" classname="com.InfoCabs.testcases.ForgotPhoneNumberPage_TestCases_23_32"/>
  <testcase name="Test_ForgotPhoneNumberPage_ValidEmail_are_accepted_and_SendMessage_30" time="5.506" classname="com.InfoCabs.testcases.ForgotPhoneNumberPage_TestCases_23_32"/>
  <testcase name="Test_ForgotPhoneNumberPage_verify_ResendMessageButton_is_working_31" time="2.258" classname="com.InfoCabs.testcases.ForgotPhoneNumberPage_TestCases_23_32"/>
  <testcase name="Test_ForgotPhoneNumberPage_Message_SendCross_Button_BringBack_User_toLoginPage_32" time="3.983" classname="com.InfoCabs.testcases.ForgotPhoneNumberPage_TestCases_23_32"/>
</testsuite> <!-- com.InfoCabs.testcases.ForgotPhoneNumberPage_TestCases_23_32 -->
