<?xml version="1.0" encoding="UTF-8"?>
<!-- Generated by org.testng.reporters.JUnitReportReporter -->
<testsuite skipped="0" hostname="DESKTOP-CSMSJ8J" name="com.InfoCabs.testcases.Book_8_Seater_TestCases_440_466" tests="27" failures="0" timestamp="2021-01-12T21:38:31 PKT" time="273.708" errors="0">
  <testcase name="Test_LoginPage_Allow_user_to_LoginWith_valid_credential_21" time="12.184" classname="com.InfoCabs.testcases.Book_8_Seater_TestCases_440_466"/>
  <testcase name="Test_Book_8_Seater_LunchDriver_App_LunchNewDriver_App_440" time="5.978" classname="com.InfoCabs.testcases.Book_8_Seater_TestCases_440_466"/>
  <testcase name="Test_Book_8_Seater_LunchDriver_App_LogintoRiderApp_442" time="39.514" classname="com.InfoCabs.testcases.Book_8_Seater_TestCases_440_466"/>
  <testcase name="Test_Book_8_Seater_LunchDriver_App_Backto_CustomerApp_443" time="7.709" classname="com.InfoCabs.testcases.Book_8_Seater_TestCases_440_466"/>
  <testcase name="Test_Book_8_Seater_EnterDropofAddress_Cab_444" time="10.033" classname="com.InfoCabs.testcases.Book_8_Seater_TestCases_440_466"/>
  <testcase name="Test_Book_8_Seater_Moveto_6Seater_445" time="11.096" classname="com.InfoCabs.testcases.Book_8_Seater_TestCases_440_466"/>
  <testcase name="Test_Book_8_Seater_Moveto_8_Seater_446" time="11.075" classname="com.InfoCabs.testcases.Book_8_Seater_TestCases_440_466"/>
  <testcase name="Test_Book_8_Seater_6_Seater_Text_arePresent_447" time="2.148" classname="com.InfoCabs.testcases.Book_8_Seater_TestCases_440_466"/>
  <testcase name="Test_Book_8_Seater_ClickOnBookNow_Button_Cab_448" time="8.549" classname="com.InfoCabs.testcases.Book_8_Seater_TestCases_440_466"/>
  <testcase name="Test_Book_8_Seater_Select_Cash_FromDrop_449" time="5.471" classname="com.InfoCabs.testcases.Book_8_Seater_TestCases_440_466"/>
  <testcase name="Test_Book_8_Seater_ClickOnBookConfirmButton_450" time="9.610" classname="com.InfoCabs.testcases.Book_8_Seater_TestCases_440_466"/>
  <testcase name="Test_Book_8_Seater_Push_CustomerApp_toBackground_and_start_RiderApp_451" time="5.724" classname="com.InfoCabs.testcases.Book_8_Seater_TestCases_440_466"/>
  <testcase name="Test_Book_8_Seater_AcceptCustomer_ride_452" time="31.202" classname="com.InfoCabs.testcases.Book_8_Seater_TestCases_440_466"/>
  <testcase name="Test_Book_8_Seater_Push_Rider_toBackground_and_start_CustomerApp_453" time="18.348" classname="com.InfoCabs.testcases.Book_8_Seater_TestCases_440_466"/>
  <testcase name="Test_Book_8_Seater_weHave_Sent_Text_arePresent_454" time="8.391" classname="com.InfoCabs.testcases.Book_8_Seater_TestCases_440_466"/>
  <testcase name="Test_Book_8_Seater_Push_CustomerApp_toBackground_and_start_RiderApp_455" time="13.573" classname="com.InfoCabs.testcases.Book_8_Seater_TestCases_440_466"/>
  <testcase name="Test_Book_8_Seater_ClickOnWait_ride_456" time="4.443" classname="com.InfoCabs.testcases.Book_8_Seater_TestCases_440_466"/>
  <testcase name="Test_Book_8_Seater_ClickOnPOB_Button_ride_457" time="4.304" classname="com.InfoCabs.testcases.Book_8_Seater_TestCases_440_466"/>
  <testcase name="Test_Book_8_Seater_Push_Rider_toBackground_and_start_CustomerApp_458" time="18.154" classname="com.InfoCabs.testcases.Book_8_Seater_TestCases_440_466"/>
  <testcase name="Test_Book_8_Seater_You_arein_yourway_Text_arePresent_459" time="10.206" classname="com.InfoCabs.testcases.Book_8_Seater_TestCases_440_466"/>
  <testcase name="Test_Book_8_Seater_CS_App_Push_CustomerApp_toBackground_and_start_RiderApp_460" time="9.543" classname="com.InfoCabs.testcases.Book_8_Seater_TestCases_440_466"/>
  <testcase name="Test_Book_8_Seater_ClickOnSTC_ride_461" time="5.317" classname="com.InfoCabs.testcases.Book_8_Seater_TestCases_440_466"/>
  <testcase name="Test_Book_8_Seater_ClickOn_Clear_ride_462" time="4.358" classname="com.InfoCabs.testcases.Book_8_Seater_TestCases_440_466"/>
  <testcase name="Test_Book_8_Seater_Push_Rider_toBackground_and_start_CustomerApp_463" time="6.995" classname="com.InfoCabs.testcases.Book_8_Seater_TestCases_440_466"/>
  <testcase name="Test_Book_8_Seater_Rate_your_ride_Text_arePresent_464" time="2.380" classname="com.InfoCabs.testcases.Book_8_Seater_TestCases_440_466"/>
  <testcase name="Test_BBook_8_Seater_Feedback_Field_arePresent_465" time="2.898" classname="com.InfoCabs.testcases.Book_8_Seater_TestCases_440_466"/>
  <testcase name="Test_Book_8_Seater_SubmitFeedback_ButtonAndText_466" time="4.505" classname="com.InfoCabs.testcases.Book_8_Seater_TestCases_440_466"/>
</testsuite> <!-- com.InfoCabs.testcases.Book_8_Seater_TestCases_440_466 -->
