<?xml version="1.0" encoding="UTF-8"?>
<!-- Generated by org.testng.reporters.JUnitReportReporter -->
<testsuite skipped="0" hostname="DESKTOP-CSMSJ8J" name="com.InfoCabs.testcases.POB_Page_TestCases_181_217" tests="37" failures="0" timestamp="2020-12-28T17:16:37 PKT" time="245.702" errors="0">
  <testcase name="Test_POB_Page_EnterDropofAddress_Cab_181" time="14.063" classname="com.InfoCabs.testcases.POB_Page_TestCases_181_217"/>
  <testcase name="Test_POB_Page_ClickOnBookNow_Button_Cab_182" time="26.721" classname="com.InfoCabs.testcases.POB_Page_TestCases_181_217"/>
  <testcase name="Test_POB_Page_ClickOnBookConfirmButton_183" time="11.080" classname="com.InfoCabs.testcases.POB_Page_TestCases_181_217"/>
  <testcase name="Test_POB_Page_Push_CustomerApp_toBackground_and_start_RiderApp_184" time="10.679" classname="com.InfoCabs.testcases.POB_Page_TestCases_181_217"/>
  <testcase name="Test_POB_Page_AcceptCustomer_ride_185" time="8.907" classname="com.InfoCabs.testcases.POB_Page_TestCases_181_217"/>
  <testcase name="Test_POB_Page_ClickOnWait_ride_186" time="4.297" classname="com.InfoCabs.testcases.POB_Page_TestCases_181_217"/>
  <testcase name="Test_POB_Page_ClickOnPOB_Button_ride_187" time="4.286" classname="com.InfoCabs.testcases.POB_Page_TestCases_181_217"/>
  <testcase name="Test_POB_Page_Push_Rider_toBackground_and_start_CustomerApp_188" time="19.980" classname="com.InfoCabs.testcases.POB_Page_TestCases_181_217"/>
  <testcase name="Test_POB_Page_You_arein_yourway_Text_arePresent_189" time="43.882" classname="com.InfoCabs.testcases.POB_Page_TestCases_181_217"/>
  <testcase name="Test_POB_Page_RiderImage_is_present_190" time="2.331" classname="com.InfoCabs.testcases.POB_Page_TestCases_181_217"/>
  <testcase name="Test_POB_Page_RiderName_is_present_191" time="2.339" classname="com.InfoCabs.testcases.POB_Page_TestCases_181_217"/>
  <testcase name="Test_POB_Page_RiderRating_is_present_192" time="2.325" classname="com.InfoCabs.testcases.POB_Page_TestCases_181_217"/>
  <testcase name="Test_POB_Page_Car_name_is_present_193" time="2.302" classname="com.InfoCabs.testcases.POB_Page_TestCases_181_217"/>
  <testcase name="Test_POB_Page_Car_numberplate_is_present_194" time="2.414" classname="com.InfoCabs.testcases.POB_Page_TestCases_181_217"/>
  <testcase name="Test_POB_Page_car_name_Distance_Text_arePresent_195" time="2.320" classname="com.InfoCabs.testcases.POB_Page_TestCases_181_217"/>
  <testcase name="Test_POB_Page_car_name_DitanceinNumber_is_present_196" time="2.341" classname="com.InfoCabs.testcases.POB_Page_TestCases_181_217"/>
  <testcase name="Test_POB_Page_car_name_Price_Text_arePresent_197" time="2.305" classname="com.InfoCabs.testcases.POB_Page_TestCases_181_217"/>
  <testcase name="Test_POB_Page_car_name_PriceNumber_is_present_198" time="2.304" classname="com.InfoCabs.testcases.POB_Page_TestCases_181_217"/>
  <testcase name="Test_POB_Page_car_name_ETA_Text_arePresent_199" time="2.253" classname="com.InfoCabs.testcases.POB_Page_TestCases_181_217"/>
  <testcase name="Test_POB_Page_car_name_ETA_Number_is_present_200" time="2.218" classname="com.InfoCabs.testcases.POB_Page_TestCases_181_217"/>
  <testcase name="Test_POB_Page_car_name_Payment_Text_arePresent_201" time="2.213" classname="com.InfoCabs.testcases.POB_Page_TestCases_181_217"/>
  <testcase name="Test_POB_Page_On_CS_App_Paymentmethod_is_present_202" time="2.296" classname="com.InfoCabs.testcases.POB_Page_TestCases_181_217"/>
  <testcase name="Test_POB_Page_On_CS_App_ClikOn_ShareRide_Button_and_Text_arePresent_203" time="9.525" classname="com.InfoCabs.testcases.POB_Page_TestCases_181_217"/>
  <testcase name="Test_POB_Page_On_CS_App_ClikOn_I_Needto_MakeaCall_Button_and_Text_arePresent_204" time="7.339" classname="com.InfoCabs.testcases.POB_Page_TestCases_181_217"/>
  <testcase name="Test_POB_Page_On_CS_App_I_Needto_MakeaCall_Alert_and_button_areWorking_205" time="4.803" classname="com.InfoCabs.testcases.POB_Page_TestCases_181_217"/>
  <testcase name="Test_POB_Page_car_name_I_Needtomake_aCall_Text_arePresent_206" time="2.149" classname="com.InfoCabs.testcases.POB_Page_TestCases_181_217"/>
  <testcase name="Test_POB_Page_On_CS_App_ContactOperator_Icon_is_present_207" time="2.813" classname="com.InfoCabs.testcases.POB_Page_TestCases_181_217"/>
  <testcase name="Test_POB_Page_car_name_Contact_Operator_Text_arePresent_208" time="2.119" classname="com.InfoCabs.testcases.POB_Page_TestCases_181_217"/>
  <testcase name="Test_POB_Page_car_name_Contact_Operator_2nd_Text_arePresent_209" time="2.213" classname="com.InfoCabs.testcases.POB_Page_TestCases_181_217"/>
  <testcase name="Test_POB_Page_On_CS_App_EmergencyContact_Icon_is_present_210" time="2.217" classname="com.InfoCabs.testcases.POB_Page_TestCases_181_217"/>
  <testcase name="Test_POB_Page_car_name_Emergency_Text_arePresent_211" time="2.443" classname="com.InfoCabs.testcases.POB_Page_TestCases_181_217"/>
  <testcase name="Test_POB_Page_car_name_Contact_Text_arePresent_212" time="2.175" classname="com.InfoCabs.testcases.POB_Page_TestCases_181_217"/>
  <testcase name="Test_POB_Page_ClickOn_Contact_Operator__213" time="5.242" classname="com.InfoCabs.testcases.POB_Page_TestCases_181_217"/>
  <testcase name="Test_POB_Page_On_CS_App_Backto_CSApp_from_PhoneDialpad_214" time="8.010" classname="com.InfoCabs.testcases.POB_Page_TestCases_181_217"/>
  <testcase name="Test_POB_Page_On_CS_App_Now_Try_Emergency_Contact_OpenAlert_Again_215" time="6.242" classname="com.InfoCabs.testcases.POB_Page_TestCases_181_217"/>
  <testcase name="Test_POB_Page_On_CS_App_Now_Try_Emergency_Contact_216" time="7.277" classname="com.InfoCabs.testcases.POB_Page_TestCases_181_217"/>
  <testcase name="Test_POB_Page_On_CS_App_Backto_CSApp_from_PhoneDialpadOn_2ndtime_217" time="7.279" classname="com.InfoCabs.testcases.POB_Page_TestCases_181_217"/>
</testsuite> <!-- com.InfoCabs.testcases.POB_Page_TestCases_181_217 -->
