<?xml version="1.0" encoding="UTF-8"?>
<!-- Generated by org.testng.reporters.JUnitReportReporter -->
<testsuite skipped="0" hostname="DESKTOP-CSMSJ8J" name="com.InfoCabs.testcases.Check_Remeber_Feature_TestCases_754_767" tests="16" failures="0" timestamp="2021-01-24T21:53:55 PKT" time="133.866" errors="0">
  <testcase name="Test_Check_Remeber_Featur_Allow_user_to_LoginWith_valid_credential_754" time="13.216" classname="com.InfoCabs.testcases.Check_Remeber_Feature_TestCases_754_767"/>
  <testcase name="Test_Check_Remeber_Featur_User_Logout_from_Application_755" time="16.548" classname="com.InfoCabs.testcases.Check_Remeber_Feature_TestCases_754_767"/>
  <testcase name="Test_Check_Remeber_Featur_ForgotPhone_Number_Text_756" time="5.381" classname="com.InfoCabs.testcases.Check_Remeber_Feature_TestCases_754_767"/>
  <testcase name="Test_Check_Remeber_Featur_ForgotPhone_Number_Text_757" time="0.760" classname="com.InfoCabs.testcases.Check_Remeber_Feature_TestCases_754_767"/>
  <testcase name="Test_Check_Remeber_Featur_Allow_user_to_LoginWith_valid_credential_Loginagain_758" time="6.024" classname="com.InfoCabs.testcases.Check_Remeber_Feature_TestCases_754_767"/>
  <testcase name="Test_check_Remeber_Feature_Go_Back_ChangePWD_page_759" time="6.880" classname="com.InfoCabs.testcases.Check_Remeber_Feature_TestCases_754_767"/>
  <testcase name="Test_Check_Remeber_Feature_Change_PWD_again_to_Orignal_760" time="11.026" classname="com.InfoCabs.testcases.Check_Remeber_Feature_TestCases_754_767"/>
  <testcase name="Test_Check_Remeber_Feature_and_Logout_761" time="14.862" classname="com.InfoCabs.testcases.Check_Remeber_Feature_TestCases_754_767"/>
  <testcase name="Test_Check_Remeber_Feature_Check_BackButton_761" time="8.959" classname="com.InfoCabs.testcases.Check_Remeber_Feature_TestCases_754_767"/>
  <testcase name="Test_Check_Remeber_Featur_ForgotPhone_Number_Text_and_check_ChangePwd_762" time="0.784" classname="com.InfoCabs.testcases.Check_Remeber_Feature_TestCases_754_767"/>
  <testcase name="Test_Check_Remeber_Featur_Again_login__with_save_Pwd_763" time="6.875" classname="com.InfoCabs.testcases.Check_Remeber_Feature_TestCases_754_767"/>
  <testcase name="Test_check_Remeber_Feature_Go_Back_Again_to_ChangePWD_page_764" time="6.896" classname="com.InfoCabs.testcases.Check_Remeber_Feature_TestCases_754_767"/>
  <testcase name="Test_Check_Remeber_Feature__Check_Change_PWD_again_to_Orignal_765" time="10.842" classname="com.InfoCabs.testcases.Check_Remeber_Feature_TestCases_754_767"/>
  <testcase name="Test_Check_Remeber_Feature_Check_BackButton_on_2ndtime_766" time="8.972" classname="com.InfoCabs.testcases.Check_Remeber_Feature_TestCases_754_767"/>
  <testcase name="Test_Check_Remeber_Feature_and_Logout_for_3rd_time_767" time="15.107" classname="com.InfoCabs.testcases.Check_Remeber_Feature_TestCases_754_767"/>
  <testcase name="Test_Check_Remeber_Featur_check_ChangePwd_validation_768" time="0.734" classname="com.InfoCabs.testcases.Check_Remeber_Feature_TestCases_754_767"/>
</testsuite> <!-- com.InfoCabs.testcases.Check_Remeber_Feature_TestCases_754_767 -->
