<?xml version="1.0" encoding="UTF-8"?>
<!-- Generated by org.testng.reporters.JUnitReportReporter -->
<testsuite skipped="0" hostname="DESKTOP-CSMSJ8J" name="com.InfoCabs.testcases.Add_CreditCards_TestCases_623_639" tests="18" failures="0" timestamp="2021-01-30T02:25:34 PKT" time="81.395" errors="0">
  <testcase name="Test_Add_CreditCards_Click_to_Open_CardMenu_623" time="2.445" classname="com.InfoCabs.testcases.Add_CreditCards_TestCases_623_639"/>
  <testcase name="Test_Add_CreditCards_Click_to_Cross_Button_624" time="4.300" classname="com.InfoCabs.testcases.Add_CreditCards_TestCases_623_639"/>
  <testcase name="Test_Add_CreditCards_Again_Back_to_CreditCardPage_625" time="3.766" classname="com.InfoCabs.testcases.Add_CreditCards_TestCases_623_639"/>
  <testcase name="Test_Add_CreditCards_AddCreditCards_text_626" time="4.116" classname="com.InfoCabs.testcases.Add_CreditCards_TestCases_623_639"/>
  <testcase name="Test_Add_CreditCards_CardHolder_text_627" time="2.381" classname="com.InfoCabs.testcases.Add_CreditCards_TestCases_623_639"/>
  <testcase name="Test_Add_CreditCards_Card_number_text_628" time="2.308" classname="com.InfoCabs.testcases.Add_CreditCards_TestCases_623_639"/>
  <testcase name="Test_Add_CreditCards_Expiry_text_629" time="2.303" classname="com.InfoCabs.testcases.Add_CreditCards_TestCases_623_639"/>
  <testcase name="Test_Add_CreditCards_Expiry_text_630" time="2.344" classname="com.InfoCabs.testcases.Add_CreditCards_TestCases_623_639"/>
  <testcase name="Test_Add_CreditCards_Expiry_text_631" time="2.287" classname="com.InfoCabs.testcases.Add_CreditCards_TestCases_623_639"/>
  <testcase name="Test_Add_CreditCards_To_Verify_YourCard_text_632" time="2.333" classname="com.InfoCabs.testcases.Add_CreditCards_TestCases_623_639"/>
  <testcase name="Test_Add_CreditCards_Check_CardHoldername_errorMessage_633" time="5.369" classname="com.InfoCabs.testcases.Add_CreditCards_TestCases_623_639"/>
  <testcase name="Test_Add_CreditCards_EnterCreditCardname_634" time="4.762" classname="com.InfoCabs.testcases.Add_CreditCards_TestCases_623_639"/>
  <testcase name="Test__Add_CreditCards_EnterCreditCardnumber_check_Validation_635" time="6.295" classname="com.InfoCabs.testcases.Add_CreditCards_TestCases_623_639"/>
  <testcase name="Test__Add_CreditCards_EnterCreditCardnumber_check_for_Incorrect_Validation_636" time="10.321" classname="com.InfoCabs.testcases.Add_CreditCards_TestCases_623_639"/>
  <testcase name="Test_dd_CreditCards_Number_Expire_CVV_637" time="7.229" classname="com.InfoCabs.testcases.Add_CreditCards_TestCases_623_639"/>
  <testcase name="Test__Add_CreditCards_EnterCreditCardnumber_check_CVVValidation_638" time="4.554" classname="com.InfoCabs.testcases.Add_CreditCards_TestCases_623_639"/>
  <testcase name="Test__Add_CreditCards_check_CVValidation_message_639" time="7.592" classname="com.InfoCabs.testcases.Add_CreditCards_TestCases_623_639"/>
  <testcase name="Test__Add_CreditCards_EnterCVV_640" time="6.690" classname="com.InfoCabs.testcases.Add_CreditCards_TestCases_623_639"/>
</testsuite> <!-- com.InfoCabs.testcases.Add_CreditCards_TestCases_623_639 -->
