<?xml version="1.0" encoding="UTF-8"?>
<!-- Generated by org.testng.reporters.JUnitReportReporter -->
<testsuite skipped="0" hostname="DESKTOP-CSMSJ8J" name="com.InfoCabs.testcases.Add_PaymentsMethods_TestCases" tests="7" failures="0" timestamp="2021-01-07T13:32:38 PKT" time="18.566" errors="0">
  <testcase name="Test_Add_PaymentsMethods_are_sections_611" time="4.205" classname="com.InfoCabs.testcases.Add_PaymentsMethods_TestCases"/>
  <testcase name="Test_Add_PaymentsMethods_check_PaymentMethods_is_present_611" time="2.454" classname="com.InfoCabs.testcases.Add_PaymentsMethods_TestCases"/>
  <testcase name="Test_Add_PaymentsMethods_check_BackButton_is_present_612" time="2.444" classname="com.InfoCabs.testcases.Add_PaymentsMethods_TestCases"/>
  <testcase name="Test_Add_PaymentsMethods_check_CardContainer_is_present_613" time="2.428" classname="com.InfoCabs.testcases.Add_PaymentsMethods_TestCases"/>
  <testcase name="Test_Add_PaymentsMethods_check_CardIcon_is_present_614" time="2.472" classname="com.InfoCabs.testcases.Add_PaymentsMethods_TestCases"/>
  <testcase name="Test_Add_PaymentsMethods_check_Cash_text_is_present_615" time="2.190" classname="com.InfoCabs.testcases.Add_PaymentsMethods_TestCases"/>
  <testcase name="Test_Add_PaymentsMethods_check_Add_PaymentMethods_Button_is_present_616" time="2.373" classname="com.InfoCabs.testcases.Add_PaymentsMethods_TestCases"/>
</testsuite> <!-- com.InfoCabs.testcases.Add_PaymentsMethods_TestCases -->
