<?xml version="1.0" encoding="UTF-8"?>
<!-- Generated by org.testng.reporters.JUnitReportReporter -->
<testsuite skipped="0" hostname="DESKTOP-CSMSJ8J" name="com.InfoCabs.testcases.Add_PostPay_Account_TestCases_640_657" tests="18" failures="0" timestamp="2021-01-30T02:25:33 PKT" time="78.439" errors="0">
  <testcase name="Test_Add_PostPay_Account_ClickTO_Open_Carddetails_640" time="3.535" classname="com.InfoCabs.testcases.Add_PostPay_Account_TestCases_640_657"/>
  <testcase name="Test_Add_PostPay_Account_check_CrossButton_is_present_641" time="4.073" classname="com.InfoCabs.testcases.Add_PostPay_Account_TestCases_640_657"/>
  <testcase name="Test_Add_PostPay_Account_AddPostPay_text_642" time="2.315" classname="com.InfoCabs.testcases.Add_PostPay_Account_TestCases_640_657"/>
  <testcase name="Test_Add_PostPay_Account_EnterPostPay_text_643" time="2.349" classname="com.InfoCabs.testcases.Add_PostPay_Account_TestCases_640_657"/>
  <testcase name="Test_Add_PostPay_Account_EnterPostPay_Email_errorMessage_644" time="5.235" classname="com.InfoCabs.testcases.Add_PostPay_Account_TestCases_640_657"/>
  <testcase name="Test_Add_PostPay_Account_EnterPostPay_Email_Validation_errorMessage_645" time="8.621" classname="com.InfoCabs.testcases.Add_PostPay_Account_TestCases_640_657"/>
  <testcase name="Test_Add_PostPay_Account_Email_Address_text_646" time="4.165" classname="com.InfoCabs.testcases.Add_PostPay_Account_TestCases_640_657"/>
  <testcase name="Test_Add_PostPay_Account_Password_Address_text_647" time="8.263" classname="com.InfoCabs.testcases.Add_PostPay_Account_TestCases_640_657"/>
  <testcase name="Test_Add_PostPay_Account_Password_Address_text_648" time="6.399" classname="com.InfoCabs.testcases.Add_PostPay_Account_TestCases_640_657"/>
  <testcase name="Test_Add_PostPay_Account_Clear_Email_and_Pwd_649" time="5.550" classname="com.InfoCabs.testcases.Add_PostPay_Account_TestCases_640_657"/>
  <testcase name="Test_Add_PostPay_Account_Add_Account_Button_651" time="2.271" classname="com.InfoCabs.testcases.Add_PostPay_Account_TestCases_640_657"/>
  <testcase name="Test_Add_PostPay_Account_Enter_Email_and_Pwd_651" time="4.594" classname="com.InfoCabs.testcases.Add_PostPay_Account_TestCases_640_657"/>
  <testcase name="Test_Add_PostPay_Account_ClickTo_DeletePostPay_account_652" time="3.133" classname="com.InfoCabs.testcases.Add_PostPay_Account_TestCases_640_657"/>
  <testcase name="Test_Add_PostPay_Account_AreYouSurewant_to_delete_text_653" time="2.191" classname="com.InfoCabs.testcases.Add_PostPay_Account_TestCases_640_657"/>
  <testcase name="Test_Add_PostPay_Account_NoCancel_Text_and_Button_654" time="2.416" classname="com.InfoCabs.testcases.Add_PostPay_Account_TestCases_640_657"/>
  <testcase name="Test_Add_PostPay_Account_Click_againOn_DeletePostPay_account_655" time="2.665" classname="com.InfoCabs.testcases.Add_PostPay_Account_TestCases_640_657"/>
  <testcase name="Test_Add_PostPay_Account_YesDeleteCard_Text_and_Button_656" time="2.468" classname="com.InfoCabs.testcases.Add_PostPay_Account_TestCases_640_657"/>
  <testcase name="Test_Add_PostPay_GoBack_To_HomeScreen_657" time="8.196" classname="com.InfoCabs.testcases.Add_PostPay_Account_TestCases_640_657"/>
</testsuite> <!-- com.InfoCabs.testcases.Add_PostPay_Account_TestCases_640_657 -->
