<?xml version="1.0" encoding="UTF-8"?>
<!-- Generated by org.testng.reporters.JUnitReportReporter -->
<testsuite skipped="0" hostname="DESKTOP-CSMSJ8J" name="com.InfoCabs.testcases.Change_Password_TestCases_588_610" tests="23" failures="0" timestamp="2021-01-07T22:01:28 PKT" time="169.122" errors="0">
  <testcase name="Test_Change_Password_Click_On_ChangePwd_Button_588" time="2.716" classname="com.InfoCabs.testcases.Change_Password_TestCases_588_610"/>
  <testcase name="Test_Change_Password_Click_On_Cross_Button_Icon_589" time="6.075" classname="com.InfoCabs.testcases.Change_Password_TestCases_588_610"/>
  <testcase name="Test_Change_Password_check_Change_Password_is_present_590" time="3.470" classname="com.InfoCabs.testcases.Change_Password_TestCases_588_610"/>
  <testcase name="Test_Change_Password_check_Current_Password_is_present_591" time="2.417" classname="com.InfoCabs.testcases.Change_Password_TestCases_588_610"/>
  <testcase name="Test_Change_Password_check_New_Password_is_present_592" time="2.377" classname="com.InfoCabs.testcases.Change_Password_TestCases_588_610"/>
  <testcase name="Test_Change_Password_check_Confirm_Password_is_present_593" time="2.377" classname="com.InfoCabs.testcases.Change_Password_TestCases_588_610"/>
  <testcase name="Test_Change_Password_check_Change_Password_is_present_594" time="2.405" classname="com.InfoCabs.testcases.Change_Password_TestCases_588_610"/>
  <testcase name="Test_Change_Password_To_Click_On_ChangePwdButton_without_Entering_Pwd_595" time="1.340" classname="com.InfoCabs.testcases.Change_Password_TestCases_588_610"/>
  <testcase name="Test_Change_Password_To_Click_On_ChangePwdButton_to_check_Minimum_Validation_596" time="8.421" classname="com.InfoCabs.testcases.Change_Password_TestCases_588_610"/>
  <testcase name="Test_Change_Password_To_Click_On_ChangePwdButton_to_check_IncorrectPWD_Validation_597" time="18.335" classname="com.InfoCabs.testcases.Change_Password_TestCases_588_610"/>
  <testcase name="Test_Change_Password_To_Click_On_ChangePwdButton_to_check_Same_PWD_Validation_598" time="8.844" classname="com.InfoCabs.testcases.Change_Password_TestCases_588_610"/>
  <testcase name="Test_Change_Password_Clear_New_and_ConfirmPWD_599" time="4.648" classname="com.InfoCabs.testcases.Change_Password_TestCases_588_610"/>
  <testcase name="Test_Change_Password_To_Click_On_ChangePwdButton_to_check_NewPwd_requiredMsg_600" time="5.293" classname="com.InfoCabs.testcases.Change_Password_TestCases_588_610"/>
  <testcase name="Test_Change_Password_To_Click_On_ChangePwdButton_to_check_Newpwd_Minimum_Validation_601" time="8.363" classname="com.InfoCabs.testcases.Change_Password_TestCases_588_610"/>
  <testcase name="Test_Change_Password_To_Click_On_ChangePwdButton_to_check_Confirmpwd_Minimum_Validation_602" time="7.898" classname="com.InfoCabs.testcases.Change_Password_TestCases_588_610"/>
  <testcase name="Test_Change_Password_To_Click_On_ChangePwdButton_to_check_ConfirmPwd_requiredMsg_603" time="0.837" classname="com.InfoCabs.testcases.Change_Password_TestCases_588_610"/>
  <testcase name="Test_Change_Password_To_Click_On_ChangePwdButton_to_check_Confirmpwd_Notmached_Validation_604" time="3.865" classname="com.InfoCabs.testcases.Change_Password_TestCases_588_610"/>
  <testcase name="Test_Change_Password_Clear_New_and_ConfirmPWD_On2nd_time_605" time="4.590" classname="com.InfoCabs.testcases.Change_Password_TestCases_588_610"/>
  <testcase name="Test_Change_Password_To_Click_On_ChangePwdButton_to_ChangePWD_606" time="7.805" classname="com.InfoCabs.testcases.Change_Password_TestCases_588_610"/>
  <testcase name="Test_Change_Password_Go_Back_to_HomeScreen_and_Logout_607" time="16.560" classname="com.InfoCabs.testcases.Change_Password_TestCases_588_610"/>
  <testcase name="Test__Change_Password_Allow_user_to_LoginWith_ChangePWD_608" time="13.155" classname="com.InfoCabs.testcases.Change_Password_TestCases_588_610"/>
  <testcase name="Test_Change_Password_Go_Back_ChangePWD_page_609" time="5.089" classname="com.InfoCabs.testcases.Change_Password_TestCases_588_610"/>
  <testcase name="Test_Change_Password_Change_PWD_again_to_Orignal_610" time="32.242" classname="com.InfoCabs.testcases.Change_Password_TestCases_588_610"/>
</testsuite> <!-- com.InfoCabs.testcases.Change_Password_TestCases_588_610 -->
