<?xml version="1.0" encoding="UTF-8"?>
<!-- Generated by org.testng.reporters.JUnitReportReporter -->
<testsuite skipped="0" hostname="DESKTOP-CSMSJ8J" name="com.InfoCabs.testcases.MainHomePage_TestCases_83_109" tests="27" failures="0" timestamp="2021-03-03T17:17:00 PKT" time="148.368" errors="1">
  <testcase name="Test_MainHomePage_AddPickUpPoint_Text_83" time="7.348" classname="com.InfoCabs.testcases.MainHomePage_TestCases_83_109"/>
  <testcase name="Test_MainHomePage_Notification_Icon_84" time="64.612" classname="com.InfoCabs.testcases.MainHomePage_TestCases_83_109">
    <error type="org.openqa.selenium.NoSuchElementException" message="An element could not be located on the page using the given search parameters.
For documentation on this error, please visit: https://www.seleniumhq.org/exceptions/no_such_element.html
Build info: version: &#039;3.141.59&#039;, revision: &#039;e82be7d358&#039;, time: &#039;2018-11-14T08:17:03&#039;
System info: host: &#039;DESKTOP-CSMSJ8J&#039;, ip: &#039;192.168.0.199&#039;, os.name: &#039;Windows 10&#039;, os.arch: &#039;amd64&#039;, os.version: &#039;10.0&#039;, java.version: &#039;1.8.0_261&#039;
Driver info: io.appium.java_client.android.AndroidDriver
Capabilities {app: C:\Users\92336\git\InfoCabs..., appActivity: com.infosun.csandroidx.acti..., appPackage: com.Infosun.ablewell, autoAcceptAlerts: true, autoGrantPermissions: true, databaseEnabled: false, desired: {app: C:\Users\92336\git\InfoCabs..., appActivity: com.infosun.csandroidx.acti..., appPackage: com.Infosun.ablewell, autoAcceptAlerts: true, autoGrantPermissions: true, deviceName: Galaxy J7 Pro, newCommandTimeout: 60, platformName: android, platformVersion: 7, resetKeyboard: false, udid: 52006c45b4f164dd, unicodeKeyboard: false}, deviceApiLevel: 24, deviceManufacturer: samsung, deviceModel: SM-J730F, deviceName: 52006c45b4f164dd, deviceScreenDensity: 420, deviceScreenSize: 1080x1920, deviceUDID: 52006c45b4f164dd, javascriptEnabled: true, locationContextEnabled: false, networkConnectionEnabled: true, newCommandTimeout: 60, pixelRatio: 2.625, platform: LINUX, platformName: Android, platformVersion: 7.0, resetKeyboard: false, statBarHeight: 63, takesScreenshot: true, udid: 52006c45b4f164dd, unicodeKeyboard: false, viewportRect: {height: 1857, left: 0, top: 63, width: 1080}, warnings: {}, webStorageEnabled: false}
Session ID: 78b752f3-f19d-4f94-b643-05e1ab8f208d
*** Element info: {Using=id, value=com.Infosun.ablewell:id/iv_notif}">
      <![CDATA[org.openqa.selenium.NoSuchElementException: An element could not be located on the page using the given search parameters.
For documentation on this error, please visit: https://www.seleniumhq.org/exceptions/no_such_element.html
Build info: version: '3.141.59', revision: 'e82be7d358', time: '2018-11-14T08:17:03'
System info: host: 'DESKTOP-CSMSJ8J', ip: '192.168.0.199', os.name: 'Windows 10', os.arch: 'amd64', os.version: '10.0', java.version: '1.8.0_261'
Driver info: io.appium.java_client.android.AndroidDriver
Capabilities {app: C:\Users\92336\git\InfoCabs..., appActivity: com.infosun.csandroidx.acti..., appPackage: com.Infosun.ablewell, autoAcceptAlerts: true, autoGrantPermissions: true, databaseEnabled: false, desired: {app: C:\Users\92336\git\InfoCabs..., appActivity: com.infosun.csandroidx.acti..., appPackage: com.Infosun.ablewell, autoAcceptAlerts: true, autoGrantPermissions: true, deviceName: Galaxy J7 Pro, newCommandTimeout: 60, platformName: android, platformVersion: 7, resetKeyboard: false, udid: 52006c45b4f164dd, unicodeKeyboard: false}, deviceApiLevel: 24, deviceManufacturer: samsung, deviceModel: SM-J730F, deviceName: 52006c45b4f164dd, deviceScreenDensity: 420, deviceScreenSize: 1080x1920, deviceUDID: 52006c45b4f164dd, javascriptEnabled: true, locationContextEnabled: false, networkConnectionEnabled: true, newCommandTimeout: 60, pixelRatio: 2.625, platform: LINUX, platformName: Android, platformVersion: 7.0, resetKeyboard: false, statBarHeight: 63, takesScreenshot: true, udid: 52006c45b4f164dd, unicodeKeyboard: false, viewportRect: {height: 1857, left: 0, top: 63, width: 1080}, warnings: {}, webStorageEnabled: false}
Session ID: 78b752f3-f19d-4f94-b643-05e1ab8f208d
*** Element info: {Using=id, value=com.Infosun.ablewell:id/iv_notif}
at sun.reflect.NativeConstructorAccessorImpl.newInstance0(Native Method)
at sun.reflect.NativeConstructorAccessorImpl.newInstance(NativeConstructorAccessorImpl.java:62)
at sun.reflect.DelegatingConstructorAccessorImpl.newInstance(DelegatingConstructorAccessorImpl.java:45)
at java.lang.reflect.Constructor.newInstance(Constructor.java:423)
at org.openqa.selenium.remote.http.W3CHttpResponseCodec.createException(W3CHttpResponseCodec.java:187)
at org.openqa.selenium.remote.http.W3CHttpResponseCodec.decode(W3CHttpResponseCodec.java:122)
at org.openqa.selenium.remote.http.W3CHttpResponseCodec.decode(W3CHttpResponseCodec.java:49)
at org.openqa.selenium.remote.HttpCommandExecutor.execute(HttpCommandExecutor.java:158)
at io.appium.java_client.remote.AppiumCommandExecutor.execute(AppiumCommandExecutor.java:239)
at org.openqa.selenium.remote.RemoteWebDriver.execute(RemoteWebDriver.java:552)
at io.appium.java_client.DefaultGenericMobileDriver.execute(DefaultGenericMobileDriver.java:41)
at io.appium.java_client.AppiumDriver.execute(AppiumDriver.java:1)
at io.appium.java_client.android.AndroidDriver.execute(AndroidDriver.java:1)
at org.openqa.selenium.remote.RemoteWebDriver.findElement(RemoteWebDriver.java:323)
at io.appium.java_client.DefaultGenericMobileDriver.findElement(DefaultGenericMobileDriver.java:61)
at io.appium.java_client.AppiumDriver.findElement(AppiumDriver.java:1)
at io.appium.java_client.android.AndroidDriver.findElement(AndroidDriver.java:1)
at org.openqa.selenium.remote.RemoteWebDriver.findElementById(RemoteWebDriver.java:372)
at io.appium.java_client.DefaultGenericMobileDriver.findElementById(DefaultGenericMobileDriver.java:69)
at io.appium.java_client.AppiumDriver.findElementById(AppiumDriver.java:1)
at io.appium.java_client.android.AndroidDriver.findElementById(AndroidDriver.java:1)
at org.openqa.selenium.By$ById.findElement(By.java:188)
at org.openqa.selenium.remote.RemoteWebDriver.findElement(RemoteWebDriver.java:315)
at io.appium.java_client.DefaultGenericMobileDriver.findElement(DefaultGenericMobileDriver.java:57)
at io.appium.java_client.AppiumDriver.findElement(AppiumDriver.java:1)
at io.appium.java_client.android.AndroidDriver.findElement(AndroidDriver.java:1)
at com.InfoCabs.testcases.MainHomePage_TestCases_83_109.Test_MainHomePage_Notification_Icon_84(MainHomePage_TestCases_83_109.java:45)
at sun.reflect.NativeMethodAccessorImpl.invoke0(Native Method)
at sun.reflect.NativeMethodAccessorImpl.invoke(NativeMethodAccessorImpl.java:62)
at sun.reflect.DelegatingMethodAccessorImpl.invoke(DelegatingMethodAccessorImpl.java:43)
at java.lang.reflect.Method.invoke(Method.java:498)
at org.testng.internal.MethodInvocationHelper.invokeMethod(MethodInvocationHelper.java:133)
at org.testng.internal.TestInvoker.invokeMethod(TestInvoker.java:584)
at org.testng.internal.TestInvoker.invokeTestMethod(TestInvoker.java:172)
at org.testng.internal.MethodRunner.runInSequence(MethodRunner.java:46)
at org.testng.internal.TestInvoker$MethodInvocationAgent.invoke(TestInvoker.java:804)
at org.testng.internal.TestInvoker.invokeTestMethods(TestInvoker.java:145)
at org.testng.internal.TestMethodWorker.invokeTestMethods(TestMethodWorker.java:146)
at org.testng.internal.TestMethodWorker.run(TestMethodWorker.java:128)
at java.util.ArrayList.forEach(ArrayList.java:1259)
at org.testng.TestRunner.privateRun(TestRunner.java:770)
at org.testng.TestRunner.run(TestRunner.java:591)
at org.testng.SuiteRunner.runTest(SuiteRunner.java:402)
at org.testng.SuiteRunner.runSequentially(SuiteRunner.java:396)
at org.testng.SuiteRunner.privateRun(SuiteRunner.java:355)
at org.testng.SuiteRunner.run(SuiteRunner.java:304)
at org.testng.SuiteRunnerWorker.runSuite(SuiteRunnerWorker.java:53)
at org.testng.SuiteRunnerWorker.run(SuiteRunnerWorker.java:96)
at org.testng.TestNG.runSuitesSequentially(TestNG.java:1180)
at org.testng.TestNG.runSuitesLocally(TestNG.java:1102)
at org.testng.TestNG.runSuites(TestNG.java:1032)
at org.testng.TestNG.run(TestNG.java:1000)
at org.testng.remote.AbstractRemoteTestNG.run(AbstractRemoteTestNG.java:115)
at org.testng.remote.RemoteTestNG.initAndRun(RemoteTestNG.java:251)
at org.testng.remote.RemoteTestNG.main(RemoteTestNG.java:77)
]]>
    </error>
  </testcase> <!-- Test_MainHomePage_Notification_Icon_84 -->
  <testcase name="Test_MainHomePage_PickUp_Icon_85" time="2.122" classname="com.InfoCabs.testcases.MainHomePage_TestCases_83_109"/>
  <testcase name="Test_MainHomePage_BackToLocation_Icon_86" time="2.116" classname="com.InfoCabs.testcases.MainHomePage_TestCases_83_109"/>
  <testcase name="Test_MainHomePage_GoogleImage_Icon_87" time="2.109" classname="com.InfoCabs.testcases.MainHomePage_TestCases_83_109"/>
  <testcase name="Test_MainHomePage_ConfirmPickUpButton_Text_88" time="2.128" classname="com.InfoCabs.testcases.MainHomePage_TestCases_83_109"/>
  <testcase name="Test_MainHomePage_ScheduleRideButton_Text_89" time="2.139" classname="com.InfoCabs.testcases.MainHomePage_TestCases_83_109"/>
  <testcase name="Test_MainHomePage_ChangePickup_Text_90" time="2.194" classname="com.InfoCabs.testcases.MainHomePage_TestCases_83_109"/>
  <testcase name="Test_MainHomePage_PickLocation_CrossButton_91" time="4.331" classname="com.InfoCabs.testcases.MainHomePage_TestCases_83_109"/>
  <testcase name="Test_MainHomePage_PickupLocation_Text_92" time="2.137" classname="com.InfoCabs.testcases.MainHomePage_TestCases_83_109"/>
  <testcase name="Test_MainHomePage_FavoritePlaces_Text_93" time="2.151" classname="com.InfoCabs.testcases.MainHomePage_TestCases_83_109"/>
  <testcase name="Test_MainHomePage_AddPickupPoint_Button_Text_94" time="2.139" classname="com.InfoCabs.testcases.MainHomePage_TestCases_83_109"/>
  <testcase name="Test_MainHomePage_CheckSearchbar_isPresent_95" time="2.111" classname="com.InfoCabs.testcases.MainHomePage_TestCases_83_109"/>
  <testcase name="Test_MainHomePage_AddPickUpAddress_96" time="5.019" classname="com.InfoCabs.testcases.MainHomePage_TestCases_83_109"/>
  <testcase name="Test_MainHomePage_Add_AddressToFavoriteList_97" time="7.306" classname="com.InfoCabs.testcases.MainHomePage_TestCases_83_109"/>
  <testcase name="Test_MainHomePage_SelectPickUpAddress_98" time="2.228" classname="com.InfoCabs.testcases.MainHomePage_TestCases_83_109"/>
  <testcase name="Test_MainHomePage_Dropoff_address_icon_99" time="2.111" classname="com.InfoCabs.testcases.MainHomePage_TestCases_83_109"/>
  <testcase name="Test_MainHomePage_ClickOn_where_are_you_heading_Text_100" time="2.187" classname="com.InfoCabs.testcases.MainHomePage_TestCases_83_109"/>
  <testcase name="Test_MainHomePage_Dropoffaddress_CrossButton_101" time="4.318" classname="com.InfoCabs.testcases.MainHomePage_TestCases_83_109"/>
  <testcase name="Test_MainHomePage_PickupLocation_Text_102" time="2.104" classname="com.InfoCabs.testcases.MainHomePage_TestCases_83_109"/>
  <testcase name="Test_MainHomePage_FavoritePlaces_Text_103" time="2.097" classname="com.InfoCabs.testcases.MainHomePage_TestCases_83_109"/>
  <testcase name="Test_MainHomePage_AddPickupPoint_Button_Text_104" time="2.035" classname="com.InfoCabs.testcases.MainHomePage_TestCases_83_109"/>
  <testcase name="Test_MainHomePage_CheckSearchbar_isPresent_105" time="2.128" classname="com.InfoCabs.testcases.MainHomePage_TestCases_83_109"/>
  <testcase name="Test_MainHomePage_AddDropoffAddress_106" time="5.409" classname="com.InfoCabs.testcases.MainHomePage_TestCases_83_109"/>
  <testcase name="Test_MainHomePage_Add_AddressToFavoriteList_107" time="7.238" classname="com.InfoCabs.testcases.MainHomePage_TestCases_83_109"/>
  <testcase name="Test_MainHomePage_SelectDropoffAddress_108" time="2.157" classname="com.InfoCabs.testcases.MainHomePage_TestCases_83_109"/>
  <testcase name="Test_MainHomePage_DropoffAddress_ChangeButton_109" time="4.394" classname="com.InfoCabs.testcases.MainHomePage_TestCases_83_109"/>
</testsuite> <!-- com.InfoCabs.testcases.MainHomePage_TestCases_83_109 -->
