<?xml version="1.0" encoding="UTF-8"?>
<!-- Generated by org.testng.reporters.JUnitReportReporter -->
<testsuite skipped="0" hostname="DESKTOP-CSMSJ8J" name="com.InfoCabs.testcases.Book_6_Seater_with_PromoCode_TestCases_244_378" tests="34" failures="0" timestamp="2021-01-27T19:09:25 PKT" time="292.539" errors="1">
  <testcase name="Test_Book_6_Seater_with_PromoCode_EnterDropofAddress_Cab_344" time="15.665" classname="com.InfoCabs.testcases.Book_6_Seater_with_PromoCode_TestCases_244_378"/>
  <testcase name="Test_Book_6_Seater_with_PromoCode_ClickOnBookNow_Button_Cab_345" time="15.454" classname="com.InfoCabs.testcases.Book_6_Seater_with_PromoCode_TestCases_244_378"/>
  <testcase name="Test_Book_6_Seater_with_PromoCode_6_Seater_Text_arePresent_346" time="2.339" classname="com.InfoCabs.testcases.Book_6_Seater_with_PromoCode_TestCases_244_378"/>
  <testcase name="Test_Book_6_Seater_with_PromoCode_ClickOnBookNow_Button_Cab_347" time="9.448" classname="com.InfoCabs.testcases.Book_6_Seater_with_PromoCode_TestCases_244_378"/>
  <testcase name="Test_Book_6_Seater_With_PrmoCode_ClickOn_AddPrmoCode_Button_Cab_348" time="4.479" classname="com.InfoCabs.testcases.Book_6_Seater_with_PromoCode_TestCases_244_378"/>
  <testcase name="Test_Book_6_Seater_with_PromoCode_CrossButton_is_present_349" time="2.316" classname="com.InfoCabs.testcases.Book_6_Seater_with_PromoCode_TestCases_244_378"/>
  <testcase name="Test_Book_6_Seater_with_PromoCode_EnterPromoCode_Text_arePresent_350" time="2.150" classname="com.InfoCabs.testcases.Book_6_Seater_with_PromoCode_TestCases_244_378"/>
  <testcase name="Test_Book_6_Seater_with_PromoCode_EnterPromoCode_Text_arePresent_351" time="2.346" classname="com.InfoCabs.testcases.Book_6_Seater_with_PromoCode_TestCases_244_378"/>
  <testcase name="Test_Book_6_Seater_with_PromoCode_EnterPrmocodeFirst_Validation_Text_arePresent_352" time="2.163" classname="com.InfoCabs.testcases.Book_6_Seater_with_PromoCode_TestCases_244_378"/>
  <testcase name="Test_Book_6_Seater_with_PromoCode_Enter_InvalidPromocode_chk_Validation_353" time="8.407" classname="com.InfoCabs.testcases.Book_6_Seater_with_PromoCode_TestCases_244_378"/>
  <testcase name="Test_Book_6_Seater_with_PromoCode_InvalidPromoCode_Validation_Text_arePresent_354" time="2.156" classname="com.InfoCabs.testcases.Book_6_Seater_with_PromoCode_TestCases_244_378"/>
  <testcase name="Test_Book_6_Seater_with_PromoCode_Enter_validPromocode_chk_Validation_355" time="5.981" classname="com.InfoCabs.testcases.Book_6_Seater_with_PromoCode_TestCases_244_378"/>
  <testcase name="Test_BBook_6_Seater_with_PromoCode_validPromoCode_Validation_Text_arePresent_356" time="2.233" classname="com.InfoCabs.testcases.Book_6_Seater_with_PromoCode_TestCases_244_378"/>
  <testcase name="Test_Book_6_Seater_with_PromoCode_SuccessMessage_Code_357" time="13.816" classname="com.InfoCabs.testcases.Book_6_Seater_with_PromoCode_TestCases_244_378"/>
  <testcase name="Test_Book_6_Seater_with_PromoCode_PromoCode_Text_Validation_358" time="2.197" classname="com.InfoCabs.testcases.Book_6_Seater_with_PromoCode_TestCases_244_378"/>
  <testcase name="Test_Book_6_Seater_with_PromoCode_Without_Discount_Price_359" time="2.187" classname="com.InfoCabs.testcases.Book_6_Seater_with_PromoCode_TestCases_244_378"/>
  <testcase name="Test_Book_6_Seater_with_PromoCode_With_DiscountPrice_360" time="2.181" classname="com.InfoCabs.testcases.Book_6_Seater_with_PromoCode_TestCases_244_378"/>
  <testcase name="Test_Book_6_Seater_with_PromoCode_ClickOnBookConfirmButton_361" time="9.635" classname="com.InfoCabs.testcases.Book_6_Seater_with_PromoCode_TestCases_244_378"/>
  <testcase name="Test_Book_6_Seater_with_PromoCode_Push_CustomerApp_toBackground_and_start_RiderApp_362" time="10.395" classname="com.InfoCabs.testcases.Book_6_Seater_with_PromoCode_TestCases_244_378"/>
  <testcase name="Test_Book_6_Seater_with_PromoCode_AcceptCustomer_ride_364" time="8.866" classname="com.InfoCabs.testcases.Book_6_Seater_with_PromoCode_TestCases_244_378"/>
  <testcase name="Test_Book_6_Seater_with_PromoCode_Push_Rider_toBackground_and_start_CustomerApp_365" time="19.559" classname="com.InfoCabs.testcases.Book_6_Seater_with_PromoCode_TestCases_244_378"/>
  <testcase name="Test_Book_6_Seater_with_PromoCode_weHave_Sent_Text_arePresent_366" time="14.668" classname="com.InfoCabs.testcases.Book_6_Seater_with_PromoCode_TestCases_244_378"/>
  <testcase name="Test_Book_6_Seater_with_PromoCode_Push_CustomerApp_toBackground_and_start_RiderApp_367" time="13.480" classname="com.InfoCabs.testcases.Book_6_Seater_with_PromoCode_TestCases_244_378"/>
  <testcase name="Test_BBook_6_Seater_with_PromoCode_ClickOnWait_ride_368" time="4.367" classname="com.InfoCabs.testcases.Book_6_Seater_with_PromoCode_TestCases_244_378"/>
  <testcase name="Test_Book_6_Seater_with_PromoCode_ClickOnPOB_Button_ride_369" time="4.377" classname="com.InfoCabs.testcases.Book_6_Seater_with_PromoCode_TestCases_244_378"/>
  <testcase name="Test_Book_6_Seater_with_PromoCode_Push_Rider_toBackground_and_start_CustomerApp_371" time="19.536" classname="com.InfoCabs.testcases.Book_6_Seater_with_PromoCode_TestCases_244_378"/>
  <testcase name="Test_Book_SaloonWith_PrmoCode_You_arein_yourway_Text_arePresent_371" time="23.710" classname="com.InfoCabs.testcases.Book_6_Seater_with_PromoCode_TestCases_244_378"/>
  <testcase name="Test_Book_6_Seater_with_PromoCode_CS_App_Push_CustomerApp_toBackground_and_start_RiderApp_372" time="9.492" classname="com.InfoCabs.testcases.Book_6_Seater_with_PromoCode_TestCases_244_378"/>
  <testcase name="Test_Book_6_Seater_with_PromoCode_ClickOnSTC_ride_373" time="4.269" classname="com.InfoCabs.testcases.Book_6_Seater_with_PromoCode_TestCases_244_378"/>
  <testcase name="Test_SBook_6_Seater_with_PromoCode_ClickOn_Clear_ride_374" time="4.256" classname="com.InfoCabs.testcases.Book_6_Seater_with_PromoCode_TestCases_244_378"/>
  <testcase name="Test_Book_6_Seater_with_PromoCode_Push_Rider_toBackground_and_start_CustomerApp_375" time="5.649" classname="com.InfoCabs.testcases.Book_6_Seater_with_PromoCode_TestCases_244_378"/>
  <testcase name="Test_Book_6_Seater_with_PromoCode_Rate_your_ride_Text_arePresent_376" time="36.173" classname="com.InfoCabs.testcases.Book_6_Seater_with_PromoCode_TestCases_244_378">
    <error type="org.openqa.selenium.StaleElementReferenceException" message="androidx.test.uiautomator.StaleObjectException
For documentation on this error, please visit: https://www.seleniumhq.org/exceptions/stale_element_reference.html
Build info: version: &#039;3.141.59&#039;, revision: &#039;e82be7d358&#039;, time: &#039;2018-11-14T08:17:03&#039;
System info: host: &#039;DESKTOP-CSMSJ8J&#039;, ip: &#039;192.168.0.199&#039;, os.name: &#039;Windows 10&#039;, os.arch: &#039;amd64&#039;, os.version: &#039;10.0&#039;, java.version: &#039;1.8.0_261&#039;
Driver info: io.appium.java_client.android.AndroidDriver
Capabilities {app: C:\Users\92336\git\InfoCabs..., appActivity: com.infosun.csandroidx.acti..., appPackage: com.infosun.dialaride, autoAcceptAlerts: true, autoGrantPermissions: true, databaseEnabled: false, desired: {app: C:\Users\92336\git\InfoCabs..., appActivity: com.infosun.csandroidx.acti..., appPackage: com.infosun.dialaride, autoAcceptAlerts: true, autoGrantPermissions: true, deviceName: Galaxy J7 Pro, newCommandTimeout: 60, platformName: android, platformVersion: 7, resetKeyboard: false, udid: 52006c45b4f164dd, unicodeKeyboard: false}, deviceApiLevel: 24, deviceManufacturer: samsung, deviceModel: SM-J730F, deviceName: 52006c45b4f164dd, deviceScreenDensity: 420, deviceScreenSize: 1080x1920, deviceUDID: 52006c45b4f164dd, javascriptEnabled: true, locationContextEnabled: false, networkConnectionEnabled: true, newCommandTimeout: 60, pixelRatio: 2.625, platform: LINUX, platformName: Android, platformVersion: 7.0, resetKeyboard: false, statBarHeight: 63, takesScreenshot: true, udid: 52006c45b4f164dd, unicodeKeyboard: false, viewportRect: {height: 1857, left: 0, top: 63, width: 1080}, warnings: {}, webStorageEnabled: false}
Session ID: 4c453c6b-23cc-4525-92c4-a38aba911740">
      <![CDATA[org.openqa.selenium.StaleElementReferenceException: androidx.test.uiautomator.StaleObjectException
For documentation on this error, please visit: https://www.seleniumhq.org/exceptions/stale_element_reference.html
Build info: version: '3.141.59', revision: 'e82be7d358', time: '2018-11-14T08:17:03'
System info: host: 'DESKTOP-CSMSJ8J', ip: '192.168.0.199', os.name: 'Windows 10', os.arch: 'amd64', os.version: '10.0', java.version: '1.8.0_261'
Driver info: io.appium.java_client.android.AndroidDriver
Capabilities {app: C:\Users\92336\git\InfoCabs..., appActivity: com.infosun.csandroidx.acti..., appPackage: com.infosun.dialaride, autoAcceptAlerts: true, autoGrantPermissions: true, databaseEnabled: false, desired: {app: C:\Users\92336\git\InfoCabs..., appActivity: com.infosun.csandroidx.acti..., appPackage: com.infosun.dialaride, autoAcceptAlerts: true, autoGrantPermissions: true, deviceName: Galaxy J7 Pro, newCommandTimeout: 60, platformName: android, platformVersion: 7, resetKeyboard: false, udid: 52006c45b4f164dd, unicodeKeyboard: false}, deviceApiLevel: 24, deviceManufacturer: samsung, deviceModel: SM-J730F, deviceName: 52006c45b4f164dd, deviceScreenDensity: 420, deviceScreenSize: 1080x1920, deviceUDID: 52006c45b4f164dd, javascriptEnabled: true, locationContextEnabled: false, networkConnectionEnabled: true, newCommandTimeout: 60, pixelRatio: 2.625, platform: LINUX, platformName: Android, platformVersion: 7.0, resetKeyboard: false, statBarHeight: 63, takesScreenshot: true, udid: 52006c45b4f164dd, unicodeKeyboard: false, viewportRect: {height: 1857, left: 0, top: 63, width: 1080}, warnings: {}, webStorageEnabled: false}
Session ID: 4c453c6b-23cc-4525-92c4-a38aba911740
at sun.reflect.NativeConstructorAccessorImpl.newInstance0(Native Method)
at sun.reflect.NativeConstructorAccessorImpl.newInstance(NativeConstructorAccessorImpl.java:62)
at sun.reflect.DelegatingConstructorAccessorImpl.newInstance(DelegatingConstructorAccessorImpl.java:45)
at java.lang.reflect.Constructor.newInstance(Constructor.java:423)
at org.openqa.selenium.remote.http.W3CHttpResponseCodec.createException(W3CHttpResponseCodec.java:187)
at org.openqa.selenium.remote.http.W3CHttpResponseCodec.decode(W3CHttpResponseCodec.java:122)
at org.openqa.selenium.remote.http.W3CHttpResponseCodec.decode(W3CHttpResponseCodec.java:49)
at org.openqa.selenium.remote.HttpCommandExecutor.execute(HttpCommandExecutor.java:158)
at io.appium.java_client.remote.AppiumCommandExecutor.execute(AppiumCommandExecutor.java:239)
at org.openqa.selenium.remote.RemoteWebDriver.execute(RemoteWebDriver.java:552)
at io.appium.java_client.DefaultGenericMobileDriver.execute(DefaultGenericMobileDriver.java:41)
at io.appium.java_client.AppiumDriver.execute(AppiumDriver.java:1)
at io.appium.java_client.android.AndroidDriver.execute(AndroidDriver.java:1)
at org.openqa.selenium.remote.RemoteWebElement.execute(RemoteWebElement.java:285)
at io.appium.java_client.DefaultGenericMobileElement.execute(DefaultGenericMobileElement.java:45)
at io.appium.java_client.MobileElement.execute(MobileElement.java:1)
at io.appium.java_client.android.AndroidElement.execute(AndroidElement.java:1)
at org.openqa.selenium.remote.RemoteWebElement.isDisplayed(RemoteWebElement.java:326)
at com.InfoCabs.testcases.Book_6_Seater_with_PromoCode_TestCases_244_378.Test_Book_6_Seater_with_PromoCode_Rate_your_ride_Text_arePresent_376(Book_6_Seater_with_PromoCode_TestCases_244_378.java:559)
at sun.reflect.NativeMethodAccessorImpl.invoke0(Native Method)
at sun.reflect.NativeMethodAccessorImpl.invoke(NativeMethodAccessorImpl.java:62)
at sun.reflect.DelegatingMethodAccessorImpl.invoke(DelegatingMethodAccessorImpl.java:43)
at java.lang.reflect.Method.invoke(Method.java:498)
at org.testng.internal.MethodInvocationHelper.invokeMethod(MethodInvocationHelper.java:133)
at org.testng.internal.TestInvoker.invokeMethod(TestInvoker.java:584)
at org.testng.internal.TestInvoker.invokeTestMethod(TestInvoker.java:172)
at org.testng.internal.MethodRunner.runInSequence(MethodRunner.java:46)
at org.testng.internal.TestInvoker$MethodInvocationAgent.invoke(TestInvoker.java:804)
at org.testng.internal.TestInvoker.invokeTestMethods(TestInvoker.java:145)
at org.testng.internal.TestMethodWorker.invokeTestMethods(TestMethodWorker.java:146)
at org.testng.internal.TestMethodWorker.run(TestMethodWorker.java:128)
at java.util.ArrayList.forEach(ArrayList.java:1259)
at org.testng.TestRunner.privateRun(TestRunner.java:770)
at org.testng.TestRunner.run(TestRunner.java:591)
at org.testng.SuiteRunner.runTest(SuiteRunner.java:402)
at org.testng.SuiteRunner.runSequentially(SuiteRunner.java:396)
at org.testng.SuiteRunner.privateRun(SuiteRunner.java:355)
at org.testng.SuiteRunner.run(SuiteRunner.java:304)
at org.testng.SuiteRunnerWorker.runSuite(SuiteRunnerWorker.java:53)
at org.testng.SuiteRunnerWorker.run(SuiteRunnerWorker.java:96)
at org.testng.TestNG.runSuitesSequentially(TestNG.java:1180)
at org.testng.TestNG.runSuitesLocally(TestNG.java:1102)
at org.testng.TestNG.runSuites(TestNG.java:1032)
at org.testng.TestNG.run(TestNG.java:1000)
at org.testng.remote.AbstractRemoteTestNG.run(AbstractRemoteTestNG.java:115)
at org.testng.remote.RemoteTestNG.initAndRun(RemoteTestNG.java:251)
at org.testng.remote.RemoteTestNG.main(RemoteTestNG.java:77)
]]>
    </error>
  </testcase> <!-- Test_Book_6_Seater_with_PromoCode_Rate_your_ride_Text_arePresent_376 -->
  <testcase name="Test_Book_6_Seater_with_PromoCode_Feedback_Field_arePresent_377" time="4.326" classname="com.InfoCabs.testcases.Book_6_Seater_with_PromoCode_TestCases_244_378"/>
  <testcase name="Test_Book_6_Seater_with_PromoCode_SubmitFeedback_ButtonAndText_378" time="4.263" classname="com.InfoCabs.testcases.Book_6_Seater_with_PromoCode_TestCases_244_378"/>
</testsuite> <!-- com.InfoCabs.testcases.Book_6_Seater_with_PromoCode_TestCases_244_378 -->
