<?xml version="1.0" encoding="UTF-8"?>
<!-- Generated by org.testng.reporters.JUnitReportReporter -->
<testsuite skipped="0" hostname="DESKTOP-CSMSJ8J" name="com.InfoCabs.testcases.Book_8_Seater_with_CreaditCards_TestCases_503_525" tests="23" failures="0" timestamp="2021-01-12T21:38:31 PKT" time="189.913" errors="0">
  <testcase name="Test_Book_8_Seater_with_CreaditCards_EnterDropofAddress_Cab_503" time="12.484" classname="com.InfoCabs.testcases.Book_8_Seater_with_CreaditCards_TestCases_503_525"/>
  <testcase name="Test_Book_8_Seater_with_CreaditCards_Moveto_6Seater_504" time="11.025" classname="com.InfoCabs.testcases.Book_8_Seater_with_CreaditCards_TestCases_503_525"/>
  <testcase name="Test_Book_8_Seater_with_CreaditCards_Moveto_8_Seater_505" time="11.036" classname="com.InfoCabs.testcases.Book_8_Seater_with_CreaditCards_TestCases_503_525"/>
  <testcase name="Test_Book_8_Seater_with_CreaditCards_6_Seater_Text_arePresent_506" time="2.163" classname="com.InfoCabs.testcases.Book_8_Seater_with_CreaditCards_TestCases_503_525"/>
  <testcase name="Test_Book_8_Seater_with_CreaditCards_ClickOnBookNow_Button_Cab_507" time="8.834" classname="com.InfoCabs.testcases.Book_8_Seater_with_CreaditCards_TestCases_503_525"/>
  <testcase name="Test_Book_8_Seater_with_CreaditCards_Select_Cash_FromDrop_508" time="5.493" classname="com.InfoCabs.testcases.Book_8_Seater_with_CreaditCards_TestCases_503_525"/>
  <testcase name="Test_Book_8_Seater_with_CreaditCards_ClickOnBookConfirmButton_509" time="9.570" classname="com.InfoCabs.testcases.Book_8_Seater_with_CreaditCards_TestCases_503_525"/>
  <testcase name="Test_Book_8_Seater_with_CreaditCards_Push_CustomerApp_toBackground_and_start_RiderApp_510" time="5.496" classname="com.InfoCabs.testcases.Book_8_Seater_with_CreaditCards_TestCases_503_525"/>
  <testcase name="Test_Book_8_Seater_with_CreaditCards_AcceptCustomer_ride_511" time="8.402" classname="com.InfoCabs.testcases.Book_8_Seater_with_CreaditCards_TestCases_503_525"/>
  <testcase name="Test_Book_8_Seater_with_CreaditCards_Push_Rider_toBackground_and_start_CustomerApp_512" time="17.642" classname="com.InfoCabs.testcases.Book_8_Seater_with_CreaditCards_TestCases_503_525"/>
  <testcase name="Test_Book_8_Seater_with_CreaditCards_weHave_Sent_Text_arePresent_513" time="9.753" classname="com.InfoCabs.testcases.Book_8_Seater_with_CreaditCards_TestCases_503_525"/>
  <testcase name="Test_Book_8_Seater_with_CreaditCards_Push_CustomerApp_toBackground_and_start_RiderApp_514" time="13.709" classname="com.InfoCabs.testcases.Book_8_Seater_with_CreaditCards_TestCases_503_525"/>
  <testcase name="Test_Book_8_Seater_with_CreaditCards_ClickOnWait_ride_515" time="4.244" classname="com.InfoCabs.testcases.Book_8_Seater_with_CreaditCards_TestCases_503_525"/>
  <testcase name="Test_Book_8_Seater_with_CreaditCards_ClickOnPOB_Button_ride_516" time="5.237" classname="com.InfoCabs.testcases.Book_8_Seater_with_CreaditCards_TestCases_503_525"/>
  <testcase name="Test_BBook_8_Seater_with_CreaditCards_Push_Rider_toBackground_and_start_CustomerApp_517" time="18.231" classname="com.InfoCabs.testcases.Book_8_Seater_with_CreaditCards_TestCases_503_525"/>
  <testcase name="Test_Book_8_Seater_with_CreaditCards_You_arein_yourway_Text_arePresent_518" time="11.249" classname="com.InfoCabs.testcases.Book_8_Seater_with_CreaditCards_TestCases_503_525"/>
  <testcase name="Test_Book_8_Seater_with_CreaditCards_CS_App_Push_CustomerApp_toBackground_and_start_RiderApp_519" time="9.593" classname="com.InfoCabs.testcases.Book_8_Seater_with_CreaditCards_TestCases_503_525"/>
  <testcase name="Test_Book_8_Seater_with_CreaditCards_ClickOnSTC_ride_520" time="4.816" classname="com.InfoCabs.testcases.Book_8_Seater_with_CreaditCards_TestCases_503_525"/>
  <testcase name="Test_Book_8_Seater_with_CreaditCards_ClickOn_Clear_ride_521" time="4.261" classname="com.InfoCabs.testcases.Book_8_Seater_with_CreaditCards_TestCases_503_525"/>
  <testcase name="Test_Book_8_Seater_with_CreaditCards_Push_Rider_toBackground_and_start_CustomerApp_522" time="6.928" classname="com.InfoCabs.testcases.Book_8_Seater_with_CreaditCards_TestCases_503_525"/>
  <testcase name="Test_Book_8_Seater_with_CreaditCards_Rate_your_ride_Text_arePresent_523" time="2.417" classname="com.InfoCabs.testcases.Book_8_Seater_with_CreaditCards_TestCases_503_525"/>
  <testcase name="Test_Book_8_Seater_with_CreaditCards_Feedback_Field_arePresent_524" time="2.986" classname="com.InfoCabs.testcases.Book_8_Seater_with_CreaditCards_TestCases_503_525"/>
  <testcase name="Test_Book_8_Seater_with_CreaditCards_SubmitFeedback_ButtonAndText_525" time="4.344" classname="com.InfoCabs.testcases.Book_8_Seater_with_CreaditCards_TestCases_503_525"/>
</testsuite> <!-- com.InfoCabs.testcases.Book_8_Seater_with_CreaditCards_TestCases_503_525 -->
