<?xml version="1.0" encoding="UTF-8"?>
<!-- Generated by org.testng.reporters.JUnitReportReporter -->
<testsuite skipped="0" hostname="DESKTOP-CSMSJ8J" name="com.InfoCabs.testcases.Book_8_Seater_TestCases_440_466" tests="26" failures="0" timestamp="2021-01-11T21:38:31 PKT" time="239.818" errors="0">
  <testcase name="Test_Book_8_Seater_LunchDriver_App_LunchNewDriver_App_440" time="4.481" classname="com.InfoCabs.testcases.Book_8_Seater_TestCases_440_466"/>
  <testcase name="Test_Book_8_Seater_LunchDriver_App_LogintoRiderApp_442" time="41.818" classname="com.InfoCabs.testcases.Book_8_Seater_TestCases_440_466"/>
  <testcase name="Test_Book_8_Seater_LunchDriver_App_Backto_CustomerApp_443" time="7.025" classname="com.InfoCabs.testcases.Book_8_Seater_TestCases_440_466"/>
  <testcase name="Test_Book_8_Seater_EnterDropofAddress_Cab_444" time="9.732" classname="com.InfoCabs.testcases.Book_8_Seater_TestCases_440_466"/>
  <testcase name="Test_Book_8_Seater_Moveto_6Seater_445" time="10.943" classname="com.InfoCabs.testcases.Book_8_Seater_TestCases_440_466"/>
  <testcase name="Test_Book_8_Seater_Moveto_8_Seater_446" time="10.956" classname="com.InfoCabs.testcases.Book_8_Seater_TestCases_440_466"/>
  <testcase name="Test_Book_8_Seater_6_Seater_Text_arePresent_447" time="2.115" classname="com.InfoCabs.testcases.Book_8_Seater_TestCases_440_466"/>
  <testcase name="Test_Book_8_Seater_ClickOnBookNow_Button_Cab_448" time="8.465" classname="com.InfoCabs.testcases.Book_8_Seater_TestCases_440_466"/>
  <testcase name="Test_Book_8_Seater_Select_Cash_FromDrop_449" time="5.770" classname="com.InfoCabs.testcases.Book_8_Seater_TestCases_440_466"/>
  <testcase name="Test_Book_8_Seater_ClickOnBookConfirmButton_450" time="9.492" classname="com.InfoCabs.testcases.Book_8_Seater_TestCases_440_466"/>
  <testcase name="Test_Book_8_Seater_Push_CustomerApp_toBackground_and_start_RiderApp_451" time="5.657" classname="com.InfoCabs.testcases.Book_8_Seater_TestCases_440_466"/>
  <testcase name="Test_Book_8_Seater_AcceptCustomer_ride_452" time="8.571" classname="com.InfoCabs.testcases.Book_8_Seater_TestCases_440_466"/>
  <testcase name="Test_Book_8_Seater_Push_Rider_toBackground_and_start_CustomerApp_453" time="17.366" classname="com.InfoCabs.testcases.Book_8_Seater_TestCases_440_466"/>
  <testcase name="Test_Book_8_Seater_weHave_Sent_Text_arePresent_454" time="11.054" classname="com.InfoCabs.testcases.Book_8_Seater_TestCases_440_466"/>
  <testcase name="Test_Book_8_Seater_Push_CustomerApp_toBackground_and_start_RiderApp_455" time="13.521" classname="com.InfoCabs.testcases.Book_8_Seater_TestCases_440_466"/>
  <testcase name="Test_Book_8_Seater_ClickOnWait_ride_456" time="4.261" classname="com.InfoCabs.testcases.Book_8_Seater_TestCases_440_466"/>
  <testcase name="Test_Book_8_Seater_ClickOnPOB_Button_ride_457" time="4.292" classname="com.InfoCabs.testcases.Book_8_Seater_TestCases_440_466"/>
  <testcase name="Test_Book_8_Seater_Push_Rider_toBackground_and_start_CustomerApp_458" time="17.778" classname="com.InfoCabs.testcases.Book_8_Seater_TestCases_440_466"/>
  <testcase name="Test_Book_8_Seater_You_arein_yourway_Text_arePresent_459" time="10.589" classname="com.InfoCabs.testcases.Book_8_Seater_TestCases_440_466"/>
  <testcase name="Test_Book_8_Seater_CS_App_Push_CustomerApp_toBackground_and_start_RiderApp_460" time="9.568" classname="com.InfoCabs.testcases.Book_8_Seater_TestCases_440_466"/>
  <testcase name="Test_Book_8_Seater_ClickOnSTC_ride_461" time="5.002" classname="com.InfoCabs.testcases.Book_8_Seater_TestCases_440_466"/>
  <testcase name="Test_Book_8_Seater_ClickOn_Clear_ride_462" time="4.753" classname="com.InfoCabs.testcases.Book_8_Seater_TestCases_440_466"/>
  <testcase name="Test_Book_8_Seater_Push_Rider_toBackground_and_start_CustomerApp_463" time="6.878" classname="com.InfoCabs.testcases.Book_8_Seater_TestCases_440_466"/>
  <testcase name="Test_Book_8_Seater_Rate_your_ride_Text_arePresent_464" time="2.373" classname="com.InfoCabs.testcases.Book_8_Seater_TestCases_440_466"/>
  <testcase name="Test_BBook_8_Seater_Feedback_Field_arePresent_465" time="2.937" classname="com.InfoCabs.testcases.Book_8_Seater_TestCases_440_466"/>
  <testcase name="Test_Book_8_Seater_SubmitFeedback_ButtonAndText_466" time="4.421" classname="com.InfoCabs.testcases.Book_8_Seater_TestCases_440_466"/>
</testsuite> <!-- com.InfoCabs.testcases.Book_8_Seater_TestCases_440_466 -->
