<?xml version="1.0" encoding="UTF-8"?>
<!-- Generated by org.testng.reporters.JUnitReportReporter -->
<testsuite skipped="0" hostname="DESKTOP-CSMSJ8J" name="com.InfoCabs.testcases.MyTrips_CompletedRide_with_Different_fedback_TestCases" tests="17" failures="0" timestamp="2021-01-12T21:38:31 PKT" time="156.944" errors="0">
  <testcase name="Test_MyTrips_CompletedRide_with_Different_fedback_LunchNewDriver_App_686" time="4.913" classname="com.InfoCabs.testcases.MyTrips_CompletedRide_with_Different_fedback_TestCases"/>
  <testcase name="Test_MyTrips_CompletedRide_with_Different_fedback_LogintoRiderApp_688" time="20.793" classname="com.InfoCabs.testcases.MyTrips_CompletedRide_with_Different_fedback_TestCases"/>
  <testcase name="Test_MyTrips_CompletedRide_with_Different_fedback_Backto_CustomerApp_689" time="7.344" classname="com.InfoCabs.testcases.MyTrips_CompletedRide_with_Different_fedback_TestCases"/>
  <testcase name="Test_MyTrips_CompletedRide_with_Different_fedback_ClickOnBookNow_Button_Cab_690" time="9.462" classname="com.InfoCabs.testcases.MyTrips_CompletedRide_with_Different_fedback_TestCases"/>
  <testcase name="Test_MyTrips_CompletedRide_with_Different_fedback_ClickOnBookConfirmButton_691" time="9.531" classname="com.InfoCabs.testcases.MyTrips_CompletedRide_with_Different_fedback_TestCases"/>
  <testcase name="Test_Book_Saloon_With_CreditCard_Push_CustomerApp_toBackground_and_start_RiderApp_692" time="7.615" classname="com.InfoCabs.testcases.MyTrips_CompletedRide_with_Different_fedback_TestCases"/>
  <testcase name="Test_MyTrips_CompletedRide_with_Different_fedback_AcceptCustomer_ride_693" time="27.322" classname="com.InfoCabs.testcases.MyTrips_CompletedRide_with_Different_fedback_TestCases"/>
  <testcase name="Test_MyTrips_CompletedRide_with_Different_fedback_ClickOnWait_ride_694" time="7.336" classname="com.InfoCabs.testcases.MyTrips_CompletedRide_with_Different_fedback_TestCases"/>
  <testcase name="Test_MyTrips_CompletedRide_with_Different_fedback_ClickOnPOB_Button_ride_695" time="8.347" classname="com.InfoCabs.testcases.MyTrips_CompletedRide_with_Different_fedback_TestCases"/>
  <testcase name="Test_MyTrips_CompletedRide_with_Different_fedback_ClickOnSTC_ride_696" time="8.938" classname="com.InfoCabs.testcases.MyTrips_CompletedRide_with_Different_fedback_TestCases"/>
  <testcase name="Test_MyTrips_CompletedRide_with_Different_fedback_ClickOn_Clear_ride_697" time="7.297" classname="com.InfoCabs.testcases.MyTrips_CompletedRide_with_Different_fedback_TestCases"/>
  <testcase name="Test_MyTrips_CompletedRide_with_Different_fedback_start_CustomerApp_698" time="7.254" classname="com.InfoCabs.testcases.MyTrips_CompletedRide_with_Different_fedback_TestCases"/>
  <testcase name="Test_MyTrips_CompletedRide_with_Different_fedback_Rate_your_ride_Text_arePresent_699" time="2.151" classname="com.InfoCabs.testcases.MyTrips_CompletedRide_with_Different_fedback_TestCases"/>
  <testcase name="Test_MyTrips_CompletedRide_with_Different_fedback_Feedback_Field_arePresent_700" time="2.731" classname="com.InfoCabs.testcases.MyTrips_CompletedRide_with_Different_fedback_TestCases"/>
  <testcase name="Test_MyTrips_CompletedRide_with_Different_fedback_SubmitFeedback_ButtonAndText_701" time="4.233" classname="com.InfoCabs.testcases.MyTrips_CompletedRide_with_Different_fedback_TestCases"/>
  <testcase name="Test_MyTrips_CompletedRide_with_Different_fedback_ClickOn_SideMenu_Button_702" time="11.724" classname="com.InfoCabs.testcases.MyTrips_CompletedRide_with_Different_fedback_TestCases"/>
  <testcase name="Test_MyTrips_CompletedRide_with_Different_fedback_ClickOn_SideMenu__MyTrips_Button_703" time="9.953" classname="com.InfoCabs.testcases.MyTrips_CompletedRide_with_Different_fedback_TestCases"/>
</testsuite> <!-- com.InfoCabs.testcases.MyTrips_CompletedRide_with_Different_fedback_TestCases -->
