<?xml version="1.0" encoding="UTF-8"?>
<!-- Generated by org.testng.reporters.JUnitReportReporter -->
<testsuite skipped="0" hostname="DESKTOP-CSMSJ8J" name="com.InfoCabs.testcases.MyTrips_CompletedRide_with_Different_fedback_TestCases_686_710" tests="24" failures="0" timestamp="2021-01-27T19:58:46 PKT" time="201.507" errors="0">
  <testcase name="Test_MyTrips_CompletedRide_with_Different_fedback_LunchNewDriver_App_686" time="4.546" classname="com.InfoCabs.testcases.MyTrips_CompletedRide_with_Different_fedback_TestCases_686_710"/>
  <testcase name="Test_MyTrips_CompletedRide_with_Different_fedback_LogintoRiderApp_688" time="40.468" classname="com.InfoCabs.testcases.MyTrips_CompletedRide_with_Different_fedback_TestCases_686_710"/>
  <testcase name="Test_MyTrips_CompletedRide_with_Different_fedback_Backto_CustomerApp_689" time="6.900" classname="com.InfoCabs.testcases.MyTrips_CompletedRide_with_Different_fedback_TestCases_686_710"/>
  <testcase name="Test_MyTrips_CompletedRide_with_Different_fedback_ClickOnBookNow_Button_Cab_690" time="9.541" classname="com.InfoCabs.testcases.MyTrips_CompletedRide_with_Different_fedback_TestCases_686_710"/>
  <testcase name="Test_MyTrips_CompletedRide_with_Different_fedback_ClickOnBookConfirmButton_691" time="9.510" classname="com.InfoCabs.testcases.MyTrips_CompletedRide_with_Different_fedback_TestCases_686_710"/>
  <testcase name="Test_Book_Saloon_With_CreditCard_Push_CustomerApp_toBackground_and_start_RiderApp_692" time="7.609" classname="com.InfoCabs.testcases.MyTrips_CompletedRide_with_Different_fedback_TestCases_686_710"/>
  <testcase name="Test_MyTrips_CompletedRide_with_Different_fedback_AcceptCustomer_ride_693" time="21.916" classname="com.InfoCabs.testcases.MyTrips_CompletedRide_with_Different_fedback_TestCases_686_710"/>
  <testcase name="Test_MyTrips_CompletedRide_with_Different_fedback_ClickOnWait_ride_694" time="7.262" classname="com.InfoCabs.testcases.MyTrips_CompletedRide_with_Different_fedback_TestCases_686_710"/>
  <testcase name="Test_MyTrips_CompletedRide_with_Different_fedback_ClickOnPOB_Button_ride_695" time="8.284" classname="com.InfoCabs.testcases.MyTrips_CompletedRide_with_Different_fedback_TestCases_686_710"/>
  <testcase name="Test_MyTrips_CompletedRide_with_Different_fedback_ClickOnSTC_ride_696" time="8.172" classname="com.InfoCabs.testcases.MyTrips_CompletedRide_with_Different_fedback_TestCases_686_710"/>
  <testcase name="Test_MyTrips_CompletedRide_with_Different_fedback_ClickOn_Clear_ride_697" time="7.272" classname="com.InfoCabs.testcases.MyTrips_CompletedRide_with_Different_fedback_TestCases_686_710"/>
  <testcase name="Test_MyTrips_CompletedRide_with_Different_fedback_start_CustomerApp_698" time="6.926" classname="com.InfoCabs.testcases.MyTrips_CompletedRide_with_Different_fedback_TestCases_686_710"/>
  <testcase name="Test_MyTrips_CompletedRide_with_Different_fedback_Rate_your_ride_Text_arePresent_699" time="5.376" classname="com.InfoCabs.testcases.MyTrips_CompletedRide_with_Different_fedback_TestCases_686_710"/>
  <testcase name="Test_MyTrips_CompletedRide_with_Different_fedback_Feedback_Field_arePresent_700" time="2.739" classname="com.InfoCabs.testcases.MyTrips_CompletedRide_with_Different_fedback_TestCases_686_710"/>
  <testcase name="Test_MyTrips_CompletedRide_with_Different_fedback_SubmitFeedback_ButtonAndText_701" time="4.193" classname="com.InfoCabs.testcases.MyTrips_CompletedRide_with_Different_fedback_TestCases_686_710"/>
  <testcase name="Test_MyTrips_CompletedRide_with_Different_fedback_ClickOn_SideMenu_Button_702" time="14.210" classname="com.InfoCabs.testcases.MyTrips_CompletedRide_with_Different_fedback_TestCases_686_710"/>
  <testcase name="Test_MyTrips_CompletedRide_with_Different_fedback_ClickOn_SideMenu__MyTrips_Button_703" time="12.827" classname="com.InfoCabs.testcases.MyTrips_CompletedRide_with_Different_fedback_TestCases_686_710"/>
  <testcase name="Test_MyTrips_CompletedRide_with_Different_fedback_Check_for_index1_CancelRide_Option_704" time="2.571" classname="com.InfoCabs.testcases.MyTrips_CompletedRide_with_Different_fedback_TestCases_686_710"/>
  <testcase name="Test_MyTrips_CompletedRide_with_Different_fedback_CheckPickoff_Address_705" time="2.320" classname="com.InfoCabs.testcases.MyTrips_CompletedRide_with_Different_fedback_TestCases_686_710"/>
  <testcase name="Test_MyTrips_CompletedRide_with_Different_fedback_CheckDropOff_Address_706" time="2.325" classname="com.InfoCabs.testcases.MyTrips_CompletedRide_with_Different_fedback_TestCases_686_710"/>
  <testcase name="Test_MyTrips_CompletedRide_with_Different_fedback_Date_and_Time_707" time="2.315" classname="com.InfoCabs.testcases.MyTrips_CompletedRide_with_Different_fedback_TestCases_686_710"/>
  <testcase name="Test_MyTrips_Cancelled_Ride_And_Rebook_Check_for_Cancelled_Text_and_Button_708" time="2.315" classname="com.InfoCabs.testcases.MyTrips_CompletedRide_with_Different_fedback_TestCases_686_710"/>
  <testcase name="Test_MyTrips_Cancelled_Ride_And_Rebook_Check_for_Amount_Text_and_Button_709" time="2.274" classname="com.InfoCabs.testcases.MyTrips_CompletedRide_with_Different_fedback_TestCases_686_710"/>
  <testcase name="Test_MyTrips_Cancelled_Ride_And_Rebook_ClickOn_Price_Button_710" time="9.636" classname="com.InfoCabs.testcases.MyTrips_CompletedRide_with_Different_fedback_TestCases_686_710"/>
</testsuite> <!-- com.InfoCabs.testcases.MyTrips_CompletedRide_with_Different_fedback_TestCases_686_710 -->
