<?xml version="1.0" encoding="UTF-8"?>
<!-- Generated by org.testng.reporters.JUnitReportReporter -->
<testsuite skipped="0" hostname="DESKTOP-CSMSJ8J" name="com.InfoCabs.testcases.Book_6_Seater_with_PromoCode_TestCases_244_378" tests="34" failures="0" timestamp="2021-01-30T02:01:02 PKT" time="277.261" errors="0">
  <testcase name="Test_Book_6_Seater_with_PromoCode_EnterDropofAddress_Cab_344" time="15.485" classname="com.InfoCabs.testcases.Book_6_Seater_with_PromoCode_TestCases_244_378"/>
  <testcase name="Test_Book_6_Seater_with_PromoCode_ClickOnBookNow_Button_Cab_345" time="10.054" classname="com.InfoCabs.testcases.Book_6_Seater_with_PromoCode_TestCases_244_378"/>
  <testcase name="Test_Book_6_Seater_with_PromoCode_6_Seater_Text_arePresent_346" time="2.282" classname="com.InfoCabs.testcases.Book_6_Seater_with_PromoCode_TestCases_244_378"/>
  <testcase name="Test_Book_6_Seater_with_PromoCode_ClickOnBookNow_Button_Cab_347" time="9.517" classname="com.InfoCabs.testcases.Book_6_Seater_with_PromoCode_TestCases_244_378"/>
  <testcase name="Test_Book_6_Seater_With_PrmoCode_ClickOn_AddPrmoCode_Button_Cab_348" time="4.457" classname="com.InfoCabs.testcases.Book_6_Seater_with_PromoCode_TestCases_244_378"/>
  <testcase name="Test_Book_6_Seater_with_PromoCode_CrossButton_is_present_349" time="2.184" classname="com.InfoCabs.testcases.Book_6_Seater_with_PromoCode_TestCases_244_378"/>
  <testcase name="Test_Book_6_Seater_with_PromoCode_EnterPromoCode_Text_arePresent_350" time="2.127" classname="com.InfoCabs.testcases.Book_6_Seater_with_PromoCode_TestCases_244_378"/>
  <testcase name="Test_Book_6_Seater_with_PromoCode_EnterPromoCode_Text_arePresent_351" time="2.286" classname="com.InfoCabs.testcases.Book_6_Seater_with_PromoCode_TestCases_244_378"/>
  <testcase name="Test_Book_6_Seater_with_PromoCode_EnterPrmocodeFirst_Validation_Text_arePresent_352" time="2.143" classname="com.InfoCabs.testcases.Book_6_Seater_with_PromoCode_TestCases_244_378"/>
  <testcase name="Test_Book_6_Seater_with_PromoCode_Enter_InvalidPromocode_chk_Validation_353" time="8.380" classname="com.InfoCabs.testcases.Book_6_Seater_with_PromoCode_TestCases_244_378"/>
  <testcase name="Test_Book_6_Seater_with_PromoCode_InvalidPromoCode_Validation_Text_arePresent_354" time="2.150" classname="com.InfoCabs.testcases.Book_6_Seater_with_PromoCode_TestCases_244_378"/>
  <testcase name="Test_Book_6_Seater_with_PromoCode_Enter_validPromocode_chk_Validation_355" time="5.892" classname="com.InfoCabs.testcases.Book_6_Seater_with_PromoCode_TestCases_244_378"/>
  <testcase name="Test_BBook_6_Seater_with_PromoCode_validPromoCode_Validation_Text_arePresent_356" time="2.154" classname="com.InfoCabs.testcases.Book_6_Seater_with_PromoCode_TestCases_244_378"/>
  <testcase name="Test_Book_6_Seater_with_PromoCode_SuccessMessage_Code_357" time="39.371" classname="com.InfoCabs.testcases.Book_6_Seater_with_PromoCode_TestCases_244_378"/>
  <testcase name="Test_Book_6_Seater_with_PromoCode_PromoCode_Text_Validation_358" time="2.168" classname="com.InfoCabs.testcases.Book_6_Seater_with_PromoCode_TestCases_244_378"/>
  <testcase name="Test_Book_6_Seater_with_PromoCode_Without_Discount_Price_359" time="2.125" classname="com.InfoCabs.testcases.Book_6_Seater_with_PromoCode_TestCases_244_378"/>
  <testcase name="Test_Book_6_Seater_with_PromoCode_With_DiscountPrice_360" time="2.139" classname="com.InfoCabs.testcases.Book_6_Seater_with_PromoCode_TestCases_244_378"/>
  <testcase name="Test_Book_6_Seater_with_PromoCode_ClickOnBookConfirmButton_361" time="9.587" classname="com.InfoCabs.testcases.Book_6_Seater_with_PromoCode_TestCases_244_378"/>
  <testcase name="Test_Book_6_Seater_with_PromoCode_Push_CustomerApp_toBackground_and_start_RiderApp_362" time="10.500" classname="com.InfoCabs.testcases.Book_6_Seater_with_PromoCode_TestCases_244_378"/>
  <testcase name="Test_Book_6_Seater_with_PromoCode_AcceptCustomer_ride_364" time="8.819" classname="com.InfoCabs.testcases.Book_6_Seater_with_PromoCode_TestCases_244_378"/>
  <testcase name="Test_Book_6_Seater_with_PromoCode_Push_Rider_toBackground_and_start_CustomerApp_365" time="19.439" classname="com.InfoCabs.testcases.Book_6_Seater_with_PromoCode_TestCases_244_378"/>
  <testcase name="Test_Book_6_Seater_with_PromoCode_weHave_Sent_Text_arePresent_366" time="18.207" classname="com.InfoCabs.testcases.Book_6_Seater_with_PromoCode_TestCases_244_378"/>
  <testcase name="Test_Book_6_Seater_with_PromoCode_Push_CustomerApp_toBackground_and_start_RiderApp_367" time="13.456" classname="com.InfoCabs.testcases.Book_6_Seater_with_PromoCode_TestCases_244_378"/>
  <testcase name="Test_BBook_6_Seater_with_PromoCode_ClickOnWait_ride_368" time="4.452" classname="com.InfoCabs.testcases.Book_6_Seater_with_PromoCode_TestCases_244_378"/>
  <testcase name="Test_Book_6_Seater_with_PromoCode_ClickOnPOB_Button_ride_369" time="4.340" classname="com.InfoCabs.testcases.Book_6_Seater_with_PromoCode_TestCases_244_378"/>
  <testcase name="Test_Book_6_Seater_with_PromoCode_Push_Rider_toBackground_and_start_CustomerApp_371" time="19.762" classname="com.InfoCabs.testcases.Book_6_Seater_with_PromoCode_TestCases_244_378"/>
  <testcase name="Test_Book_SaloonWith_PrmoCode_You_arein_yourway_Text_arePresent_371" time="15.257" classname="com.InfoCabs.testcases.Book_6_Seater_with_PromoCode_TestCases_244_378"/>
  <testcase name="Test_Book_6_Seater_with_PromoCode_CS_App_Push_CustomerApp_toBackground_and_start_RiderApp_372" time="9.524" classname="com.InfoCabs.testcases.Book_6_Seater_with_PromoCode_TestCases_244_378"/>
  <testcase name="Test_Book_6_Seater_with_PromoCode_ClickOnSTC_ride_373" time="4.482" classname="com.InfoCabs.testcases.Book_6_Seater_with_PromoCode_TestCases_244_378"/>
  <testcase name="Test_SBook_6_Seater_with_PromoCode_ClickOn_Clear_ride_374" time="4.282" classname="com.InfoCabs.testcases.Book_6_Seater_with_PromoCode_TestCases_244_378"/>
  <testcase name="Test_Book_6_Seater_with_PromoCode_Push_Rider_toBackground_and_start_CustomerApp_375" time="6.888" classname="com.InfoCabs.testcases.Book_6_Seater_with_PromoCode_TestCases_244_378"/>
  <testcase name="Test_Book_6_Seater_with_PromoCode_Rate_your_ride_Text_arePresent_376" time="6.346" classname="com.InfoCabs.testcases.Book_6_Seater_with_PromoCode_TestCases_244_378"/>
  <testcase name="Test_Book_6_Seater_with_PromoCode_Feedback_Field_arePresent_377" time="2.748" classname="com.InfoCabs.testcases.Book_6_Seater_with_PromoCode_TestCases_244_378"/>
  <testcase name="Test_Book_6_Seater_with_PromoCode_SubmitFeedback_ButtonAndText_378" time="4.258" classname="com.InfoCabs.testcases.Book_6_Seater_with_PromoCode_TestCases_244_378"/>
</testsuite> <!-- com.InfoCabs.testcases.Book_6_Seater_with_PromoCode_TestCases_244_378 -->
