<?xml version="1.0" encoding="UTF-8"?>
<!-- Generated by org.testng.reporters.JUnitReportReporter -->
<testsuite skipped="0" hostname="DESKTOP-CSMSJ8J" name="com.InfoCabs.testcases.POB_Page_TestCases_181_217" tests="37" failures="0" timestamp="2021-01-27T02:10:51 PKT" time="203.167" errors="0">
  <testcase name="Test_POB_Page_EnterDropofAddress_Cab_181" time="16.365" classname="com.InfoCabs.testcases.POB_Page_TestCases_181_217"/>
  <testcase name="Test_POB_Page_ClickOnBookNow_Button_Cab_182" time="9.991" classname="com.InfoCabs.testcases.POB_Page_TestCases_181_217"/>
  <testcase name="Test_POB_Page_ClickOnBookConfirmButton_183" time="9.626" classname="com.InfoCabs.testcases.POB_Page_TestCases_181_217"/>
  <testcase name="Test_POB_Page_Push_CustomerApp_toBackground_and_start_RiderApp_184" time="10.597" classname="com.InfoCabs.testcases.POB_Page_TestCases_181_217"/>
  <testcase name="Test_POB_Page_AcceptCustomer_ride_188" time="9.849" classname="com.InfoCabs.testcases.POB_Page_TestCases_181_217"/>
  <testcase name="Test_POB_Page_ClickOnWait_ride_187" time="4.850" classname="com.InfoCabs.testcases.POB_Page_TestCases_181_217"/>
  <testcase name="Test_POB_Page_ClickOnPOB_Button_ride_188" time="5.040" classname="com.InfoCabs.testcases.POB_Page_TestCases_181_217"/>
  <testcase name="Test_POB_Page_Push_Rider_toBackground_and_start_CustomerApp_189" time="19.699" classname="com.InfoCabs.testcases.POB_Page_TestCases_181_217"/>
  <testcase name="Test_POB_Page_You_arein_yourway_Text_arePresent_190" time="10.407" classname="com.InfoCabs.testcases.POB_Page_TestCases_181_217"/>
  <testcase name="Test_POB_Page_RiderImage_is_present_191" time="2.428" classname="com.InfoCabs.testcases.POB_Page_TestCases_181_217"/>
  <testcase name="Test_POB_Page_RiderName_is_present_192" time="2.363" classname="com.InfoCabs.testcases.POB_Page_TestCases_181_217"/>
  <testcase name="Test_POB_Page_RiderRating_is_present_193" time="2.286" classname="com.InfoCabs.testcases.POB_Page_TestCases_181_217"/>
  <testcase name="Test_POB_Page_Car_name_is_present_194" time="2.361" classname="com.InfoCabs.testcases.POB_Page_TestCases_181_217"/>
  <testcase name="Test_POB_Page_Car_numberplate_is_present_195" time="2.263" classname="com.InfoCabs.testcases.POB_Page_TestCases_181_217"/>
  <testcase name="Test_POB_Page_car_name_Distance_Text_arePresent_196" time="2.539" classname="com.InfoCabs.testcases.POB_Page_TestCases_181_217"/>
  <testcase name="Test_POB_Page_car_name_DitanceinNumber_is_present_197" time="2.381" classname="com.InfoCabs.testcases.POB_Page_TestCases_181_217"/>
  <testcase name="Test_POB_Page_car_name_Price_Text_arePresent_198" time="2.467" classname="com.InfoCabs.testcases.POB_Page_TestCases_181_217"/>
  <testcase name="Test_POB_Page_car_name_PriceNumber_is_present_199" time="2.380" classname="com.InfoCabs.testcases.POB_Page_TestCases_181_217"/>
  <testcase name="Test_POB_Page_car_name_ETA_Text_arePresent_200" time="2.497" classname="com.InfoCabs.testcases.POB_Page_TestCases_181_217"/>
  <testcase name="Test_POB_Page_car_name_ETA_Number_is_present_201" time="2.366" classname="com.InfoCabs.testcases.POB_Page_TestCases_181_217"/>
  <testcase name="Test_POB_Page_car_name_Payment_Text_arePresent_202" time="2.548" classname="com.InfoCabs.testcases.POB_Page_TestCases_181_217"/>
  <testcase name="Test_POB_Page_On_CS_App_Paymentmethod_is_present_203" time="2.270" classname="com.InfoCabs.testcases.POB_Page_TestCases_181_217"/>
  <testcase name="Test_POB_Page_On_CS_App_ClikOn_ShareRide_Button_and_Text_arePresent_204" time="9.683" classname="com.InfoCabs.testcases.POB_Page_TestCases_181_217"/>
  <testcase name="Test_POB_Page_On_CS_App_ClikOn_I_Needto_MakeaCall_Button_and_Text_arePresent_205" time="7.455" classname="com.InfoCabs.testcases.POB_Page_TestCases_181_217"/>
  <testcase name="Test_POB_Page_On_CS_App_I_Needto_MakeaCall_Alert_and_button_areWorking_206" time="5.443" classname="com.InfoCabs.testcases.POB_Page_TestCases_181_217"/>
  <testcase name="Test_POB_Page_car_name_I_Needtomake_aCall_Text_arePresent_207" time="2.674" classname="com.InfoCabs.testcases.POB_Page_TestCases_181_217"/>
  <testcase name="Test_POB_Page_On_CS_App_ContactOperator_Icon_is_present_208" time="2.372" classname="com.InfoCabs.testcases.POB_Page_TestCases_181_217"/>
  <testcase name="Test_POB_Page_car_name_Contact_Operator_Text_arePresent_209" time="2.979" classname="com.InfoCabs.testcases.POB_Page_TestCases_181_217"/>
  <testcase name="Test_POB_Page_car_name_Contact_Operator_2nd_Text_arePresent_210" time="2.834" classname="com.InfoCabs.testcases.POB_Page_TestCases_181_217"/>
  <testcase name="Test_POB_Page_On_CS_App_EmergencyContact_Icon_is_present_211" time="2.312" classname="com.InfoCabs.testcases.POB_Page_TestCases_181_217"/>
  <testcase name="Test_POB_Page_car_name_Emergency_Text_arePresent_212" time="2.843" classname="com.InfoCabs.testcases.POB_Page_TestCases_181_217"/>
  <testcase name="Test_POB_Page_car_name_Contact_Text_arePresent_213" time="2.396" classname="com.InfoCabs.testcases.POB_Page_TestCases_181_217"/>
  <testcase name="Test_POB_Page_ClickOn_Contact_Operator__214" time="5.852" classname="com.InfoCabs.testcases.POB_Page_TestCases_181_217"/>
  <testcase name="Test_POB_Page_On_CS_App_Backto_CSApp_from_PhoneDialpad_215" time="7.498" classname="com.InfoCabs.testcases.POB_Page_TestCases_181_217"/>
  <testcase name="Test_POB_Page_On_CS_App_Now_Try_Emergency_Contact_OpenAlert_Again_216" time="6.633" classname="com.InfoCabs.testcases.POB_Page_TestCases_181_217"/>
  <testcase name="Test_POB_Page_On_CS_App_Now_Try_Emergency_Contact_217" time="7.511" classname="com.InfoCabs.testcases.POB_Page_TestCases_181_217"/>
  <testcase name="Test_POB_Page_On_CS_App_Backto_CSApp_from_PhoneDialpadOn_2ndtime_218" time="7.109" classname="com.InfoCabs.testcases.POB_Page_TestCases_181_217"/>
</testsuite> <!-- com.InfoCabs.testcases.POB_Page_TestCases_181_217 -->
