<?xml version="1.0" encoding="UTF-8"?>
<!-- Generated by org.testng.reporters.JUnitReportReporter -->
<testsuite skipped="0" hostname="DESKTOP-CSMSJ8J" name="com.InfoCabs.testcases.BookingVehiclePage_TestCases_136_147" tests="14" failures="0" timestamp="2021-03-03T17:17:00 PKT" time="196.813" errors="0">
  <testcase name="Test_BookingVehiclePage_HangOns_Text_arePresent_136" time="6.279" classname="com.InfoCabs.testcases.BookingVehiclePage_TestCases_136_147"/>
  <testcase name="Test_BookingVehiclePage_We_areSendingCab_Text_arePresent_137" time="2.359" classname="com.InfoCabs.testcases.BookingVehiclePage_TestCases_136_147"/>
  <testcase name="Test_BookingVehiclePage_CancleRide_Button_Text_arePresent_138" time="8.915" classname="com.InfoCabs.testcases.BookingVehiclePage_TestCases_136_147"/>
  <testcase name="Test_BookingVehiclePage_CancleRide_afterwaiting_60Sec_139" time="15.987" classname="com.InfoCabs.testcases.BookingVehiclePage_TestCases_136_147"/>
  <testcase name="Test_BookingVehiclePage_ClickOnBookNow_Button_Cab_140" time="7.524" classname="com.InfoCabs.testcases.BookingVehiclePage_TestCases_136_147"/>
  <testcase name="Test_BookingVehiclePage_ClickOnBookConfirmButton_141" time="9.971" classname="com.InfoCabs.testcases.BookingVehiclePage_TestCases_136_147"/>
  <testcase name="Test_BookingVehiclePage_waitfor_OneMinute__1stime_Text_arePresent_142" time="63.538" classname="com.InfoCabs.testcases.BookingVehiclePage_TestCases_136_147"/>
  <testcase name="Test_BookingVehiclePage_Youare_at_Number_Text_arePresent_143" time="2.352" classname="com.InfoCabs.testcases.BookingVehiclePage_TestCases_136_147"/>
  <testcase name="Test_BookingVehiclePage_One_Number_Text_arePresent_144" time="2.241" classname="com.InfoCabs.testcases.BookingVehiclePage_TestCases_136_147"/>
  <testcase name="Test_BookingVehiclePage_in_Queue_Text_arePresent_145" time="2.314" classname="com.InfoCabs.testcases.BookingVehiclePage_TestCases_136_147"/>
  <testcase name="Test_BookingVehiclePage_Pleasewait_Text_arePresent_146" time="2.324" classname="com.InfoCabs.testcases.BookingVehiclePage_TestCases_136_147"/>
  <testcase name="Test_BookingVehiclePage_iLL_Wait_Text_arePresent_147" time="2.283" classname="com.InfoCabs.testcases.BookingVehiclePage_TestCases_136_147"/>
  <testcase name="Test_BookingVehiclePage_waitfor_OneMinute_Text_arePresent_148" time="60.837" classname="com.InfoCabs.testcases.BookingVehiclePage_TestCases_136_147"/>
  <testcase name="Test_BookingVehiclePage_CancleRide_Button_And_Text_arePresent_149" time="9.889" classname="com.InfoCabs.testcases.BookingVehiclePage_TestCases_136_147"/>
</testsuite> <!-- com.InfoCabs.testcases.BookingVehiclePage_TestCases_136_147 -->
