<?xml version="1.0" encoding="UTF-8"?>
<!-- Generated by org.testng.reporters.JUnitReportReporter -->
<testsuite skipped="0" hostname="DESKTOP-CSMSJ8J" name="com.InfoCabs.testcases.About_Us_Page_TestCases_652_659" tests="9" failures="0" timestamp="2021-01-12T22:38:26 PKT" time="80.569" errors="0">
  <testcase name="Test_LoginPage_Allow_user_to_LoginWith_valid_credential_21" time="11.706" classname="com.InfoCabs.testcases.About_Us_Page_TestCases_652_659"/>
  <testcase name="Test_About_Us_Page_ClickTO_Open_About_Us_Page_652" time="5.871" classname="com.InfoCabs.testcases.About_Us_Page_TestCases_652_659"/>
  <testcase name="Test_About_Us_Page_check_BackButton_is_present_653" time="2.474" classname="com.InfoCabs.testcases.About_Us_Page_TestCases_652_659"/>
  <testcase name="Test_About_Us_Page_check_CompanyDescritption_text_is_present_654" time="2.151" classname="com.InfoCabs.testcases.About_Us_Page_TestCases_652_659"/>
  <testcase name="Test_About_Us_Page_check_CompanyMobile_Number_is_present_655" time="12.985" classname="com.InfoCabs.testcases.About_Us_Page_TestCases_652_659"/>
  <testcase name="Test_About_Us_Page_check_CompanyEmail_address_is_present_656" time="10.521" classname="com.InfoCabs.testcases.About_Us_Page_TestCases_652_659"/>
  <testcase name="Test_About_Us_Page_check_Company_Website_is_present_657" time="13.177" classname="com.InfoCabs.testcases.About_Us_Page_TestCases_652_659"/>
  <testcase name="Test_About_Us_Page_check_Company_Address_is_present_658" time="13.481" classname="com.InfoCabs.testcases.About_Us_Page_TestCases_652_659"/>
  <testcase name="Test_About_Us_Page_GoBack_To_HomeScreen_659" time="8.203" classname="com.InfoCabs.testcases.About_Us_Page_TestCases_652_659"/>
</testsuite> <!-- com.InfoCabs.testcases.About_Us_Page_TestCases_652_659 -->
