<?xml version="1.0" encoding="UTF-8"?>
<!-- Generated by org.testng.reporters.JUnitReportReporter -->
<testsuite skipped="0" hostname="DESKTOP-CSMSJ8J" name="com.InfoCabs.testcases.Change_Password_TestCases_588_610" tests="23" failures="0" timestamp="2021-01-06T22:33:19 PKT" time="166.937" errors="0">
  <testcase name="Test_Change_Password_Click_On_ChangePwd_Button_588" time="2.870" classname="com.InfoCabs.testcases.Change_Password_TestCases_588_610"/>
  <testcase name="Test_Change_Password_Click_On_Cross_Button_Icon_589" time="6.222" classname="com.InfoCabs.testcases.Change_Password_TestCases_588_610"/>
  <testcase name="Test_Change_Password_check_Change_Password_is_present_590" time="3.947" classname="com.InfoCabs.testcases.Change_Password_TestCases_588_610"/>
  <testcase name="Test_Change_Password_check_Current_Password_is_present_591" time="2.506" classname="com.InfoCabs.testcases.Change_Password_TestCases_588_610"/>
  <testcase name="Test_Change_Password_check_New_Password_is_present_592" time="2.553" classname="com.InfoCabs.testcases.Change_Password_TestCases_588_610"/>
  <testcase name="Test_Change_Password_check_Confirm_Password_is_present_593" time="2.541" classname="com.InfoCabs.testcases.Change_Password_TestCases_588_610"/>
  <testcase name="Test_Change_Password_check_Change_Password_is_present_594" time="2.521" classname="com.InfoCabs.testcases.Change_Password_TestCases_588_610"/>
  <testcase name="Test_Change_Password_To_Click_On_ChangePwdButton_without_Entering_Pwd_595" time="1.616" classname="com.InfoCabs.testcases.Change_Password_TestCases_588_610"/>
  <testcase name="Test_Change_Password_To_Click_On_ChangePwdButton_to_check_Minimum_Validation_596" time="8.798" classname="com.InfoCabs.testcases.Change_Password_TestCases_588_610"/>
  <testcase name="Test_Change_Password_To_Click_On_ChangePwdButton_to_check_IncorrectPWD_Validation_597" time="16.689" classname="com.InfoCabs.testcases.Change_Password_TestCases_588_610"/>
  <testcase name="Test_Change_Password_To_Click_On_ChangePwdButton_to_check_Same_PWD_Validation_598" time="9.269" classname="com.InfoCabs.testcases.Change_Password_TestCases_588_610"/>
  <testcase name="Test_Change_Password_Clear_New_and_ConfirmPWD_599" time="4.971" classname="com.InfoCabs.testcases.Change_Password_TestCases_588_610"/>
  <testcase name="Test_Change_Password_To_Click_On_ChangePwdButton_to_check_NewPwd_requiredMsg_600" time="5.375" classname="com.InfoCabs.testcases.Change_Password_TestCases_588_610"/>
  <testcase name="Test_Change_Password_To_Click_On_ChangePwdButton_to_check_Newpwd_Minimum_Validation_601" time="8.662" classname="com.InfoCabs.testcases.Change_Password_TestCases_588_610"/>
  <testcase name="Test_Change_Password_To_Click_On_ChangePwdButton_to_check_Confirmpwd_Minimum_Validation_602" time="8.119" classname="com.InfoCabs.testcases.Change_Password_TestCases_588_610"/>
  <testcase name="Test_Change_Password_To_Click_On_ChangePwdButton_to_check_ConfirmPwd_requiredMsg_603" time="1.211" classname="com.InfoCabs.testcases.Change_Password_TestCases_588_610"/>
  <testcase name="Test_Change_Password_To_Click_On_ChangePwdButton_to_check_Confirmpwd_Notmached_Validation_604" time="4.190" classname="com.InfoCabs.testcases.Change_Password_TestCases_588_610"/>
  <testcase name="Test_Change_Password_Clear_New_and_ConfirmPWD_On2nd_time_605" time="4.911" classname="com.InfoCabs.testcases.Change_Password_TestCases_588_610"/>
  <testcase name="Test_Change_Password_To_Click_On_ChangePwdButton_to_ChangePWD_606" time="11.344" classname="com.InfoCabs.testcases.Change_Password_TestCases_588_610"/>
  <testcase name="Test_Change_Password_Go_Back_to_HomeScreen_and_Logout_607" time="17.058" classname="com.InfoCabs.testcases.Change_Password_TestCases_588_610"/>
  <testcase name="Test__Change_Password_Allow_user_to_LoginWith_ChangePWD_608" time="13.451" classname="com.InfoCabs.testcases.Change_Password_TestCases_588_610"/>
  <testcase name="Test_Change_Password_Go_Back_ChangePWD_page_609" time="5.753" classname="com.InfoCabs.testcases.Change_Password_TestCases_588_610"/>
  <testcase name="Test_Change_Password_Change_PWD_again_to_Orignal_610" time="22.360" classname="com.InfoCabs.testcases.Change_Password_TestCases_588_610"/>
</testsuite> <!-- com.InfoCabs.testcases.Change_Password_TestCases_588_610 -->
