<?xml version="1.0" encoding="UTF-8"?>
<!-- Generated by org.testng.reporters.JUnitReportReporter -->
<testsuite skipped="0" hostname="DESKTOP-CSMSJ8J" name="com.InfoCabs.testcases.Book_6_Seater_With_CreditCards_TestCases_379_401" tests="23" failures="0" timestamp="2021-03-03T19:12:40 PKT" time="217.745" errors="0">
  <testcase name="Test_Book_6_Seater_With_CreditCards_EnterDropofAddress_Cab_379" time="15.539" classname="com.InfoCabs.testcases.Book_6_Seater_With_CreditCards_TestCases_379_401"/>
  <testcase name="Test_Book_6_Seater_With_CreditCards_ClickOnBookNow_Button_Cab_380" time="10.005" classname="com.InfoCabs.testcases.Book_6_Seater_With_CreditCards_TestCases_379_401"/>
  <testcase name="Test_BBook_6_Seater_With_CreditCards_6_Seater_Text_arePresent_381" time="2.166" classname="com.InfoCabs.testcases.Book_6_Seater_With_CreditCards_TestCases_379_401"/>
  <testcase name="Test_Book_6_Seater_With_CreditCards_ClickOnBookNow_Button_Cab_382" time="9.539" classname="com.InfoCabs.testcases.Book_6_Seater_With_CreditCards_TestCases_379_401"/>
  <testcase name="Test_Book_6_Seater_With_CreditCards_Select_Cash_FromDrop_383" time="10.950" classname="com.InfoCabs.testcases.Book_6_Seater_With_CreditCards_TestCases_379_401"/>
  <testcase name="Test_Book_6_Seater_With_CreditCards_ClickOnBookConfirmButton_384" time="9.464" classname="com.InfoCabs.testcases.Book_6_Seater_With_CreditCards_TestCases_379_401"/>
  <testcase name="Test_Book_6_Seater_With_CreditCards_Push_CustomerApp_toBackground_and_start_RiderApp_385" time="7.565" classname="com.InfoCabs.testcases.Book_6_Seater_With_CreditCards_TestCases_379_401"/>
  <testcase name="Test_Book_6_Seater_With_CreditCards_AcceptCustomer_ride_387" time="17.046" classname="com.InfoCabs.testcases.Book_6_Seater_With_CreditCards_TestCases_379_401"/>
  <testcase name="Test_Book_6_Seater_With_CreditCards_Push_Rider_toBackground_and_start_CustomerApp_387" time="17.458" classname="com.InfoCabs.testcases.Book_6_Seater_With_CreditCards_TestCases_379_401"/>
  <testcase name="Test_BBook_6_Seater_With_CreditCards_weHave_Sent_Text_arePresent_388" time="15.502" classname="com.InfoCabs.testcases.Book_6_Seater_With_CreditCards_TestCases_379_401"/>
  <testcase name="Test_Book_6_Seater_With_CreditCards_Push_CustomerApp_toBackground_and_start_RiderApp_389" time="13.557" classname="com.InfoCabs.testcases.Book_6_Seater_With_CreditCards_TestCases_379_401"/>
  <testcase name="Test_Book_6_Seater_With_CreditCards_ClickOnWait_ride_390" time="4.264" classname="com.InfoCabs.testcases.Book_6_Seater_With_CreditCards_TestCases_379_401"/>
  <testcase name="Test_Book_6_Seater_With_CreditCards_ClickOnPOB_Button_ride_391" time="4.333" classname="com.InfoCabs.testcases.Book_6_Seater_With_CreditCards_TestCases_379_401"/>
  <testcase name="Test_Book_6_Seater_With_CreditCards_Push_Rider_toBackground_and_start_CustomerApp_392" time="18.340" classname="com.InfoCabs.testcases.Book_6_Seater_With_CreditCards_TestCases_379_401"/>
  <testcase name="Test_Book_6_Seater_With_CreditCards_You_arein_yourway_Text_arePresent_393" time="15.342" classname="com.InfoCabs.testcases.Book_6_Seater_With_CreditCards_TestCases_379_401"/>
  <testcase name="Test_Book_6_Seater_With_CreditCards_CS_App_Push_CustomerApp_toBackground_and_start_RiderApp_394" time="9.516" classname="com.InfoCabs.testcases.Book_6_Seater_With_CreditCards_TestCases_379_401"/>
  <testcase name="Test_Book_6_Seater_With_CreditCards_ClickOnSTC_ride_395" time="4.971" classname="com.InfoCabs.testcases.Book_6_Seater_With_CreditCards_TestCases_379_401"/>
  <testcase name="Test_Book_6_Seater_With_CreditCards_ClickOn_Clear_ride_396" time="4.355" classname="com.InfoCabs.testcases.Book_6_Seater_With_CreditCards_TestCases_379_401"/>
  <testcase name="Test_Book_6_Seater_With_CreditCards_Rider_toBackground_and_start_CustomerApp_397" time="6.927" classname="com.InfoCabs.testcases.Book_6_Seater_With_CreditCards_TestCases_379_401"/>
  <testcase name="Test_Book_6_Seater_With_CreditCards_Rate_your_ride_Text_arePresent_398" time="6.222" classname="com.InfoCabs.testcases.Book_6_Seater_With_CreditCards_TestCases_379_401"/>
  <testcase name="Test_Book_6_Seater_With_CreditCards_Feedback_Field_arePresent_399" time="2.744" classname="com.InfoCabs.testcases.Book_6_Seater_With_CreditCards_TestCases_379_401"/>
  <testcase name="Test_Book_6_Seater_With_CreditCards_SubmitFeedback_ButtonAndText_400" time="4.297" classname="com.InfoCabs.testcases.Book_6_Seater_With_CreditCards_TestCases_379_401"/>
  <testcase name="Test_Book_6_Seater_With_CreditCards_Closed_DriverApp_401" time="7.643" classname="com.InfoCabs.testcases.Book_6_Seater_With_CreditCards_TestCases_379_401"/>
</testsuite> <!-- com.InfoCabs.testcases.Book_6_Seater_With_CreditCards_TestCases_379_401 -->
