<?xml version="1.0" encoding="UTF-8"?>
<!-- Generated by org.testng.reporters.JUnitReportReporter -->
<testsuite skipped="0" hostname="DESKTOP-CSMSJ8J" name="com.InfoCabs.testcases.POB_Page_TestCases" tests="37" failures="0" timestamp="2020-12-26T17:19:22 PKT" time="198.011" errors="0">
  <testcase name="Test_POB_Page_EnterDropofAddress_Cab_181" time="12.558" classname="com.InfoCabs.testcases.POB_Page_TestCases"/>
  <testcase name="Test_POB_Page_ClickOnBookNow_Button_Cab_182" time="12.524" classname="com.InfoCabs.testcases.POB_Page_TestCases"/>
  <testcase name="Test_POB_Page_ClickOnBookConfirmButton_183" time="9.690" classname="com.InfoCabs.testcases.POB_Page_TestCases"/>
  <testcase name="Test_POB_Page_Push_CustomerApp_toBackground_and_start_RiderApp_184" time="8.776" classname="com.InfoCabs.testcases.POB_Page_TestCases"/>
  <testcase name="Test_POB_Page_AcceptCustomer_ride_185" time="13.877" classname="com.InfoCabs.testcases.POB_Page_TestCases"/>
  <testcase name="Test_POB_Page_ClickOnWait_ride_186" time="4.350" classname="com.InfoCabs.testcases.POB_Page_TestCases"/>
  <testcase name="Test_POB_Page_ClickOnPOB_Button_ride_187" time="4.283" classname="com.InfoCabs.testcases.POB_Page_TestCases"/>
  <testcase name="Test_POB_Page_Push_Rider_toBackground_and_start_CustomerApp_188" time="16.938" classname="com.InfoCabs.testcases.POB_Page_TestCases"/>
  <testcase name="Test_POB_Page_You_arein_yourway_Text_arePresent_189" time="10.547" classname="com.InfoCabs.testcases.POB_Page_TestCases"/>
  <testcase name="Test_POB_Page_RiderImage_is_present_190" time="2.773" classname="com.InfoCabs.testcases.POB_Page_TestCases"/>
  <testcase name="Test_POB_Page_RiderName_is_present_191" time="2.242" classname="com.InfoCabs.testcases.POB_Page_TestCases"/>
  <testcase name="Test_POB_Page_RiderRating_is_present_192" time="2.234" classname="com.InfoCabs.testcases.POB_Page_TestCases"/>
  <testcase name="Test_POB_Page_Car_name_is_present_193" time="3.954" classname="com.InfoCabs.testcases.POB_Page_TestCases"/>
  <testcase name="Test_POB_Page_Car_numberplate_is_present_194" time="2.263" classname="com.InfoCabs.testcases.POB_Page_TestCases"/>
  <testcase name="Test_POB_Page_car_name_Distance_Text_arePresent_195" time="2.380" classname="com.InfoCabs.testcases.POB_Page_TestCases"/>
  <testcase name="Test_POB_Page_car_name_DitanceinNumber_is_present_196" time="4.536" classname="com.InfoCabs.testcases.POB_Page_TestCases"/>
  <testcase name="Test_POB_Page_car_name_Price_Text_arePresent_197" time="2.339" classname="com.InfoCabs.testcases.POB_Page_TestCases"/>
  <testcase name="Test_POB_Page_car_name_PriceNumber_is_present_198" time="2.237" classname="com.InfoCabs.testcases.POB_Page_TestCases"/>
  <testcase name="Test_POB_Page_car_name_ETA_Text_arePresent_199" time="2.330" classname="com.InfoCabs.testcases.POB_Page_TestCases"/>
  <testcase name="Test_POB_Page_car_name_ETA_Number_is_present_200" time="2.221" classname="com.InfoCabs.testcases.POB_Page_TestCases"/>
  <testcase name="Test_POB_Page_car_name_Payment_Text_arePresent_201" time="2.803" classname="com.InfoCabs.testcases.POB_Page_TestCases"/>
  <testcase name="Test_POB_Page_On_CS_App_Paymentmethod_is_present_202" time="2.290" classname="com.InfoCabs.testcases.POB_Page_TestCases"/>
  <testcase name="Test_POB_Page_On_CS_App_ClikOn_ShareRide_Button_and_Text_arePresent_203" time="9.577" classname="com.InfoCabs.testcases.POB_Page_TestCases"/>
  <testcase name="Test_POB_Page_On_CS_App_ClikOn_I_Needto_MakeaCall_Button_and_Text_arePresent_204" time="7.341" classname="com.InfoCabs.testcases.POB_Page_TestCases"/>
  <testcase name="Test_POB_Page_On_CS_App_I_Needto_MakeaCall_Alert_and_button_areWorking_205" time="4.612" classname="com.InfoCabs.testcases.POB_Page_TestCases"/>
  <testcase name="Test_POB_Page_car_name_I_Needtomake_aCall_Text_arePresent_206" time="2.168" classname="com.InfoCabs.testcases.POB_Page_TestCases"/>
  <testcase name="Test_POB_Page_On_CS_App_ContactOperator_Icon_is_present_207" time="3.369" classname="com.InfoCabs.testcases.POB_Page_TestCases"/>
  <testcase name="Test_POB_Page_car_name_Contact_Operator_Text_arePresent_208" time="2.104" classname="com.InfoCabs.testcases.POB_Page_TestCases"/>
  <testcase name="Test_POB_Page_car_name_Contact_Operator_2nd_Text_arePresent_209" time="2.293" classname="com.InfoCabs.testcases.POB_Page_TestCases"/>
  <testcase name="Test_POB_Page_On_CS_App_EmergencyContact_Icon_is_present_210" time="2.323" classname="com.InfoCabs.testcases.POB_Page_TestCases"/>
  <testcase name="Test_POB_Page_car_name_Emergency_Text_arePresent_211" time="3.653" classname="com.InfoCabs.testcases.POB_Page_TestCases"/>
  <testcase name="Test_POB_Page_car_name_Contact_Text_arePresent_212" time="2.260" classname="com.InfoCabs.testcases.POB_Page_TestCases"/>
  <testcase name="Test_POB_Page_ClickOn_Contact_Operator__213" time="5.398" classname="com.InfoCabs.testcases.POB_Page_TestCases"/>
  <testcase name="Test_POB_Page_On_CS_App_Backto_CSApp_from_PhoneDialpad_214" time="5.588" classname="com.InfoCabs.testcases.POB_Page_TestCases"/>
  <testcase name="Test_POB_Page_On_CS_App_Now_Try_Emergency_Contact_OpenAlert_Again_215" time="6.526" classname="com.InfoCabs.testcases.POB_Page_TestCases"/>
  <testcase name="Test_POB_Page_On_CS_App_Now_Try_Emergency_Contact_216" time="7.621" classname="com.InfoCabs.testcases.POB_Page_TestCases"/>
  <testcase name="Test_POB_Page_On_CS_App_Backto_CSApp_from_PhoneDialpadOn_2ndtime_217" time="5.033" classname="com.InfoCabs.testcases.POB_Page_TestCases"/>
</testsuite> <!-- com.InfoCabs.testcases.POB_Page_TestCases -->
