<?xml version="1.0" encoding="UTF-8"?>
<!-- Generated by org.testng.reporters.JUnitReportReporter -->
<testsuite skipped="0" hostname="DESKTOP-CSMSJ8J" name="com.InfoCabs.testcases.Scedule_8_Seater_Cab_TestCases_527_567" tests="41" failures="0" timestamp="2021-01-12T21:38:31 PKT" time="201.717" errors="0">
  <testcase name="Test_Schedule_8_Seater_Cab_ClickOn_ScheduleRide_Button_526" time="17.228" classname="com.InfoCabs.testcases.Scedule_8_Seater_Cab_TestCases_527_567"/>
  <testcase name="Test_Schedule_8_Seater_Cab_Pick_Cale_Image_is_present_527" time="2.294" classname="com.InfoCabs.testcases.Scedule_8_Seater_Cab_TestCases_527_567"/>
  <testcase name="Test_Schedule_8_Seater_Cab_Pick_Time_Image_is_present_528" time="2.271" classname="com.InfoCabs.testcases.Scedule_8_Seater_Cab_TestCases_527_567"/>
  <testcase name="Test_Schedule_8_Seater_Cab_EnterDropofAddress_Cab_529" time="11.048" classname="com.InfoCabs.testcases.Scedule_8_Seater_Cab_TestCases_527_567"/>
  <testcase name="Test_Schedule_8_Seater_Cab_ClickOn_PickUp_Date_Button_530" time="2.368" classname="com.InfoCabs.testcases.Scedule_8_Seater_Cab_TestCases_527_567"/>
  <testcase name="Test_Schedule_8_Seater_Cab_Pick_Cale_CurrentYear_is_present_531" time="2.383" classname="com.InfoCabs.testcases.Scedule_8_Seater_Cab_TestCases_527_567"/>
  <testcase name="Test_Schedule_8_Seater_Cab_Pick_Cale_CurrentDate_is_present_532" time="2.790" classname="com.InfoCabs.testcases.Scedule_8_Seater_Cab_TestCases_527_567"/>
  <testcase name="Test_Schedule_8_Seater_Cab_ClickOn_Cale_Cancel_Button_533" time="2.400" classname="com.InfoCabs.testcases.Scedule_8_Seater_Cab_TestCases_527_567"/>
  <testcase name="Test_Schedule_8_Seater_Cab_ClickOn_PickUp_Date_On2ndTime_Button_534" time="5.316" classname="com.InfoCabs.testcases.Scedule_8_Seater_Cab_TestCases_527_567"/>
  <testcase name="Test_Schedule_8_Seater_Cab_ClickOn_Cale_OK_Button_535" time="5.879" classname="com.InfoCabs.testcases.Scedule_8_Seater_Cab_TestCases_527_567"/>
  <testcase name="Test_Schedule_8_Seater_Cab_ClickOn_Time_Cancel_Button_536" time="2.297" classname="com.InfoCabs.testcases.Scedule_8_Seater_Cab_TestCases_527_567"/>
  <testcase name="Test_Schedule_8_Seater_Cab_Check_PickUpDate_are_Selected_537" time="2.287" classname="com.InfoCabs.testcases.Scedule_8_Seater_Cab_TestCases_527_567"/>
  <testcase name="Test_Schedule_8_Seater_Cab_ClickOn_PickUp_Time_Button_538" time="5.296" classname="com.InfoCabs.testcases.Scedule_8_Seater_Cab_TestCases_527_567"/>
  <testcase name="Test_Schedule_8_Seater_Cab_Check_TimeDisplay_arePresent_539" time="2.320" classname="com.InfoCabs.testcases.Scedule_8_Seater_Cab_TestCases_527_567"/>
  <testcase name="Test_Schedule_8_Seater_Cab_check_30minuts_AdvanceTime_540" time="2.160" classname="com.InfoCabs.testcases.Scedule_8_Seater_Cab_TestCases_527_567"/>
  <testcase name="Test_Schedule_8_Seater_Cab_ClickOn_Time_Cancel_Button_541" time="2.305" classname="com.InfoCabs.testcases.Scedule_8_Seater_Cab_TestCases_527_567"/>
  <testcase name="Test_Schedule_8_Seater_Cab_ClickOn_PickUp_Time_On2nd_Time_Button_542" time="5.340" classname="com.InfoCabs.testcases.Scedule_8_Seater_Cab_TestCases_527_567"/>
  <testcase name="Test_Schedule_8_Seater_Cab_ClickOn_Time_OK_Button_543" time="5.625" classname="com.InfoCabs.testcases.Scedule_8_Seater_Cab_TestCases_527_567"/>
  <testcase name="Test_Schedule_8_Seater_Cab_Check_Time_areSelected_544" time="2.314" classname="com.InfoCabs.testcases.Scedule_8_Seater_Cab_TestCases_527_567"/>
  <testcase name="Test_Book_8_Seater_with_CreaditCards_Moveto_6Seater_545" time="11.111" classname="com.InfoCabs.testcases.Scedule_8_Seater_Cab_TestCases_527_567"/>
  <testcase name="Test_Book_8_Seater_with_CreaditCards_Moveto_8_Seater_546" time="11.012" classname="com.InfoCabs.testcases.Scedule_8_Seater_Cab_TestCases_527_567"/>
  <testcase name="Test_Book_8_Seater_with_CreaditCards_8_Seater_Text_arePresent_547" time="2.168" classname="com.InfoCabs.testcases.Scedule_8_Seater_Cab_TestCases_527_567"/>
  <testcase name="Test_Book_8_Seater_with_CreaditCards_ClickOnBookNow_Button_Cab_548" time="8.527" classname="com.InfoCabs.testcases.Scedule_8_Seater_Cab_TestCases_527_567"/>
  <testcase name="Test_Book_8_Seater_with_CreaditCards_Select_Cash_FromDrop_549" time="5.601" classname="com.InfoCabs.testcases.Scedule_8_Seater_Cab_TestCases_527_567"/>
  <testcase name="Test_Schedule_8_Seater_Cab_Check_Time_and_Date_areSelected_551" time="2.297" classname="com.InfoCabs.testcases.Scedule_8_Seater_Cab_TestCases_527_567"/>
  <testcase name="Test_Schedule_8_Seater_Cab_ClickOnBookConfirmButton_552" time="9.548" classname="com.InfoCabs.testcases.Scedule_8_Seater_Cab_TestCases_527_567"/>
  <testcase name="Test_Schedule_8_Seater_Cab_Check_Schedule_Screen_image_Tick_Icon_553" time="2.650" classname="com.InfoCabs.testcases.Scedule_8_Seater_Cab_TestCases_527_567"/>
  <testcase name="Test_Schedule_8_Seater_Cab_check_Your_Ride_ScheduleText_554" time="2.119" classname="com.InfoCabs.testcases.Scedule_8_Seater_Cab_TestCases_527_567"/>
  <testcase name="Test_Schedule_8_Seater_Cab_Check_Schedule_Screen_Time_are_Selected_555" time="2.268" classname="com.InfoCabs.testcases.Scedule_8_Seater_Cab_TestCases_527_567"/>
  <testcase name="Test_Schedule_8_Seater_Cab_check_View_Your_Text_556" time="2.789" classname="com.InfoCabs.testcases.Scedule_8_Seater_Cab_TestCases_527_567"/>
  <testcase name="Test_Schedule_8_Seater_Cab_ClickOn_Done_Button_557" time="5.289" classname="com.InfoCabs.testcases.Scedule_8_Seater_Cab_TestCases_527_567"/>
  <testcase name="Test_Schedule_8_Seater_Cab_ClickOn_SideMenu_Button_558" time="11.361" classname="com.InfoCabs.testcases.Scedule_8_Seater_Cab_TestCases_527_567"/>
  <testcase name="Test_Schedule_8_Seater_Cab_ClickOn_SideMenu__MyTrips_Button_559" time="9.822" classname="com.InfoCabs.testcases.Scedule_8_Seater_Cab_TestCases_527_567"/>
  <testcase name="Test_Schedule_8_Seater_Cab_check_MyTrips_Text_560" time="2.442" classname="com.InfoCabs.testcases.Scedule_8_Seater_Cab_TestCases_527_567"/>
  <testcase name="Test_Schedule_8_Seater_Cab_ClickOn_Done_Button_561" time="5.520" classname="com.InfoCabs.testcases.Scedule_8_Seater_Cab_TestCases_527_567"/>
  <testcase name="Test_Schedule_8_Seater_Cab_Check_UpComingRide_PickUp_Icon_562" time="2.251" classname="com.InfoCabs.testcases.Scedule_8_Seater_Cab_TestCases_527_567"/>
  <testcase name="Test_Schedule_8_Seater_Cab_Check_UpComingRide_DropOff_Icon_563" time="2.290" classname="com.InfoCabs.testcases.Scedule_8_Seater_Cab_TestCases_527_567"/>
  <testcase name="Test_Schedule_8_Seater_Cab_Check_UpComingRide_PickUp_Address_564" time="2.260" classname="com.InfoCabs.testcases.Scedule_8_Seater_Cab_TestCases_527_567"/>
  <testcase name="Test_Schedule_8_Seater_Cab_Check_UpComingRide_Dropoff_Address_565" time="2.244" classname="com.InfoCabs.testcases.Scedule_8_Seater_Cab_TestCases_527_567"/>
  <testcase name="Test_Schedule_8_Seater_Cab_Check_UpComingRide_PickUp_Time_566" time="2.284" classname="com.InfoCabs.testcases.Scedule_8_Seater_Cab_TestCases_527_567"/>
  <testcase name="Test_Schedule_6_Seater_Cab_ClickOn_Cancel_Button_567" time="11.943" classname="com.InfoCabs.testcases.Scedule_8_Seater_Cab_TestCases_527_567"/>
</testsuite> <!-- com.InfoCabs.testcases.Scedule_8_Seater_Cab_TestCases_527_567 -->
