<?xml version="1.0" encoding="UTF-8"?>
<!-- Generated by org.testng.reporters.JUnitReportReporter -->
<testsuite skipped="0" hostname="DESKTOP-CSMSJ8J" name="com.InfoCabs.testcases.Schedule_Saloon_Ride_263_299" tests="37" failures="0" timestamp="2021-01-27T02:10:51 PKT" time="191.262" errors="0">
  <testcase name="Test_Schedule_Saloon_Ride_ClickOn_ScheduleRide_Button_263" time="21.374" classname="com.InfoCabs.testcases.Schedule_Saloon_Ride_263_299"/>
  <testcase name="Test_Schedule_Saloon_Ride_Pick_Cale_Image_is_present_264" time="2.207" classname="com.InfoCabs.testcases.Schedule_Saloon_Ride_263_299"/>
  <testcase name="Test_Schedule_Saloon_Ride_Pick_Time_Image_is_present_265" time="2.272" classname="com.InfoCabs.testcases.Schedule_Saloon_Ride_263_299"/>
  <testcase name="Test_Schedule_Saloon_Ride_EnterDropofAddress_Cab_266" time="11.164" classname="com.InfoCabs.testcases.Schedule_Saloon_Ride_263_299"/>
  <testcase name="Test_Schedule_Saloon_Ride_ClickOn_PickUp_Date_Button_267" time="2.464" classname="com.InfoCabs.testcases.Schedule_Saloon_Ride_263_299"/>
  <testcase name="Test_Schedule_Saloon_Ride_Pick_Cale_CurrentYear_is_present_268" time="2.861" classname="com.InfoCabs.testcases.Schedule_Saloon_Ride_263_299"/>
  <testcase name="Test_Schedule_Saloon_Ride_Pick_Cale_CurrentDate_is_present_269" time="2.369" classname="com.InfoCabs.testcases.Schedule_Saloon_Ride_263_299"/>
  <testcase name="Test_Schedule_Saloon_Ride_ClickOn_Cale_Cancel_Button_270" time="3.009" classname="com.InfoCabs.testcases.Schedule_Saloon_Ride_263_299"/>
  <testcase name="Test_Schedule_Saloon_Ride_ClickOn_PickUp_Date_On2ndTime_Button_271" time="5.418" classname="com.InfoCabs.testcases.Schedule_Saloon_Ride_263_299"/>
  <testcase name="Test_Schedule_Saloon_Ride_ClickOn_Cale_OK_Button_272" time="5.807" classname="com.InfoCabs.testcases.Schedule_Saloon_Ride_263_299"/>
  <testcase name="Test_Schedule_Saloon_Ride_ClickOn_Time_Cancel_Button_273" time="2.291" classname="com.InfoCabs.testcases.Schedule_Saloon_Ride_263_299"/>
  <testcase name="Test_Schedule_Saloon_Ride_Check_PickUpDate_are_Selected_274" time="2.305" classname="com.InfoCabs.testcases.Schedule_Saloon_Ride_263_299"/>
  <testcase name="Test_Schedule_Saloon_Ride_ClickOn_PickUp_Time_Button_275" time="5.230" classname="com.InfoCabs.testcases.Schedule_Saloon_Ride_263_299"/>
  <testcase name="Test_Schedule_Saloon_Ride_Check_TimeDisplay_arePresent_276" time="2.810" classname="com.InfoCabs.testcases.Schedule_Saloon_Ride_263_299"/>
  <testcase name="Test_Schedule_Saloon_Ride_check_30minuts_AdvanceTime_277" time="2.135" classname="com.InfoCabs.testcases.Schedule_Saloon_Ride_263_299"/>
  <testcase name="Test_Schedule_Saloon_Ride_ClickOn_Time_Cancel_Button_278" time="2.344" classname="com.InfoCabs.testcases.Schedule_Saloon_Ride_263_299"/>
  <testcase name="Test_Schedule_Saloon_Ride_ClickOn_PickUp_Time_On2nd_Time_Button_279" time="5.342" classname="com.InfoCabs.testcases.Schedule_Saloon_Ride_263_299"/>
  <testcase name="Test_Schedule_Saloon_Ride_ClickOn_Time_OK_Button_280" time="5.704" classname="com.InfoCabs.testcases.Schedule_Saloon_Ride_263_299"/>
  <testcase name="Test_Schedule_Saloon_Ride_Check_Time_areSelected_281" time="6.256" classname="com.InfoCabs.testcases.Schedule_Saloon_Ride_263_299"/>
  <testcase name="Test_Schedule_Saloon_Ride_ClickOnBookNow_Button_Cab_282" time="9.595" classname="com.InfoCabs.testcases.Schedule_Saloon_Ride_263_299"/>
  <testcase name="Test_Schedule_Saloon_Ride_Check_Time_and_Date_areSelected_283" time="2.363" classname="com.InfoCabs.testcases.Schedule_Saloon_Ride_263_299"/>
  <testcase name="Test_Schedule_Saloon_Ride_ClickOnBookConfirmButton_284" time="13.800" classname="com.InfoCabs.testcases.Schedule_Saloon_Ride_263_299"/>
  <testcase name="Test_Schedule_Saloon_Ride_Check_Schedule_Screen_image_Tick_Icon_285" time="2.195" classname="com.InfoCabs.testcases.Schedule_Saloon_Ride_263_299"/>
  <testcase name="Test_Schedule_Saloon_Ride_check_Your_Ride_ScheduleText_286" time="2.617" classname="com.InfoCabs.testcases.Schedule_Saloon_Ride_263_299"/>
  <testcase name="Test_Schedule_Saloon_Ride_Check_Schedule_Screen_Time_are_Selected_287" time="2.184" classname="com.InfoCabs.testcases.Schedule_Saloon_Ride_263_299"/>
  <testcase name="Test_Schedule_Saloon_Ride_check_View_Your_Text_288" time="2.271" classname="com.InfoCabs.testcases.Schedule_Saloon_Ride_263_299"/>
  <testcase name="Test_Schedule_Saloon_Ride_ClickOn_Done_Button_289" time="5.787" classname="com.InfoCabs.testcases.Schedule_Saloon_Ride_263_299"/>
  <testcase name="Test_Schedule_Saloon_Ride_ClickOn_SideMenu_Button_290" time="15.778" classname="com.InfoCabs.testcases.Schedule_Saloon_Ride_263_299"/>
  <testcase name="Test_Schedule_Saloon_Ride_ClickOn_SideMenu__MyTrips_Button_291" time="9.757" classname="com.InfoCabs.testcases.Schedule_Saloon_Ride_263_299"/>
  <testcase name="Test_Schedule_Saloon_Ride_check_MyTrips_Text_292" time="2.396" classname="com.InfoCabs.testcases.Schedule_Saloon_Ride_263_299"/>
  <testcase name="Test_Schedule_Saloon_Ride_ClickOn_Done_Button_293" time="5.714" classname="com.InfoCabs.testcases.Schedule_Saloon_Ride_263_299"/>
  <testcase name="Test_Schedule_Saloon_Ride_Check_UpComingRide_PickUp_Icon_294" time="2.361" classname="com.InfoCabs.testcases.Schedule_Saloon_Ride_263_299"/>
  <testcase name="Test_Schedule_Saloon_Ride_Check_UpComingRide_DropOff_Icon_295" time="2.352" classname="com.InfoCabs.testcases.Schedule_Saloon_Ride_263_299"/>
  <testcase name="Test_Schedule_Saloon_Ride_Check_UpComingRide_PickUp_Address_296" time="2.366" classname="com.InfoCabs.testcases.Schedule_Saloon_Ride_263_299"/>
  <testcase name="Test_Schedule_Saloon_Ride_Check_UpComingRide_Dropoff_Address_297" time="2.346" classname="com.InfoCabs.testcases.Schedule_Saloon_Ride_263_299"/>
  <testcase name="Test_Schedule_Saloon_Ride_Check_UpComingRide_PickUp_Time_298" time="2.281" classname="com.InfoCabs.testcases.Schedule_Saloon_Ride_263_299"/>
  <testcase name="Test_Schedule_Saloon_Ride_ClickOn_Cancel_Button_299" time="11.737" classname="com.InfoCabs.testcases.Schedule_Saloon_Ride_263_299"/>
</testsuite> <!-- com.InfoCabs.testcases.Schedule_Saloon_Ride_263_299 -->
