<?xml version="1.0" encoding="UTF-8"?>
<!-- Generated by org.testng.reporters.JUnitReportReporter -->
<testsuite skipped="0" hostname="DESKTOP-CSMSJ8J" name="com.InfoCabs.testcases.STC_And_FeedBack_Page_TestCases" tests="15" failures="0" timestamp="2020-12-26T22:34:53 PKT" time="55.565" errors="0">
  <testcase name="Test_STC_And_FeedBack_Page_CS_App_Push_CustomerApp_toBackground_and_start_RiderApp_218" time="8.898" classname="com.InfoCabs.testcases.STC_And_FeedBack_Page_TestCases"/>
  <testcase name="Test_STC_And_FeedBack_Page_ClickOnSTC_ride_219" time="4.274" classname="com.InfoCabs.testcases.STC_And_FeedBack_Page_TestCases"/>
  <testcase name="Test_STC_And_FeedBack_Page_ClickOn_Clear_ride_220" time="4.258" classname="com.InfoCabs.testcases.STC_And_FeedBack_Page_TestCases"/>
  <testcase name="Test_STC_And_FeedBack_Page_Push_Rider_toBackground_and_start_CustomerApp_221" time="5.119" classname="com.InfoCabs.testcases.STC_And_FeedBack_Page_TestCases"/>
  <testcase name="Test_STC_And_FeedBack_Page_BackButton_is_present_222" time="2.368" classname="com.InfoCabs.testcases.STC_And_FeedBack_Page_TestCases"/>
  <testcase name="Test_STC_And_FeedBack_Page_Rate_your_ride_Text_arePresent_223" time="2.248" classname="com.InfoCabs.testcases.STC_And_FeedBack_Page_TestCases"/>
  <testcase name="Test_STC_And_FeedBack_Page_Rate_Complete_ride_Text_arePresent_224" time="2.150" classname="com.InfoCabs.testcases.STC_And_FeedBack_Page_TestCases"/>
  <testcase name="Test_STC_And_FeedBack_Page_Rate_your_ride_Text_arePresent_225" time="2.285" classname="com.InfoCabs.testcases.STC_And_FeedBack_Page_TestCases"/>
  <testcase name="Test_STC_And_FeedBack_Page_Driver_Imaget_arePresent_226" time="2.310" classname="com.InfoCabs.testcases.STC_And_FeedBack_Page_TestCases"/>
  <testcase name="Test_STC_And_FeedBack_Page_DriverName_arePresent_227" time="2.294" classname="com.InfoCabs.testcases.STC_And_FeedBack_Page_TestCases"/>
  <testcase name="Test_STC_And_FeedBack_Page_Driver_Rating_arePresent_228" time="2.301" classname="com.InfoCabs.testcases.STC_And_FeedBack_Page_TestCases"/>
  <testcase name="Test_STC_And_FeedBack_Page_Share_App_Text_arePresent_229" time="2.138" classname="com.InfoCabs.testcases.STC_And_FeedBack_Page_TestCases"/>
  <testcase name="Test_STC_And_FeedBack_Page_Share_App_Button_arePresent_230" time="8.399" classname="com.InfoCabs.testcases.STC_And_FeedBack_Page_TestCases"/>
  <testcase name="Test_STC_And_FeedBack_Page_Feedback_Field_arePresent_231" time="2.237" classname="com.InfoCabs.testcases.STC_And_FeedBack_Page_TestCases"/>
  <testcase name="Test_STC_And_FeedBack_Page_SubmitFeedback_ButtonAndText_232" time="4.286" classname="com.InfoCabs.testcases.STC_And_FeedBack_Page_TestCases"/>
</testsuite> <!-- com.InfoCabs.testcases.STC_And_FeedBack_Page_TestCases -->
