<?xml version="1.0" encoding="UTF-8"?>
<!-- Generated by org.testng.reporters.JUnitReportReporter -->
<testsuite skipped="0" hostname="DESKTOP-CSMSJ8J" name="com.InfoCabs.testcases.Delete_RegesteredUser_API_Requests_72" tests="1" failures="0" timestamp="2020-12-28T17:16:37 PKT" time="4.999" errors="0">
  <testcase name="Delete_RegisteredUser_UsingDelete_API_72" time="4.999" classname="com.InfoCabs.testcases.Delete_RegesteredUser_API_Requests_72"/>
</testsuite> <!-- com.InfoCabs.testcases.Delete_RegesteredUser_API_Requests_72 -->
