<?xml version="1.0" encoding="UTF-8"?>
<!-- Generated by org.testng.reporters.JUnitReportReporter -->
<testsuite skipped="0" hostname="DESKTOP-CSMSJ8J" name="com.InfoCabs.testcases.Book_6_Seater_TestCases" tests="3" failures="0" timestamp="2020-12-31T23:28:55 PKT" time="37.832" errors="0">
  <testcase name="Test_LoginPage_Allow_user_to_LoginWith_valid_credential_21" time="15.546" classname="com.InfoCabs.testcases.Book_6_Seater_TestCases"/>
  <testcase name="Test_Book_SaloonWith_PrmoCode_EnterDropofAddress_Cab_22" time="12.043" classname="com.InfoCabs.testcases.Book_6_Seater_TestCases"/>
  <testcase name="Test_Book_SaloonWith_PrmoCode_ClickOnBookNow_Button_Cab_24" time="10.243" classname="com.InfoCabs.testcases.Book_6_Seater_TestCases"/>
</testsuite> <!-- com.InfoCabs.testcases.Book_6_Seater_TestCases -->
