<?xml version="1.0" encoding="UTF-8"?>
<!-- Generated by org.testng.reporters.JUnitReportReporter -->
<testsuite skipped="0" hostname="DESKTOP-CSMSJ8J" name="com.InfoCabs.testcases.Share_Page_TestCases_667_668" tests="2" failures="0" timestamp="2021-01-30T02:25:33 PKT" time="14.217" errors="0">
  <testcase name="Test_Share_Page_ClickTO_Open_Share_Page_667" time="3.784" classname="com.InfoCabs.testcases.Share_Page_TestCases_667_668"/>
  <testcase name="Test_Share_Page_check_ShareText_is_present_668" time="10.433" classname="com.InfoCabs.testcases.Share_Page_TestCases_667_668"/>
</testsuite> <!-- com.InfoCabs.testcases.Share_Page_TestCases_667_668 -->
