<?xml version="1.0" encoding="UTF-8"?>
<!-- Generated by org.testng.reporters.JUnitReportReporter -->
<testsuite skipped="0" hostname="DESKTOP-CSMSJ8J" name="com.InfoCabs.testcases.Book_8_Seater_TestCases_440_466" tests="27" failures="0" timestamp="2021-03-03T19:43:43 PKT" time="283.607" errors="0">
  <testcase name="Test_LoginPage_Allow_user_to_LoginWith_valid_credential_21" time="21.416" classname="com.InfoCabs.testcases.Book_8_Seater_TestCases_440_466"/>
  <testcase name="Test_Book_8_Seater_LunchDriver_App_LunchNewDriver_App_440" time="5.817" classname="com.InfoCabs.testcases.Book_8_Seater_TestCases_440_466"/>
  <testcase name="Test_Book_8_Seater_LunchDriver_App_LogintoRiderApp_442" time="20.730" classname="com.InfoCabs.testcases.Book_8_Seater_TestCases_440_466"/>
  <testcase name="Test_Book_8_Seater_LunchDriver_App_Backto_CustomerApp_443" time="7.059" classname="com.InfoCabs.testcases.Book_8_Seater_TestCases_440_466"/>
  <testcase name="Test_Book_8_Seater_EnterDropofAddress_Cab_444" time="9.716" classname="com.InfoCabs.testcases.Book_8_Seater_TestCases_440_466"/>
  <testcase name="Test_Book_8_Seater_Moveto_6Seater_445" time="11.103" classname="com.InfoCabs.testcases.Book_8_Seater_TestCases_440_466"/>
  <testcase name="Test_Book_8_Seater_Moveto_8_Seater_446" time="11.025" classname="com.InfoCabs.testcases.Book_8_Seater_TestCases_440_466"/>
  <testcase name="Test_Book_8_Seater_6_Seater_Text_arePresent_447" time="2.180" classname="com.InfoCabs.testcases.Book_8_Seater_TestCases_440_466"/>
  <testcase name="Test_Book_8_Seater_ClickOnBookNow_Button_Cab_448" time="8.572" classname="com.InfoCabs.testcases.Book_8_Seater_TestCases_440_466"/>
  <testcase name="Test_Book_8_Seater_Select_Cash_FromDrop_449" time="6.126" classname="com.InfoCabs.testcases.Book_8_Seater_TestCases_440_466"/>
  <testcase name="Test_Book_8_Seater_ClickOnBookConfirmButton_450" time="9.672" classname="com.InfoCabs.testcases.Book_8_Seater_TestCases_440_466"/>
  <testcase name="Test_Book_8_Seater_Push_CustomerApp_toBackground_and_start_RiderApp_451" time="5.676" classname="com.InfoCabs.testcases.Book_8_Seater_TestCases_440_466"/>
  <testcase name="Test_Book_8_Seater_AcceptCustomer_ride_452" time="37.647" classname="com.InfoCabs.testcases.Book_8_Seater_TestCases_440_466"/>
  <testcase name="Test_Book_8_Seater_Push_Rider_toBackground_and_start_CustomerApp_453" time="17.513" classname="com.InfoCabs.testcases.Book_8_Seater_TestCases_440_466"/>
  <testcase name="Test_Book_8_Seater_weHave_Sent_Text_arePresent_454" time="14.483" classname="com.InfoCabs.testcases.Book_8_Seater_TestCases_440_466"/>
  <testcase name="Test_Book_8_Seater_Push_CustomerApp_toBackground_and_start_RiderApp_455" time="13.611" classname="com.InfoCabs.testcases.Book_8_Seater_TestCases_440_466"/>
  <testcase name="Test_Book_8_Seater_ClickOnWait_ride_456" time="4.384" classname="com.InfoCabs.testcases.Book_8_Seater_TestCases_440_466"/>
  <testcase name="Test_Book_8_Seater_ClickOnPOB_Button_ride_457" time="4.525" classname="com.InfoCabs.testcases.Book_8_Seater_TestCases_440_466"/>
  <testcase name="Test_Book_8_Seater_Push_Rider_toBackground_and_start_CustomerApp_458" time="17.834" classname="com.InfoCabs.testcases.Book_8_Seater_TestCases_440_466"/>
  <testcase name="Test_Book_8_Seater_You_arein_yourway_Text_arePresent_459" time="15.397" classname="com.InfoCabs.testcases.Book_8_Seater_TestCases_440_466"/>
  <testcase name="Test_Book_8_Seater_CS_App_Push_CustomerApp_toBackground_and_start_RiderApp_460" time="9.553" classname="com.InfoCabs.testcases.Book_8_Seater_TestCases_440_466"/>
  <testcase name="Test_Book_8_Seater_ClickOnSTC_ride_461" time="4.443" classname="com.InfoCabs.testcases.Book_8_Seater_TestCases_440_466"/>
  <testcase name="Test_Book_8_Seater_ClickOn_Clear_ride_462" time="4.332" classname="com.InfoCabs.testcases.Book_8_Seater_TestCases_440_466"/>
  <testcase name="Test_Book_8_Seater_Push_Rider_toBackground_and_start_CustomerApp_463" time="6.890" classname="com.InfoCabs.testcases.Book_8_Seater_TestCases_440_466"/>
  <testcase name="Test_Book_8_Seater_Rate_your_ride_Text_arePresent_464" time="6.481" classname="com.InfoCabs.testcases.Book_8_Seater_TestCases_440_466"/>
  <testcase name="Test_BBook_8_Seater_Feedback_Field_arePresent_465" time="2.984" classname="com.InfoCabs.testcases.Book_8_Seater_TestCases_440_466"/>
  <testcase name="Test_Book_8_Seater_SubmitFeedback_ButtonAndText_466" time="4.438" classname="com.InfoCabs.testcases.Book_8_Seater_TestCases_440_466"/>
</testsuite> <!-- com.InfoCabs.testcases.Book_8_Seater_TestCases_440_466 -->
