<?xml version="1.0" encoding="UTF-8"?>
<!-- Generated by org.testng.reporters.JUnitReportReporter -->
<testsuite skipped="0" hostname="DESKTOP-CSMSJ8J" name="com.InfoCabs.testcases.Check_Remeber_Feature_TestCases_754_768" tests="16" failures="0" timestamp="2021-01-27T02:40:31 PKT" time="157.055" errors="0">
  <testcase name="Test_Check_Remeber_Featur_Allow_user_to_LoginWith_valid_credential_754" time="20.089" classname="com.InfoCabs.testcases.Check_Remeber_Feature_TestCases_754_768"/>
  <testcase name="Test_Check_Remeber_Featur_User_Logout_from_Application_755" time="37.452" classname="com.InfoCabs.testcases.Check_Remeber_Feature_TestCases_754_768"/>
  <testcase name="Test_Check_Remeber_Featur_ForgotPhone_Number_Text_756" time="5.418" classname="com.InfoCabs.testcases.Check_Remeber_Feature_TestCases_754_768"/>
  <testcase name="Test_Check_Remeber_Featur_ForgotPhone_Number_Text_757" time="0.737" classname="com.InfoCabs.testcases.Check_Remeber_Feature_TestCases_754_768"/>
  <testcase name="Test_Check_Remeber_Featur_Allow_user_to_LoginWith_valid_credential_Loginagain_758" time="4.446" classname="com.InfoCabs.testcases.Check_Remeber_Feature_TestCases_754_768"/>
  <testcase name="Test_check_Remeber_Feature_Go_Back_ChangePWD_page_759" time="6.608" classname="com.InfoCabs.testcases.Check_Remeber_Feature_TestCases_754_768"/>
  <testcase name="Test_Check_Remeber_Feature_Change_PWD_again_to_Orignal_760" time="11.014" classname="com.InfoCabs.testcases.Check_Remeber_Feature_TestCases_754_768"/>
  <testcase name="Test_Check_Remeber_Feature_Check_BackButton_761" time="8.854" classname="com.InfoCabs.testcases.Check_Remeber_Feature_TestCases_754_768"/>
  <testcase name="Test_Check_Remeber_Feature_and_Logout_761" time="15.280" classname="com.InfoCabs.testcases.Check_Remeber_Feature_TestCases_754_768"/>
  <testcase name="Test_Check_Remeber_Featur_ForgotPhone_Number_Text_and_check_ChangePwd_762" time="0.822" classname="com.InfoCabs.testcases.Check_Remeber_Feature_TestCases_754_768"/>
  <testcase name="Test_Check_Remeber_Featur_Again_login__with_save_Pwd_763" time="4.191" classname="com.InfoCabs.testcases.Check_Remeber_Feature_TestCases_754_768"/>
  <testcase name="Test_check_Remeber_Feature_Go_Back_Again_to_ChangePWD_page_764" time="6.844" classname="com.InfoCabs.testcases.Check_Remeber_Feature_TestCases_754_768"/>
  <testcase name="Test_Check_Remeber_Feature__Check_Change_PWD_again_to_Orignal_765" time="10.827" classname="com.InfoCabs.testcases.Check_Remeber_Feature_TestCases_754_768"/>
  <testcase name="Test_Check_Remeber_Feature_Check_BackButton_on_2ndtime_766" time="8.836" classname="com.InfoCabs.testcases.Check_Remeber_Feature_TestCases_754_768"/>
  <testcase name="Test_Check_Remeber_Feature_and_Logout_for_3rd_time_767" time="14.894" classname="com.InfoCabs.testcases.Check_Remeber_Feature_TestCases_754_768"/>
  <testcase name="Test_Check_Remeber_Featur_check_ChangePwd_validation_768" time="0.743" classname="com.InfoCabs.testcases.Check_Remeber_Feature_TestCases_754_768"/>
</testsuite> <!-- com.InfoCabs.testcases.Check_Remeber_Feature_TestCases_754_768 -->
