<?xml version="1.0" encoding="UTF-8"?>
<!-- Generated by org.testng.reporters.JUnitReportReporter -->
<testsuite skipped="0" hostname="DESKTOP-CSMSJ8J" name="com.InfoCabs.testcases.LoginPage_Tests" tests="22" failures="0" timestamp="2020-12-04T17:31:05 PKT" time="53.284" errors="0">
  <testcase name="Device_Permission_Alerts_S1" time="3.499" classname="com.InfoCabs.testcases.LoginPage_Tests"/>
  <testcase name="Device_Permission_Alerts_S2" time="4.014" classname="com.InfoCabs.testcases.LoginPage_Tests"/>
  <testcase name="Test_LoginScreen_Logo" time="2.122" classname="com.InfoCabs.testcases.LoginPage_Tests"/>
  <testcase name="Test_LoginScree_PhoneNumber_Icon" time="0.072" classname="com.InfoCabs.testcases.LoginPage_Tests"/>
  <testcase name="Test_LoginScree_CountryFlag_Icon" time="0.072" classname="com.InfoCabs.testcases.LoginPage_Tests"/>
  <testcase name="Test_LoginScree_PasswordVisiblity_icon" time="0.111" classname="com.InfoCabs.testcases.LoginPage_Tests"/>
  <testcase name="Test_LoginScreen_Welcome_Text" time="0.135" classname="com.InfoCabs.testcases.LoginPage_Tests"/>
  <testcase name="Test_LoginScreen_Continue_Text" time="0.199" classname="com.InfoCabs.testcases.LoginPage_Tests"/>
  <testcase name="Test_LoginScreen_PhoneNumber_Text" time="0.193" classname="com.InfoCabs.testcases.LoginPage_Tests"/>
  <testcase name="Test_LoginScreen_Country_Code_is_Present" time="0.204" classname="com.InfoCabs.testcases.LoginPage_Tests"/>
  <testcase name="Test_LoginScreen_ForgotPhone_Number_Text" time="0.143" classname="com.InfoCabs.testcases.LoginPage_Tests"/>
  <testcase name="Test_LoginScreen_ForgotPassword_Text" time="0.144" classname="com.InfoCabs.testcases.LoginPage_Tests"/>
  <testcase name="Test_LoginScreen_NewUser_Text" time="0.133" classname="com.InfoCabs.testcases.LoginPage_Tests"/>
  <testcase name="Test_LoginScreen_SignUP_Text" time="0.266" classname="com.InfoCabs.testcases.LoginPage_Tests"/>
  <testcase name="Test_LoginScreen_PhoneNumber_RequiredErrorMessage" time="0.967" classname="com.InfoCabs.testcases.LoginPage_Tests"/>
  <testcase name="Test_LoginScreen_PhoneNumber_ValidationErrorMessage" time="2.338" classname="com.InfoCabs.testcases.LoginPage_Tests"/>
  <testcase name="Test_LoginScreen__PasswordRequired_error_Message" time="2.514" classname="com.InfoCabs.testcases.LoginPage_Tests"/>
  <testcase name="Test_LoginScreen__Password_ValidationErrorMessage" time="5.969" classname="com.InfoCabs.testcases.LoginPage_Tests"/>
  <testcase name="Test_LoginScreen__IcorrectPassword_Validation" time="11.984" classname="com.InfoCabs.testcases.LoginPage_Tests"/>
  <testcase name="Test_PasswordView_eyeIcon_MakePassword_Visisble" time="2.871" classname="com.InfoCabs.testcases.LoginPage_Tests"/>
  <testcase name="Login_to_Application" time="8.829" classname="com.InfoCabs.testcases.LoginPage_Tests"/>
  <testcase name="Logout_from_Application" time="6.505" classname="com.InfoCabs.testcases.LoginPage_Tests"/>
</testsuite> <!-- com.InfoCabs.testcases.LoginPage_Tests -->
