<?xml version="1.0" encoding="UTF-8"?>
<!-- Generated by org.testng.reporters.JUnitReportReporter -->
<testsuite skipped="0" hostname="DESKTOP-CSMSJ8J" name="com.InfoCabs.testcases.LogOut_Page_TestCases_750_753" tests="4" failures="0" timestamp="2021-01-30T02:25:34 PKT" time="31.594" errors="0">
  <testcase name="Test_LogOut_Page_ClickTO_Open_Share_Page_750" time="20.123" classname="com.InfoCabs.testcases.LogOut_Page_TestCases_750_753"/>
  <testcase name="Test_LogOut_Page_check_Do_youwant_Logout_Text_751" time="2.116" classname="com.InfoCabs.testcases.LogOut_Page_TestCases_750_753"/>
  <testcase name="Test_LogOut_Page_check_No_Keep_me_Login_Text_752" time="2.115" classname="com.InfoCabs.testcases.LogOut_Page_TestCases_750_753"/>
  <testcase name="Test_LogOut_Page_check_Yes_ill_ComeBack_Text_753" time="7.240" classname="com.InfoCabs.testcases.LogOut_Page_TestCases_750_753"/>
</testsuite> <!-- com.InfoCabs.testcases.LogOut_Page_TestCases_750_753 -->
