<?xml version="1.0" encoding="UTF-8"?>
<!-- Generated by org.testng.reporters.JUnitReportReporter -->
<testsuite skipped="0" hostname="DESKTOP-CSMSJ8J" name="com.InfoCabs.testcases.LunchDriver_App_148_156" tests="10" failures="0" timestamp="2020-12-25T15:58:36 PKT" time="70.645" errors="0">
  <testcase name="Test_LoginPage_Allow_user_to_LoginWith_valid_credential_21" time="11.107" classname="com.InfoCabs.testcases.LunchDriver_App_148_156"/>
  <testcase name="Test_LunchDriver_App_PushCustomer_App_to_BackGround_148" time="2.281" classname="com.InfoCabs.testcases.LunchDriver_App_148_156"/>
  <testcase name="Test_LunchDriver_App_LunchNewDriver_App_149" time="3.862" classname="com.InfoCabs.testcases.LunchDriver_App_148_156"/>
  <testcase name="Test_LunchDriver_App_LogintoRiderApp_150" time="12.555" classname="com.InfoCabs.testcases.LunchDriver_App_148_156"/>
  <testcase name="Test_LunchDriver_App_PushDriver_intoBackground_151" time="2.041" classname="com.InfoCabs.testcases.LunchDriver_App_148_156"/>
  <testcase name="Test_LunchDriver_App_Backto_CustomerApp_152" time="5.108" classname="com.InfoCabs.testcases.LunchDriver_App_148_156"/>
  <testcase name="Test_LunchDriver_App_Booked_Saloon_Cab_153" time="15.902" classname="com.InfoCabs.testcases.LunchDriver_App_148_156"/>
  <testcase name="Test_LunchDriver_App_Push_CustomerApp_toBackground_and_start_RiderApp_154" time="7.035" classname="com.InfoCabs.testcases.LunchDriver_App_148_156"/>
  <testcase name="Test_LunchDriver_App_AcceptCustomer_ride_155" time="3.416" classname="com.InfoCabs.testcases.LunchDriver_App_148_156"/>
  <testcase name="Test_LunchDriver_App_Push_Rider_toBackground_and_start_CustomerApp_156" time="7.338" classname="com.InfoCabs.testcases.LunchDriver_App_148_156"/>
</testsuite> <!-- com.InfoCabs.testcases.LunchDriver_App_148_156 -->
