<?xml version="1.0" encoding="UTF-8"?>
<!-- Generated by org.testng.reporters.JUnitReportReporter -->
<testsuite skipped="0" hostname="DESKTOP-CSMSJ8J" name="com.InfoCabs.testcases.MainHomePage_TestCases_83_108" tests="26" failures="0" timestamp="2020-12-08T21:21:56 PKT" time="80.100" errors="0">
  <testcase name="Test_MainHomePage_AddPickUpPoint_Text_83" time="2.121" classname="com.InfoCabs.testcases.MainHomePage_TestCases_83_108"/>
  <testcase name="Test_MainHomePage_Notification_Icon_84" time="2.049" classname="com.InfoCabs.testcases.MainHomePage_TestCases_83_108"/>
  <testcase name="Test_MainHomePage_PickUp_Icon_85" time="2.095" classname="com.InfoCabs.testcases.MainHomePage_TestCases_83_108"/>
  <testcase name="Test_MainHomePage_BackToLocation_Icon_86" time="2.107" classname="com.InfoCabs.testcases.MainHomePage_TestCases_83_108"/>
  <testcase name="Test_MainHomePage_GoogleImage_Icon_87" time="2.090" classname="com.InfoCabs.testcases.MainHomePage_TestCases_83_108"/>
  <testcase name="Test_MainHomePage_ConfirmPickUpButton_Text_88" time="2.124" classname="com.InfoCabs.testcases.MainHomePage_TestCases_83_108"/>
  <testcase name="Test_MainHomePage_ScheduleRideButton_Text_89" time="2.112" classname="com.InfoCabs.testcases.MainHomePage_TestCases_83_108"/>
  <testcase name="Test_MainHomePage_ChangePickup_Text_90" time="2.137" classname="com.InfoCabs.testcases.MainHomePage_TestCases_83_108"/>
  <testcase name="Test_MainHomePage_PickLocation_CrossButton_91" time="4.265" classname="com.InfoCabs.testcases.MainHomePage_TestCases_83_108"/>
  <testcase name="Test_MainHomePage_PickupLocation_Text_92" time="2.123" classname="com.InfoCabs.testcases.MainHomePage_TestCases_83_108"/>
  <testcase name="Test_MainHomePage_FavoritePlaces_Text_93" time="2.138" classname="com.InfoCabs.testcases.MainHomePage_TestCases_83_108"/>
  <testcase name="Test_MainHomePage_AddPickupPoint_Button_Text_94" time="2.135" classname="com.InfoCabs.testcases.MainHomePage_TestCases_83_108"/>
  <testcase name="Test_MainHomePage_CheckSearchbar_isPresent_95" time="2.124" classname="com.InfoCabs.testcases.MainHomePage_TestCases_83_108"/>
  <testcase name="Test_MainHomePage_AddPickUpAddress_96" time="4.894" classname="com.InfoCabs.testcases.MainHomePage_TestCases_83_108"/>
  <testcase name="Test_MainHomePage_Add_AddressToFavoriteList_97" time="11.673" classname="com.InfoCabs.testcases.MainHomePage_TestCases_83_108"/>
  <testcase name="Test_MainHomePage_SelectPickUpAddress_98" time="2.148" classname="com.InfoCabs.testcases.MainHomePage_TestCases_83_108"/>
  <testcase name="Test_MainHomePage_Dropoff_address_icon_99" time="2.106" classname="com.InfoCabs.testcases.MainHomePage_TestCases_83_108"/>
  <testcase name="Test_MainHomePage_ClickOn_where_are_you_heading_Text_100" time="2.138" classname="com.InfoCabs.testcases.MainHomePage_TestCases_83_108"/>
  <testcase name="Test_MainHomePage_Dropoffaddress_CrossButton_101" time="4.273" classname="com.InfoCabs.testcases.MainHomePage_TestCases_83_108"/>
  <testcase name="Test_MainHomePage_PickupLocation_Text_102" time="2.119" classname="com.InfoCabs.testcases.MainHomePage_TestCases_83_108"/>
  <testcase name="Test_MainHomePage_FavoritePlaces_Text_103" time="2.139" classname="com.InfoCabs.testcases.MainHomePage_TestCases_83_108"/>
  <testcase name="Test_MainHomePage_AddPickupPoint_Button_Text_104" time="2.124" classname="com.InfoCabs.testcases.MainHomePage_TestCases_83_108"/>
  <testcase name="Test_MainHomePage_CheckSearchbar_isPresent_105" time="2.120" classname="com.InfoCabs.testcases.MainHomePage_TestCases_83_108"/>
  <testcase name="Test_MainHomePage_AddDropoffAddress_106" time="5.353" classname="com.InfoCabs.testcases.MainHomePage_TestCases_83_108"/>
  <testcase name="Test_MainHomePage_Add_AddressToFavoriteList_107" time="7.237" classname="com.InfoCabs.testcases.MainHomePage_TestCases_83_108"/>
  <testcase name="Test_MainHomePage_SelectDropoffAddress_108" time="2.156" classname="com.InfoCabs.testcases.MainHomePage_TestCases_83_108"/>
</testsuite> <!-- com.InfoCabs.testcases.MainHomePage_TestCases_83_108 -->
