<?xml version="1.0" encoding="UTF-8"?>
<!-- Generated by org.testng.reporters.JUnitReportReporter -->
<testsuite skipped="0" hostname="DESKTOP-CSMSJ8J" name="com.InfoCabs.testcases.Scedule_8_Seater_Cab_TestCases_527_567" tests="41" failures="0" timestamp="2021-01-27T19:42:47 PKT" time="212.217" errors="0">
  <testcase name="Test_Schedule_8_Seater_Cab_ClickOn_ScheduleRide_Button_526" time="21.296" classname="com.InfoCabs.testcases.Scedule_8_Seater_Cab_TestCases_527_567"/>
  <testcase name="Test_Schedule_8_Seater_Cab_Pick_Cale_Image_is_present_527" time="2.190" classname="com.InfoCabs.testcases.Scedule_8_Seater_Cab_TestCases_527_567"/>
  <testcase name="Test_Schedule_8_Seater_Cab_Pick_Time_Image_is_present_528" time="2.309" classname="com.InfoCabs.testcases.Scedule_8_Seater_Cab_TestCases_527_567"/>
  <testcase name="Test_Schedule_8_Seater_Cab_EnterDropofAddress_Cab_529" time="10.986" classname="com.InfoCabs.testcases.Scedule_8_Seater_Cab_TestCases_527_567"/>
  <testcase name="Test_Schedule_8_Seater_Cab_ClickOn_PickUp_Date_Button_530" time="2.355" classname="com.InfoCabs.testcases.Scedule_8_Seater_Cab_TestCases_527_567"/>
  <testcase name="Test_Schedule_8_Seater_Cab_Pick_Cale_CurrentYear_is_present_531" time="2.542" classname="com.InfoCabs.testcases.Scedule_8_Seater_Cab_TestCases_527_567"/>
  <testcase name="Test_Schedule_8_Seater_Cab_Pick_Cale_CurrentDate_is_present_532" time="2.322" classname="com.InfoCabs.testcases.Scedule_8_Seater_Cab_TestCases_527_567"/>
  <testcase name="Test_Schedule_8_Seater_Cab_ClickOn_Cale_Cancel_Button_533" time="2.406" classname="com.InfoCabs.testcases.Scedule_8_Seater_Cab_TestCases_527_567"/>
  <testcase name="Test_Schedule_8_Seater_Cab_ClickOn_PickUp_Date_On2ndTime_Button_534" time="5.345" classname="com.InfoCabs.testcases.Scedule_8_Seater_Cab_TestCases_527_567"/>
  <testcase name="Test_Schedule_8_Seater_Cab_ClickOn_Cale_OK_Button_535" time="5.403" classname="com.InfoCabs.testcases.Scedule_8_Seater_Cab_TestCases_527_567"/>
  <testcase name="Test_Schedule_8_Seater_Cab_ClickOn_Time_Cancel_Button_536" time="2.323" classname="com.InfoCabs.testcases.Scedule_8_Seater_Cab_TestCases_527_567"/>
  <testcase name="Test_Schedule_8_Seater_Cab_Check_PickUpDate_are_Selected_537" time="2.243" classname="com.InfoCabs.testcases.Scedule_8_Seater_Cab_TestCases_527_567"/>
  <testcase name="Test_Schedule_8_Seater_Cab_ClickOn_PickUp_Time_Button_538" time="5.363" classname="com.InfoCabs.testcases.Scedule_8_Seater_Cab_TestCases_527_567"/>
  <testcase name="Test_Schedule_8_Seater_Cab_Check_TimeDisplay_arePresent_539" time="2.262" classname="com.InfoCabs.testcases.Scedule_8_Seater_Cab_TestCases_527_567"/>
  <testcase name="Test_Schedule_8_Seater_Cab_check_30minuts_AdvanceTime_540" time="2.160" classname="com.InfoCabs.testcases.Scedule_8_Seater_Cab_TestCases_527_567"/>
  <testcase name="Test_Schedule_8_Seater_Cab_ClickOn_Time_Cancel_Button_541" time="2.314" classname="com.InfoCabs.testcases.Scedule_8_Seater_Cab_TestCases_527_567"/>
  <testcase name="Test_Schedule_8_Seater_Cab_ClickOn_PickUp_Time_On2nd_Time_Button_542" time="5.377" classname="com.InfoCabs.testcases.Scedule_8_Seater_Cab_TestCases_527_567"/>
  <testcase name="Test_Schedule_8_Seater_Cab_ClickOn_Time_OK_Button_543" time="5.316" classname="com.InfoCabs.testcases.Scedule_8_Seater_Cab_TestCases_527_567"/>
  <testcase name="Test_Schedule_8_Seater_Cab_Check_Time_areSelected_544" time="2.346" classname="com.InfoCabs.testcases.Scedule_8_Seater_Cab_TestCases_527_567"/>
  <testcase name="Test_Book_8_Seater_with_CreaditCards_Moveto_6Seater_545" time="11.024" classname="com.InfoCabs.testcases.Scedule_8_Seater_Cab_TestCases_527_567"/>
  <testcase name="Test_Book_8_Seater_with_CreaditCards_Moveto_8_Seater_546" time="11.020" classname="com.InfoCabs.testcases.Scedule_8_Seater_Cab_TestCases_527_567"/>
  <testcase name="Test_Book_8_Seater_with_CreaditCards_8_Seater_Text_arePresent_547" time="2.163" classname="com.InfoCabs.testcases.Scedule_8_Seater_Cab_TestCases_527_567"/>
  <testcase name="Test_Book_8_Seater_with_CreaditCards_ClickOnBookNow_Button_Cab_548" time="8.526" classname="com.InfoCabs.testcases.Scedule_8_Seater_Cab_TestCases_527_567"/>
  <testcase name="Test_Book_8_Seater_with_CreaditCards_Select_Cash_FromDrop_549" time="5.516" classname="com.InfoCabs.testcases.Scedule_8_Seater_Cab_TestCases_527_567"/>
  <testcase name="Test_Schedule_8_Seater_Cab_Check_Time_and_Date_areSelected_551" time="2.324" classname="com.InfoCabs.testcases.Scedule_8_Seater_Cab_TestCases_527_567"/>
  <testcase name="Test_Schedule_8_Seater_Cab_ClickOnBookConfirmButton_552" time="9.586" classname="com.InfoCabs.testcases.Scedule_8_Seater_Cab_TestCases_527_567"/>
  <testcase name="Test_Schedule_8_Seater_Cab_Check_Schedule_Screen_image_Tick_Icon_553" time="2.279" classname="com.InfoCabs.testcases.Scedule_8_Seater_Cab_TestCases_527_567"/>
  <testcase name="Test_Schedule_8_Seater_Cab_check_Your_Ride_ScheduleText_554" time="2.128" classname="com.InfoCabs.testcases.Scedule_8_Seater_Cab_TestCases_527_567"/>
  <testcase name="Test_Schedule_8_Seater_Cab_Check_Schedule_Screen_Time_are_Selected_555" time="2.252" classname="com.InfoCabs.testcases.Scedule_8_Seater_Cab_TestCases_527_567"/>
  <testcase name="Test_Schedule_8_Seater_Cab_check_View_Your_Text_556" time="2.294" classname="com.InfoCabs.testcases.Scedule_8_Seater_Cab_TestCases_527_567"/>
  <testcase name="Test_Schedule_8_Seater_Cab_ClickOn_Done_Button_557" time="5.300" classname="com.InfoCabs.testcases.Scedule_8_Seater_Cab_TestCases_527_567"/>
  <testcase name="Test_Schedule_8_Seater_Cab_ClickOn_SideMenu_Button_558" time="15.555" classname="com.InfoCabs.testcases.Scedule_8_Seater_Cab_TestCases_527_567"/>
  <testcase name="Test_Schedule_8_Seater_Cab_ClickOn_SideMenu__MyTrips_Button_559" time="9.831" classname="com.InfoCabs.testcases.Scedule_8_Seater_Cab_TestCases_527_567"/>
  <testcase name="Test_Schedule_8_Seater_Cab_check_MyTrips_Text_560" time="2.405" classname="com.InfoCabs.testcases.Scedule_8_Seater_Cab_TestCases_527_567"/>
  <testcase name="Test_Schedule_8_Seater_Cab_ClickOn_Done_Button_561" time="5.767" classname="com.InfoCabs.testcases.Scedule_8_Seater_Cab_TestCases_527_567"/>
  <testcase name="Test_Schedule_8_Seater_Cab_Check_UpComingRide_PickUp_Icon_562" time="2.288" classname="com.InfoCabs.testcases.Scedule_8_Seater_Cab_TestCases_527_567"/>
  <testcase name="Test_Schedule_8_Seater_Cab_Check_UpComingRide_DropOff_Icon_563" time="2.299" classname="com.InfoCabs.testcases.Scedule_8_Seater_Cab_TestCases_527_567"/>
  <testcase name="Test_Schedule_8_Seater_Cab_Check_UpComingRide_PickUp_Address_564" time="2.263" classname="com.InfoCabs.testcases.Scedule_8_Seater_Cab_TestCases_527_567"/>
  <testcase name="Test_Schedule_8_Seater_Cab_Check_UpComingRide_Dropoff_Address_565" time="2.216" classname="com.InfoCabs.testcases.Scedule_8_Seater_Cab_TestCases_527_567"/>
  <testcase name="Test_Schedule_8_Seater_Cab_Check_UpComingRide_PickUp_Time_566" time="2.248" classname="com.InfoCabs.testcases.Scedule_8_Seater_Cab_TestCases_527_567"/>
  <testcase name="Test_Schedule_6_Seater_Cab_ClickOn_Cancel_Button_567" time="16.075" classname="com.InfoCabs.testcases.Scedule_8_Seater_Cab_TestCases_527_567"/>
</testsuite> <!-- com.InfoCabs.testcases.Scedule_8_Seater_Cab_TestCases_527_567 -->
