<?xml version="1.0" encoding="UTF-8"?>
<!-- Generated by org.testng.reporters.JUnitReportReporter -->
<testsuite skipped="0" hostname="DESKTOP-CSMSJ8J" name="com.InfoCabs.testcases.POB_Page_TestCases_181_217" tests="37" failures="0" timestamp="2021-03-03T18:41:03 PKT" time="211.036" errors="0">
  <testcase name="Test_POB_Page_EnterDropofAddress_Cab_181" time="15.721" classname="com.InfoCabs.testcases.POB_Page_TestCases_181_217"/>
  <testcase name="Test_POB_Page_ClickOnBookNow_Button_Cab_182" time="9.673" classname="com.InfoCabs.testcases.POB_Page_TestCases_181_217"/>
  <testcase name="Test_POB_Page_ClickOnBookConfirmButton_183" time="10.042" classname="com.InfoCabs.testcases.POB_Page_TestCases_181_217"/>
  <testcase name="Test_POB_Page_Push_CustomerApp_toBackground_and_start_RiderApp_184" time="10.454" classname="com.InfoCabs.testcases.POB_Page_TestCases_181_217"/>
  <testcase name="Test_POB_Page_AcceptCustomer_ride_188" time="24.603" classname="com.InfoCabs.testcases.POB_Page_TestCases_181_217"/>
  <testcase name="Test_POB_Page_ClickOnWait_ride_187" time="4.335" classname="com.InfoCabs.testcases.POB_Page_TestCases_181_217"/>
  <testcase name="Test_POB_Page_ClickOnPOB_Button_ride_188" time="4.331" classname="com.InfoCabs.testcases.POB_Page_TestCases_181_217"/>
  <testcase name="Test_POB_Page_Push_Rider_toBackground_and_start_CustomerApp_189" time="19.733" classname="com.InfoCabs.testcases.POB_Page_TestCases_181_217"/>
  <testcase name="Test_POB_Page_You_arein_yourway_Text_arePresent_190" time="10.006" classname="com.InfoCabs.testcases.POB_Page_TestCases_181_217"/>
  <testcase name="Test_POB_Page_RiderImage_is_present_191" time="2.327" classname="com.InfoCabs.testcases.POB_Page_TestCases_181_217"/>
  <testcase name="Test_POB_Page_RiderName_is_present_192" time="2.289" classname="com.InfoCabs.testcases.POB_Page_TestCases_181_217"/>
  <testcase name="Test_POB_Page_RiderRating_is_present_193" time="2.343" classname="com.InfoCabs.testcases.POB_Page_TestCases_181_217"/>
  <testcase name="Test_POB_Page_Car_name_is_present_194" time="2.432" classname="com.InfoCabs.testcases.POB_Page_TestCases_181_217"/>
  <testcase name="Test_POB_Page_Car_numberplate_is_present_195" time="2.279" classname="com.InfoCabs.testcases.POB_Page_TestCases_181_217"/>
  <testcase name="Test_POB_Page_car_name_Distance_Text_arePresent_196" time="2.399" classname="com.InfoCabs.testcases.POB_Page_TestCases_181_217"/>
  <testcase name="Test_POB_Page_car_name_DitanceinNumber_is_present_197" time="2.265" classname="com.InfoCabs.testcases.POB_Page_TestCases_181_217"/>
  <testcase name="Test_POB_Page_car_name_Price_Text_arePresent_198" time="2.431" classname="com.InfoCabs.testcases.POB_Page_TestCases_181_217"/>
  <testcase name="Test_POB_Page_car_name_PriceNumber_is_present_199" time="2.318" classname="com.InfoCabs.testcases.POB_Page_TestCases_181_217"/>
  <testcase name="Test_POB_Page_car_name_ETA_Text_arePresent_200" time="2.515" classname="com.InfoCabs.testcases.POB_Page_TestCases_181_217"/>
  <testcase name="Test_POB_Page_car_name_ETA_Number_is_present_201" time="2.331" classname="com.InfoCabs.testcases.POB_Page_TestCases_181_217"/>
  <testcase name="Test_POB_Page_car_name_Payment_Text_arePresent_202" time="2.564" classname="com.InfoCabs.testcases.POB_Page_TestCases_181_217"/>
  <testcase name="Test_POB_Page_On_CS_App_Paymentmethod_is_present_203" time="2.343" classname="com.InfoCabs.testcases.POB_Page_TestCases_181_217"/>
  <testcase name="Test_POB_Page_On_CS_App_ClikOn_ShareRide_Button_and_Text_arePresent_204" time="9.616" classname="com.InfoCabs.testcases.POB_Page_TestCases_181_217"/>
  <testcase name="Test_POB_Page_On_CS_App_ClikOn_I_Needto_MakeaCall_Button_and_Text_arePresent_205" time="7.474" classname="com.InfoCabs.testcases.POB_Page_TestCases_181_217"/>
  <testcase name="Test_POB_Page_On_CS_App_I_Needto_MakeaCall_Alert_and_button_areWorking_206" time="4.757" classname="com.InfoCabs.testcases.POB_Page_TestCases_181_217"/>
  <testcase name="Test_POB_Page_car_name_I_Needtomake_aCall_Text_arePresent_207" time="2.270" classname="com.InfoCabs.testcases.POB_Page_TestCases_181_217"/>
  <testcase name="Test_POB_Page_On_CS_App_ContactOperator_Icon_is_present_208" time="2.309" classname="com.InfoCabs.testcases.POB_Page_TestCases_181_217"/>
  <testcase name="Test_POB_Page_car_name_Contact_Operator_Text_arePresent_209" time="2.301" classname="com.InfoCabs.testcases.POB_Page_TestCases_181_217"/>
  <testcase name="Test_POB_Page_car_name_Contact_Operator_2nd_Text_arePresent_210" time="2.362" classname="com.InfoCabs.testcases.POB_Page_TestCases_181_217"/>
  <testcase name="Test_POB_Page_On_CS_App_EmergencyContact_Icon_is_present_211" time="2.255" classname="com.InfoCabs.testcases.POB_Page_TestCases_181_217"/>
  <testcase name="Test_POB_Page_car_name_Emergency_Text_arePresent_212" time="2.299" classname="com.InfoCabs.testcases.POB_Page_TestCases_181_217"/>
  <testcase name="Test_POB_Page_car_name_Contact_Text_arePresent_213" time="2.307" classname="com.InfoCabs.testcases.POB_Page_TestCases_181_217"/>
  <testcase name="Test_POB_Page_ClickOn_Contact_Operator__214" time="5.438" classname="com.InfoCabs.testcases.POB_Page_TestCases_181_217"/>
  <testcase name="Test_POB_Page_On_CS_App_Backto_CSApp_from_PhoneDialpad_215" time="7.074" classname="com.InfoCabs.testcases.POB_Page_TestCases_181_217"/>
  <testcase name="Test_POB_Page_On_CS_App_Now_Try_Emergency_Contact_OpenAlert_Again_216" time="6.433" classname="com.InfoCabs.testcases.POB_Page_TestCases_181_217"/>
  <testcase name="Test_POB_Page_On_CS_App_Now_Try_Emergency_Contact_217" time="7.454" classname="com.InfoCabs.testcases.POB_Page_TestCases_181_217"/>
  <testcase name="Test_POB_Page_On_CS_App_Backto_CSApp_from_PhoneDialpadOn_2ndtime_218" time="6.953" classname="com.InfoCabs.testcases.POB_Page_TestCases_181_217"/>
</testsuite> <!-- com.InfoCabs.testcases.POB_Page_TestCases_181_217 -->
