<?xml version="1.0" encoding="UTF-8"?>
<!-- Generated by org.testng.reporters.JUnitReportReporter -->
<testsuite skipped="0" hostname="DESKTOP-CSMSJ8J" name="com.InfoCabs.testcases.Add_CreditCards_TestCases" tests="17" failures="0" timestamp="2021-01-07T19:43:15 PKT" time="84.646" errors="0">
  <testcase name="Test_Add_CreditCards_Click_to_Open_CardMenu_623" time="2.524" classname="com.InfoCabs.testcases.Add_CreditCards_TestCases"/>
  <testcase name="Test_Add_CreditCards_Click_to_Cross_Button_624" time="2.563" classname="com.InfoCabs.testcases.Add_CreditCards_TestCases"/>
  <testcase name="Test_Add_CreditCards_Again_Back_to_CreditCardPage_625" time="3.626" classname="com.InfoCabs.testcases.Add_CreditCards_TestCases"/>
  <testcase name="Test_Add_CreditCards_AddCreditCards_text_626" time="2.410" classname="com.InfoCabs.testcases.Add_CreditCards_TestCases"/>
  <testcase name="Test_Add_CreditCards_CardHolder_text_627" time="2.361" classname="com.InfoCabs.testcases.Add_CreditCards_TestCases"/>
  <testcase name="Test_Add_CreditCards_Card_number_text_628" time="2.368" classname="com.InfoCabs.testcases.Add_CreditCards_TestCases"/>
  <testcase name="Test_Add_CreditCards_Expiry_text_629" time="2.451" classname="com.InfoCabs.testcases.Add_CreditCards_TestCases"/>
  <testcase name="Test_Add_CreditCards_Expiry_text_630" time="2.408" classname="com.InfoCabs.testcases.Add_CreditCards_TestCases"/>
  <testcase name="Test_Add_CreditCards_Expiry_text_631" time="2.393" classname="com.InfoCabs.testcases.Add_CreditCards_TestCases"/>
  <testcase name="Test_Add_CreditCards_Check_CardHoldername_errorMessage_632" time="5.482" classname="com.InfoCabs.testcases.Add_CreditCards_TestCases"/>
  <testcase name="Test_Add_CreditCards_EnterCreditCardname_633" time="4.722" classname="com.InfoCabs.testcases.Add_CreditCards_TestCases"/>
  <testcase name="Test__Add_CreditCards_EnterCreditCardnumber_check_Validation_634" time="6.301" classname="com.InfoCabs.testcases.Add_CreditCards_TestCases"/>
  <testcase name="Test__Add_CreditCards_EnterCreditCardnumber_check_for_Incorrect_Validation_635" time="17.553" classname="com.InfoCabs.testcases.Add_CreditCards_TestCases"/>
  <testcase name="Test_dd_CreditCards_Number_Expire_CVV_636" time="7.275" classname="com.InfoCabs.testcases.Add_CreditCards_TestCases"/>
  <testcase name="Test__Add_CreditCards_EnterCreditCardnumber_check_CVVValidation_637" time="4.520" classname="com.InfoCabs.testcases.Add_CreditCards_TestCases"/>
  <testcase name="Test__Add_CreditCards_check_CVValidation_message_638" time="7.707" classname="com.InfoCabs.testcases.Add_CreditCards_TestCases"/>
  <testcase name="Test__Add_CreditCards_EnterCVV_639" time="7.982" classname="com.InfoCabs.testcases.Add_CreditCards_TestCases"/>
</testsuite> <!-- com.InfoCabs.testcases.Add_CreditCards_TestCases -->
