<?xml version="1.0" encoding="UTF-8"?>
<!-- Generated by org.testng.reporters.JUnitReportReporter -->
<testsuite skipped="0" hostname="DESKTOP-CSMSJ8J" name="com.InfoCabs.testcases.ChoosevehiclePage_TestCases_110_119" tests="9" failures="0" timestamp="2021-01-30T00:12:21 PKT" time="22.363" errors="0">
  <testcase name="Test_ChoosevehiclePage_Choosevehicle_Text_110" time="4.493" classname="com.InfoCabs.testcases.ChoosevehiclePage_TestCases_110_119"/>
  <testcase name="Test_ChoosevehiclePage_CheckBothAddressAre_Added_111" time="2.291" classname="com.InfoCabs.testcases.ChoosevehiclePage_TestCases_110_119"/>
  <testcase name="Test_ChoosevehiclePage_CarImage_arePresent_112" time="2.329" classname="com.InfoCabs.testcases.ChoosevehiclePage_TestCases_110_119"/>
  <testcase name="Test_ChoosevehiclePage_SaloonCar_Text_arePresent_113" time="2.289" classname="com.InfoCabs.testcases.ChoosevehiclePage_TestCases_110_119"/>
  <testcase name="Test_ChoosevehiclePage_EstimatedFares_Text_arePresent_114" time="2.305" classname="com.InfoCabs.testcases.ChoosevehiclePage_TestCases_110_119"/>
  <testcase name="Test_ChoosevehiclePage_FaresValue_inNumbers_115" time="2.161" classname="com.InfoCabs.testcases.ChoosevehiclePage_TestCases_110_119"/>
  <testcase name="Test_ChoosevehiclePage_BookNow_Button_Text_arePresent_116" time="2.146" classname="com.InfoCabs.testcases.ChoosevehiclePage_TestCases_110_119"/>
  <testcase name="Test_ChoosevehiclePage_RideLater_Button_Text_arePresent_117" time="2.157" classname="com.InfoCabs.testcases.ChoosevehiclePage_TestCases_110_119"/>
  <testcase name="Test_MainHomePage_ClickOn_BookNow_Button_119" time="2.192" classname="com.InfoCabs.testcases.ChoosevehiclePage_TestCases_110_119"/>
</testsuite> <!-- com.InfoCabs.testcases.ChoosevehiclePage_TestCases_110_119 -->
