<?xml version="1.0" encoding="UTF-8"?>
<!-- Generated by org.testng.reporters.JUnitReportReporter -->
<testsuite skipped="0" hostname="DESKTOP-CSMSJ8J" name="com.InfoCabs.testcases.MyTrips_Cancelled_Ride_And_Rebook_TestCases_666_685" tests="20" failures="0" timestamp="2021-01-30T02:25:34 PKT" time="107.340" errors="0">
  <testcase name="Test_MyTrips_Cancelled_Ride_And_Rebook_EnterDropofAddress_Cab_666" time="13.781" classname="com.InfoCabs.testcases.MyTrips_Cancelled_Ride_And_Rebook_TestCases_666_685"/>
  <testcase name="Test_MyTrips_Cancelled_Ride_And_Rebook_ClickOnBookNow_Button_Cab_667" time="9.591" classname="com.InfoCabs.testcases.MyTrips_Cancelled_Ride_And_Rebook_TestCases_666_685"/>
  <testcase name="Test_MyTrips_Cancelled_Ride_And_Rebook_Select_CeditCard_FromDrop_668" time="8.542" classname="com.InfoCabs.testcases.MyTrips_Cancelled_Ride_And_Rebook_TestCases_666_685"/>
  <testcase name="Test_MyTrips_Cancelled_Ride_And_Rebook_ClickOnBookConfirmButton_669" time="9.539" classname="com.InfoCabs.testcases.MyTrips_Cancelled_Ride_And_Rebook_TestCases_666_685"/>
  <testcase name="Test_MyTrips_Cancelled_Ride_And_Rebook_CancleRide_Button_Text_arePresent_670" time="11.453" classname="com.InfoCabs.testcases.MyTrips_Cancelled_Ride_And_Rebook_TestCases_666_685"/>
  <testcase name="Test_MyTrips_Cancelled_Rides_ClickOn_SideMenu_Button_671" time="9.558" classname="com.InfoCabs.testcases.MyTrips_Cancelled_Ride_And_Rebook_TestCases_666_685"/>
  <testcase name="Test_MyTrips_Cancelled_Ride_And_Rebook_ClickOn_SideMenu__MyTrips_Button_672" time="9.774" classname="com.InfoCabs.testcases.MyTrips_Cancelled_Ride_And_Rebook_TestCases_666_685"/>
  <testcase name="Test_MyTrips_Cancelled_Ride_And_Rebook_check_MyTrips_Text_673" time="2.360" classname="com.InfoCabs.testcases.MyTrips_Cancelled_Ride_And_Rebook_TestCases_666_685"/>
  <testcase name="Test_MyTrips_Cancelled_Ride_And_Rebook_Check_for_PastRide_text_674" time="5.569" classname="com.InfoCabs.testcases.MyTrips_Cancelled_Ride_And_Rebook_TestCases_666_685"/>
  <testcase name="Test_MyTrips_Cancelled_Ride_And_Rebook_Check_for_index1_CancelRide_Option_675" time="2.455" classname="com.InfoCabs.testcases.MyTrips_Cancelled_Ride_And_Rebook_TestCases_666_685"/>
  <testcase name="Test_MyTrips_Cancelled_Ride_And_Rebook_CheckPickoff_Address_676" time="2.273" classname="com.InfoCabs.testcases.MyTrips_Cancelled_Ride_And_Rebook_TestCases_666_685"/>
  <testcase name="Test_MyTrips_Cancelled_Ride_And_Rebook_CheckDropOff_Address_677" time="2.357" classname="com.InfoCabs.testcases.MyTrips_Cancelled_Ride_And_Rebook_TestCases_666_685"/>
  <testcase name="Test_MyTrips_Cancelled_Ride_And_Rebook_Date_and_Time_678" time="2.299" classname="com.InfoCabs.testcases.MyTrips_Cancelled_Ride_And_Rebook_TestCases_666_685"/>
  <testcase name="Test_MyTrips_Cancelled_Ride_And_Rebook_Check_for_Cancelled_Text_and_Button_679" time="3.386" classname="com.InfoCabs.testcases.MyTrips_Cancelled_Ride_And_Rebook_TestCases_666_685"/>
  <testcase name="Test_MyTrips_Cancelled_Ride_And_Rebook_check_for_BackButton_680" time="2.266" classname="com.InfoCabs.testcases.MyTrips_Cancelled_Ride_And_Rebook_TestCases_666_685"/>
  <testcase name="Test_MyTrips_Cancelled_Ride_And_Rebook_Check_for_TripDetails_Text_681" time="2.133" classname="com.InfoCabs.testcases.MyTrips_Cancelled_Ride_And_Rebook_TestCases_666_685"/>
  <testcase name="Test_MyTrips_Cancelled_Ride_And_Rebook_Check_for_Your_Ride_was_cancelled_Text_682" time="2.154" classname="com.InfoCabs.testcases.MyTrips_Cancelled_Ride_And_Rebook_TestCases_666_685"/>
  <testcase name="Test_MyTrips_Cancelled_Ride_And_Rebook_Check_for_StartingAddress_Text_683" time="2.253" classname="com.InfoCabs.testcases.MyTrips_Cancelled_Ride_And_Rebook_TestCases_666_685"/>
  <testcase name="Test_MyTrips_Cancelled_Ride_And_Rebook_Check_for_EndAddress_Text_684" time="2.266" classname="com.InfoCabs.testcases.MyTrips_Cancelled_Ride_And_Rebook_TestCases_666_685"/>
  <testcase name="Test_MyTrips_Cancelled_Ride_And_Rebook_Check_for_Rebook_Text_and_Button_685" time="3.331" classname="com.InfoCabs.testcases.MyTrips_Cancelled_Ride_And_Rebook_TestCases_666_685"/>
</testsuite> <!-- com.InfoCabs.testcases.MyTrips_Cancelled_Ride_And_Rebook_TestCases_666_685 -->
