<?xml version="1.0" encoding="UTF-8"?>
<!-- Generated by org.testng.reporters.JUnitReportReporter -->
<testsuite skipped="0" hostname="DESKTOP-CSMSJ8J" name="com.InfoCabs.testcases.LoginPage_TestCases_1_22" tests="21" failures="0" timestamp="2021-01-30T00:12:21 PKT" time="51.511" errors="0">
  <testcase name="Test_LoginPage_Logo_3" time="2.455" classname="com.InfoCabs.testcases.LoginPage_TestCases_1_22"/>
  <testcase name="Test_LoginPage_PhoneNumber_Icon_4" time="0.105" classname="com.InfoCabs.testcases.LoginPage_TestCases_1_22"/>
  <testcase name="Test_LoginPage_CountryFlag_Icon_5" time="0.137" classname="com.InfoCabs.testcases.LoginPage_TestCases_1_22"/>
  <testcase name="Test_LoginPage_PasswordVisiblity_icon_6" time="0.119" classname="com.InfoCabs.testcases.LoginPage_TestCases_1_22"/>
  <testcase name="Test_LoginPage_Welcome_Text_7" time="0.151" classname="com.InfoCabs.testcases.LoginPage_TestCases_1_22"/>
  <testcase name="Test_LoginPage_Continue_Text_8" time="0.136" classname="com.InfoCabs.testcases.LoginPage_TestCases_1_22"/>
  <testcase name="Test_LoginPage_PhoneNumber_Text_9" time="0.137" classname="com.InfoCabs.testcases.LoginPage_TestCases_1_22"/>
  <testcase name="Test_LoginPage_Country_Code_is_Present_10" time="0.077" classname="com.InfoCabs.testcases.LoginPage_TestCases_1_22"/>
  <testcase name="Test_LoginPage_ForgotPhone_Number_Text_11" time="0.094" classname="com.InfoCabs.testcases.LoginPage_TestCases_1_22"/>
  <testcase name="Test_LoginPage_Check_Rememberme_text_12" time="0.133" classname="com.InfoCabs.testcases.LoginPage_TestCases_1_22"/>
  <testcase name="Test_LoginPage_ForgotPassword_Text_13" time="0.147" classname="com.InfoCabs.testcases.LoginPage_TestCases_1_22"/>
  <testcase name="Test_LoginPage_NewUser_Text_14" time="0.112" classname="com.InfoCabs.testcases.LoginPage_TestCases_1_22"/>
  <testcase name="Test_LoginPage_SignUP_Text_15" time="0.318" classname="com.InfoCabs.testcases.LoginPage_TestCases_1_22"/>
  <testcase name="Test_LoginPage_PhoneNumber_RequiredErrorMessage_16" time="0.965" classname="com.InfoCabs.testcases.LoginPage_TestCases_1_22"/>
  <testcase name="Test_LoginPage_PhoneNumber_ValidationErrorMessage_17" time="2.268" classname="com.InfoCabs.testcases.LoginPage_TestCases_1_22"/>
  <testcase name="Test_LoginPage_PasswordRequired_error_Message_18" time="2.461" classname="com.InfoCabs.testcases.LoginPage_TestCases_1_22"/>
  <testcase name="Test_LoginPage__Password_ValidationErrorMessage_19" time="6.192" classname="com.InfoCabs.testcases.LoginPage_TestCases_1_22"/>
  <testcase name="Test_LoginPage_IcorrectPassword_Validation_20" time="7.977" classname="com.InfoCabs.testcases.LoginPage_TestCases_1_22"/>
  <testcase name="Test_LoginPage_PasswordView_eyeIcon_MakePassword_Visisble_21" time="2.927" classname="com.InfoCabs.testcases.LoginPage_TestCases_1_22"/>
  <testcase name="Test_LoginPage_Allow_user_to_LoginWith_valid_credential_21" time="8.277" classname="com.InfoCabs.testcases.LoginPage_TestCases_1_22"/>
  <testcase name="Test_User_Logout_from_Application_23" time="16.323" classname="com.InfoCabs.testcases.LoginPage_TestCases_1_22"/>
</testsuite> <!-- com.InfoCabs.testcases.LoginPage_TestCases_1_22 -->
