<?xml version="1.0" encoding="UTF-8"?>
<!-- Generated by org.testng.reporters.JUnitReportReporter -->
<testsuite skipped="0" hostname="DESKTOP-CSMSJ8J" name="com.InfoCabs.testcases.Add_PostPay_Account_TestCases_640_657" tests="20" failures="0" timestamp="2021-01-13T00:20:25 PKT" time="90.558" errors="0">
  <testcase name="Test_LoginPage_Allow_user_to_LoginWith_valid_credential_21" time="9.510" classname="com.InfoCabs.testcases.Add_PostPay_Account_TestCases_640_657"/>
  <testcase name="Test_Add_PaymentsMethods_are_sections_611" time="5.553" classname="com.InfoCabs.testcases.Add_PostPay_Account_TestCases_640_657"/>
  <testcase name="Test_Add_PostPay_Account_ClickTO_Open_Carddetails_640" time="3.803" classname="com.InfoCabs.testcases.Add_PostPay_Account_TestCases_640_657"/>
  <testcase name="Test_Add_PostPay_Account_check_CrossButton_is_present_641" time="4.090" classname="com.InfoCabs.testcases.Add_PostPay_Account_TestCases_640_657"/>
  <testcase name="Test_Add_PostPay_Account_AddPostPay_text_642" time="2.326" classname="com.InfoCabs.testcases.Add_PostPay_Account_TestCases_640_657"/>
  <testcase name="Test_Add_PostPay_Account_EnterPostPay_text_643" time="2.271" classname="com.InfoCabs.testcases.Add_PostPay_Account_TestCases_640_657"/>
  <testcase name="Test_Add_PostPay_Account_EnterPostPay_Email_errorMessage_644" time="5.436" classname="com.InfoCabs.testcases.Add_PostPay_Account_TestCases_640_657"/>
  <testcase name="Test_Add_PostPay_Account_EnterPostPay_Email_Validation_errorMessage_645" time="8.630" classname="com.InfoCabs.testcases.Add_PostPay_Account_TestCases_640_657"/>
  <testcase name="Test_Add_PostPay_Account_Email_Address_text_646" time="2.568" classname="com.InfoCabs.testcases.Add_PostPay_Account_TestCases_640_657"/>
  <testcase name="Test_Add_PostPay_Account_Password_Address_text_647" time="6.762" classname="com.InfoCabs.testcases.Add_PostPay_Account_TestCases_640_657"/>
  <testcase name="Test_Add_PostPay_Account_Password_Address_text_648" time="5.859" classname="com.InfoCabs.testcases.Add_PostPay_Account_TestCases_640_657"/>
  <testcase name="Test_Add_PostPay_Account_Clear_Email_and_Pwd_649" time="5.488" classname="com.InfoCabs.testcases.Add_PostPay_Account_TestCases_640_657"/>
  <testcase name="Test_Add_PostPay_Account_Add_Account_Button_651" time="2.291" classname="com.InfoCabs.testcases.Add_PostPay_Account_TestCases_640_657"/>
  <testcase name="Test_Add_PostPay_Account_Enter_Email_and_Pwd_651" time="4.684" classname="com.InfoCabs.testcases.Add_PostPay_Account_TestCases_640_657"/>
  <testcase name="Test_Add_PostPay_Account_ClickTo_DeletePostPay_account_652" time="2.639" classname="com.InfoCabs.testcases.Add_PostPay_Account_TestCases_640_657"/>
  <testcase name="Test_Add_PostPay_Account_AreYouSurewant_to_delete_text_653" time="2.275" classname="com.InfoCabs.testcases.Add_PostPay_Account_TestCases_640_657"/>
  <testcase name="Test_Add_PostPay_Account_NoCancel_Text_and_Button_654" time="2.893" classname="com.InfoCabs.testcases.Add_PostPay_Account_TestCases_640_657"/>
  <testcase name="Test_Add_PostPay_Account_Click_againOn_DeletePostPay_account_655" time="2.724" classname="com.InfoCabs.testcases.Add_PostPay_Account_TestCases_640_657"/>
  <testcase name="Test_Add_PostPay_Account_YesDeleteCard_Text_and_Button_656" time="2.542" classname="com.InfoCabs.testcases.Add_PostPay_Account_TestCases_640_657"/>
  <testcase name="Test_Add_PostPay_GoBack_To_HomeScreen_657" time="8.214" classname="com.InfoCabs.testcases.Add_PostPay_Account_TestCases_640_657"/>
</testsuite> <!-- com.InfoCabs.testcases.Add_PostPay_Account_TestCases_640_657 -->
