<?xml version="1.0" encoding="UTF-8"?>
<!-- Generated by org.testng.reporters.JUnitReportReporter -->
<testsuite skipped="0" hostname="DESKTOP-CSMSJ8J" name="com.InfoCabs.testcases.BookingVehiclePage_TestCases_136_147" tests="14" failures="0" timestamp="2021-01-30T00:12:21 PKT" time="197.547" errors="0">
  <testcase name="Test_BookingVehiclePage_HangOns_Text_arePresent_136" time="6.263" classname="com.InfoCabs.testcases.BookingVehiclePage_TestCases_136_147"/>
  <testcase name="Test_BookingVehiclePage_We_areSendingCab_Text_arePresent_137" time="2.315" classname="com.InfoCabs.testcases.BookingVehiclePage_TestCases_136_147"/>
  <testcase name="Test_BookingVehiclePage_CancleRide_Button_Text_arePresent_138" time="8.872" classname="com.InfoCabs.testcases.BookingVehiclePage_TestCases_136_147"/>
  <testcase name="Test_BookingVehiclePage_CancleRide_afterwaiting_60Sec_139" time="16.073" classname="com.InfoCabs.testcases.BookingVehiclePage_TestCases_136_147"/>
  <testcase name="Test_BookingVehiclePage_ClickOnBookNow_Button_Cab_140" time="7.502" classname="com.InfoCabs.testcases.BookingVehiclePage_TestCases_136_147"/>
  <testcase name="Test_BookingVehiclePage_ClickOnBookConfirmButton_141" time="9.875" classname="com.InfoCabs.testcases.BookingVehiclePage_TestCases_136_147"/>
  <testcase name="Test_BookingVehiclePage_waitfor_OneMinute__1stime_Text_arePresent_142" time="63.056" classname="com.InfoCabs.testcases.BookingVehiclePage_TestCases_136_147"/>
  <testcase name="Test_BookingVehiclePage_Youare_at_Number_Text_arePresent_143" time="2.597" classname="com.InfoCabs.testcases.BookingVehiclePage_TestCases_136_147"/>
  <testcase name="Test_BookingVehiclePage_One_Number_Text_arePresent_144" time="2.248" classname="com.InfoCabs.testcases.BookingVehiclePage_TestCases_136_147"/>
  <testcase name="Test_BookingVehiclePage_in_Queue_Text_arePresent_145" time="2.314" classname="com.InfoCabs.testcases.BookingVehiclePage_TestCases_136_147"/>
  <testcase name="Test_BookingVehiclePage_Pleasewait_Text_arePresent_146" time="2.919" classname="com.InfoCabs.testcases.BookingVehiclePage_TestCases_136_147"/>
  <testcase name="Test_BookingVehiclePage_iLL_Wait_Text_arePresent_147" time="2.638" classname="com.InfoCabs.testcases.BookingVehiclePage_TestCases_136_147"/>
  <testcase name="Test_BookingVehiclePage_waitfor_OneMinute_Text_arePresent_148" time="60.835" classname="com.InfoCabs.testcases.BookingVehiclePage_TestCases_136_147"/>
  <testcase name="Test_BookingVehiclePage_CancleRide_Button_And_Text_arePresent_149" time="10.040" classname="com.InfoCabs.testcases.BookingVehiclePage_TestCases_136_147"/>
</testsuite> <!-- com.InfoCabs.testcases.BookingVehiclePage_TestCases_136_147 -->
