<?xml version="1.0" encoding="UTF-8"?>
<!-- Generated by org.testng.reporters.JUnitReportReporter -->
<testsuite skipped="0" hostname="DESKTOP-CSMSJ8J" name="com.InfoCabs.testcases.Book_SaloonWith_PrmoCode_233_262" tests="32" failures="0" timestamp="2021-01-11T21:38:31 PKT" time="274.151" errors="0">
  <testcase name="Test_Book_SaloonWith_PrmoCode_EnterDropofAddress_Cab_234" time="15.723" classname="com.InfoCabs.testcases.Book_SaloonWith_PrmoCode_233_262"/>
  <testcase name="Test_Book_SaloonWith_PrmoCode_ClickOnBookNow_Button_Cab_234" time="9.506" classname="com.InfoCabs.testcases.Book_SaloonWith_PrmoCode_233_262"/>
  <testcase name="Test_Book_SaloonWith_PrmoCode_ClickOn_AddPrmoCode_Button_Cab_235" time="4.477" classname="com.InfoCabs.testcases.Book_SaloonWith_PrmoCode_233_262"/>
  <testcase name="Test_Book_SaloonWith_PrmoCode_CrossButton_is_present_236" time="2.243" classname="com.InfoCabs.testcases.Book_SaloonWith_PrmoCode_233_262"/>
  <testcase name="Test_Book_SaloonWith_PrmoCode_EnterPromoCode_Text_arePresent_237" time="2.118" classname="com.InfoCabs.testcases.Book_SaloonWith_PrmoCode_233_262"/>
  <testcase name="Test_Book_SaloonWith_PrmoCode_EnterPromoCode_Text_arePresent_238" time="2.282" classname="com.InfoCabs.testcases.Book_SaloonWith_PrmoCode_233_262"/>
  <testcase name="Test_Book_SaloonWith_PrmoCode_EnterPrmocodeFirst_Validation_Text_arePresent_239" time="2.141" classname="com.InfoCabs.testcases.Book_SaloonWith_PrmoCode_233_262"/>
  <testcase name="Test_Book_SaloonWith_PrmoCode_Enter_InvalidPromocode_chk_Validation_240" time="8.344" classname="com.InfoCabs.testcases.Book_SaloonWith_PrmoCode_233_262"/>
  <testcase name="Test_Book_SaloonWith_PrmoCode_InvalidPromoCode_Validation_Text_arePresent_241" time="2.144" classname="com.InfoCabs.testcases.Book_SaloonWith_PrmoCode_233_262"/>
  <testcase name="Test_Book_SaloonWith_PrmoCode_Enter_validPromocode_chk_Validation_242" time="5.869" classname="com.InfoCabs.testcases.Book_SaloonWith_PrmoCode_233_262"/>
  <testcase name="Test_Book_SaloonWith_PrmoCode_validPromoCode_Validation_Text_arePresent_243" time="2.114" classname="com.InfoCabs.testcases.Book_SaloonWith_PrmoCode_233_262"/>
  <testcase name="Test_Book_SaloonWith_PrmoCode_SuccessMessage_Code_244" time="2.287" classname="com.InfoCabs.testcases.Book_SaloonWith_PrmoCode_233_262"/>
  <testcase name="Test_Book_SaloonWith_PrmoCode_PromoCode_Text_Validation_245" time="2.189" classname="com.InfoCabs.testcases.Book_SaloonWith_PrmoCode_233_262"/>
  <testcase name="Test_Book_SaloonWith_PrmoCode_Without_Discount_Price_246" time="2.125" classname="com.InfoCabs.testcases.Book_SaloonWith_PrmoCode_233_262"/>
  <testcase name="Test_Book_SaloonWith_PrmoCode_With_DiscountPrice_247" time="2.154" classname="com.InfoCabs.testcases.Book_SaloonWith_PrmoCode_233_262"/>
  <testcase name="Test_Book_SaloonWith_PrmoCode_ClickOnBookConfirmButton_248" time="9.613" classname="com.InfoCabs.testcases.Book_SaloonWith_PrmoCode_233_262"/>
  <testcase name="Test_Book_SaloonWith_PrmoCode_Push_CustomerApp_toBackground_and_start_RiderApp_249" time="10.745" classname="com.InfoCabs.testcases.Book_SaloonWith_PrmoCode_233_262"/>
  <testcase name="Test_Book_SaloonWith_PrmoCode_AcceptCustomer_ride_251" time="16.225" classname="com.InfoCabs.testcases.Book_SaloonWith_PrmoCode_233_262"/>
  <testcase name="Test_Book_SaloonWith_PrmoCode_ClickOnWait_ride_252" time="8.088" classname="com.InfoCabs.testcases.Book_SaloonWith_PrmoCode_233_262"/>
  <testcase name="Test_Book_SaloonWith_PrmoCode_Push_Rider_toBackground_and_start_CustomerApp_253" time="19.747" classname="com.InfoCabs.testcases.Book_SaloonWith_PrmoCode_233_262"/>
  <testcase name="Test_Book_SaloonWith_PrmoCode_weHave_Sent_Text_arePresent_254" time="26.727" classname="com.InfoCabs.testcases.Book_SaloonWith_PrmoCode_233_262"/>
  <testcase name="Test_Book_SaloonWith_PrmoCode_Push_CustomerApp_toBackground_and_start_RiderApp_255" time="13.607" classname="com.InfoCabs.testcases.Book_SaloonWith_PrmoCode_233_262"/>
  <testcase name="Test_Book_SaloonWith_PrmoCode_ClickOnPOB_Button_ride_256" time="4.324" classname="com.InfoCabs.testcases.Book_SaloonWith_PrmoCode_233_262"/>
  <testcase name="Test_Book_SaloonWith_PrmoCode_Push_Rider_toBackground_and_start_CustomerApp_257" time="19.679" classname="com.InfoCabs.testcases.Book_SaloonWith_PrmoCode_233_262"/>
  <testcase name="Test_Book_SaloonWith_PrmoCode_You_arein_yourway_Text_arePresent_258" time="28.209" classname="com.InfoCabs.testcases.Book_SaloonWith_PrmoCode_233_262"/>
  <testcase name="Test_Book_SaloonWith_PrmoCode_CS_App_Push_CustomerApp_toBackground_and_start_RiderApp_259" time="9.619" classname="com.InfoCabs.testcases.Book_SaloonWith_PrmoCode_233_262"/>
  <testcase name="Test_Book_SaloonWith_PrmoCode_ClickOnSTC_ride_260" time="5.812" classname="com.InfoCabs.testcases.Book_SaloonWith_PrmoCode_233_262"/>
  <testcase name="Test_STC_And_FeedBack_Page_ClickOn_Clear_ride_261" time="5.048" classname="com.InfoCabs.testcases.Book_SaloonWith_PrmoCode_233_262"/>
  <testcase name="Test_Book_SaloonWith_PrmoCode_Push_Rider_toBackground_and_start_CustomerApp_262" time="6.991" classname="com.InfoCabs.testcases.Book_SaloonWith_PrmoCode_233_262"/>
  <testcase name="Test_Book_SaloonWith_PrmoCode_Rate_your_ride_Text_arePresent_263" time="16.982" classname="com.InfoCabs.testcases.Book_SaloonWith_PrmoCode_233_262"/>
  <testcase name="Test_Book_SaloonWith_PrmoCode_Feedback_Field_arePresent_264" time="2.750" classname="com.InfoCabs.testcases.Book_SaloonWith_PrmoCode_233_262"/>
  <testcase name="Test_Book_SaloonWith_PrmoCode_SubmitFeedback_ButtonAndText_265" time="4.269" classname="com.InfoCabs.testcases.Book_SaloonWith_PrmoCode_233_262"/>
</testsuite> <!-- com.InfoCabs.testcases.Book_SaloonWith_PrmoCode_233_262 -->
