<?xml version="1.0" encoding="UTF-8"?>
<!-- Generated by org.testng.reporters.JUnitReportReporter -->
<testsuite skipped="0" hostname="DESKTOP-CSMSJ8J" name="com.InfoCabs.testcases.STC_And_FeedBack_Page_TestCases_218_232" tests="15" failures="0" timestamp="2021-03-03T18:41:03 PKT" time="62.426" errors="0">
  <testcase name="Test_STC_And_FeedBack_Page_CS_App_Push_CustomerApp_toBackground_and_start_RiderApp_218" time="9.567" classname="com.InfoCabs.testcases.STC_And_FeedBack_Page_TestCases_218_232"/>
  <testcase name="Test_STC_And_FeedBack_Page_ClickOnSTC_ride_219" time="4.596" classname="com.InfoCabs.testcases.STC_And_FeedBack_Page_TestCases_218_232"/>
  <testcase name="Test_STC_And_FeedBack_Page_ClickOn_Clear_ride_220" time="4.463" classname="com.InfoCabs.testcases.STC_And_FeedBack_Page_TestCases_218_232"/>
  <testcase name="Test_STC_And_FeedBack_Page_Push_Rider_toBackground_and_start_CustomerApp_221" time="6.901" classname="com.InfoCabs.testcases.STC_And_FeedBack_Page_TestCases_218_232"/>
  <testcase name="Test_STC_And_FeedBack_Page_BackButton_is_present_222" time="6.210" classname="com.InfoCabs.testcases.STC_And_FeedBack_Page_TestCases_218_232"/>
  <testcase name="Test_STC_And_FeedBack_Page_Rate_your_ride_Text_arePresent_223" time="2.158" classname="com.InfoCabs.testcases.STC_And_FeedBack_Page_TestCases_218_232"/>
  <testcase name="Test_STC_And_FeedBack_Page_Rate_Complete_ride_Text_arePresent_224" time="2.124" classname="com.InfoCabs.testcases.STC_And_FeedBack_Page_TestCases_218_232"/>
  <testcase name="Test_STC_And_FeedBack_Page_Rate_your_ride_Text_arePresent_225" time="2.244" classname="com.InfoCabs.testcases.STC_And_FeedBack_Page_TestCases_218_232"/>
  <testcase name="Test_STC_And_FeedBack_Page_Driver_Imaget_arePresent_226" time="2.279" classname="com.InfoCabs.testcases.STC_And_FeedBack_Page_TestCases_218_232"/>
  <testcase name="Test_STC_And_FeedBack_Page_DriverName_arePresent_227" time="2.260" classname="com.InfoCabs.testcases.STC_And_FeedBack_Page_TestCases_218_232"/>
  <testcase name="Test_STC_And_FeedBack_Page_Driver_Rating_arePresent_228" time="2.294" classname="com.InfoCabs.testcases.STC_And_FeedBack_Page_TestCases_218_232"/>
  <testcase name="Test_STC_And_FeedBack_Page_Share_App_Text_arePresent_229" time="2.138" classname="com.InfoCabs.testcases.STC_And_FeedBack_Page_TestCases_218_232"/>
  <testcase name="Test_STC_And_FeedBack_Page_Share_App_Button_arePresent_230" time="8.298" classname="com.InfoCabs.testcases.STC_And_FeedBack_Page_TestCases_218_232"/>
  <testcase name="Test_STC_And_FeedBack_Page_Feedback_Field_arePresent_231" time="2.693" classname="com.InfoCabs.testcases.STC_And_FeedBack_Page_TestCases_218_232"/>
  <testcase name="Test_STC_And_FeedBack_Page_SubmitFeedback_ButtonAndText_232" time="4.201" classname="com.InfoCabs.testcases.STC_And_FeedBack_Page_TestCases_218_232"/>
</testsuite> <!-- com.InfoCabs.testcases.STC_And_FeedBack_Page_TestCases_218_232 -->
