<?xml version="1.0" encoding="UTF-8"?>
<!-- Generated by org.testng.reporters.JUnitReportReporter -->
<testsuite skipped="0" hostname="DESKTOP-CSMSJ8J" name="com.InfoCabs.testcases.Completed_trip_Details_TestCases_711_724" tests="25" failures="0" timestamp="2021-03-04T16:05:54 PKT" time="88.798" errors="0">
  <testcase name="Test_Completed_trip_Details_BackArrow_711" time="2.254" classname="com.InfoCabs.testcases.Completed_trip_Details_TestCases_711_724"/>
  <testcase name="Test_Completed_trip_Details_Trip_Details_Text_712" time="2.134" classname="com.InfoCabs.testcases.Completed_trip_Details_TestCases_711_724"/>
  <testcase name="Test_Completed_trip_Details_Your_Ride_with_Driver_713" time="2.623" classname="com.InfoCabs.testcases.Completed_trip_Details_TestCases_711_724"/>
  <testcase name="Test_Completed_trip_Details_Start_Address_714" time="2.216" classname="com.InfoCabs.testcases.Completed_trip_Details_TestCases_711_724"/>
  <testcase name="Test_Completed_trip_Details_End_Address_715" time="2.177" classname="com.InfoCabs.testcases.Completed_trip_Details_TestCases_711_724"/>
  <testcase name="Test_Completed_trip_Details_Check_for_GPS_image_716" time="2.287" classname="com.InfoCabs.testcases.Completed_trip_Details_TestCases_711_724"/>
  <testcase name="Test_Completed_trip_Details_for_Gps_image_Click_717" time="2.361" classname="com.InfoCabs.testcases.Completed_trip_Details_TestCases_711_724"/>
  <testcase name="Test_Completed_trip_Details_Check_for_Gps_Point1_718" time="2.182" classname="com.InfoCabs.testcases.Completed_trip_Details_TestCases_711_724"/>
  <testcase name="Test_Completed_trip_Details_Check_for_Gps_Point2_719" time="2.228" classname="com.InfoCabs.testcases.Completed_trip_Details_TestCases_711_724"/>
  <testcase name="Test_Completed_trip_Details_Check_for_Gps_image_Click_On_GetDirection_image_720" time="2.437" classname="com.InfoCabs.testcases.Completed_trip_Details_TestCases_711_724"/>
  <testcase name="Test_Completed_trip_Details_Check_Back_to_App_from_GPS_721" time="5.912" classname="com.InfoCabs.testcases.Completed_trip_Details_TestCases_711_724"/>
  <testcase name="Test_Completed_trip_Details_Check_for_Gps_image_Click_On_Open_inGooglemaps_image_722" time="2.526" classname="com.InfoCabs.testcases.Completed_trip_Details_TestCases_711_724"/>
  <testcase name="Test_Completed_trip_Details_Check_Back_to_App_from_GPS_on_2ndtime_723" time="6.011" classname="com.InfoCabs.testcases.Completed_trip_Details_TestCases_711_724"/>
  <testcase name="Test_Completed_trip_Details_Your_Rating_Text_724" time="2.242" classname="com.InfoCabs.testcases.Completed_trip_Details_TestCases_711_724"/>
  <testcase name="Test_Completed_trip_Details_Driverimage_725" time="2.296" classname="com.InfoCabs.testcases.Completed_trip_Details_TestCases_711_724"/>
  <testcase name="Test_Completed_trip_Details_DriverName_726" time="2.215" classname="com.InfoCabs.testcases.Completed_trip_Details_TestCases_711_724"/>
  <testcase name="Test_Completed_trip_Details_CarNumber_727" time="2.202" classname="com.InfoCabs.testcases.Completed_trip_Details_TestCases_711_724"/>
  <testcase name="Test_Completed_trip_Details_CarRating_728" time="2.258" classname="com.InfoCabs.testcases.Completed_trip_Details_TestCases_711_724"/>
  <testcase name="Test_Completed_trip_Details_Feedback_Text_729" time="2.163" classname="com.InfoCabs.testcases.Completed_trip_Details_TestCases_711_724"/>
  <testcase name="Test_Completed_trip_Details_TV_Help_Text_730" time="2.144" classname="com.InfoCabs.testcases.Completed_trip_Details_TestCases_711_724"/>
  <testcase name="Test_Completed_trip_Details_ReBookButton_ButtonAndText_731" time="4.305" classname="com.InfoCabs.testcases.Completed_trip_Details_TestCases_711_724"/>
  <testcase name="Test_Completed_trip_Details_ClickOnBookNow_Button_Cab_732" time="9.457" classname="com.InfoCabs.testcases.Completed_trip_Details_TestCases_711_724"/>
  <testcase name="TestCompleted_trip_Details_Select_CeditCard_FromDrop_733" time="8.821" classname="com.InfoCabs.testcases.Completed_trip_Details_TestCases_711_724"/>
  <testcase name="Test_Completed_trip_Details_ClickOnBookConfirmButton_734" time="9.451" classname="com.InfoCabs.testcases.Completed_trip_Details_TestCases_711_724"/>
  <testcase name="Test_Completed_trip_Details_CancleRide_Button_Text_arePresent_735" time="3.896" classname="com.InfoCabs.testcases.Completed_trip_Details_TestCases_711_724"/>
</testsuite> <!-- com.InfoCabs.testcases.Completed_trip_Details_TestCases_711_724 -->
