<?xml version="1.0" encoding="UTF-8"?>
<!-- Generated by org.testng.reporters.JUnitReportReporter -->
<testsuite skipped="0" hostname="DESKTOP-CSMSJ8J" name="com.InfoCabs.testcases.BookingAcceptedPage_On_CS_App_158_180" tests="20" failures="0" timestamp="2021-01-11T21:38:31 PKT" time="71.288" errors="0">
  <testcase name="Test_BookingAcceptedPage_On_CS_App_weHave_Sent_Text_arePresent_158" time="2.108" classname="com.InfoCabs.testcases.BookingAcceptedPage_On_CS_App_158_180"/>
  <testcase name="Test_BookingAcceptedPage_On_CS_App_RiderImage_is_present_159" time="2.313" classname="com.InfoCabs.testcases.BookingAcceptedPage_On_CS_App_158_180"/>
  <testcase name="Test_BookingAcceptedPage_On_CS_App_RiderName_is_present_160" time="2.277" classname="com.InfoCabs.testcases.BookingAcceptedPage_On_CS_App_158_180"/>
  <testcase name="Test_BookingAcceptedPage_On_CS_App_RiderRating_is_present_161" time="2.352" classname="com.InfoCabs.testcases.BookingAcceptedPage_On_CS_App_158_180"/>
  <testcase name="Test_BookingAcceptedPage_On_CS_App_Car_name_is_present_162" time="2.315" classname="com.InfoCabs.testcases.BookingAcceptedPage_On_CS_App_158_180"/>
  <testcase name="Test_BookingAcceptedPage_On_CS_App_Car_numberplate_is_present_163" time="2.289" classname="com.InfoCabs.testcases.BookingAcceptedPage_On_CS_App_158_180"/>
  <testcase name="Test_BookingAcceptedPage_On_CS_App_Distance_Text_arePresent_164" time="2.387" classname="com.InfoCabs.testcases.BookingAcceptedPage_On_CS_App_158_180"/>
  <testcase name="Test_BookingAcceptedPage_On_CS_App_DitanceinNumber_is_present_165" time="2.320" classname="com.InfoCabs.testcases.BookingAcceptedPage_On_CS_App_158_180"/>
  <testcase name="Test_BookingAcceptedPage_On_CS_App_Price_Text_arePresent_166" time="2.258" classname="com.InfoCabs.testcases.BookingAcceptedPage_On_CS_App_158_180"/>
  <testcase name="Test_BookingAcceptedPage_On_CS_App_PriceNumber_is_present_167" time="2.241" classname="com.InfoCabs.testcases.BookingAcceptedPage_On_CS_App_158_180"/>
  <testcase name="Test_BookingAcceptedPage_On_CS_App_ETA_Text_arePresent_168" time="2.336" classname="com.InfoCabs.testcases.BookingAcceptedPage_On_CS_App_158_180"/>
  <testcase name="Test_BookingAcceptedPage_On_CS_App_ETA_Number_is_present_169" time="2.338" classname="com.InfoCabs.testcases.BookingAcceptedPage_On_CS_App_158_180"/>
  <testcase name="Test_BookingAcceptedPage_On_CS_App_Payment_Text_arePresent_170" time="2.348" classname="com.InfoCabs.testcases.BookingAcceptedPage_On_CS_App_158_180"/>
  <testcase name="Test_BookingAcceptedPage_On_CS_App_Paymentmethod_is_present_171" time="2.315" classname="com.InfoCabs.testcases.BookingAcceptedPage_On_CS_App_158_180"/>
  <testcase name="Test_BookingAcceptedPage_On_CS_App_ClikOn_CallRide_Button_and_Text_arePresent_172" time="2.236" classname="com.InfoCabs.testcases.BookingAcceptedPage_On_CS_App_158_180"/>
  <testcase name="Test_BookingAcceptedPage_On_CS_App_Backto_CSApp_from_PhoneDialpad_173" time="7.195" classname="com.InfoCabs.testcases.BookingAcceptedPage_On_CS_App_158_180"/>
  <testcase name="Test_BookingAcceptedPage_On_CS_App_ClikOn_Cancel_Button_and_Text_arePresent_174" time="2.212" classname="com.InfoCabs.testcases.BookingAcceptedPage_On_CS_App_158_180"/>
  <testcase name="Test_BookingAcceptedPage_On_CS_App_Push_CustomerApp_toBackground_and_start_RiderApp_175" time="13.658" classname="com.InfoCabs.testcases.BookingAcceptedPage_On_CS_App_158_180"/>
  <testcase name="Test_BookingAcceptedPage_On_CS_App_Push_Rider_toBackground_and_start_CustomerApp_176" time="9.934" classname="com.InfoCabs.testcases.BookingAcceptedPage_On_CS_App_158_180"/>
  <testcase name="Test_BookingAcceptedPage_On_CS_App_Alert_cancel_Text_arePresent_177" time="3.856" classname="com.InfoCabs.testcases.BookingAcceptedPage_On_CS_App_158_180"/>
</testsuite> <!-- com.InfoCabs.testcases.BookingAcceptedPage_On_CS_App_158_180 -->
