<?xml version="1.0" encoding="UTF-8"?>
<!-- Generated by org.testng.reporters.JUnitReportReporter -->
<testsuite skipped="0" hostname="DESKTOP-CSMSJ8J" name="com.InfoCabs.testcases.BookingAcceptedPage_On_CS_App_158_180" tests="20" failures="0" timestamp="2020-12-28T17:16:37 PKT" time="72.375" errors="0">
  <testcase name="Test_BookingAcceptedPage_On_CS_App_weHave_Sent_Text_arePresent_158" time="2.142" classname="com.InfoCabs.testcases.BookingAcceptedPage_On_CS_App_158_180"/>
  <testcase name="Test_BookingAcceptedPage_On_CS_App_RiderImage_is_present_159" time="2.249" classname="com.InfoCabs.testcases.BookingAcceptedPage_On_CS_App_158_180"/>
  <testcase name="Test_BookingAcceptedPage_On_CS_App_RiderName_is_present_160" time="2.199" classname="com.InfoCabs.testcases.BookingAcceptedPage_On_CS_App_158_180"/>
  <testcase name="Test_BookingAcceptedPage_On_CS_App_RiderRating_is_present_161" time="2.250" classname="com.InfoCabs.testcases.BookingAcceptedPage_On_CS_App_158_180"/>
  <testcase name="Test_BookingAcceptedPage_On_CS_App_Car_name_is_present_162" time="2.287" classname="com.InfoCabs.testcases.BookingAcceptedPage_On_CS_App_158_180"/>
  <testcase name="Test_BookingAcceptedPage_On_CS_App_Car_numberplate_is_present_163" time="2.358" classname="com.InfoCabs.testcases.BookingAcceptedPage_On_CS_App_158_180"/>
  <testcase name="Test_BookingAcceptedPage_On_CS_App_Distance_Text_arePresent_164" time="2.278" classname="com.InfoCabs.testcases.BookingAcceptedPage_On_CS_App_158_180"/>
  <testcase name="Test_BookingAcceptedPage_On_CS_App_DitanceinNumber_is_present_165" time="2.313" classname="com.InfoCabs.testcases.BookingAcceptedPage_On_CS_App_158_180"/>
  <testcase name="Test_BookingAcceptedPage_On_CS_App_Price_Text_arePresent_166" time="2.314" classname="com.InfoCabs.testcases.BookingAcceptedPage_On_CS_App_158_180"/>
  <testcase name="Test_BookingAcceptedPage_On_CS_App_PriceNumber_is_present_167" time="2.264" classname="com.InfoCabs.testcases.BookingAcceptedPage_On_CS_App_158_180"/>
  <testcase name="Test_BookingAcceptedPage_On_CS_App_ETA_Text_arePresent_168" time="2.319" classname="com.InfoCabs.testcases.BookingAcceptedPage_On_CS_App_158_180"/>
  <testcase name="Test_BookingAcceptedPage_On_CS_App_ETA_Number_is_present_169" time="2.221" classname="com.InfoCabs.testcases.BookingAcceptedPage_On_CS_App_158_180"/>
  <testcase name="Test_BookingAcceptedPage_On_CS_App_Payment_Text_arePresent_170" time="2.242" classname="com.InfoCabs.testcases.BookingAcceptedPage_On_CS_App_158_180"/>
  <testcase name="Test_BookingAcceptedPage_On_CS_App_Paymentmethod_is_present_171" time="2.312" classname="com.InfoCabs.testcases.BookingAcceptedPage_On_CS_App_158_180"/>
  <testcase name="Test_BookingAcceptedPage_On_CS_App_ClikOn_CallRide_Button_and_Text_arePresent_172" time="2.255" classname="com.InfoCabs.testcases.BookingAcceptedPage_On_CS_App_158_180"/>
  <testcase name="Test_BookingAcceptedPage_On_CS_App_Backto_CSApp_from_PhoneDialpad_173" time="7.693" classname="com.InfoCabs.testcases.BookingAcceptedPage_On_CS_App_158_180"/>
  <testcase name="Test_BookingAcceptedPage_On_CS_App_ClikOn_Cancel_Button_and_Text_arePresent_174" time="2.231" classname="com.InfoCabs.testcases.BookingAcceptedPage_On_CS_App_158_180"/>
  <testcase name="Test_BookingAcceptedPage_On_CS_App_Push_CustomerApp_toBackground_and_start_RiderApp_175" time="13.632" classname="com.InfoCabs.testcases.BookingAcceptedPage_On_CS_App_158_180"/>
  <testcase name="Test_BookingAcceptedPage_On_CS_App_Push_Rider_toBackground_and_start_CustomerApp_176" time="10.978" classname="com.InfoCabs.testcases.BookingAcceptedPage_On_CS_App_158_180"/>
  <testcase name="Test_BookingAcceptedPage_On_CS_App_Alert_cancel_Text_arePresent_177" time="3.838" classname="com.InfoCabs.testcases.BookingAcceptedPage_On_CS_App_158_180"/>
</testsuite> <!-- com.InfoCabs.testcases.BookingAcceptedPage_On_CS_App_158_180 -->
