<?xml version="1.0" encoding="UTF-8"?>
<!-- Generated by org.testng.reporters.JUnitReportReporter -->
<testsuite skipped="0" hostname="DESKTOP-CSMSJ8J" name="com.InfoCabs.testcases.Schedule_6_Seater_Cab_TestCases_401_439" tests="39" failures="0" timestamp="2021-03-03T19:12:40 PKT" time="189.975" errors="0">
  <testcase name="Test_Schedule_6_Seater_Cab_ClickOn_ScheduleRide_Button_401" time="19.695" classname="com.InfoCabs.testcases.Schedule_6_Seater_Cab_TestCases_401_439"/>
  <testcase name="Test_Schedule_6_Seater_Cab_Pick_Cale_Image_is_present_403" time="2.347" classname="com.InfoCabs.testcases.Schedule_6_Seater_Cab_TestCases_401_439"/>
  <testcase name="Test_Schedule_6_Seater_Cab_Pick_Time_Image_is_present_403" time="2.420" classname="com.InfoCabs.testcases.Schedule_6_Seater_Cab_TestCases_401_439"/>
  <testcase name="Test_Schedule_6_Seater_Cab_EnterDropofAddress_Cab_404" time="9.161" classname="com.InfoCabs.testcases.Schedule_6_Seater_Cab_TestCases_401_439"/>
  <testcase name="Test_Schedule_6_Seater_Cab_ClickOn_PickUp_Date_Button_405" time="2.429" classname="com.InfoCabs.testcases.Schedule_6_Seater_Cab_TestCases_401_439"/>
  <testcase name="Test_Schedule_6_Seater_Cab_Pick_Cale_CurrentYear_is_present_406" time="2.345" classname="com.InfoCabs.testcases.Schedule_6_Seater_Cab_TestCases_401_439"/>
  <testcase name="Test_Schedule_6_Seater_Cab_Pick_Cale_CurrentDate_is_present_407" time="2.339" classname="com.InfoCabs.testcases.Schedule_6_Seater_Cab_TestCases_401_439"/>
  <testcase name="Test_Schedule_6_Seater_Cab_ClickOn_Cale_Cancel_Button_408" time="2.410" classname="com.InfoCabs.testcases.Schedule_6_Seater_Cab_TestCases_401_439"/>
  <testcase name="Test_Schedule_6_Seater_Cab_ClickOn_PickUp_Date_On2ndTime_Button_409" time="5.292" classname="com.InfoCabs.testcases.Schedule_6_Seater_Cab_TestCases_401_439"/>
  <testcase name="Test_Schedule_6_Seater_Cab_ClickOn_Cale_OK_Button_410" time="5.438" classname="com.InfoCabs.testcases.Schedule_6_Seater_Cab_TestCases_401_439"/>
  <testcase name="Test_Schedule_6_Seater_Cab_ClickOn_Time_Cancel_Button_411" time="2.341" classname="com.InfoCabs.testcases.Schedule_6_Seater_Cab_TestCases_401_439"/>
  <testcase name="Test_Schedule_6_Seater_Cab_Check_PickUpDate_are_Selected_412" time="2.320" classname="com.InfoCabs.testcases.Schedule_6_Seater_Cab_TestCases_401_439"/>
  <testcase name="Test_Schedule_6_Seater_Cab_ClickOn_PickUp_Time_Button_413" time="5.463" classname="com.InfoCabs.testcases.Schedule_6_Seater_Cab_TestCases_401_439"/>
  <testcase name="Test_Schedule_6_Seater_Cab_Check_TimeDisplay_arePresent_414" time="2.341" classname="com.InfoCabs.testcases.Schedule_6_Seater_Cab_TestCases_401_439"/>
  <testcase name="Test_Schedule_6_Seater_Cab_check_30minuts_AdvanceTime_415" time="2.139" classname="com.InfoCabs.testcases.Schedule_6_Seater_Cab_TestCases_401_439"/>
  <testcase name="Test_Schedule_6_Seater_Cab_ClickOn_Time_Cancel_Button_416" time="2.265" classname="com.InfoCabs.testcases.Schedule_6_Seater_Cab_TestCases_401_439"/>
  <testcase name="Test_Schedule_6_Seater_Cab_ClickOn_PickUp_Time_On2nd_Time_Button_417" time="5.381" classname="com.InfoCabs.testcases.Schedule_6_Seater_Cab_TestCases_401_439"/>
  <testcase name="Test_Schedule_6_Seater_Cab_ClickOn_Time_OK_Button_418" time="5.347" classname="com.InfoCabs.testcases.Schedule_6_Seater_Cab_TestCases_401_439"/>
  <testcase name="Test_Schedule_6_Seater_Cab_Check_Time_areSelected_419" time="2.271" classname="com.InfoCabs.testcases.Schedule_6_Seater_Cab_TestCases_401_439"/>
  <testcase name="Test_Schedule_6_Seater_Cab_SwipeTo_6Seater_420" time="10.140" classname="com.InfoCabs.testcases.Schedule_6_Seater_Cab_TestCases_401_439"/>
  <testcase name="Test_Schedule_6_Seater_Cab_6_Seater_Text_arePresent_421" time="2.179" classname="com.InfoCabs.testcases.Schedule_6_Seater_Cab_TestCases_401_439"/>
  <testcase name="Test_Schedule_6_Seater_Cab_ClickOnBookNow_Button_Cab_422" time="9.620" classname="com.InfoCabs.testcases.Schedule_6_Seater_Cab_TestCases_401_439"/>
  <testcase name="Test_Schedule_6_Seater_Cab_Check_Time_and_Date_areSelected_423" time="2.799" classname="com.InfoCabs.testcases.Schedule_6_Seater_Cab_TestCases_401_439"/>
  <testcase name="Test_Schedule_6_Seater_Cab_ClickOnBookConfirmButton_424" time="9.490" classname="com.InfoCabs.testcases.Schedule_6_Seater_Cab_TestCases_401_439"/>
  <testcase name="Test_Schedule_6_Seater_Cab_Check_Schedule_Screen_image_Tick_Icon_425" time="2.329" classname="com.InfoCabs.testcases.Schedule_6_Seater_Cab_TestCases_401_439"/>
  <testcase name="Test_Schedule_6_Seater_Cab_check_Your_Ride_ScheduleText_426" time="2.151" classname="com.InfoCabs.testcases.Schedule_6_Seater_Cab_TestCases_401_439"/>
  <testcase name="Test_Schedule_6_Seater_Cab_Check_Schedule_Screen_Time_are_Selected_427" time="2.253" classname="com.InfoCabs.testcases.Schedule_6_Seater_Cab_TestCases_401_439"/>
  <testcase name="Test_Schedule_Saloon_Ride_check_View_Your_Text_428" time="2.351" classname="com.InfoCabs.testcases.Schedule_6_Seater_Cab_TestCases_401_439"/>
  <testcase name="Test_Schedule_6_Seater_Cab_ClickOn_Done_Button_429" time="5.369" classname="com.InfoCabs.testcases.Schedule_6_Seater_Cab_TestCases_401_439"/>
  <testcase name="Test_Schedule_6_Seater_Cab_ClickOn_SideMenu_Button_430" time="15.586" classname="com.InfoCabs.testcases.Schedule_6_Seater_Cab_TestCases_401_439"/>
  <testcase name="Test_Schedule_6_Seater_Cab_ClickOn_SideMenu__MyTrips_Button_431" time="9.805" classname="com.InfoCabs.testcases.Schedule_6_Seater_Cab_TestCases_401_439"/>
  <testcase name="Test_Schedule_6_Seater_Cab_check_MyTrips_Text_432" time="2.488" classname="com.InfoCabs.testcases.Schedule_6_Seater_Cab_TestCases_401_439"/>
  <testcase name="Test_Schedule_Saloon_Ride_ClickOn_Done_Button_433" time="5.863" classname="com.InfoCabs.testcases.Schedule_6_Seater_Cab_TestCases_401_439"/>
  <testcase name="Test_Schedule_6_Seater_Cab_Check_UpComingRide_PickUp_Icon_434" time="2.322" classname="com.InfoCabs.testcases.Schedule_6_Seater_Cab_TestCases_401_439"/>
  <testcase name="Test_Schedule_6_Seater_Cab_Check_UpComingRide_DropOff_Icon_435" time="2.231" classname="com.InfoCabs.testcases.Schedule_6_Seater_Cab_TestCases_401_439"/>
  <testcase name="Test_Schedule_6_Seater_Cab_Check_UpComingRide_PickUp_Address_436" time="2.370" classname="com.InfoCabs.testcases.Schedule_6_Seater_Cab_TestCases_401_439"/>
  <testcase name="Test_Schedule_6_Seater_Cab_Check_UpComingRide_Dropoff_Address_437" time="2.344" classname="com.InfoCabs.testcases.Schedule_6_Seater_Cab_TestCases_401_439"/>
  <testcase name="Test_Schedule_6_Seater_Cab_Check_UpComingRide_PickUp_Time_438" time="2.292" classname="com.InfoCabs.testcases.Schedule_6_Seater_Cab_TestCases_401_439"/>
  <testcase name="Test_Schedule_6_Seater_Cab_ClickOn_Cancel_Button_439" time="12.249" classname="com.InfoCabs.testcases.Schedule_6_Seater_Cab_TestCases_401_439"/>
</testsuite> <!-- com.InfoCabs.testcases.Schedule_6_Seater_Cab_TestCases_401_439 -->
