<?xml version="1.0" encoding="UTF-8"?>
<!-- Generated by org.testng.reporters.JUnitReportReporter -->
<testsuite skipped="0" hostname="DESKTOP-CSMSJ8J" name="com.InfoCabs.testcases.About_Us_Page_TestCases_658_666" tests="8" failures="0" timestamp="2021-03-04T16:05:54 PKT" time="65.818" errors="0">
  <testcase name="Test_About_Us_Page_ClickTO_Open_About_Us_Page_658" time="3.680" classname="com.InfoCabs.testcases.About_Us_Page_TestCases_658_666"/>
  <testcase name="Test_About_Us_Page_check_BackButton_is_present_659" time="2.308" classname="com.InfoCabs.testcases.About_Us_Page_TestCases_658_666"/>
  <testcase name="Test_About_Us_Page_check_CompanyDescritption_text_is_present_660" time="2.203" classname="com.InfoCabs.testcases.About_Us_Page_TestCases_658_666"/>
  <testcase name="Test_About_Us_Page_check_CompanyMobile_Number_is_present_661" time="13.098" classname="com.InfoCabs.testcases.About_Us_Page_TestCases_658_666"/>
  <testcase name="Test_About_Us_Page_check_CompanyEmail_address_is_present_662" time="10.392" classname="com.InfoCabs.testcases.About_Us_Page_TestCases_658_666"/>
  <testcase name="Test_About_Us_Page_check_Company_Website_is_present_663" time="12.940" classname="com.InfoCabs.testcases.About_Us_Page_TestCases_658_666"/>
  <testcase name="Test_About_Us_Page_check_Company_Address_is_present_665" time="13.033" classname="com.InfoCabs.testcases.About_Us_Page_TestCases_658_666"/>
  <testcase name="Test_About_Us_Page_GoBack_To_HomeScreen_666" time="8.164" classname="com.InfoCabs.testcases.About_Us_Page_TestCases_658_666"/>
</testsuite> <!-- com.InfoCabs.testcases.About_Us_Page_TestCases_658_666 -->
