<?xml version="1.0" encoding="UTF-8"?>
<!-- Generated by org.testng.reporters.JUnitReportReporter -->
<testsuite skipped="0" hostname="DESKTOP-CSMSJ8J" name="com.InfoCabs.testcases.Book_8_Seater_with_PromoCode_TestCases_467_502" tests="36" failures="0" timestamp="2021-01-06T00:06:06 PKT" time="240.386" errors="0">
  <testcase name="Test_Book_8_Seater_with_PromoCode_EnterDropofAddress_Cab_467" time="10.891" classname="com.InfoCabs.testcases.Book_8_Seater_with_PromoCode_TestCases_467_502"/>
  <testcase name="Test_Book_8_Seater_with_PromoCode_ClickOnBookNow_Button_Cab_468" time="10.258" classname="com.InfoCabs.testcases.Book_8_Seater_with_PromoCode_TestCases_467_502"/>
  <testcase name="Test_Book_8_Seater_with_PromoCode_Moveto_8_Seater_469" time="11.150" classname="com.InfoCabs.testcases.Book_8_Seater_with_PromoCode_TestCases_467_502"/>
  <testcase name="Test_Book_8_Seater_with_PromoCode_8_Seater_Text_arePresent_470" time="2.223" classname="com.InfoCabs.testcases.Book_8_Seater_with_PromoCode_TestCases_467_502"/>
  <testcase name="Test_Book_8_Seater_with_PromoCode_ClickOnBookNow_Button_Cab_471" time="8.737" classname="com.InfoCabs.testcases.Book_8_Seater_with_PromoCode_TestCases_467_502"/>
  <testcase name="Test_Book_8_Seater_With_PrmoCode_ClickOn_AddPrmoCode_Button_Cab_472" time="4.681" classname="com.InfoCabs.testcases.Book_8_Seater_with_PromoCode_TestCases_467_502"/>
  <testcase name="Test_Book_8_Seater_with_PromoCode_CrossButton_is_present_473" time="2.384" classname="com.InfoCabs.testcases.Book_8_Seater_with_PromoCode_TestCases_467_502"/>
  <testcase name="Test_Book_8_Seater_with_PromoCode_EnterPromoCode_Text_arePresent_474" time="2.175" classname="com.InfoCabs.testcases.Book_8_Seater_with_PromoCode_TestCases_467_502"/>
  <testcase name="Test_Book_8_Seater_with_PromoCode_EnterPromoCode_Text_arePresent_475" time="2.481" classname="com.InfoCabs.testcases.Book_8_Seater_with_PromoCode_TestCases_467_502"/>
  <testcase name="Test_Book_8_Seater_with_PromoCode_EnterPrmocodeFirst_Validation_Text_arePresent_476" time="2.239" classname="com.InfoCabs.testcases.Book_8_Seater_with_PromoCode_TestCases_467_502"/>
  <testcase name="Test_Book_8_Seater_with_PromoCode_Enter_InvalidPromocode_chk_Validation_477" time="8.485" classname="com.InfoCabs.testcases.Book_8_Seater_with_PromoCode_TestCases_467_502"/>
  <testcase name="Test_Book_8_Seater_with_PromoCode_InvalidPromoCode_Validation_Text_arePresent_478" time="2.177" classname="com.InfoCabs.testcases.Book_8_Seater_with_PromoCode_TestCases_467_502"/>
  <testcase name="Test_Book_8_Seater_with_PromoCode_Enter_validPromocode_chk_Validation_479" time="5.985" classname="com.InfoCabs.testcases.Book_8_Seater_with_PromoCode_TestCases_467_502"/>
  <testcase name="Test_BBook_8_Seater_with_PromoCode_validPromoCode_Validation_Text_arePresent_480" time="2.181" classname="com.InfoCabs.testcases.Book_8_Seater_with_PromoCode_TestCases_467_502"/>
  <testcase name="Test_Book_8_Seater_with_PromoCode_SuccessMessage_Code_481" time="2.392" classname="com.InfoCabs.testcases.Book_8_Seater_with_PromoCode_TestCases_467_502"/>
  <testcase name="Test_Book_8_Seater_with_PromoCode_PromoCode_Text_Validation_482" time="2.228" classname="com.InfoCabs.testcases.Book_8_Seater_with_PromoCode_TestCases_467_502"/>
  <testcase name="Test_Book_8_Seater_with_PromoCode_Without_Discount_Price_483" time="2.152" classname="com.InfoCabs.testcases.Book_8_Seater_with_PromoCode_TestCases_467_502"/>
  <testcase name="Test_Book_8_Seater_with_PromoCode_With_DiscountPrice_484" time="2.465" classname="com.InfoCabs.testcases.Book_8_Seater_with_PromoCode_TestCases_467_502"/>
  <testcase name="Test_Book_8_Seater_with_PromoCode_Select_Cash_FromDrop_484" time="5.963" classname="com.InfoCabs.testcases.Book_8_Seater_with_PromoCode_TestCases_467_502"/>
  <testcase name="Test_Book_8_Seater_with_PromoCode_ClickOnBookConfirmButton_485" time="9.765" classname="com.InfoCabs.testcases.Book_8_Seater_with_PromoCode_TestCases_467_502"/>
  <testcase name="Test_Book_8_Seater_with_PromoCode_Push_CustomerApp_toBackground_and_start_RiderApp_486" time="8.439" classname="com.InfoCabs.testcases.Book_8_Seater_with_PromoCode_TestCases_467_502"/>
  <testcase name="Test_Book_8_Seater_with_PromoCode_AcceptCustomer_ride_488" time="18.878" classname="com.InfoCabs.testcases.Book_8_Seater_with_PromoCode_TestCases_467_502"/>
  <testcase name="Test_Book_8_Seater_with_PromoCode_Push_Rider_toBackground_and_start_CustomerApp_489" time="17.141" classname="com.InfoCabs.testcases.Book_8_Seater_with_PromoCode_TestCases_467_502"/>
  <testcase name="Test_Book_8_Seater_with_PromoCode_weHave_Sent_Text_arePresent_490" time="12.148" classname="com.InfoCabs.testcases.Book_8_Seater_with_PromoCode_TestCases_467_502"/>
  <testcase name="Test_Book_8_Seater_with_PromoCode_Push_CustomerApp_toBackground_and_start_RiderApp_491" time="12.818" classname="com.InfoCabs.testcases.Book_8_Seater_with_PromoCode_TestCases_467_502"/>
  <testcase name="Test_Book_8_Seater_with_PromoCode_ClickOnWait_ride_492" time="4.337" classname="com.InfoCabs.testcases.Book_8_Seater_with_PromoCode_TestCases_467_502"/>
  <testcase name="Test_Book_8_Seater_with_PromoCode_ClickOnPOB_Button_ride_493" time="4.358" classname="com.InfoCabs.testcases.Book_8_Seater_with_PromoCode_TestCases_467_502"/>
  <testcase name="Test_Book_8_Seater_with_PromoCode_Push_Rider_toBackground_and_start_CustomerApp_494" time="17.028" classname="com.InfoCabs.testcases.Book_8_Seater_with_PromoCode_TestCases_467_502"/>
  <testcase name="Test_Book_8_With_PrmoCode_You_arein_yourway_Text_arePresent_495" time="11.631" classname="com.InfoCabs.testcases.Book_8_Seater_with_PromoCode_TestCases_467_502"/>
  <testcase name="Test_Book_8_Seater_with_PromoCode_CS_App_Push_CustomerApp_toBackground_and_start_RiderApp_496" time="8.837" classname="com.InfoCabs.testcases.Book_8_Seater_with_PromoCode_TestCases_467_502"/>
  <testcase name="Test_Book_8_Seater_with_PromoCode_ClickOnSTC_ride_497" time="4.272" classname="com.InfoCabs.testcases.Book_8_Seater_with_PromoCode_TestCases_467_502"/>
  <testcase name="Test_Book_8_Seater_with_PromoCode_ClickOn_Clear_ride_498" time="5.149" classname="com.InfoCabs.testcases.Book_8_Seater_with_PromoCode_TestCases_467_502"/>
  <testcase name="Test_Book_8_Seater_with_PromoCode_Push_Rider_toBackground_and_start_CustomerApp_499" time="5.055" classname="com.InfoCabs.testcases.Book_8_Seater_with_PromoCode_TestCases_467_502"/>
  <testcase name="Test_Book_8_Seater_with_PromoCode_Rate_your_ride_Text_arePresent_500" time="2.271" classname="com.InfoCabs.testcases.Book_8_Seater_with_PromoCode_TestCases_467_502"/>
  <testcase name="Test_Book_8_Seater_with_PromoCode_Feedback_Field_arePresent_501" time="2.728" classname="com.InfoCabs.testcases.Book_8_Seater_with_PromoCode_TestCases_467_502"/>
  <testcase name="Test_Book_8_Seater_with_PromoCode_SubmitFeedback_ButtonAndText_502" time="4.284" classname="com.InfoCabs.testcases.Book_8_Seater_with_PromoCode_TestCases_467_502"/>
</testsuite> <!-- com.InfoCabs.testcases.Book_8_Seater_with_PromoCode_TestCases_467_502 -->
