<?xml version="1.0" encoding="UTF-8"?>
<!-- Generated by org.testng.reporters.JUnitReportReporter -->
<testsuite skipped="0" hostname="DESKTOP-CSMSJ8J" name="com.InfoCabs.testcases.Add_CreditCards_TestCases_623_639" tests="17" failures="0" timestamp="2021-01-12T21:38:31 PKT" time="93.968" errors="0">
  <testcase name="Test_Add_CreditCards_Click_to_Open_CardMenu_623" time="2.367" classname="com.InfoCabs.testcases.Add_CreditCards_TestCases_623_639"/>
  <testcase name="Test_Add_CreditCards_Click_to_Cross_Button_624" time="4.363" classname="com.InfoCabs.testcases.Add_CreditCards_TestCases_623_639"/>
  <testcase name="Test_Add_CreditCards_Again_Back_to_CreditCardPage_625" time="3.595" classname="com.InfoCabs.testcases.Add_CreditCards_TestCases_623_639"/>
  <testcase name="Test_Add_CreditCards_AddCreditCards_text_626" time="4.113" classname="com.InfoCabs.testcases.Add_CreditCards_TestCases_623_639"/>
  <testcase name="Test_Add_CreditCards_CardHolder_text_627" time="2.285" classname="com.InfoCabs.testcases.Add_CreditCards_TestCases_623_639"/>
  <testcase name="Test_Add_CreditCards_Card_number_text_628" time="2.281" classname="com.InfoCabs.testcases.Add_CreditCards_TestCases_623_639"/>
  <testcase name="Test_Add_CreditCards_Expiry_text_629" time="2.312" classname="com.InfoCabs.testcases.Add_CreditCards_TestCases_623_639"/>
  <testcase name="Test_Add_CreditCards_Expiry_text_630" time="2.289" classname="com.InfoCabs.testcases.Add_CreditCards_TestCases_623_639"/>
  <testcase name="Test_Add_CreditCards_Expiry_text_631" time="2.321" classname="com.InfoCabs.testcases.Add_CreditCards_TestCases_623_639"/>
  <testcase name="Test_Add_CreditCards_Check_CardHoldername_errorMessage_632" time="5.302" classname="com.InfoCabs.testcases.Add_CreditCards_TestCases_623_639"/>
  <testcase name="Test_Add_CreditCards_EnterCreditCardname_633" time="4.628" classname="com.InfoCabs.testcases.Add_CreditCards_TestCases_623_639"/>
  <testcase name="Test__Add_CreditCards_EnterCreditCardnumber_check_Validation_634" time="6.391" classname="com.InfoCabs.testcases.Add_CreditCards_TestCases_623_639"/>
  <testcase name="Test__Add_CreditCards_EnterCreditCardnumber_check_for_Incorrect_Validation_635" time="25.751" classname="com.InfoCabs.testcases.Add_CreditCards_TestCases_623_639"/>
  <testcase name="Test_dd_CreditCards_Number_Expire_CVV_636" time="6.814" classname="com.InfoCabs.testcases.Add_CreditCards_TestCases_623_639"/>
  <testcase name="Test__Add_CreditCards_EnterCreditCardnumber_check_CVVValidation_637" time="4.519" classname="com.InfoCabs.testcases.Add_CreditCards_TestCases_623_639"/>
  <testcase name="Test__Add_CreditCards_check_CVValidation_message_638" time="7.606" classname="com.InfoCabs.testcases.Add_CreditCards_TestCases_623_639"/>
  <testcase name="Test__Add_CreditCards_EnterCVV_639" time="7.031" classname="com.InfoCabs.testcases.Add_CreditCards_TestCases_623_639"/>
</testsuite> <!-- com.InfoCabs.testcases.Add_CreditCards_TestCases_623_639 -->
