<?xml version="1.0" encoding="UTF-8"?>
<!-- Generated by org.testng.reporters.JUnitReportReporter -->
<testsuite skipped="0" hostname="DESKTOP-CSMSJ8J" name="com.InfoCabs.testcases.Book_8_Seater_TestCases_440_466" tests="26" failures="0" timestamp="2021-01-28T20:53:46 PKT" time="251.899" errors="0">
  <testcase name="Test_Book_8_Seater_LunchDriver_App_LunchNewDriver_App_440" time="4.449" classname="com.InfoCabs.testcases.Book_8_Seater_TestCases_440_466"/>
  <testcase name="Test_Book_8_Seater_LunchDriver_App_LogintoRiderApp_442" time="39.503" classname="com.InfoCabs.testcases.Book_8_Seater_TestCases_440_466"/>
  <testcase name="Test_Book_8_Seater_LunchDriver_App_Backto_CustomerApp_443" time="7.043" classname="com.InfoCabs.testcases.Book_8_Seater_TestCases_440_466"/>
  <testcase name="Test_Book_8_Seater_EnterDropofAddress_Cab_444" time="9.644" classname="com.InfoCabs.testcases.Book_8_Seater_TestCases_440_466"/>
  <testcase name="Test_Book_8_Seater_Moveto_6Seater_445" time="10.992" classname="com.InfoCabs.testcases.Book_8_Seater_TestCases_440_466"/>
  <testcase name="Test_Book_8_Seater_Moveto_8_Seater_446" time="10.979" classname="com.InfoCabs.testcases.Book_8_Seater_TestCases_440_466"/>
  <testcase name="Test_Book_8_Seater_6_Seater_Text_arePresent_447" time="2.189" classname="com.InfoCabs.testcases.Book_8_Seater_TestCases_440_466"/>
  <testcase name="Test_Book_8_Seater_ClickOnBookNow_Button_Cab_448" time="8.457" classname="com.InfoCabs.testcases.Book_8_Seater_TestCases_440_466"/>
  <testcase name="Test_Book_8_Seater_Select_Cash_FromDrop_449" time="5.824" classname="com.InfoCabs.testcases.Book_8_Seater_TestCases_440_466"/>
  <testcase name="Test_Book_8_Seater_ClickOnBookConfirmButton_450" time="9.562" classname="com.InfoCabs.testcases.Book_8_Seater_TestCases_440_466"/>
  <testcase name="Test_Book_8_Seater_Push_CustomerApp_toBackground_and_start_RiderApp_451" time="5.618" classname="com.InfoCabs.testcases.Book_8_Seater_TestCases_440_466"/>
  <testcase name="Test_Book_8_Seater_AcceptCustomer_ride_452" time="8.446" classname="com.InfoCabs.testcases.Book_8_Seater_TestCases_440_466"/>
  <testcase name="Test_Book_8_Seater_Push_Rider_toBackground_and_start_CustomerApp_453" time="17.423" classname="com.InfoCabs.testcases.Book_8_Seater_TestCases_440_466"/>
  <testcase name="Test_Book_8_Seater_weHave_Sent_Text_arePresent_454" time="14.398" classname="com.InfoCabs.testcases.Book_8_Seater_TestCases_440_466"/>
  <testcase name="Test_Book_8_Seater_Push_CustomerApp_toBackground_and_start_RiderApp_455" time="13.518" classname="com.InfoCabs.testcases.Book_8_Seater_TestCases_440_466"/>
  <testcase name="Test_Book_8_Seater_ClickOnWait_ride_456" time="4.337" classname="com.InfoCabs.testcases.Book_8_Seater_TestCases_440_466"/>
  <testcase name="Test_Book_8_Seater_ClickOnPOB_Button_ride_457" time="4.330" classname="com.InfoCabs.testcases.Book_8_Seater_TestCases_440_466"/>
  <testcase name="Test_Book_8_Seater_Push_Rider_toBackground_and_start_CustomerApp_458" time="17.791" classname="com.InfoCabs.testcases.Book_8_Seater_TestCases_440_466"/>
  <testcase name="Test_Book_8_Seater_You_arein_yourway_Text_arePresent_459" time="17.669" classname="com.InfoCabs.testcases.Book_8_Seater_TestCases_440_466"/>
  <testcase name="Test_Book_8_Seater_CS_App_Push_CustomerApp_toBackground_and_start_RiderApp_460" time="9.479" classname="com.InfoCabs.testcases.Book_8_Seater_TestCases_440_466"/>
  <testcase name="Test_Book_8_Seater_ClickOnSTC_ride_461" time="4.801" classname="com.InfoCabs.testcases.Book_8_Seater_TestCases_440_466"/>
  <testcase name="Test_Book_8_Seater_ClickOn_Clear_ride_462" time="4.790" classname="com.InfoCabs.testcases.Book_8_Seater_TestCases_440_466"/>
  <testcase name="Test_Book_8_Seater_Push_Rider_toBackground_and_start_CustomerApp_463" time="6.910" classname="com.InfoCabs.testcases.Book_8_Seater_TestCases_440_466"/>
  <testcase name="Test_Book_8_Seater_Rate_your_ride_Text_arePresent_464" time="6.383" classname="com.InfoCabs.testcases.Book_8_Seater_TestCases_440_466"/>
  <testcase name="Test_BBook_8_Seater_Feedback_Field_arePresent_465" time="2.930" classname="com.InfoCabs.testcases.Book_8_Seater_TestCases_440_466"/>
  <testcase name="Test_Book_8_Seater_SubmitFeedback_ButtonAndText_466" time="4.434" classname="com.InfoCabs.testcases.Book_8_Seater_TestCases_440_466"/>
</testsuite> <!-- com.InfoCabs.testcases.Book_8_Seater_TestCases_440_466 -->
