<?xml version="1.0" encoding="UTF-8"?>
<!-- Generated by org.testng.reporters.JUnitReportReporter -->
<testsuite skipped="0" hostname="DESKTOP-CSMSJ8J" name="com.InfoCabs.testcases.Scedule_8_Seater_Cab_TestCases_527_567" tests="41" failures="0" timestamp="2021-01-11T21:38:31 PKT" time="203.697" errors="0">
  <testcase name="Test_Schedule_8_Seater_Cab_ClickOn_ScheduleRide_Button_526" time="17.516" classname="com.InfoCabs.testcases.Scedule_8_Seater_Cab_TestCases_527_567"/>
  <testcase name="Test_Schedule_8_Seater_Cab_Pick_Cale_Image_is_present_527" time="2.261" classname="com.InfoCabs.testcases.Scedule_8_Seater_Cab_TestCases_527_567"/>
  <testcase name="Test_Schedule_8_Seater_Cab_Pick_Time_Image_is_present_528" time="2.279" classname="com.InfoCabs.testcases.Scedule_8_Seater_Cab_TestCases_527_567"/>
  <testcase name="Test_Schedule_8_Seater_Cab_EnterDropofAddress_Cab_529" time="10.974" classname="com.InfoCabs.testcases.Scedule_8_Seater_Cab_TestCases_527_567"/>
  <testcase name="Test_Schedule_8_Seater_Cab_ClickOn_PickUp_Date_Button_530" time="2.309" classname="com.InfoCabs.testcases.Scedule_8_Seater_Cab_TestCases_527_567"/>
  <testcase name="Test_Schedule_8_Seater_Cab_Pick_Cale_CurrentYear_is_present_531" time="2.256" classname="com.InfoCabs.testcases.Scedule_8_Seater_Cab_TestCases_527_567"/>
  <testcase name="Test_Schedule_8_Seater_Cab_Pick_Cale_CurrentDate_is_present_532" time="2.295" classname="com.InfoCabs.testcases.Scedule_8_Seater_Cab_TestCases_527_567"/>
  <testcase name="Test_Schedule_8_Seater_Cab_ClickOn_Cale_Cancel_Button_533" time="2.821" classname="com.InfoCabs.testcases.Scedule_8_Seater_Cab_TestCases_527_567"/>
  <testcase name="Test_Schedule_8_Seater_Cab_ClickOn_PickUp_Date_On2ndTime_Button_534" time="5.335" classname="com.InfoCabs.testcases.Scedule_8_Seater_Cab_TestCases_527_567"/>
  <testcase name="Test_Schedule_8_Seater_Cab_ClickOn_Cale_OK_Button_535" time="5.816" classname="com.InfoCabs.testcases.Scedule_8_Seater_Cab_TestCases_527_567"/>
  <testcase name="Test_Schedule_8_Seater_Cab_ClickOn_Time_Cancel_Button_536" time="3.198" classname="com.InfoCabs.testcases.Scedule_8_Seater_Cab_TestCases_527_567"/>
  <testcase name="Test_Schedule_8_Seater_Cab_Check_PickUpDate_are_Selected_537" time="2.298" classname="com.InfoCabs.testcases.Scedule_8_Seater_Cab_TestCases_527_567"/>
  <testcase name="Test_Schedule_8_Seater_Cab_ClickOn_PickUp_Time_Button_538" time="5.333" classname="com.InfoCabs.testcases.Scedule_8_Seater_Cab_TestCases_527_567"/>
  <testcase name="Test_Schedule_8_Seater_Cab_Check_TimeDisplay_arePresent_539" time="2.584" classname="com.InfoCabs.testcases.Scedule_8_Seater_Cab_TestCases_527_567"/>
  <testcase name="Test_Schedule_8_Seater_Cab_check_30minuts_AdvanceTime_540" time="2.127" classname="com.InfoCabs.testcases.Scedule_8_Seater_Cab_TestCases_527_567"/>
  <testcase name="Test_Schedule_8_Seater_Cab_ClickOn_Time_Cancel_Button_541" time="2.265" classname="com.InfoCabs.testcases.Scedule_8_Seater_Cab_TestCases_527_567"/>
  <testcase name="Test_Schedule_8_Seater_Cab_ClickOn_PickUp_Time_On2nd_Time_Button_542" time="5.274" classname="com.InfoCabs.testcases.Scedule_8_Seater_Cab_TestCases_527_567"/>
  <testcase name="Test_Schedule_8_Seater_Cab_ClickOn_Time_OK_Button_543" time="5.820" classname="com.InfoCabs.testcases.Scedule_8_Seater_Cab_TestCases_527_567"/>
  <testcase name="Test_Schedule_8_Seater_Cab_Check_Time_areSelected_544" time="2.261" classname="com.InfoCabs.testcases.Scedule_8_Seater_Cab_TestCases_527_567"/>
  <testcase name="Test_Book_8_Seater_with_CreaditCards_Moveto_6Seater_545" time="10.970" classname="com.InfoCabs.testcases.Scedule_8_Seater_Cab_TestCases_527_567"/>
  <testcase name="Test_Book_8_Seater_with_CreaditCards_Moveto_8_Seater_546" time="10.966" classname="com.InfoCabs.testcases.Scedule_8_Seater_Cab_TestCases_527_567"/>
  <testcase name="Test_Book_8_Seater_with_CreaditCards_8_Seater_Text_arePresent_547" time="2.138" classname="com.InfoCabs.testcases.Scedule_8_Seater_Cab_TestCases_527_567"/>
  <testcase name="Test_Book_8_Seater_with_CreaditCards_ClickOnBookNow_Button_Cab_548" time="8.472" classname="com.InfoCabs.testcases.Scedule_8_Seater_Cab_TestCases_527_567"/>
  <testcase name="Test_Book_8_Seater_with_CreaditCards_Select_Cash_FromDrop_549" time="5.890" classname="com.InfoCabs.testcases.Scedule_8_Seater_Cab_TestCases_527_567"/>
  <testcase name="Test_Schedule_8_Seater_Cab_Check_Time_and_Date_areSelected_551" time="2.213" classname="com.InfoCabs.testcases.Scedule_8_Seater_Cab_TestCases_527_567"/>
  <testcase name="Test_Schedule_8_Seater_Cab_ClickOnBookConfirmButton_552" time="9.526" classname="com.InfoCabs.testcases.Scedule_8_Seater_Cab_TestCases_527_567"/>
  <testcase name="Test_Schedule_8_Seater_Cab_Check_Schedule_Screen_image_Tick_Icon_553" time="2.804" classname="com.InfoCabs.testcases.Scedule_8_Seater_Cab_TestCases_527_567"/>
  <testcase name="Test_Schedule_8_Seater_Cab_check_Your_Ride_ScheduleText_554" time="2.121" classname="com.InfoCabs.testcases.Scedule_8_Seater_Cab_TestCases_527_567"/>
  <testcase name="Test_Schedule_8_Seater_Cab_Check_Schedule_Screen_Time_are_Selected_555" time="2.255" classname="com.InfoCabs.testcases.Scedule_8_Seater_Cab_TestCases_527_567"/>
  <testcase name="Test_Schedule_8_Seater_Cab_check_View_Your_Text_556" time="2.742" classname="com.InfoCabs.testcases.Scedule_8_Seater_Cab_TestCases_527_567"/>
  <testcase name="Test_Schedule_8_Seater_Cab_ClickOn_Done_Button_557" time="6.101" classname="com.InfoCabs.testcases.Scedule_8_Seater_Cab_TestCases_527_567"/>
  <testcase name="Test_Schedule_8_Seater_Cab_ClickOn_SideMenu_Button_558" time="11.337" classname="com.InfoCabs.testcases.Scedule_8_Seater_Cab_TestCases_527_567"/>
  <testcase name="Test_Schedule_8_Seater_Cab_ClickOn_SideMenu__MyTrips_Button_559" time="9.697" classname="com.InfoCabs.testcases.Scedule_8_Seater_Cab_TestCases_527_567"/>
  <testcase name="Test_Schedule_8_Seater_Cab_check_MyTrips_Text_560" time="2.348" classname="com.InfoCabs.testcases.Scedule_8_Seater_Cab_TestCases_527_567"/>
  <testcase name="Test_Schedule_8_Seater_Cab_ClickOn_Done_Button_561" time="5.793" classname="com.InfoCabs.testcases.Scedule_8_Seater_Cab_TestCases_527_567"/>
  <testcase name="Test_Schedule_8_Seater_Cab_Check_UpComingRide_PickUp_Icon_562" time="2.257" classname="com.InfoCabs.testcases.Scedule_8_Seater_Cab_TestCases_527_567"/>
  <testcase name="Test_Schedule_8_Seater_Cab_Check_UpComingRide_DropOff_Icon_563" time="2.306" classname="com.InfoCabs.testcases.Scedule_8_Seater_Cab_TestCases_527_567"/>
  <testcase name="Test_Schedule_8_Seater_Cab_Check_UpComingRide_PickUp_Address_564" time="2.267" classname="com.InfoCabs.testcases.Scedule_8_Seater_Cab_TestCases_527_567"/>
  <testcase name="Test_Schedule_8_Seater_Cab_Check_UpComingRide_Dropoff_Address_565" time="2.250" classname="com.InfoCabs.testcases.Scedule_8_Seater_Cab_TestCases_527_567"/>
  <testcase name="Test_Schedule_8_Seater_Cab_Check_UpComingRide_PickUp_Time_566" time="2.290" classname="com.InfoCabs.testcases.Scedule_8_Seater_Cab_TestCases_527_567"/>
  <testcase name="Test_Schedule_6_Seater_Cab_ClickOn_Cancel_Button_567" time="11.932" classname="com.InfoCabs.testcases.Scedule_8_Seater_Cab_TestCases_527_567"/>
</testsuite> <!-- com.InfoCabs.testcases.Scedule_8_Seater_Cab_TestCases_527_567 -->
