<?xml version="1.0" encoding="UTF-8"?>
<!-- Generated by org.testng.reporters.JUnitReportReporter -->
<testsuite skipped="0" hostname="DESKTOP-CSMSJ8J" name="com.InfoCabs.testcases.Book_8_Seater_with_CreaditCards_TestCases_503_525" tests="23" failures="0" timestamp="2021-01-11T21:38:31 PKT" time="202.173" errors="0">
  <testcase name="Test_Book_8_Seater_with_CreaditCards_EnterDropofAddress_Cab_503" time="11.437" classname="com.InfoCabs.testcases.Book_8_Seater_with_CreaditCards_TestCases_503_525"/>
  <testcase name="Test_Book_8_Seater_with_CreaditCards_Moveto_6Seater_504" time="11.014" classname="com.InfoCabs.testcases.Book_8_Seater_with_CreaditCards_TestCases_503_525"/>
  <testcase name="Test_Book_8_Seater_with_CreaditCards_Moveto_8_Seater_505" time="11.013" classname="com.InfoCabs.testcases.Book_8_Seater_with_CreaditCards_TestCases_503_525"/>
  <testcase name="Test_Book_8_Seater_with_CreaditCards_6_Seater_Text_arePresent_506" time="2.167" classname="com.InfoCabs.testcases.Book_8_Seater_with_CreaditCards_TestCases_503_525"/>
  <testcase name="Test_Book_8_Seater_with_CreaditCards_ClickOnBookNow_Button_Cab_507" time="8.615" classname="com.InfoCabs.testcases.Book_8_Seater_with_CreaditCards_TestCases_503_525"/>
  <testcase name="Test_Book_8_Seater_with_CreaditCards_Select_Cash_FromDrop_508" time="5.925" classname="com.InfoCabs.testcases.Book_8_Seater_with_CreaditCards_TestCases_503_525"/>
  <testcase name="Test_Book_8_Seater_with_CreaditCards_ClickOnBookConfirmButton_509" time="9.561" classname="com.InfoCabs.testcases.Book_8_Seater_with_CreaditCards_TestCases_503_525"/>
  <testcase name="Test_Book_8_Seater_with_CreaditCards_Push_CustomerApp_toBackground_and_start_RiderApp_510" time="5.460" classname="com.InfoCabs.testcases.Book_8_Seater_with_CreaditCards_TestCases_503_525"/>
  <testcase name="Test_Book_8_Seater_with_CreaditCards_AcceptCustomer_ride_511" time="8.257" classname="com.InfoCabs.testcases.Book_8_Seater_with_CreaditCards_TestCases_503_525"/>
  <testcase name="Test_Book_8_Seater_with_CreaditCards_Push_Rider_toBackground_and_start_CustomerApp_512" time="17.544" classname="com.InfoCabs.testcases.Book_8_Seater_with_CreaditCards_TestCases_503_525"/>
  <testcase name="Test_Book_8_Seater_with_CreaditCards_weHave_Sent_Text_arePresent_513" time="10.663" classname="com.InfoCabs.testcases.Book_8_Seater_with_CreaditCards_TestCases_503_525"/>
  <testcase name="Test_Book_8_Seater_with_CreaditCards_Push_CustomerApp_toBackground_and_start_RiderApp_514" time="13.544" classname="com.InfoCabs.testcases.Book_8_Seater_with_CreaditCards_TestCases_503_525"/>
  <testcase name="Test_Book_8_Seater_with_CreaditCards_ClickOnWait_ride_515" time="4.732" classname="com.InfoCabs.testcases.Book_8_Seater_with_CreaditCards_TestCases_503_525"/>
  <testcase name="Test_Book_8_Seater_with_CreaditCards_ClickOnPOB_Button_ride_516" time="4.299" classname="com.InfoCabs.testcases.Book_8_Seater_with_CreaditCards_TestCases_503_525"/>
  <testcase name="Test_BBook_8_Seater_with_CreaditCards_Push_Rider_toBackground_and_start_CustomerApp_517" time="17.715" classname="com.InfoCabs.testcases.Book_8_Seater_with_CreaditCards_TestCases_503_525"/>
  <testcase name="Test_Book_8_Seater_with_CreaditCards_You_arein_yourway_Text_arePresent_518" time="24.654" classname="com.InfoCabs.testcases.Book_8_Seater_with_CreaditCards_TestCases_503_525"/>
  <testcase name="Test_Book_8_Seater_with_CreaditCards_CS_App_Push_CustomerApp_toBackground_and_start_RiderApp_519" time="9.496" classname="com.InfoCabs.testcases.Book_8_Seater_with_CreaditCards_TestCases_503_525"/>
  <testcase name="Test_Book_8_Seater_with_CreaditCards_ClickOnSTC_ride_520" time="5.421" classname="com.InfoCabs.testcases.Book_8_Seater_with_CreaditCards_TestCases_503_525"/>
  <testcase name="Test_Book_8_Seater_with_CreaditCards_ClickOn_Clear_ride_521" time="4.268" classname="com.InfoCabs.testcases.Book_8_Seater_with_CreaditCards_TestCases_503_525"/>
  <testcase name="Test_Book_8_Seater_with_CreaditCards_Push_Rider_toBackground_and_start_CustomerApp_522" time="6.848" classname="com.InfoCabs.testcases.Book_8_Seater_with_CreaditCards_TestCases_503_525"/>
  <testcase name="Test_Book_8_Seater_with_CreaditCards_Rate_your_ride_Text_arePresent_523" time="2.346" classname="com.InfoCabs.testcases.Book_8_Seater_with_CreaditCards_TestCases_503_525"/>
  <testcase name="Test_Book_8_Seater_with_CreaditCards_Feedback_Field_arePresent_524" time="2.840" classname="com.InfoCabs.testcases.Book_8_Seater_with_CreaditCards_TestCases_503_525"/>
  <testcase name="Test_Book_8_Seater_with_CreaditCards_SubmitFeedback_ButtonAndText_525" time="4.354" classname="com.InfoCabs.testcases.Book_8_Seater_with_CreaditCards_TestCases_503_525"/>
</testsuite> <!-- com.InfoCabs.testcases.Book_8_Seater_with_CreaditCards_TestCases_503_525 -->
