<?xml version="1.0" encoding="UTF-8"?>
<!-- Generated by org.testng.reporters.JUnitReportReporter -->
<testsuite skipped="0" hostname="DESKTOP-CSMSJ8J" name="com.InfoCabs.testcases.POB_Page_TestCases_181_217" tests="38" failures="0" timestamp="2021-01-11T21:38:31 PKT" time="212.578" errors="0">
  <testcase name="Test_POB_Page_EnterDropofAddress_Cab_181" time="14.593" classname="com.InfoCabs.testcases.POB_Page_TestCases_181_217"/>
  <testcase name="Test_POB_Page_ClickOnBookNow_Button_Cab_182" time="10.221" classname="com.InfoCabs.testcases.POB_Page_TestCases_181_217"/>
  <testcase name="Test_POB_Page_ClickOnBookConfirmButton_183" time="9.964" classname="com.InfoCabs.testcases.POB_Page_TestCases_181_217"/>
  <testcase name="Test_POB_Page_Push_CustomerApp_toBackground_and_start_RiderApp_184" time="10.677" classname="com.InfoCabs.testcases.POB_Page_TestCases_181_217"/>
  <testcase name="Test_POB_Page_Refresh_RiderApp_185" time="11.089" classname="com.InfoCabs.testcases.POB_Page_TestCases_181_217"/>
  <testcase name="Test_POB_Page_AcceptCustomer_ride_188" time="20.215" classname="com.InfoCabs.testcases.POB_Page_TestCases_181_217"/>
  <testcase name="Test_POB_Page_ClickOnWait_ride_187" time="4.258" classname="com.InfoCabs.testcases.POB_Page_TestCases_181_217"/>
  <testcase name="Test_POB_Page_ClickOnPOB_Button_ride_188" time="4.732" classname="com.InfoCabs.testcases.POB_Page_TestCases_181_217"/>
  <testcase name="Test_POB_Page_Push_Rider_toBackground_and_start_CustomerApp_189" time="19.724" classname="com.InfoCabs.testcases.POB_Page_TestCases_181_217"/>
  <testcase name="Test_POB_Page_You_arein_yourway_Text_arePresent_190" time="6.455" classname="com.InfoCabs.testcases.POB_Page_TestCases_181_217"/>
  <testcase name="Test_POB_Page_RiderImage_is_present_191" time="2.233" classname="com.InfoCabs.testcases.POB_Page_TestCases_181_217"/>
  <testcase name="Test_POB_Page_RiderName_is_present_192" time="2.272" classname="com.InfoCabs.testcases.POB_Page_TestCases_181_217"/>
  <testcase name="Test_POB_Page_RiderRating_is_present_193" time="2.300" classname="com.InfoCabs.testcases.POB_Page_TestCases_181_217"/>
  <testcase name="Test_POB_Page_Car_name_is_present_194" time="2.293" classname="com.InfoCabs.testcases.POB_Page_TestCases_181_217"/>
  <testcase name="Test_POB_Page_Car_numberplate_is_present_195" time="2.299" classname="com.InfoCabs.testcases.POB_Page_TestCases_181_217"/>
  <testcase name="Test_POB_Page_car_name_Distance_Text_arePresent_196" time="2.260" classname="com.InfoCabs.testcases.POB_Page_TestCases_181_217"/>
  <testcase name="Test_POB_Page_car_name_DitanceinNumber_is_present_197" time="2.315" classname="com.InfoCabs.testcases.POB_Page_TestCases_181_217"/>
  <testcase name="Test_POB_Page_car_name_Price_Text_arePresent_198" time="2.283" classname="com.InfoCabs.testcases.POB_Page_TestCases_181_217"/>
  <testcase name="Test_POB_Page_car_name_PriceNumber_is_present_199" time="2.292" classname="com.InfoCabs.testcases.POB_Page_TestCases_181_217"/>
  <testcase name="Test_POB_Page_car_name_ETA_Text_arePresent_200" time="2.395" classname="com.InfoCabs.testcases.POB_Page_TestCases_181_217"/>
  <testcase name="Test_POB_Page_car_name_ETA_Number_is_present_201" time="2.328" classname="com.InfoCabs.testcases.POB_Page_TestCases_181_217"/>
  <testcase name="Test_POB_Page_car_name_Payment_Text_arePresent_202" time="2.341" classname="com.InfoCabs.testcases.POB_Page_TestCases_181_217"/>
  <testcase name="Test_POB_Page_On_CS_App_Paymentmethod_is_present_203" time="2.215" classname="com.InfoCabs.testcases.POB_Page_TestCases_181_217"/>
  <testcase name="Test_POB_Page_On_CS_App_ClikOn_ShareRide_Button_and_Text_arePresent_204" time="9.391" classname="com.InfoCabs.testcases.POB_Page_TestCases_181_217"/>
  <testcase name="Test_POB_Page_On_CS_App_ClikOn_I_Needto_MakeaCall_Button_and_Text_arePresent_205" time="7.271" classname="com.InfoCabs.testcases.POB_Page_TestCases_181_217"/>
  <testcase name="Test_POB_Page_On_CS_App_I_Needto_MakeaCall_Alert_and_button_areWorking_206" time="4.513" classname="com.InfoCabs.testcases.POB_Page_TestCases_181_217"/>
  <testcase name="Test_POB_Page_car_name_I_Needtomake_aCall_Text_arePresent_207" time="2.697" classname="com.InfoCabs.testcases.POB_Page_TestCases_181_217"/>
  <testcase name="Test_POB_Page_On_CS_App_ContactOperator_Icon_is_present_208" time="2.256" classname="com.InfoCabs.testcases.POB_Page_TestCases_181_217"/>
  <testcase name="Test_POB_Page_car_name_Contact_Operator_Text_arePresent_209" time="2.137" classname="com.InfoCabs.testcases.POB_Page_TestCases_181_217"/>
  <testcase name="Test_POB_Page_car_name_Contact_Operator_2nd_Text_arePresent_210" time="2.686" classname="com.InfoCabs.testcases.POB_Page_TestCases_181_217"/>
  <testcase name="Test_POB_Page_On_CS_App_EmergencyContact_Icon_is_present_211" time="2.254" classname="com.InfoCabs.testcases.POB_Page_TestCases_181_217"/>
  <testcase name="Test_POB_Page_car_name_Emergency_Text_arePresent_212" time="2.124" classname="com.InfoCabs.testcases.POB_Page_TestCases_181_217"/>
  <testcase name="Test_POB_Page_car_name_Contact_Text_arePresent_213" time="2.197" classname="com.InfoCabs.testcases.POB_Page_TestCases_181_217"/>
  <testcase name="Test_POB_Page_ClickOn_Contact_Operator__214" time="5.710" classname="com.InfoCabs.testcases.POB_Page_TestCases_181_217"/>
  <testcase name="Test_POB_Page_On_CS_App_Backto_CSApp_from_PhoneDialpad_215" time="7.039" classname="com.InfoCabs.testcases.POB_Page_TestCases_181_217"/>
  <testcase name="Test_POB_Page_On_CS_App_Now_Try_Emergency_Contact_OpenAlert_Again_216" time="6.294" classname="com.InfoCabs.testcases.POB_Page_TestCases_181_217"/>
  <testcase name="Test_POB_Page_On_CS_App_Now_Try_Emergency_Contact_217" time="7.269" classname="com.InfoCabs.testcases.POB_Page_TestCases_181_217"/>
  <testcase name="Test_POB_Page_On_CS_App_Backto_CSApp_from_PhoneDialpadOn_2ndtime_218" time="6.986" classname="com.InfoCabs.testcases.POB_Page_TestCases_181_217"/>
</testsuite> <!-- com.InfoCabs.testcases.POB_Page_TestCases_181_217 -->
