<?xml version="1.0" encoding="UTF-8"?>
<!-- Generated by org.testng.reporters.JUnitReportReporter -->
<testsuite skipped="0" hostname="DESKTOP-CSMSJ8J" name="com.InfoCabs.testcases.Schedule_Saloon_Ride_263_299" tests="38" failures="0" timestamp="2020-12-28T17:27:24 PKT" time="180.581" errors="0">
  <testcase name="Test_LoginPage_Allow_user_to_LoginWith_valid_credential_21" time="15.116" classname="com.InfoCabs.testcases.Schedule_Saloon_Ride_263_299"/>
  <testcase name="Test_Schedule_Saloon_Ride_ClickOn_ScheduleRide_Button_263" time="11.381" classname="com.InfoCabs.testcases.Schedule_Saloon_Ride_263_299"/>
  <testcase name="Test_Schedule_Saloon_Ride_Pick_Cale_Image_is_present_264" time="2.340" classname="com.InfoCabs.testcases.Schedule_Saloon_Ride_263_299"/>
  <testcase name="Test_Schedule_Saloon_Ride_Pick_Time_Image_is_present_265" time="2.271" classname="com.InfoCabs.testcases.Schedule_Saloon_Ride_263_299"/>
  <testcase name="Test_Schedule_Saloon_Ride_EnterDropofAddress_Cab_266" time="10.929" classname="com.InfoCabs.testcases.Schedule_Saloon_Ride_263_299"/>
  <testcase name="Test_Schedule_Saloon_Ride_ClickOn_PickUp_Date_Button_267" time="2.469" classname="com.InfoCabs.testcases.Schedule_Saloon_Ride_263_299"/>
  <testcase name="Test_Schedule_Saloon_Ride_Pick_Cale_CurrentYear_is_present_268" time="2.333" classname="com.InfoCabs.testcases.Schedule_Saloon_Ride_263_299"/>
  <testcase name="Test_Schedule_Saloon_Ride_Pick_Cale_CurrentDate_is_present_269" time="2.420" classname="com.InfoCabs.testcases.Schedule_Saloon_Ride_263_299"/>
  <testcase name="Test_Schedule_Saloon_Ride_ClickOn_Cale_Cancel_Button_270" time="2.418" classname="com.InfoCabs.testcases.Schedule_Saloon_Ride_263_299"/>
  <testcase name="Test_Schedule_Saloon_Ride_ClickOn_PickUp_Date_On2ndTime_Button_271" time="5.370" classname="com.InfoCabs.testcases.Schedule_Saloon_Ride_263_299"/>
  <testcase name="Test_Schedule_Saloon_Ride_ClickOn_Cale_OK_Button_272" time="5.414" classname="com.InfoCabs.testcases.Schedule_Saloon_Ride_263_299"/>
  <testcase name="Test_Schedule_Saloon_Ride_ClickOn_Time_Cancel_Button_273" time="2.247" classname="com.InfoCabs.testcases.Schedule_Saloon_Ride_263_299"/>
  <testcase name="Test_Schedule_Saloon_Ride_Check_PickUpDate_are_Selected_274" time="2.277" classname="com.InfoCabs.testcases.Schedule_Saloon_Ride_263_299"/>
  <testcase name="Test_Schedule_Saloon_Ride_ClickOn_PickUp_Time_Button_275" time="5.282" classname="com.InfoCabs.testcases.Schedule_Saloon_Ride_263_299"/>
  <testcase name="Test_Schedule_Saloon_Ride_Check_TimeDisplay_arePresent_276" time="2.285" classname="com.InfoCabs.testcases.Schedule_Saloon_Ride_263_299"/>
  <testcase name="Test_Schedule_Saloon_Ride_check_30minuts_AdvanceTime_277" time="2.157" classname="com.InfoCabs.testcases.Schedule_Saloon_Ride_263_299"/>
  <testcase name="Test_Schedule_Saloon_Ride_ClickOn_Time_Cancel_Button_278" time="2.310" classname="com.InfoCabs.testcases.Schedule_Saloon_Ride_263_299"/>
  <testcase name="Test_Schedule_Saloon_Ride_ClickOn_PickUp_Time_On2nd_Time_Button_279" time="5.283" classname="com.InfoCabs.testcases.Schedule_Saloon_Ride_263_299"/>
  <testcase name="Test_Schedule_Saloon_Ride_ClickOn_Time_OK_Button_280" time="5.300" classname="com.InfoCabs.testcases.Schedule_Saloon_Ride_263_299"/>
  <testcase name="Test_Schedule_Saloon_Ride_Check_Time_areSelected_281" time="2.291" classname="com.InfoCabs.testcases.Schedule_Saloon_Ride_263_299"/>
  <testcase name="Test_Schedule_Saloon_Ride_ClickOnBookNow_Button_Cab_282" time="9.597" classname="com.InfoCabs.testcases.Schedule_Saloon_Ride_263_299"/>
  <testcase name="Test_Schedule_Saloon_Ride_Check_Time_and_Date_areSelected_283" time="2.323" classname="com.InfoCabs.testcases.Schedule_Saloon_Ride_263_299"/>
  <testcase name="Test_Schedule_Saloon_Ride_ClickOnBookConfirmButton_284" time="9.592" classname="com.InfoCabs.testcases.Schedule_Saloon_Ride_263_299"/>
  <testcase name="Test_Schedule_Saloon_Ride_Check_Schedule_Screen_image_Tick_Icon_285" time="2.235" classname="com.InfoCabs.testcases.Schedule_Saloon_Ride_263_299"/>
  <testcase name="Test_Schedule_Saloon_Ride_check_Your_Ride_ScheduleText_286" time="2.099" classname="com.InfoCabs.testcases.Schedule_Saloon_Ride_263_299"/>
  <testcase name="Test_Schedule_Saloon_Ride_Check_Schedule_Screen_Time_are_Selected_287" time="2.268" classname="com.InfoCabs.testcases.Schedule_Saloon_Ride_263_299"/>
  <testcase name="Test_Schedule_Saloon_Ride_check_View_Your_Text_288" time="2.585" classname="com.InfoCabs.testcases.Schedule_Saloon_Ride_263_299"/>
  <testcase name="Test_Schedule_Saloon_Ride_ClickOn_Done_Button_289" time="5.311" classname="com.InfoCabs.testcases.Schedule_Saloon_Ride_263_299"/>
  <testcase name="Test_Schedule_Saloon_Ride_ClickOn_SideMenu_Button_290" time="11.693" classname="com.InfoCabs.testcases.Schedule_Saloon_Ride_263_299"/>
  <testcase name="Test_Schedule_Saloon_Ride_ClickOn_SideMenu__MyTrips_Button_291" time="9.867" classname="com.InfoCabs.testcases.Schedule_Saloon_Ride_263_299"/>
  <testcase name="Test_Schedule_Saloon_Ride_check_MyTrips_Text_292" time="2.225" classname="com.InfoCabs.testcases.Schedule_Saloon_Ride_263_299"/>
  <testcase name="Test_Schedule_Saloon_Ride_ClickOn_Done_Button_293" time="5.793" classname="com.InfoCabs.testcases.Schedule_Saloon_Ride_263_299"/>
  <testcase name="Test_Schedule_Saloon_Ride_Check_UpComingRide_PickUp_Icon_294" time="2.298" classname="com.InfoCabs.testcases.Schedule_Saloon_Ride_263_299"/>
  <testcase name="Test_Schedule_Saloon_Ride_Check_UpComingRide_DropOff_Icon_295" time="2.239" classname="com.InfoCabs.testcases.Schedule_Saloon_Ride_263_299"/>
  <testcase name="Test_Schedule_Saloon_Ride_Check_UpComingRide_PickUp_Address_296" time="2.320" classname="com.InfoCabs.testcases.Schedule_Saloon_Ride_263_299"/>
  <testcase name="Test_Schedule_Saloon_Ride_Check_UpComingRide_Dropoff_Address_297" time="2.293" classname="com.InfoCabs.testcases.Schedule_Saloon_Ride_263_299"/>
  <testcase name="Test_Schedule_Saloon_Ride_Check_UpComingRide_PickUp_Time_298" time="2.346" classname="com.InfoCabs.testcases.Schedule_Saloon_Ride_263_299"/>
  <testcase name="Test_Schedule_Saloon_Ride_ClickOn_Cancel_Button_299" time="11.604" classname="com.InfoCabs.testcases.Schedule_Saloon_Ride_263_299"/>
</testsuite> <!-- com.InfoCabs.testcases.Schedule_Saloon_Ride_263_299 -->
