<?xml version="1.0" encoding="UTF-8"?>
<!-- Generated by org.testng.reporters.JUnitReportReporter -->
<testsuite skipped="0" hostname="DESKTOP-CSMSJ8J" name="com.InfoCabs.testcases.Book_6_Seater_TestCases_321_343" tests="26" failures="0" timestamp="2021-01-27T19:09:25 PKT" time="308.327" errors="0">
  <testcase name="Test_LoginPage_Allow_user_to_LoginWith_valid_credential_21" time="18.399" classname="com.InfoCabs.testcases.Book_6_Seater_TestCases_321_343"/>
  <testcase name="Test_LunchDriver_App_LunchNewDriver_App_151" time="6.040" classname="com.InfoCabs.testcases.Book_6_Seater_TestCases_321_343"/>
  <testcase name="Test_LunchDriver_App_LogintoRiderApp_153" time="43.485" classname="com.InfoCabs.testcases.Book_6_Seater_TestCases_321_343"/>
  <testcase name="Test_LunchDriver_App_Backto_CustomerApp_155" time="7.047" classname="com.InfoCabs.testcases.Book_6_Seater_TestCases_321_343"/>
  <testcase name="Test_Book_6_Seater_EnterDropofAddress_Cab_321" time="13.824" classname="com.InfoCabs.testcases.Book_6_Seater_TestCases_321_343"/>
  <testcase name="Test_Book_6_Seater_ClickOnBookNow_Button_Cab_322" time="15.004" classname="com.InfoCabs.testcases.Book_6_Seater_TestCases_321_343"/>
  <testcase name="Test_Book_6_Seater_6_Seater_Text_arePresent_323" time="2.333" classname="com.InfoCabs.testcases.Book_6_Seater_TestCases_321_343"/>
  <testcase name="Test_Book_6_Seater_ClickOnBookNow_Button_Cab_324" time="9.602" classname="com.InfoCabs.testcases.Book_6_Seater_TestCases_321_343"/>
  <testcase name="Test_Book_6_Seater_Select_Cash_FromDrop_325" time="5.774" classname="com.InfoCabs.testcases.Book_6_Seater_TestCases_321_343"/>
  <testcase name="Test_Book_6_Seater_ClickOnBookConfirmButton_326" time="9.642" classname="com.InfoCabs.testcases.Book_6_Seater_TestCases_321_343"/>
  <testcase name="Test_Book_6_Seater_Push_CustomerApp_toBackground_and_start_RiderApp_327" time="5.540" classname="com.InfoCabs.testcases.Book_6_Seater_TestCases_321_343"/>
  <testcase name="Test_Book_6_Seater_AcceptCustomer_ride_328" time="11.831" classname="com.InfoCabs.testcases.Book_6_Seater_TestCases_321_343"/>
  <testcase name="Test_Book_6_Seater_Push_Rider_toBackground_and_start_CustomerApp_329" time="17.639" classname="com.InfoCabs.testcases.Book_6_Seater_TestCases_321_343"/>
  <testcase name="Test_Book_6_Seater_weHave_Sent_Text_arePresent_330" time="14.379" classname="com.InfoCabs.testcases.Book_6_Seater_TestCases_321_343"/>
  <testcase name="Test_Book_6_Seater_Push_CustomerApp_toBackground_and_start_RiderApp_331" time="13.542" classname="com.InfoCabs.testcases.Book_6_Seater_TestCases_321_343"/>
  <testcase name="Test_Book_6_Seater_ClickOnWait_ride_332" time="4.347" classname="com.InfoCabs.testcases.Book_6_Seater_TestCases_321_343"/>
  <testcase name="Test_Book_6_Seater_ClickOnPOB_Button_ride_333" time="4.343" classname="com.InfoCabs.testcases.Book_6_Seater_TestCases_321_343"/>
  <testcase name="Test_Book_6_Seater_Push_Rider_toBackground_and_start_CustomerApp_334" time="17.652" classname="com.InfoCabs.testcases.Book_6_Seater_TestCases_321_343"/>
  <testcase name="Test_Book_6_Seater_You_arein_yourway_Text_arePresent_335" time="28.597" classname="com.InfoCabs.testcases.Book_6_Seater_TestCases_321_343"/>
  <testcase name="Test_Book_6_Seater_CS_App_Push_CustomerApp_toBackground_and_start_RiderApp_336" time="9.549" classname="com.InfoCabs.testcases.Book_6_Seater_TestCases_321_343"/>
  <testcase name="Test_Book_6_Seater_ClickOnSTC_ride_337" time="4.327" classname="com.InfoCabs.testcases.Book_6_Seater_TestCases_321_343"/>
  <testcase name="Test_Book_6_Seater_ClickOn_Clear_ride_338" time="4.281" classname="com.InfoCabs.testcases.Book_6_Seater_TestCases_321_343"/>
  <testcase name="Test_Book_6_Seater_Push_Rider_toBackground_and_start_CustomerApp_339" time="5.570" classname="com.InfoCabs.testcases.Book_6_Seater_TestCases_321_343"/>
  <testcase name="Test_Book_6_Seater_Rate_your_ride_Text_arePresent_340" time="28.273" classname="com.InfoCabs.testcases.Book_6_Seater_TestCases_321_343"/>
  <testcase name="Test_BBook_6_Seater_Feedback_Field_arePresent_341" time="2.899" classname="com.InfoCabs.testcases.Book_6_Seater_TestCases_321_343"/>
  <testcase name="Test_Book_6_Seater_SubmitFeedback_ButtonAndText_342" time="4.408" classname="com.InfoCabs.testcases.Book_6_Seater_TestCases_321_343"/>
</testsuite> <!-- com.InfoCabs.testcases.Book_6_Seater_TestCases_321_343 -->
