<?xml version="1.0" encoding="UTF-8"?>
<!-- Generated by org.testng.reporters.JUnitReportReporter -->
<testsuite skipped="0" hostname="DESKTOP-CSMSJ8J" name="com.InfoCabs.testcases.MainHomePage_TestCases_83_109" tests="27" failures="0" timestamp="2021-01-08T19:02:07 PKT" time="84.880" errors="0">
  <testcase name="Test_MainHomePage_AddPickUpPoint_Text_83" time="4.545" classname="com.InfoCabs.testcases.MainHomePage_TestCases_83_109"/>
  <testcase name="Test_MainHomePage_Notification_Icon_84" time="5.695" classname="com.InfoCabs.testcases.MainHomePage_TestCases_83_109"/>
  <testcase name="Test_MainHomePage_PickUp_Icon_85" time="2.116" classname="com.InfoCabs.testcases.MainHomePage_TestCases_83_109"/>
  <testcase name="Test_MainHomePage_BackToLocation_Icon_86" time="2.141" classname="com.InfoCabs.testcases.MainHomePage_TestCases_83_109"/>
  <testcase name="Test_MainHomePage_GoogleImage_Icon_87" time="2.130" classname="com.InfoCabs.testcases.MainHomePage_TestCases_83_109"/>
  <testcase name="Test_MainHomePage_ConfirmPickUpButton_Text_88" time="2.163" classname="com.InfoCabs.testcases.MainHomePage_TestCases_83_109"/>
  <testcase name="Test_MainHomePage_ScheduleRideButton_Text_89" time="2.138" classname="com.InfoCabs.testcases.MainHomePage_TestCases_83_109"/>
  <testcase name="Test_MainHomePage_ChangePickup_Text_90" time="2.204" classname="com.InfoCabs.testcases.MainHomePage_TestCases_83_109"/>
  <testcase name="Test_MainHomePage_PickLocation_CrossButton_91" time="4.327" classname="com.InfoCabs.testcases.MainHomePage_TestCases_83_109"/>
  <testcase name="Test_MainHomePage_PickupLocation_Text_92" time="2.195" classname="com.InfoCabs.testcases.MainHomePage_TestCases_83_109"/>
  <testcase name="Test_MainHomePage_FavoritePlaces_Text_93" time="2.152" classname="com.InfoCabs.testcases.MainHomePage_TestCases_83_109"/>
  <testcase name="Test_MainHomePage_AddPickupPoint_Button_Text_94" time="2.157" classname="com.InfoCabs.testcases.MainHomePage_TestCases_83_109"/>
  <testcase name="Test_MainHomePage_CheckSearchbar_isPresent_95" time="2.113" classname="com.InfoCabs.testcases.MainHomePage_TestCases_83_109"/>
  <testcase name="Test_MainHomePage_AddPickUpAddress_96" time="5.981" classname="com.InfoCabs.testcases.MainHomePage_TestCases_83_109"/>
  <testcase name="Test_MainHomePage_Add_AddressToFavoriteList_97" time="7.282" classname="com.InfoCabs.testcases.MainHomePage_TestCases_83_109"/>
  <testcase name="Test_MainHomePage_SelectPickUpAddress_98" time="2.243" classname="com.InfoCabs.testcases.MainHomePage_TestCases_83_109"/>
  <testcase name="Test_MainHomePage_Dropoff_address_icon_99" time="2.106" classname="com.InfoCabs.testcases.MainHomePage_TestCases_83_109"/>
  <testcase name="Test_MainHomePage_ClickOn_where_are_you_heading_Text_100" time="2.186" classname="com.InfoCabs.testcases.MainHomePage_TestCases_83_109"/>
  <testcase name="Test_MainHomePage_Dropoffaddress_CrossButton_101" time="4.359" classname="com.InfoCabs.testcases.MainHomePage_TestCases_83_109"/>
  <testcase name="Test_MainHomePage_PickupLocation_Text_102" time="2.144" classname="com.InfoCabs.testcases.MainHomePage_TestCases_83_109"/>
  <testcase name="Test_MainHomePage_FavoritePlaces_Text_103" time="2.139" classname="com.InfoCabs.testcases.MainHomePage_TestCases_83_109"/>
  <testcase name="Test_MainHomePage_AddPickupPoint_Button_Text_104" time="2.037" classname="com.InfoCabs.testcases.MainHomePage_TestCases_83_109"/>
  <testcase name="Test_MainHomePage_CheckSearchbar_isPresent_105" time="2.108" classname="com.InfoCabs.testcases.MainHomePage_TestCases_83_109"/>
  <testcase name="Test_MainHomePage_AddDropoffAddress_106" time="4.483" classname="com.InfoCabs.testcases.MainHomePage_TestCases_83_109"/>
  <testcase name="Test_MainHomePage_Add_AddressToFavoriteList_107" time="7.283" classname="com.InfoCabs.testcases.MainHomePage_TestCases_83_109"/>
  <testcase name="Test_MainHomePage_SelectDropoffAddress_108" time="2.217" classname="com.InfoCabs.testcases.MainHomePage_TestCases_83_109"/>
  <testcase name="Test_MainHomePage_DropoffAddress_ChangeButton_109" time="2.236" classname="com.InfoCabs.testcases.MainHomePage_TestCases_83_109"/>
</testsuite> <!-- com.InfoCabs.testcases.MainHomePage_TestCases_83_109 -->
