<?xml version="1.0" encoding="UTF-8"?>
<!-- Generated by org.testng.reporters.JUnitReportReporter -->
<testsuite skipped="0" hostname="DESKTOP-CSMSJ8J" name="com.InfoCabs.testcases.LunchDriver_App" tests="10" failures="0" timestamp="2020-12-24T23:23:38 PKT" time="76.392" errors="0">
  <testcase name="Test_LoginPage_Allow_user_to_LoginWith_valid_credential_21" time="13.642" classname="com.InfoCabs.testcases.LunchDriver_App"/>
  <testcase name="Test_LunchDriver_App_PushCustomer_App_to_BackGround_148" time="3.706" classname="com.InfoCabs.testcases.LunchDriver_App"/>
  <testcase name="Test_LunchDriver_App_LunchNewDriver_App_149" time="3.657" classname="com.InfoCabs.testcases.LunchDriver_App"/>
  <testcase name="Test_LunchDriver_App_LogintoRiderApp_150" time="11.541" classname="com.InfoCabs.testcases.LunchDriver_App"/>
  <testcase name="Test_LunchDriver_App_PushDriver_intoBackground_151" time="3.450" classname="com.InfoCabs.testcases.LunchDriver_App"/>
  <testcase name="Test_LunchDriver_App_Backto_CustomerApp_152" time="5.029" classname="com.InfoCabs.testcases.LunchDriver_App"/>
  <testcase name="Test_LunchDriver_App_Booked_Saloon_Cab_153" time="15.029" classname="com.InfoCabs.testcases.LunchDriver_App"/>
  <testcase name="Test_LunchDriver_App_Push_CustomerApp_toBackground_and_start_RiderApp_154" time="8.349" classname="com.InfoCabs.testcases.LunchDriver_App"/>
  <testcase name="Test_LunchDriver_App_AcceptCustomer_ride_155" time="3.478" classname="com.InfoCabs.testcases.LunchDriver_App"/>
  <testcase name="Test_LunchDriver_App_Push_Rider_toBackground_and_start_CustomerApp_156" time="8.511" classname="com.InfoCabs.testcases.LunchDriver_App"/>
</testsuite> <!-- com.InfoCabs.testcases.LunchDriver_App -->
