<?xml version="1.0" encoding="UTF-8"?>
<!-- Generated by org.testng.reporters.JUnitReportReporter -->
<testsuite skipped="22" hostname="DESKTOP-CSMSJ8J" name="com.InfoCabs.testcases.BookingAcceptedPage_On_CS_App" tests="22" failures="0" timestamp="2020-12-25T20:09:32 PKT" time="0.000" errors="0">
  <testcase name="Test_BookingAcceptedPage_On_CS_App_weHave_Sent_Text_arePresent_157" time="0.000" classname="com.InfoCabs.testcases.BookingAcceptedPage_On_CS_App">
    <skipped/>
  </testcase> <!-- Test_BookingAcceptedPage_On_CS_App_weHave_Sent_Text_arePresent_157 -->
  <testcase name="Test_BookingAcceptedPage_On_CS_App_RiderImage_is_present_158" time="0.000" classname="com.InfoCabs.testcases.BookingAcceptedPage_On_CS_App">
    <skipped/>
  </testcase> <!-- Test_BookingAcceptedPage_On_CS_App_RiderImage_is_present_158 -->
  <testcase name="Test_BookingAcceptedPage_On_CS_App_RiderName_is_present_159" time="0.000" classname="com.InfoCabs.testcases.BookingAcceptedPage_On_CS_App">
    <skipped/>
  </testcase> <!-- Test_BookingAcceptedPage_On_CS_App_RiderName_is_present_159 -->
  <testcase name="Test_BookingAcceptedPage_On_CS_App_RiderRating_is_present_160" time="0.000" classname="com.InfoCabs.testcases.BookingAcceptedPage_On_CS_App">
    <skipped/>
  </testcase> <!-- Test_BookingAcceptedPage_On_CS_App_RiderRating_is_present_160 -->
  <testcase name="Test_BookingAcceptedPage_On_CS_App_Car_name_is_present_161" time="0.000" classname="com.InfoCabs.testcases.BookingAcceptedPage_On_CS_App">
    <skipped/>
  </testcase> <!-- Test_BookingAcceptedPage_On_CS_App_Car_name_is_present_161 -->
  <testcase name="Test_BookingAcceptedPage_On_CS_App_Car_numberplate_is_present_162" time="0.000" classname="com.InfoCabs.testcases.BookingAcceptedPage_On_CS_App">
    <skipped/>
  </testcase> <!-- Test_BookingAcceptedPage_On_CS_App_Car_numberplate_is_present_162 -->
  <testcase name="Test_BookingAcceptedPage_On_CS_App_Distance_Text_arePresent_163" time="0.000" classname="com.InfoCabs.testcases.BookingAcceptedPage_On_CS_App">
    <skipped/>
  </testcase> <!-- Test_BookingAcceptedPage_On_CS_App_Distance_Text_arePresent_163 -->
  <testcase name="Test_BookingAcceptedPage_On_CS_App_DitanceinNumber_is_present_164" time="0.000" classname="com.InfoCabs.testcases.BookingAcceptedPage_On_CS_App">
    <skipped/>
  </testcase> <!-- Test_BookingAcceptedPage_On_CS_App_DitanceinNumber_is_present_164 -->
  <testcase name="Test_BookingAcceptedPage_On_CS_App_Price_Text_arePresent_165" time="0.000" classname="com.InfoCabs.testcases.BookingAcceptedPage_On_CS_App">
    <skipped/>
  </testcase> <!-- Test_BookingAcceptedPage_On_CS_App_Price_Text_arePresent_165 -->
  <testcase name="Test_BookingAcceptedPage_On_CS_App_PriceNumber_is_present_166" time="0.000" classname="com.InfoCabs.testcases.BookingAcceptedPage_On_CS_App">
    <skipped/>
  </testcase> <!-- Test_BookingAcceptedPage_On_CS_App_PriceNumber_is_present_166 -->
  <testcase name="Test_BookingAcceptedPage_On_CS_App_ETA_Text_arePresent_167" time="0.000" classname="com.InfoCabs.testcases.BookingAcceptedPage_On_CS_App">
    <skipped/>
  </testcase> <!-- Test_BookingAcceptedPage_On_CS_App_ETA_Text_arePresent_167 -->
  <testcase name="Test_BookingAcceptedPage_On_CS_App_ETA_Number_is_present_168" time="0.000" classname="com.InfoCabs.testcases.BookingAcceptedPage_On_CS_App">
    <skipped/>
  </testcase> <!-- Test_BookingAcceptedPage_On_CS_App_ETA_Number_is_present_168 -->
  <testcase name="Test_BookingAcceptedPage_On_CS_App_Payment_Text_arePresent_169" time="0.000" classname="com.InfoCabs.testcases.BookingAcceptedPage_On_CS_App">
    <skipped/>
  </testcase> <!-- Test_BookingAcceptedPage_On_CS_App_Payment_Text_arePresent_169 -->
  <testcase name="Test_BookingAcceptedPage_On_CS_App_Paymentmethod_is_present_170" time="0.000" classname="com.InfoCabs.testcases.BookingAcceptedPage_On_CS_App">
    <skipped/>
  </testcase> <!-- Test_BookingAcceptedPage_On_CS_App_Paymentmethod_is_present_170 -->
  <testcase name="Test_BookingAcceptedPage_On_CS_App_ClikOn_CallRide_Button_and_Text_arePresent_171" time="0.000" classname="com.InfoCabs.testcases.BookingAcceptedPage_On_CS_App">
    <skipped/>
  </testcase> <!-- Test_BookingAcceptedPage_On_CS_App_ClikOn_CallRide_Button_and_Text_arePresent_171 -->
  <testcase name="Test_BookingAcceptedPage_On_CS_App_Backto_CSApp_from_PhoneDialpad_172" time="0.000" classname="com.InfoCabs.testcases.BookingAcceptedPage_On_CS_App">
    <skipped/>
  </testcase> <!-- Test_BookingAcceptedPage_On_CS_App_Backto_CSApp_from_PhoneDialpad_172 -->
  <testcase name="Test_BookingAcceptedPage_On_CS_App_ClikOn_Cancel_Button_and_Text_arePresent_173" time="0.000" classname="com.InfoCabs.testcases.BookingAcceptedPage_On_CS_App">
    <skipped/>
  </testcase> <!-- Test_BookingAcceptedPage_On_CS_App_ClikOn_Cancel_Button_and_Text_arePresent_173 -->
  <testcase name="Test_BookingAcceptedPage_On_CS_App_Push_CustomerApp_toBackground_and_start_RiderApp_174" time="0.000" classname="com.InfoCabs.testcases.BookingAcceptedPage_On_CS_App">
    <skipped/>
  </testcase> <!-- Test_BookingAcceptedPage_On_CS_App_Push_CustomerApp_toBackground_and_start_RiderApp_174 -->
  <testcase name="Test_BookingAcceptedPage_On_CS_App_Push_Rider_toBackground_and_start_CustomerApp_175" time="0.000" classname="com.InfoCabs.testcases.BookingAcceptedPage_On_CS_App">
    <skipped/>
  </testcase> <!-- Test_BookingAcceptedPage_On_CS_App_Push_Rider_toBackground_and_start_CustomerApp_175 -->
  <testcase name="Test_BookingAcceptedPage_On_CS_App_Alert_cancel_Text_arePresent_176" time="0.000" classname="com.InfoCabs.testcases.BookingAcceptedPage_On_CS_App">
    <skipped/>
  </testcase> <!-- Test_BookingAcceptedPage_On_CS_App_Alert_cancel_Text_arePresent_176 -->
  <testcase name="Test_BookingAcceptedPage_On_CS_App_Alert_OperatorLenght_Text_arePresent_177" time="0.000" classname="com.InfoCabs.testcases.BookingAcceptedPage_On_CS_App">
    <skipped/>
  </testcase> <!-- Test_BookingAcceptedPage_On_CS_App_Alert_OperatorLenght_Text_arePresent_177 -->
  <testcase name="Test_BookingAcceptedPage_On_CS_App_Alert_closeButton_arePresent_178" time="0.000" classname="com.InfoCabs.testcases.BookingAcceptedPage_On_CS_App">
    <skipped/>
  </testcase> <!-- Test_BookingAcceptedPage_On_CS_App_Alert_closeButton_arePresent_178 -->
</testsuite> <!-- com.InfoCabs.testcases.BookingAcceptedPage_On_CS_App -->
