<?xml version="1.0" encoding="UTF-8"?>
<!-- Generated by org.testng.reporters.JUnitReportReporter -->
<testsuite skipped="0" hostname="DESKTOP-CSMSJ8J" name="com.InfoCabs.testcases.Side_Menu_elements_verification_TestCases_568_576" tests="10" failures="0" timestamp="2021-01-30T02:25:34 PKT" time="39.105" errors="0">
  <testcase name="Test_LoginPage_Allow_user_to_LoginWith_valid_credential_21" time="12.121" classname="com.InfoCabs.testcases.Side_Menu_elements_verification_TestCases_568_576"/>
  <testcase name="Test_Side_Menu_elements_verification_OpenSide_menu_568" time="4.171" classname="com.InfoCabs.testcases.Side_Menu_elements_verification_TestCases_568_576"/>
  <testcase name="Test_Side_Menu_elements_verification_check_Logo_is_present_569" time="2.335" classname="com.InfoCabs.testcases.Side_Menu_elements_verification_TestCases_568_576"/>
  <testcase name="Test_Side_Menu_elements_verification_check_Dashboard_is_present_570" time="4.916" classname="com.InfoCabs.testcases.Side_Menu_elements_verification_TestCases_568_576"/>
  <testcase name="Test_Side_Menu_elements_verification_check_MyProfile_is_present_571" time="2.279" classname="com.InfoCabs.testcases.Side_Menu_elements_verification_TestCases_568_576"/>
  <testcase name="Test_Side_Menu_elements_verification_check_PaymentMethods_is_present_572" time="2.312" classname="com.InfoCabs.testcases.Side_Menu_elements_verification_TestCases_568_576"/>
  <testcase name="Test_Side_Menu_elements_verification_check_MyTrips_is_present_573" time="2.290" classname="com.InfoCabs.testcases.Side_Menu_elements_verification_TestCases_568_576"/>
  <testcase name="Test_Side_Menu_elements_verification_check_AboutUs_is_present_574" time="2.365" classname="com.InfoCabs.testcases.Side_Menu_elements_verification_TestCases_568_576"/>
  <testcase name="Test_Side_Menu_elements_verification_check_Share_is_present_575" time="2.278" classname="com.InfoCabs.testcases.Side_Menu_elements_verification_TestCases_568_576"/>
  <testcase name="Test_Side_Menu_elements_verification_check_Logout_is_present_576" time="4.038" classname="com.InfoCabs.testcases.Side_Menu_elements_verification_TestCases_568_576"/>
</testsuite> <!-- com.InfoCabs.testcases.Side_Menu_elements_verification_TestCases_568_576 -->
