<?xml version="1.0" encoding="UTF-8"?>
<!-- Generated by org.testng.reporters.JUnitReportReporter -->
<testsuite skipped="0" hostname="DESKTOP-CSMSJ8J" name="com.InfoCabs.testcases.Share_Page_TestCases_660_661" tests="2" failures="0" timestamp="2021-01-11T21:38:31 PKT" time="51.584" errors="0">
  <testcase name="Test_Share_Page_ClickTO_Open_Share_Page_660" time="40.968" classname="com.InfoCabs.testcases.Share_Page_TestCases_660_661"/>
  <testcase name="Test_Share_Page_check_ShareText_is_present_661" time="10.616" classname="com.InfoCabs.testcases.Share_Page_TestCases_660_661"/>
</testsuite> <!-- com.InfoCabs.testcases.Share_Page_TestCases_660_661 -->
