<?xml version="1.0" encoding="UTF-8"?>
<!-- Generated by org.testng.reporters.JUnitReportReporter -->
<testsuite skipped="0" hostname="DESKTOP-CSMSJ8J" name="com.InfoCabs.testcases.ConfirmYourRidePage_TestCases_120_135" tests="17" failures="0" timestamp="2021-01-08T19:02:07 PKT" time="51.316" errors="0">
  <testcase name="Test_ConfirmYourRidePage_Confirmride_Text_120" time="2.175" classname="com.InfoCabs.testcases.ConfirmYourRidePage_TestCases_120_135"/>
  <testcase name="Test_ConfirmYourRidePage_Notification_Icon_121" time="2.324" classname="com.InfoCabs.testcases.ConfirmYourRidePage_TestCases_120_135"/>
  <testcase name="Test_ConfirmYourRidePage_Pickup_Icon_122" time="2.087" classname="com.InfoCabs.testcases.ConfirmYourRidePage_TestCases_120_135"/>
  <testcase name="Test_ConfirmYourRidePage_Dropoff_Icon_123" time="2.124" classname="com.InfoCabs.testcases.ConfirmYourRidePage_TestCases_120_135"/>
  <testcase name="Test_ConfirmYourRidePage_PickUpAddress_Verification_Text_124" time="2.149" classname="com.InfoCabs.testcases.ConfirmYourRidePage_TestCases_120_135"/>
  <testcase name="Test_ConfirmYourRidePage_DropoffAddress_Verification_Text_125" time="2.176" classname="com.InfoCabs.testcases.ConfirmYourRidePage_TestCases_120_135"/>
  <testcase name="Test_ConfirmYourRidePage_AddNotes_Text_Verification_126" time="2.160" classname="com.InfoCabs.testcases.ConfirmYourRidePage_TestCases_120_135"/>
  <testcase name="Test_ConfirmYourRidePage_CarImage_arePresent_127" time="2.117" classname="com.InfoCabs.testcases.ConfirmYourRidePage_TestCases_120_135"/>
  <testcase name="Test_ConfirmYourRidePage_SaloonCar_Text_arePresent_127" time="2.153" classname="com.InfoCabs.testcases.ConfirmYourRidePage_TestCases_120_135"/>
  <testcase name="Test_ConfirmYourRidePage_EstimatedFares_Text_arePresent_128" time="2.162" classname="com.InfoCabs.testcases.ConfirmYourRidePage_TestCases_120_135"/>
  <testcase name="Test_ConfirmYourRidePage_FaresValue_inNumbers_129" time="2.127" classname="com.InfoCabs.testcases.ConfirmYourRidePage_TestCases_120_135"/>
  <testcase name="Test_ConfirmYourRidePage_AddPromocode_Text_arePresent_130" time="2.158" classname="com.InfoCabs.testcases.ConfirmYourRidePage_TestCases_120_135"/>
  <testcase name="Test_ConfirmYourRidePage_Paymentmethod_icon_arePresent_131" time="2.122" classname="com.InfoCabs.testcases.ConfirmYourRidePage_TestCases_120_135"/>
  <testcase name="Test_ConfirmYourRidePage_Cash_Text_arePresent_132" time="2.145" classname="com.InfoCabs.testcases.ConfirmYourRidePage_TestCases_120_135"/>
  <testcase name="Test_ConfirmYourRidePage_LetsGo_Button_Text_arePresent_133" time="2.138" classname="com.InfoCabs.testcases.ConfirmYourRidePage_TestCases_120_135"/>
  <testcase name="Test_ConfirmYourRidePage_AddNote_toTheDriver_134" time="6.809" classname="com.InfoCabs.testcases.ConfirmYourRidePage_TestCases_120_135"/>
  <testcase name="Test_MConfirmYourRidePage_ClickOn_LetsGo_Button_135" time="12.190" classname="com.InfoCabs.testcases.ConfirmYourRidePage_TestCases_120_135"/>
</testsuite> <!-- com.InfoCabs.testcases.ConfirmYourRidePage_TestCases_120_135 -->
