<?xml version="1.0" encoding="UTF-8"?>
<!-- Generated by org.testng.reporters.JUnitReportReporter -->
<testsuite skipped="0" hostname="DESKTOP-CSMSJ8J" name="com.InfoCabs.testcases.CreateNewUserPage_TestCases_72_82" tests="14" failures="0" timestamp="2021-01-08T19:02:07 PKT" time="39.292" errors="0">
  <testcase name="Test_Login_to_Application_withNew_credentials_73" time="8.195" classname="com.InfoCabs.testcases.CreateNewUserPage_TestCases_72_82"/>
  <testcase name="Test_CreateNewuserPage_Enter_Valid_Username_And_Email_toRegisterNew_User_74" time="8.396" classname="com.InfoCabs.testcases.CreateNewUserPage_TestCases_72_82"/>
  <testcase name="Test_CreateNewuserPage_VerifiyPin_Screen_Logo_75" time="2.671" classname="com.InfoCabs.testcases.CreateNewUserPage_TestCases_72_82"/>
  <testcase name="Test_CreateNewuserPage_VerifyPin_Screen_Verify_Text_76" time="2.158" classname="com.InfoCabs.testcases.CreateNewUserPage_TestCases_72_82"/>
  <testcase name="Test_CreateNewuserPage_VerifyPin_Screen_PleaseEnter_Text_77" time="0.110" classname="com.InfoCabs.testcases.CreateNewUserPage_TestCases_72_82"/>
  <testcase name="Test_CreateNewuserPage_VerifyPin_Screen_Didntget_Text_78" time="0.614" classname="com.InfoCabs.testcases.CreateNewUserPage_TestCases_72_82"/>
  <testcase name="Test_CreateNewuserPage_VerifyPin_Screen_ResendButton_Text_79" time="2.187" classname="com.InfoCabs.testcases.CreateNewUserPage_TestCases_72_82"/>
  <testcase name="Test_CreateNewuserPage_VerifyPin_Screen_After_Text_80" time="0.118" classname="com.InfoCabs.testcases.CreateNewUserPage_TestCases_72_82"/>
  <testcase name="Test_CreateNewuserPage_VerifyPin_Screen_Counter_Text_81" time="6.125" classname="com.InfoCabs.testcases.CreateNewUserPage_TestCases_72_82"/>
  <testcase name="Test_CreateNewuserPage_VerifyPin_Screen_VerifyButton_Text_82" time="0.630" classname="com.InfoCabs.testcases.CreateNewUserPage_TestCases_72_82"/>
  <testcase name="ClickOn_VerifyButton_without_Entering_PinCode" time="1.263" classname="com.InfoCabs.testcases.CreateNewUserPage_TestCases_72_82"/>
  <testcase name="Check_for_Invalid_PinCode_onVerifyScreen" time="2.793" classname="com.InfoCabs.testcases.CreateNewUserPage_TestCases_72_82"/>
  <testcase name="ClickOn_ResendButton_onVerifyPin_Screen" time="1.975" classname="com.InfoCabs.testcases.CreateNewUserPage_TestCases_72_82"/>
  <testcase name="Check_for_valid_PinCode_onVerifyScreen_87" time="2.057" classname="com.InfoCabs.testcases.CreateNewUserPage_TestCases_72_82"/>
</testsuite> <!-- com.InfoCabs.testcases.CreateNewUserPage_TestCases_72_82 -->
