<?xml version="1.0" encoding="UTF-8"?>
<!-- Generated by org.testng.reporters.JUnitReportReporter -->
<testsuite skipped="0" hostname="DESKTOP-CSMSJ8J" name="com.InfoCabs.testcases.LogOut_Page_TestCases_750_753" tests="4" failures="0" timestamp="2021-01-27T02:40:31 PKT" time="23.162" errors="0">
  <testcase name="Test_LogOut_Page_ClickTO_Open_Share_Page_750" time="11.444" classname="com.InfoCabs.testcases.LogOut_Page_TestCases_750_753"/>
  <testcase name="Test_LogOut_Page_check_Do_youwant_Logout_Text_751" time="2.337" classname="com.InfoCabs.testcases.LogOut_Page_TestCases_750_753"/>
  <testcase name="Test_LogOut_Page_check_No_Keep_me_Login_Text_752" time="2.160" classname="com.InfoCabs.testcases.LogOut_Page_TestCases_750_753"/>
  <testcase name="Test_LogOut_Page_check_Yes_ill_ComeBack_Text_753" time="7.221" classname="com.InfoCabs.testcases.LogOut_Page_TestCases_750_753"/>
</testsuite> <!-- com.InfoCabs.testcases.LogOut_Page_TestCases_750_753 -->
