<?xml version="1.0" encoding="UTF-8"?>
<!-- Generated by org.testng.reporters.JUnitReportReporter -->
<testsuite skipped="0" hostname="DESKTOP-CSMSJ8J" name="com.InfoCabs.testcases.MyTrips_CompletedRide_with_Different_fedback_TestCases_686_703" tests="17" failures="0" timestamp="2021-01-13T01:08:20 PKT" time="148.908" errors="0">
  <testcase name="Test_MyTrips_CompletedRide_with_Different_fedback_LunchNewDriver_App_686" time="4.715" classname="com.InfoCabs.testcases.MyTrips_CompletedRide_with_Different_fedback_TestCases_686_703"/>
  <testcase name="Test_MyTrips_CompletedRide_with_Different_fedback_LogintoRiderApp_688" time="17.438" classname="com.InfoCabs.testcases.MyTrips_CompletedRide_with_Different_fedback_TestCases_686_703"/>
  <testcase name="Test_MyTrips_CompletedRide_with_Different_fedback_Backto_CustomerApp_689" time="7.071" classname="com.InfoCabs.testcases.MyTrips_CompletedRide_with_Different_fedback_TestCases_686_703"/>
  <testcase name="Test_MyTrips_CompletedRide_with_Different_fedback_ClickOnBookNow_Button_Cab_690" time="9.575" classname="com.InfoCabs.testcases.MyTrips_CompletedRide_with_Different_fedback_TestCases_686_703"/>
  <testcase name="Test_MyTrips_CompletedRide_with_Different_fedback_ClickOnBookConfirmButton_691" time="9.562" classname="com.InfoCabs.testcases.MyTrips_CompletedRide_with_Different_fedback_TestCases_686_703"/>
  <testcase name="Test_Book_Saloon_With_CreditCard_Push_CustomerApp_toBackground_and_start_RiderApp_692" time="7.621" classname="com.InfoCabs.testcases.MyTrips_CompletedRide_with_Different_fedback_TestCases_686_703"/>
  <testcase name="Test_MyTrips_CompletedRide_with_Different_fedback_AcceptCustomer_ride_693" time="22.610" classname="com.InfoCabs.testcases.MyTrips_CompletedRide_with_Different_fedback_TestCases_686_703"/>
  <testcase name="Test_MyTrips_CompletedRide_with_Different_fedback_ClickOnWait_ride_694" time="7.876" classname="com.InfoCabs.testcases.MyTrips_CompletedRide_with_Different_fedback_TestCases_686_703"/>
  <testcase name="Test_MyTrips_CompletedRide_with_Different_fedback_ClickOnPOB_Button_ride_695" time="8.400" classname="com.InfoCabs.testcases.MyTrips_CompletedRide_with_Different_fedback_TestCases_686_703"/>
  <testcase name="Test_MyTrips_CompletedRide_with_Different_fedback_ClickOnSTC_ride_696" time="9.006" classname="com.InfoCabs.testcases.MyTrips_CompletedRide_with_Different_fedback_TestCases_686_703"/>
  <testcase name="Test_MyTrips_CompletedRide_with_Different_fedback_ClickOn_Clear_ride_697" time="7.327" classname="com.InfoCabs.testcases.MyTrips_CompletedRide_with_Different_fedback_TestCases_686_703"/>
  <testcase name="Test_MyTrips_CompletedRide_with_Different_fedback_start_CustomerApp_698" time="7.208" classname="com.InfoCabs.testcases.MyTrips_CompletedRide_with_Different_fedback_TestCases_686_703"/>
  <testcase name="Test_MyTrips_CompletedRide_with_Different_fedback_Rate_your_ride_Text_arePresent_699" time="2.183" classname="com.InfoCabs.testcases.MyTrips_CompletedRide_with_Different_fedback_TestCases_686_703"/>
  <testcase name="Test_MyTrips_CompletedRide_with_Different_fedback_Feedback_Field_arePresent_700" time="2.798" classname="com.InfoCabs.testcases.MyTrips_CompletedRide_with_Different_fedback_TestCases_686_703"/>
  <testcase name="Test_MyTrips_CompletedRide_with_Different_fedback_SubmitFeedback_ButtonAndText_701" time="4.250" classname="com.InfoCabs.testcases.MyTrips_CompletedRide_with_Different_fedback_TestCases_686_703"/>
  <testcase name="Test_MyTrips_CompletedRide_with_Different_fedback_ClickOn_SideMenu_Button_702" time="11.293" classname="com.InfoCabs.testcases.MyTrips_CompletedRide_with_Different_fedback_TestCases_686_703"/>
  <testcase name="Test_MyTrips_CompletedRide_with_Different_fedback_ClickOn_SideMenu__MyTrips_Button_703" time="9.975" classname="com.InfoCabs.testcases.MyTrips_CompletedRide_with_Different_fedback_TestCases_686_703"/>
</testsuite> <!-- com.InfoCabs.testcases.MyTrips_CompletedRide_with_Different_fedback_TestCases_686_703 -->
