<?xml version="1.0" encoding="UTF-8"?>
<!-- Generated by org.testng.reporters.JUnitReportReporter -->
<testsuite skipped="0" hostname="DESKTOP-CSMSJ8J" name="com.InfoCabs.testcases.MyTrips_CompletedRide_with_Different_fedback_TestCases_686_703" tests="24" failures="0" timestamp="2021-01-13T20:56:29 PKT" time="195.142" errors="0">
  <testcase name="Test_MyTrips_CompletedRide_with_Different_fedback_LunchNewDriver_App_686" time="4.575" classname="com.InfoCabs.testcases.MyTrips_CompletedRide_with_Different_fedback_TestCases_686_703"/>
  <testcase name="Test_MyTrips_CompletedRide_with_Different_fedback_LogintoRiderApp_688" time="17.993" classname="com.InfoCabs.testcases.MyTrips_CompletedRide_with_Different_fedback_TestCases_686_703"/>
  <testcase name="Test_MyTrips_CompletedRide_with_Different_fedback_Backto_CustomerApp_689" time="7.125" classname="com.InfoCabs.testcases.MyTrips_CompletedRide_with_Different_fedback_TestCases_686_703"/>
  <testcase name="Test_MyTrips_CompletedRide_with_Different_fedback_ClickOnBookNow_Button_Cab_690" time="9.566" classname="com.InfoCabs.testcases.MyTrips_CompletedRide_with_Different_fedback_TestCases_686_703"/>
  <testcase name="Test_MyTrips_CompletedRide_with_Different_fedback_ClickOnBookConfirmButton_691" time="9.537" classname="com.InfoCabs.testcases.MyTrips_CompletedRide_with_Different_fedback_TestCases_686_703"/>
  <testcase name="Test_Book_Saloon_With_CreditCard_Push_CustomerApp_toBackground_and_start_RiderApp_692" time="7.657" classname="com.InfoCabs.testcases.MyTrips_CompletedRide_with_Different_fedback_TestCases_686_703"/>
  <testcase name="Test_MyTrips_CompletedRide_with_Different_fedback_AcceptCustomer_ride_693" time="44.001" classname="com.InfoCabs.testcases.MyTrips_CompletedRide_with_Different_fedback_TestCases_686_703"/>
  <testcase name="Test_MyTrips_CompletedRide_with_Different_fedback_ClickOnWait_ride_694" time="8.336" classname="com.InfoCabs.testcases.MyTrips_CompletedRide_with_Different_fedback_TestCases_686_703"/>
  <testcase name="Test_MyTrips_CompletedRide_with_Different_fedback_ClickOnPOB_Button_ride_695" time="8.850" classname="com.InfoCabs.testcases.MyTrips_CompletedRide_with_Different_fedback_TestCases_686_703"/>
  <testcase name="Test_MyTrips_CompletedRide_with_Different_fedback_ClickOnSTC_ride_696" time="8.625" classname="com.InfoCabs.testcases.MyTrips_CompletedRide_with_Different_fedback_TestCases_686_703"/>
  <testcase name="Test_MyTrips_CompletedRide_with_Different_fedback_ClickOn_Clear_ride_697" time="8.127" classname="com.InfoCabs.testcases.MyTrips_CompletedRide_with_Different_fedback_TestCases_686_703"/>
  <testcase name="Test_MyTrips_CompletedRide_with_Different_fedback_start_CustomerApp_698" time="6.940" classname="com.InfoCabs.testcases.MyTrips_CompletedRide_with_Different_fedback_TestCases_686_703"/>
  <testcase name="Test_MyTrips_CompletedRide_with_Different_fedback_Rate_your_ride_Text_arePresent_699" time="2.223" classname="com.InfoCabs.testcases.MyTrips_CompletedRide_with_Different_fedback_TestCases_686_703"/>
  <testcase name="Test_MyTrips_CompletedRide_with_Different_fedback_Feedback_Field_arePresent_700" time="2.696" classname="com.InfoCabs.testcases.MyTrips_CompletedRide_with_Different_fedback_TestCases_686_703"/>
  <testcase name="Test_MyTrips_CompletedRide_with_Different_fedback_SubmitFeedback_ButtonAndText_701" time="4.220" classname="com.InfoCabs.testcases.MyTrips_CompletedRide_with_Different_fedback_TestCases_686_703"/>
  <testcase name="Test_MyTrips_CompletedRide_with_Different_fedback_ClickOn_SideMenu_Button_702" time="11.358" classname="com.InfoCabs.testcases.MyTrips_CompletedRide_with_Different_fedback_TestCases_686_703"/>
  <testcase name="Test_MyTrips_CompletedRide_with_Different_fedback_ClickOn_SideMenu__MyTrips_Button_703" time="9.797" classname="com.InfoCabs.testcases.MyTrips_CompletedRide_with_Different_fedback_TestCases_686_703"/>
  <testcase name="Test_MyTrips_CompletedRide_with_Different_fedback_Check_for_index1_CancelRide_Option_704" time="2.476" classname="com.InfoCabs.testcases.MyTrips_CompletedRide_with_Different_fedback_TestCases_686_703"/>
  <testcase name="Test_MyTrips_CompletedRide_with_Different_fedback_CheckPickoff_Address_705" time="2.290" classname="com.InfoCabs.testcases.MyTrips_CompletedRide_with_Different_fedback_TestCases_686_703"/>
  <testcase name="Test_MyTrips_CompletedRide_with_Different_fedback_CheckDropOff_Address_706" time="2.264" classname="com.InfoCabs.testcases.MyTrips_CompletedRide_with_Different_fedback_TestCases_686_703"/>
  <testcase name="Test_MyTrips_CompletedRide_with_Different_fedback_Date_and_Time_707" time="2.281" classname="com.InfoCabs.testcases.MyTrips_CompletedRide_with_Different_fedback_TestCases_686_703"/>
  <testcase name="Test_MyTrips_Cancelled_Ride_And_Rebook_Check_for_Cancelled_Text_and_Button_708" time="2.298" classname="com.InfoCabs.testcases.MyTrips_CompletedRide_with_Different_fedback_TestCases_686_703"/>
  <testcase name="Test_MyTrips_Cancelled_Ride_And_Rebook_Check_for_Amount_Text_and_Button_709" time="2.293" classname="com.InfoCabs.testcases.MyTrips_CompletedRide_with_Different_fedback_TestCases_686_703"/>
  <testcase name="Test_MyTrips_Cancelled_Ride_And_Rebook_ClickOn_Price_Button_710" time="9.614" classname="com.InfoCabs.testcases.MyTrips_CompletedRide_with_Different_fedback_TestCases_686_703"/>
</testsuite> <!-- com.InfoCabs.testcases.MyTrips_CompletedRide_with_Different_fedback_TestCases_686_703 -->
