<?xml version="1.0" encoding="UTF-8"?>
<!-- Generated by org.testng.reporters.JUnitReportReporter -->
<testsuite skipped="0" hostname="DESKTOP-CSMSJ8J" name="com.InfoCabs.testcases.CreateNewUserPage_TestCases_42_71" tests="29" failures="0" timestamp="2021-01-27T01:42:56 PKT" time="43.114" errors="0">
  <testcase name="Test_LoginPage_NewUserAccount_Button_isWorking_42" time="2.367" classname="com.InfoCabs.testcases.CreateNewUserPage_TestCases_42_71"/>
  <testcase name="Test_CreateNewUserPage_Logo_44" time="9.139" classname="com.InfoCabs.testcases.CreateNewUserPage_TestCases_42_71"/>
  <testcase name="Test_CreateNewUserPage_PhoneNumber_Icon_45" time="0.103" classname="com.InfoCabs.testcases.CreateNewUserPage_TestCases_42_71"/>
  <testcase name="Test_CreateNewUserPage_CountryFlag_Icon_46" time="0.105" classname="com.InfoCabs.testcases.CreateNewUserPage_TestCases_42_71"/>
  <testcase name="Test_CreateNewUserPage_PasswordVisiblity_icon_47" time="0.138" classname="com.InfoCabs.testcases.CreateNewUserPage_TestCases_42_71"/>
  <testcase name="Test_CreateNewUserPage_Welcome_Text_48" time="0.674" classname="com.InfoCabs.testcases.CreateNewUserPage_TestCases_42_71"/>
  <testcase name="Test_CreateNewUserPage_Please_Signup_Continue_Text_49" time="0.119" classname="com.InfoCabs.testcases.CreateNewUserPage_TestCases_42_71"/>
  <testcase name="Test_CreateNewUserPage_PhoneNumber_Text_50" time="0.094" classname="com.InfoCabs.testcases.CreateNewUserPage_TestCases_42_71"/>
  <testcase name="Test_CreateNewUserPage_Country_Code_is_Present_51" time="0.114" classname="com.InfoCabs.testcases.CreateNewUserPage_TestCases_42_71"/>
  <testcase name="Test_CreateNewUserPage_AlreadyUser_Text_52" time="0.113" classname="com.InfoCabs.testcases.CreateNewUserPage_TestCases_42_71"/>
  <testcase name="Test_CreateNewUserPage_LoginNow_Text_53" time="2.227" classname="com.InfoCabs.testcases.CreateNewUserPage_TestCases_42_71"/>
  <testcase name="Test_CreateNewUserPage_SiginUpButton_Text_54" time="2.235" classname="com.InfoCabs.testcases.CreateNewUserPage_TestCases_42_71"/>
  <testcase name="Test_CreateNewUserPage_NameRequired_errorMessage_55" time="1.142" classname="com.InfoCabs.testcases.CreateNewUserPage_TestCases_42_71"/>
  <testcase name="Test_CreateNewUserPage_EnterValid_UserName_56" time="0.833" classname="com.InfoCabs.testcases.CreateNewUserPage_TestCases_42_71"/>
  <testcase name="Test_CreateNewUserPage_PhoneNumber_Required_errorMessage_57" time="1.295" classname="com.InfoCabs.testcases.CreateNewUserPage_TestCases_42_71"/>
  <testcase name="Test_CreateNewUserPage_PhoneNumber_Invalid_errorMessage_58" time="1.379" classname="com.InfoCabs.testcases.CreateNewUserPage_TestCases_42_71"/>
  <testcase name="Test_CreateNewUserPage_EnterValid_PhoneNumber_59" time="1.212" classname="com.InfoCabs.testcases.CreateNewUserPage_TestCases_42_71"/>
  <testcase name="Test_CreateNewUserPage_Email_Required_errorMessage_60" time="1.730" classname="com.InfoCabs.testcases.CreateNewUserPage_TestCases_42_71"/>
  <testcase name="Test_CreateNewUserPage_Emailaddress_Invalid_errorMessage_61" time="0.728" classname="com.InfoCabs.testcases.CreateNewUserPage_TestCases_42_71"/>
  <testcase name="Test_CreateNewUserPage_Password_Required_errorMessage_62" time="1.498" classname="com.InfoCabs.testcases.CreateNewUserPage_TestCases_42_71"/>
  <testcase name="Test_CreateNewUserPage_Enter_Invalid_Password_63" time="1.493" classname="com.InfoCabs.testcases.CreateNewUserPage_TestCases_42_71"/>
  <testcase name="Test_CreateNewUserPage_Email_vlidation_errorMessage_Text_64" time="0.620" classname="com.InfoCabs.testcases.CreateNewUserPage_TestCases_42_71"/>
  <testcase name="Test_CreateNewUserPage_Enter_Valid_Emailaddress_65" time="1.458" classname="com.InfoCabs.testcases.CreateNewUserPage_TestCases_42_71"/>
  <testcase name="Test_CreateNewUserPage_Password_vlidation_errorMessage_66" time="1.806" classname="com.InfoCabs.testcases.CreateNewUserPage_TestCases_42_71"/>
  <testcase name="Test_CreateNewUserPage_Valid_Password_inupt_67" time="1.399" classname="com.InfoCabs.testcases.CreateNewUserPage_TestCases_42_71"/>
  <testcase name="Test_CreateNewUserPage_PasswordView_eyeIcon_MakePassword_Visisble_68" time="1.351" classname="com.InfoCabs.testcases.CreateNewUserPage_TestCases_42_71"/>
  <testcase name="Test_CreateNewUserPage_PhoneNumberAlready_registered_errorMessage_69" time="3.492" classname="com.InfoCabs.testcases.CreateNewUserPage_TestCases_42_71"/>
  <testcase name="Test_CreateNewUserPage_EmailAlready_registered_errorMessage_70" time="3.883" classname="com.InfoCabs.testcases.CreateNewUserPage_TestCases_42_71"/>
  <testcase name="Test_CreateNewUserPage_To_ClickOn_LoginNow_Button_which_BringUser_User_to_Loginpage_71" time="0.367" classname="com.InfoCabs.testcases.CreateNewUserPage_TestCases_42_71"/>
</testsuite> <!-- com.InfoCabs.testcases.CreateNewUserPage_TestCases_42_71 -->
