<?xml version="1.0" encoding="UTF-8"?>
<!-- Generated by org.testng.reporters.JUnitReportReporter -->
<testsuite skipped="0" hostname="DESKTOP-CSMSJ8J" name="com.InfoCabs.testcases.MainHomePage_TestCases" tests="26" failures="0" timestamp="2020-12-08T01:06:08 PKT" time="79.917" errors="0">
  <testcase name="Test_MainHomePage_AddPickUpPoint_Text_83" time="6.252" classname="com.InfoCabs.testcases.MainHomePage_TestCases"/>
  <testcase name="Test_MainHomePage_Notification_Icon_84" time="2.091" classname="com.InfoCabs.testcases.MainHomePage_TestCases"/>
  <testcase name="Test_MainHomePage_PickUp_Icon_85" time="2.099" classname="com.InfoCabs.testcases.MainHomePage_TestCases"/>
  <testcase name="Test_MainHomePage_BackToLocation_Icon_86" time="2.101" classname="com.InfoCabs.testcases.MainHomePage_TestCases"/>
  <testcase name="Test_MainHomePage_GoogleImage_Icon_87" time="2.109" classname="com.InfoCabs.testcases.MainHomePage_TestCases"/>
  <testcase name="Test_MainHomePage_ConfirmPickUpButton_Text_88" time="2.130" classname="com.InfoCabs.testcases.MainHomePage_TestCases"/>
  <testcase name="Test_MainHomePage_ScheduleRideButton_Text_89" time="2.132" classname="com.InfoCabs.testcases.MainHomePage_TestCases"/>
  <testcase name="Test_MainHomePage_ChangePickup_Text_90" time="2.171" classname="com.InfoCabs.testcases.MainHomePage_TestCases"/>
  <testcase name="Test_MainHomePage_PickLocation_CrossButton_91" time="4.284" classname="com.InfoCabs.testcases.MainHomePage_TestCases"/>
  <testcase name="Test_MainHomePage_PickupLocation_Text_92" time="2.122" classname="com.InfoCabs.testcases.MainHomePage_TestCases"/>
  <testcase name="Test_MainHomePage_FavoritePlaces_Text_93" time="2.103" classname="com.InfoCabs.testcases.MainHomePage_TestCases"/>
  <testcase name="Test_MainHomePage_AddPickupPoint_Button_Text_94" time="2.126" classname="com.InfoCabs.testcases.MainHomePage_TestCases"/>
  <testcase name="Test_MainHomePage_CheckSearchbar_isPresent_95" time="2.085" classname="com.InfoCabs.testcases.MainHomePage_TestCases"/>
  <testcase name="Test_MainHomePage_AddPickUpAddress_96" time="5.274" classname="com.InfoCabs.testcases.MainHomePage_TestCases"/>
  <testcase name="Test_MainHomePage_Add_AddressToFavoriteList_97" time="7.264" classname="com.InfoCabs.testcases.MainHomePage_TestCases"/>
  <testcase name="Test_MainHomePage_SelectPickUpAddress_98" time="2.141" classname="com.InfoCabs.testcases.MainHomePage_TestCases"/>
  <testcase name="Test_MainHomePage_Dropoff_address_icon_99" time="2.085" classname="com.InfoCabs.testcases.MainHomePage_TestCases"/>
  <testcase name="Test_MainHomePage_ClickOn_where_are_you_heading_Text_100" time="2.140" classname="com.InfoCabs.testcases.MainHomePage_TestCases"/>
  <testcase name="Test_MainHomePage_Dropoffaddress_CrossButton_101" time="4.192" classname="com.InfoCabs.testcases.MainHomePage_TestCases"/>
  <testcase name="Test_MainHomePage_PickupLocation_Text_102" time="2.096" classname="com.InfoCabs.testcases.MainHomePage_TestCases"/>
  <testcase name="Test_MainHomePage_FavoritePlaces_Text_103" time="2.106" classname="com.InfoCabs.testcases.MainHomePage_TestCases"/>
  <testcase name="Test_MainHomePage_AddPickupPoint_Button_Text_104" time="2.087" classname="com.InfoCabs.testcases.MainHomePage_TestCases"/>
  <testcase name="Test_MainHomePage_CheckSearchbar_isPresent_105" time="2.081" classname="com.InfoCabs.testcases.MainHomePage_TestCases"/>
  <testcase name="Test_MainHomePage_AddDropoffAddress_106" time="5.226" classname="com.InfoCabs.testcases.MainHomePage_TestCases"/>
  <testcase name="Test_MainHomePage_Add_AddressToFavoriteList_107" time="7.274" classname="com.InfoCabs.testcases.MainHomePage_TestCases"/>
  <testcase name="Test_MainHomePage_SelectDropoffAddress_108" time="2.146" classname="com.InfoCabs.testcases.MainHomePage_TestCases"/>
</testsuite> <!-- com.InfoCabs.testcases.MainHomePage_TestCases -->
