<?xml version="1.0" encoding="UTF-8"?>
<!-- Generated by org.testng.reporters.JUnitReportReporter -->
<testsuite skipped="0" hostname="DESKTOP-CSMSJ8J" name="com.InfoCabs.testcases.MyProfile_SideMenue_verification_TestCases_577_587" tests="15" failures="0" timestamp="2021-01-12T21:38:31 PKT" time="43.567" errors="0">
  <testcase name="Test_MyProfile_SideMenue_verification_Section_are_Opened_577" time="2.479" classname="com.InfoCabs.testcases.MyProfile_SideMenue_verification_TestCases_577_587"/>
  <testcase name="Test_MyProfile_SideMenue_verification_check_BackButton_is_present_578" time="2.300" classname="com.InfoCabs.testcases.MyProfile_SideMenue_verification_TestCases_577_587"/>
  <testcase name="Test_MyProfile_SideMenue_verification_arrwo_button_closed_sidemenu_579" time="2.373" classname="com.InfoCabs.testcases.MyProfile_SideMenue_verification_TestCases_577_587"/>
  <testcase name="Test_MyProfile_SideMenue_verification_are_opened_again_580" time="3.779" classname="com.InfoCabs.testcases.MyProfile_SideMenue_verification_TestCases_577_587"/>
  <testcase name="Test_MyProfile_SideMenue_verification_check_MyProfile_is_present_581" time="2.293" classname="com.InfoCabs.testcases.MyProfile_SideMenue_verification_TestCases_577_587"/>
  <testcase name="Test_MyProfile_SideMenue_verification_check_Profileimage_is_present_582" time="2.259" classname="com.InfoCabs.testcases.MyProfile_SideMenue_verification_TestCases_577_587"/>
  <testcase name="Test_MyProfile_SideMenue_verification_check_Username_text_is_present_583" time="2.141" classname="com.InfoCabs.testcases.MyProfile_SideMenue_verification_TestCases_577_587"/>
  <testcase name="Test_MyProfile_SideMenue_verification_check_ChangePwd_text_is_present_584" time="2.281" classname="com.InfoCabs.testcases.MyProfile_SideMenue_verification_TestCases_577_587"/>
  <testcase name="Test_MyProfile_SideMenue_verification_check_LogOut_text_is_present_585" time="2.233" classname="com.InfoCabs.testcases.MyProfile_SideMenue_verification_TestCases_577_587"/>
  <testcase name="Test_MyProfile_SideMenue_verification_check_ChangePwdwithIcon_is_present_586" time="2.277" classname="com.InfoCabs.testcases.MyProfile_SideMenue_verification_TestCases_577_587"/>
  <testcase name="Test_MyProfile_SideMenue_verification_check_logout_is_present_587" time="2.304" classname="com.InfoCabs.testcases.MyProfile_SideMenue_verification_TestCases_577_587"/>
  <testcase name="Test_MyProfile_SideMenue_verification_check_ClickOn_LogOutButton_588" time="5.307" classname="com.InfoCabs.testcases.MyProfile_SideMenue_verification_TestCases_577_587"/>
  <testcase name="Test_MyProfile_SideMenue_verification_check_Do_youwant_Logout_Text_589" time="2.138" classname="com.InfoCabs.testcases.MyProfile_SideMenue_verification_TestCases_577_587"/>
  <testcase name="Test_MyProfile_SideMenue_verification_check_Yes_ill_ComeBack_Text_590" time="2.151" classname="com.InfoCabs.testcases.MyProfile_SideMenue_verification_TestCases_577_587"/>
  <testcase name="Test_MyProfile_SideMenue_verification_check_No_Keep_me_Login_Text_591" time="7.252" classname="com.InfoCabs.testcases.MyProfile_SideMenue_verification_TestCases_577_587"/>
</testsuite> <!-- com.InfoCabs.testcases.MyProfile_SideMenue_verification_TestCases_577_587 -->
