<?xml version="1.0" encoding="UTF-8"?>
<!-- Generated by org.testng.reporters.JUnitReportReporter -->
<testsuite skipped="0" hostname="DESKTOP-CSMSJ8J" name="com.InfoCabs.testcases.Scedule_8_Seater_Cab_TestCases_527_567" tests="42" failures="0" timestamp="2021-01-06T16:31:35 PKT" time="229.655" errors="0">
  <testcase name="Test_LoginPage_Allow_user_to_LoginWith_valid_credential_21" time="12.899" classname="com.InfoCabs.testcases.Scedule_8_Seater_Cab_TestCases_527_567"/>
  <testcase name="Test_Schedule_8_Seater_Cab_ClickOn_ScheduleRide_Button_526" time="17.327" classname="com.InfoCabs.testcases.Scedule_8_Seater_Cab_TestCases_527_567"/>
  <testcase name="Test_Schedule_8_Seater_Cab_Pick_Cale_Image_is_present_527" time="2.314" classname="com.InfoCabs.testcases.Scedule_8_Seater_Cab_TestCases_527_567"/>
  <testcase name="Test_Schedule_8_Seater_Cab_Pick_Time_Image_is_present_528" time="2.262" classname="com.InfoCabs.testcases.Scedule_8_Seater_Cab_TestCases_527_567"/>
  <testcase name="Test_Schedule_8_Seater_Cab_EnterDropofAddress_Cab_529" time="11.039" classname="com.InfoCabs.testcases.Scedule_8_Seater_Cab_TestCases_527_567"/>
  <testcase name="Test_Schedule_8_Seater_Cab_ClickOn_PickUp_Date_Button_530" time="2.497" classname="com.InfoCabs.testcases.Scedule_8_Seater_Cab_TestCases_527_567"/>
  <testcase name="Test_Schedule_8_Seater_Cab_Pick_Cale_CurrentYear_is_present_531" time="2.368" classname="com.InfoCabs.testcases.Scedule_8_Seater_Cab_TestCases_527_567"/>
  <testcase name="Test_Schedule_8_Seater_Cab_Pick_Cale_CurrentDate_is_present_532" time="2.901" classname="com.InfoCabs.testcases.Scedule_8_Seater_Cab_TestCases_527_567"/>
  <testcase name="Test_Schedule_8_Seater_Cab_ClickOn_Cale_Cancel_Button_533" time="3.365" classname="com.InfoCabs.testcases.Scedule_8_Seater_Cab_TestCases_527_567"/>
  <testcase name="Test_Schedule_8_Seater_Cab_ClickOn_PickUp_Date_On2ndTime_Button_534" time="5.746" classname="com.InfoCabs.testcases.Scedule_8_Seater_Cab_TestCases_527_567"/>
  <testcase name="Test_Schedule_8_Seater_Cab_ClickOn_Cale_OK_Button_535" time="6.431" classname="com.InfoCabs.testcases.Scedule_8_Seater_Cab_TestCases_527_567"/>
  <testcase name="Test_Schedule_8_Seater_Cab_ClickOn_Time_Cancel_Button_536" time="3.335" classname="com.InfoCabs.testcases.Scedule_8_Seater_Cab_TestCases_527_567"/>
  <testcase name="Test_Schedule_8_Seater_Cab_Check_PickUpDate_are_Selected_537" time="3.290" classname="com.InfoCabs.testcases.Scedule_8_Seater_Cab_TestCases_527_567"/>
  <testcase name="Test_Schedule_8_Seater_Cab_ClickOn_PickUp_Time_Button_538" time="7.195" classname="com.InfoCabs.testcases.Scedule_8_Seater_Cab_TestCases_527_567"/>
  <testcase name="Test_Schedule_8_Seater_Cab_Check_TimeDisplay_arePresent_539" time="2.613" classname="com.InfoCabs.testcases.Scedule_8_Seater_Cab_TestCases_527_567"/>
  <testcase name="Test_Schedule_8_Seater_Cab_check_30minuts_AdvanceTime_540" time="3.064" classname="com.InfoCabs.testcases.Scedule_8_Seater_Cab_TestCases_527_567"/>
  <testcase name="Test_Schedule_8_Seater_Cab_ClickOn_Time_Cancel_Button_541" time="4.053" classname="com.InfoCabs.testcases.Scedule_8_Seater_Cab_TestCases_527_567"/>
  <testcase name="Test_Schedule_8_Seater_Cab_ClickOn_PickUp_Time_On2nd_Time_Button_542" time="6.171" classname="com.InfoCabs.testcases.Scedule_8_Seater_Cab_TestCases_527_567"/>
  <testcase name="Test_Schedule_8_Seater_Cab_ClickOn_Time_OK_Button_543" time="6.115" classname="com.InfoCabs.testcases.Scedule_8_Seater_Cab_TestCases_527_567"/>
  <testcase name="Test_Schedule_8_Seater_Cab_Check_Time_areSelected_544" time="3.412" classname="com.InfoCabs.testcases.Scedule_8_Seater_Cab_TestCases_527_567"/>
  <testcase name="Test_Book_8_Seater_with_CreaditCards_Moveto_6Seater_545" time="11.999" classname="com.InfoCabs.testcases.Scedule_8_Seater_Cab_TestCases_527_567"/>
  <testcase name="Test_Book_8_Seater_with_CreaditCards_Moveto_8_Seater_546" time="11.497" classname="com.InfoCabs.testcases.Scedule_8_Seater_Cab_TestCases_527_567"/>
  <testcase name="Test_Book_8_Seater_with_CreaditCards_8_Seater_Text_arePresent_547" time="2.299" classname="com.InfoCabs.testcases.Scedule_8_Seater_Cab_TestCases_527_567"/>
  <testcase name="Test_Book_8_Seater_with_CreaditCards_ClickOnBookNow_Button_Cab_548" time="8.669" classname="com.InfoCabs.testcases.Scedule_8_Seater_Cab_TestCases_527_567"/>
  <testcase name="Test_Book_8_Seater_with_CreaditCards_Select_Cash_FromDrop_549" time="6.145" classname="com.InfoCabs.testcases.Scedule_8_Seater_Cab_TestCases_527_567"/>
  <testcase name="Test_Schedule_8_Seater_Cab_Check_Time_and_Date_areSelected_551" time="2.353" classname="com.InfoCabs.testcases.Scedule_8_Seater_Cab_TestCases_527_567"/>
  <testcase name="Test_Schedule_8_Seater_Cab_ClickOnBookConfirmButton_552" time="9.612" classname="com.InfoCabs.testcases.Scedule_8_Seater_Cab_TestCases_527_567"/>
  <testcase name="Test_Schedule_8_Seater_Cab_Check_Schedule_Screen_image_Tick_Icon_553" time="2.479" classname="com.InfoCabs.testcases.Scedule_8_Seater_Cab_TestCases_527_567"/>
  <testcase name="Test_Schedule_8_Seater_Cab_check_Your_Ride_ScheduleText_554" time="2.149" classname="com.InfoCabs.testcases.Scedule_8_Seater_Cab_TestCases_527_567"/>
  <testcase name="Test_Schedule_8_Seater_Cab_Check_Schedule_Screen_Time_are_Selected_555" time="2.269" classname="com.InfoCabs.testcases.Scedule_8_Seater_Cab_TestCases_527_567"/>
  <testcase name="Test_Schedule_8_Seater_Cab_check_View_Your_Text_556" time="2.390" classname="com.InfoCabs.testcases.Scedule_8_Seater_Cab_TestCases_527_567"/>
  <testcase name="Test_Schedule_8_Seater_Cab_ClickOn_Done_Button_557" time="5.639" classname="com.InfoCabs.testcases.Scedule_8_Seater_Cab_TestCases_527_567"/>
  <testcase name="Test_Schedule_8_Seater_Cab_ClickOn_SideMenu_Button_558" time="12.009" classname="com.InfoCabs.testcases.Scedule_8_Seater_Cab_TestCases_527_567"/>
  <testcase name="Test_Schedule_8_Seater_Cab_ClickOn_SideMenu__MyTrips_Button_559" time="9.888" classname="com.InfoCabs.testcases.Scedule_8_Seater_Cab_TestCases_527_567"/>
  <testcase name="Test_Schedule_8_Seater_Cab_check_MyTrips_Text_560" time="2.456" classname="com.InfoCabs.testcases.Scedule_8_Seater_Cab_TestCases_527_567"/>
  <testcase name="Test_Schedule_8_Seater_Cab_ClickOn_Done_Button_561" time="5.811" classname="com.InfoCabs.testcases.Scedule_8_Seater_Cab_TestCases_527_567"/>
  <testcase name="Test_Schedule_8_Seater_Cab_Check_UpComingRide_PickUp_Icon_562" time="2.327" classname="com.InfoCabs.testcases.Scedule_8_Seater_Cab_TestCases_527_567"/>
  <testcase name="Test_Schedule_8_Seater_Cab_Check_UpComingRide_DropOff_Icon_563" time="2.312" classname="com.InfoCabs.testcases.Scedule_8_Seater_Cab_TestCases_527_567"/>
  <testcase name="Test_Schedule_8_Seater_Cab_Check_UpComingRide_PickUp_Address_564" time="2.276" classname="com.InfoCabs.testcases.Scedule_8_Seater_Cab_TestCases_527_567"/>
  <testcase name="Test_Schedule_8_Seater_Cab_Check_UpComingRide_Dropoff_Address_565" time="2.334" classname="com.InfoCabs.testcases.Scedule_8_Seater_Cab_TestCases_527_567"/>
  <testcase name="Test_Schedule_8_Seater_Cab_Check_UpComingRide_PickUp_Time_566" time="2.271" classname="com.InfoCabs.testcases.Scedule_8_Seater_Cab_TestCases_527_567"/>
  <testcase name="Test_Schedule_6_Seater_Cab_ClickOn_Cancel_Button_567" time="12.074" classname="com.InfoCabs.testcases.Scedule_8_Seater_Cab_TestCases_527_567"/>
</testsuite> <!-- com.InfoCabs.testcases.Scedule_8_Seater_Cab_TestCases_527_567 -->
