<?xml version="1.0" encoding="UTF-8"?>
<!-- Generated by org.testng.reporters.JUnitReportReporter -->
<testsuite skipped="0" hostname="DESKTOP-CSMSJ8J" name="com.InfoCabs.testcases.Book_8_Seater_with_CreaditCards_TestCases_503_525" tests="23" failures="0" timestamp="2021-03-03T19:43:43 PKT" time="258.414" errors="0">
  <testcase name="Test_Book_8_Seater_with_CreaditCards_EnterDropofAddress_Cab_503" time="15.564" classname="com.InfoCabs.testcases.Book_8_Seater_with_CreaditCards_TestCases_503_525"/>
  <testcase name="Test_Book_8_Seater_with_CreaditCards_Moveto_6Seater_504" time="11.113" classname="com.InfoCabs.testcases.Book_8_Seater_with_CreaditCards_TestCases_503_525"/>
  <testcase name="Test_Book_8_Seater_with_CreaditCards_Moveto_8_Seater_505" time="11.046" classname="com.InfoCabs.testcases.Book_8_Seater_with_CreaditCards_TestCases_503_525"/>
  <testcase name="Test_Book_8_Seater_with_CreaditCards_6_Seater_Text_arePresent_506" time="2.208" classname="com.InfoCabs.testcases.Book_8_Seater_with_CreaditCards_TestCases_503_525"/>
  <testcase name="Test_Book_8_Seater_with_CreaditCards_ClickOnBookNow_Button_Cab_507" time="8.501" classname="com.InfoCabs.testcases.Book_8_Seater_with_CreaditCards_TestCases_503_525"/>
  <testcase name="Test_Book_8_Seater_with_CreaditCards_Select_Cash_FromDrop_508" time="5.969" classname="com.InfoCabs.testcases.Book_8_Seater_with_CreaditCards_TestCases_503_525"/>
  <testcase name="Test_Book_8_Seater_with_CreaditCards_ClickOnBookConfirmButton_509" time="9.561" classname="com.InfoCabs.testcases.Book_8_Seater_with_CreaditCards_TestCases_503_525"/>
  <testcase name="Test_Book_8_Seater_with_CreaditCards_Push_CustomerApp_toBackground_and_start_RiderApp_510" time="5.633" classname="com.InfoCabs.testcases.Book_8_Seater_with_CreaditCards_TestCases_503_525"/>
  <testcase name="Test_Book_8_Seater_with_CreaditCards_AcceptCustomer_ride_511" time="19.007" classname="com.InfoCabs.testcases.Book_8_Seater_with_CreaditCards_TestCases_503_525"/>
  <testcase name="Test_Book_8_Seater_with_CreaditCards_Push_Rider_toBackground_and_start_CustomerApp_512" time="17.516" classname="com.InfoCabs.testcases.Book_8_Seater_with_CreaditCards_TestCases_503_525"/>
  <testcase name="Test_Book_8_Seater_with_CreaditCards_weHave_Sent_Text_arePresent_513" time="57.827" classname="com.InfoCabs.testcases.Book_8_Seater_with_CreaditCards_TestCases_503_525"/>
  <testcase name="Test_Book_8_Seater_with_CreaditCards_Push_CustomerApp_toBackground_and_start_RiderApp_514" time="13.522" classname="com.InfoCabs.testcases.Book_8_Seater_with_CreaditCards_TestCases_503_525"/>
  <testcase name="Test_Book_8_Seater_with_CreaditCards_ClickOnWait_ride_515" time="4.380" classname="com.InfoCabs.testcases.Book_8_Seater_with_CreaditCards_TestCases_503_525"/>
  <testcase name="Test_Book_8_Seater_with_CreaditCards_ClickOnPOB_Button_ride_516" time="4.288" classname="com.InfoCabs.testcases.Book_8_Seater_with_CreaditCards_TestCases_503_525"/>
  <testcase name="Test_BBook_8_Seater_with_CreaditCards_Push_Rider_toBackground_and_start_CustomerApp_517" time="17.751" classname="com.InfoCabs.testcases.Book_8_Seater_with_CreaditCards_TestCases_503_525"/>
  <testcase name="Test_Book_8_Seater_with_CreaditCards_You_arein_yourway_Text_arePresent_518" time="15.326" classname="com.InfoCabs.testcases.Book_8_Seater_with_CreaditCards_TestCases_503_525"/>
  <testcase name="Test_Book_8_Seater_with_CreaditCards_CS_App_Push_CustomerApp_toBackground_and_start_RiderApp_519" time="9.530" classname="com.InfoCabs.testcases.Book_8_Seater_with_CreaditCards_TestCases_503_525"/>
  <testcase name="Test_Book_8_Seater_with_CreaditCards_ClickOnSTC_ride_520" time="4.483" classname="com.InfoCabs.testcases.Book_8_Seater_with_CreaditCards_TestCases_503_525"/>
  <testcase name="Test_Book_8_Seater_with_CreaditCards_ClickOn_Clear_ride_521" time="4.384" classname="com.InfoCabs.testcases.Book_8_Seater_with_CreaditCards_TestCases_503_525"/>
  <testcase name="Test_Book_8_Seater_with_CreaditCards_Push_Rider_toBackground_and_start_CustomerApp_522" time="6.995" classname="com.InfoCabs.testcases.Book_8_Seater_with_CreaditCards_TestCases_503_525"/>
  <testcase name="Test_Book_8_Seater_with_CreaditCards_Rate_your_ride_Text_arePresent_523" time="6.444" classname="com.InfoCabs.testcases.Book_8_Seater_with_CreaditCards_TestCases_503_525"/>
  <testcase name="Test_Book_8_Seater_with_CreaditCards_Feedback_Field_arePresent_524" time="2.925" classname="com.InfoCabs.testcases.Book_8_Seater_with_CreaditCards_TestCases_503_525"/>
  <testcase name="Test_Book_8_Seater_with_CreaditCards_SubmitFeedback_ButtonAndText_525" time="4.441" classname="com.InfoCabs.testcases.Book_8_Seater_with_CreaditCards_TestCases_503_525"/>
</testsuite> <!-- com.InfoCabs.testcases.Book_8_Seater_with_CreaditCards_TestCases_503_525 -->
